#####################################
# Test 1
#####################################
mkdir /test_dir_0001 0o777
chdir /test_dir_0001
mkdir empty_dir1 0o777
mkdir empty_dir2 0o777
mkdir nonempty_dir1 0o777
open_close nonempty_dir1/f1.txt [O_WRONLY;O_CREAT] 0o666
mkdir nonempty_dir1/d2 0o777
open nonempty_dir1/d2/f3.txt [O_WRONLY;O_CREAT] 0o666
write! (FD 3) "Lorem ipsum dolor sit amet, consectetur adipisicing elit, sed do eiusmod tempor inc" 83
close (FD 3)
mkdir nonempty_dir1/d2/d3 0o777
mkdir nonempty_dir2 0o777
open_close nonempty_dir2/f1.txt [O_WRONLY;O_CREAT] 0o666
open nonempty_dir2/f2.txt [O_WRONLY;O_CREAT] 0o666
write! (FD 3) "Lorem ipsum dolor sit amet, consectetur adipisicing elit, sed do eiusmod tempor incididunt ut labore et dolore magna aliqua. Ut enim ad minim veniam, quis nostrud exer" 167
close (FD 3)
mkdir nonempty_dir2/d2 0o777
mkdir nonempty_dir2/d2/d3 0o777
symlink f1.txt nonempty_dir1/sl_f1.txt
symlink ../f1.txt nonempty_dir1/d2/sl_dotdot_f1.txt
symlink no_such_target nonempty_dir1/d2/sl_no_such_target
symlink ../d2 nonempty_dir1/d2/sl_dotdot_d2
symlink ../../nonempty_dir1/d2/f3.txt nonempty_dir2/d2/sl_f3.txt
mkdir empty_dir1 0o777
dump /test_dir_0001


#####################################
# Test 2
#####################################
mkdir /test_dir_0002 0o777
chdir /test_dir_0002
mkdir empty_dir1 0o777
mkdir empty_dir2 0o777
mkdir nonempty_dir1 0o777
open_close nonempty_dir1/f1.txt [O_WRONLY;O_CREAT] 0o666
mkdir nonempty_dir1/d2 0o777
open nonempty_dir1/d2/f3.txt [O_WRONLY;O_CREAT] 0o666
write! (FD 3) "Lorem ipsum dolor sit amet, consectetur adipisicing elit, sed do eiusmod tempor inc" 83
close (FD 3)
mkdir nonempty_dir1/d2/d3 0o777
mkdir nonempty_dir2 0o777
open_close nonempty_dir2/f1.txt [O_WRONLY;O_CREAT] 0o666
open nonempty_dir2/f2.txt [O_WRONLY;O_CREAT] 0o666
write! (FD 3) "Lorem ipsum dolor sit amet, consectetur adipisicing elit, sed do eiusmod tempor incididunt ut labore et dolore magna aliqua. Ut enim ad minim veniam, quis nostrud exer" 167
close (FD 3)
mkdir nonempty_dir2/d2 0o777
mkdir nonempty_dir2/d2/d3 0o777
symlink f1.txt nonempty_dir1/sl_f1.txt
symlink ../f1.txt nonempty_dir1/d2/sl_dotdot_f1.txt
symlink no_such_target nonempty_dir1/d2/sl_no_such_target
symlink ../d2 nonempty_dir1/d2/sl_dotdot_d2
symlink ../../nonempty_dir1/d2/f3.txt nonempty_dir2/d2/sl_f3.txt
mkdir empty_dir1/ 0o777
dump /test_dir_0002


#####################################
# Test 3
#####################################
mkdir /test_dir_0003 0o777
chdir /test_dir_0003
mkdir empty_dir1 0o777
mkdir empty_dir2 0o777
mkdir nonempty_dir1 0o777
open_close nonempty_dir1/f1.txt [O_WRONLY;O_CREAT] 0o666
mkdir nonempty_dir1/d2 0o777
open nonempty_dir1/d2/f3.txt [O_WRONLY;O_CREAT] 0o666
write! (FD 3) "Lorem ipsum dolor sit amet, consectetur adipisicing elit, sed do eiusmod tempor inc" 83
close (FD 3)
mkdir nonempty_dir1/d2/d3 0o777
mkdir nonempty_dir2 0o777
open_close nonempty_dir2/f1.txt [O_WRONLY;O_CREAT] 0o666
open nonempty_dir2/f2.txt [O_WRONLY;O_CREAT] 0o666
write! (FD 3) "Lorem ipsum dolor sit amet, consectetur adipisicing elit, sed do eiusmod tempor incididunt ut labore et dolore magna aliqua. Ut enim ad minim veniam, quis nostrud exer" 167
close (FD 3)
mkdir nonempty_dir2/d2 0o777
mkdir nonempty_dir2/d2/d3 0o777
symlink f1.txt nonempty_dir1/sl_f1.txt
symlink ../f1.txt nonempty_dir1/d2/sl_dotdot_f1.txt
symlink no_such_target nonempty_dir1/d2/sl_no_such_target
symlink ../d2 nonempty_dir1/d2/sl_dotdot_d2
symlink ../../nonempty_dir1/d2/f3.txt nonempty_dir2/d2/sl_f3.txt
mkdir empty_dir2 0o777
dump /test_dir_0003


#####################################
# Test 4
#####################################
mkdir /test_dir_0004 0o777
chdir /test_dir_0004
mkdir empty_dir1 0o777
mkdir empty_dir2 0o777
mkdir nonempty_dir1 0o777
open_close nonempty_dir1/f1.txt [O_WRONLY;O_CREAT] 0o666
mkdir nonempty_dir1/d2 0o777
open nonempty_dir1/d2/f3.txt [O_WRONLY;O_CREAT] 0o666
write! (FD 3) "Lorem ipsum dolor sit amet, consectetur adipisicing elit, sed do eiusmod tempor inc" 83
close (FD 3)
mkdir nonempty_dir1/d2/d3 0o777
mkdir nonempty_dir2 0o777
open_close nonempty_dir2/f1.txt [O_WRONLY;O_CREAT] 0o666
open nonempty_dir2/f2.txt [O_WRONLY;O_CREAT] 0o666
write! (FD 3) "Lorem ipsum dolor sit amet, consectetur adipisicing elit, sed do eiusmod tempor incididunt ut labore et dolore magna aliqua. Ut enim ad minim veniam, quis nostrud exer" 167
close (FD 3)
mkdir nonempty_dir2/d2 0o777
mkdir nonempty_dir2/d2/d3 0o777
symlink f1.txt nonempty_dir1/sl_f1.txt
symlink ../f1.txt nonempty_dir1/d2/sl_dotdot_f1.txt
symlink no_such_target nonempty_dir1/d2/sl_no_such_target
symlink ../d2 nonempty_dir1/d2/sl_dotdot_d2
symlink ../../nonempty_dir1/d2/f3.txt nonempty_dir2/d2/sl_f3.txt
mkdir empty_dir2/ 0o777
dump /test_dir_0004


#####################################
# Test 5
#####################################
mkdir /test_dir_0005 0o777
chdir /test_dir_0005
mkdir empty_dir1 0o777
mkdir empty_dir2 0o777
mkdir nonempty_dir1 0o777
open_close nonempty_dir1/f1.txt [O_WRONLY;O_CREAT] 0o666
mkdir nonempty_dir1/d2 0o777
open nonempty_dir1/d2/f3.txt [O_WRONLY;O_CREAT] 0o666
write! (FD 3) "Lorem ipsum dolor sit amet, consectetur adipisicing elit, sed do eiusmod tempor inc" 83
close (FD 3)
mkdir nonempty_dir1/d2/d3 0o777
mkdir nonempty_dir2 0o777
open_close nonempty_dir2/f1.txt [O_WRONLY;O_CREAT] 0o666
open nonempty_dir2/f2.txt [O_WRONLY;O_CREAT] 0o666
write! (FD 3) "Lorem ipsum dolor sit amet, consectetur adipisicing elit, sed do eiusmod tempor incididunt ut labore et dolore magna aliqua. Ut enim ad minim veniam, quis nostrud exer" 167
close (FD 3)
mkdir nonempty_dir2/d2 0o777
mkdir nonempty_dir2/d2/d3 0o777
symlink f1.txt nonempty_dir1/sl_f1.txt
symlink ../f1.txt nonempty_dir1/d2/sl_dotdot_f1.txt
symlink no_such_target nonempty_dir1/d2/sl_no_such_target
symlink ../d2 nonempty_dir1/d2/sl_dotdot_d2
symlink ../../nonempty_dir1/d2/f3.txt nonempty_dir2/d2/sl_f3.txt
mkdir nonempty_dir1 0o777
dump /test_dir_0005


#####################################
# Test 6
#####################################
mkdir /test_dir_0006 0o777
chdir /test_dir_0006
mkdir empty_dir1 0o777
mkdir empty_dir2 0o777
mkdir nonempty_dir1 0o777
open_close nonempty_dir1/f1.txt [O_WRONLY;O_CREAT] 0o666
mkdir nonempty_dir1/d2 0o777
open nonempty_dir1/d2/f3.txt [O_WRONLY;O_CREAT] 0o666
write! (FD 3) "Lorem ipsum dolor sit amet, consectetur adipisicing elit, sed do eiusmod tempor inc" 83
close (FD 3)
mkdir nonempty_dir1/d2/d3 0o777
mkdir nonempty_dir2 0o777
open_close nonempty_dir2/f1.txt [O_WRONLY;O_CREAT] 0o666
open nonempty_dir2/f2.txt [O_WRONLY;O_CREAT] 0o666
write! (FD 3) "Lorem ipsum dolor sit amet, consectetur adipisicing elit, sed do eiusmod tempor incididunt ut labore et dolore magna aliqua. Ut enim ad minim veniam, quis nostrud exer" 167
close (FD 3)
mkdir nonempty_dir2/d2 0o777
mkdir nonempty_dir2/d2/d3 0o777
symlink f1.txt nonempty_dir1/sl_f1.txt
symlink ../f1.txt nonempty_dir1/d2/sl_dotdot_f1.txt
symlink no_such_target nonempty_dir1/d2/sl_no_such_target
symlink ../d2 nonempty_dir1/d2/sl_dotdot_d2
symlink ../../nonempty_dir1/d2/f3.txt nonempty_dir2/d2/sl_f3.txt
mkdir nonempty_dir1/ 0o777
dump /test_dir_0006


#####################################
# Test 7
#####################################
mkdir /test_dir_0007 0o777
chdir /test_dir_0007
mkdir empty_dir1 0o777
mkdir empty_dir2 0o777
mkdir nonempty_dir1 0o777
open_close nonempty_dir1/f1.txt [O_WRONLY;O_CREAT] 0o666
mkdir nonempty_dir1/d2 0o777
open nonempty_dir1/d2/f3.txt [O_WRONLY;O_CREAT] 0o666
write! (FD 3) "Lorem ipsum dolor sit amet, consectetur adipisicing elit, sed do eiusmod tempor inc" 83
close (FD 3)
mkdir nonempty_dir1/d2/d3 0o777
mkdir nonempty_dir2 0o777
open_close nonempty_dir2/f1.txt [O_WRONLY;O_CREAT] 0o666
open nonempty_dir2/f2.txt [O_WRONLY;O_CREAT] 0o666
write! (FD 3) "Lorem ipsum dolor sit amet, consectetur adipisicing elit, sed do eiusmod tempor incididunt ut labore et dolore magna aliqua. Ut enim ad minim veniam, quis nostrud exer" 167
close (FD 3)
mkdir nonempty_dir2/d2 0o777
mkdir nonempty_dir2/d2/d3 0o777
symlink f1.txt nonempty_dir1/sl_f1.txt
symlink ../f1.txt nonempty_dir1/d2/sl_dotdot_f1.txt
symlink no_such_target nonempty_dir1/d2/sl_no_such_target
symlink ../d2 nonempty_dir1/d2/sl_dotdot_d2
symlink ../../nonempty_dir1/d2/f3.txt nonempty_dir2/d2/sl_f3.txt
mkdir nonempty_dir1/d2 0o777
dump /test_dir_0007


#####################################
# Test 8
#####################################
mkdir /test_dir_0008 0o777
chdir /test_dir_0008
mkdir empty_dir1 0o777
mkdir empty_dir2 0o777
mkdir nonempty_dir1 0o777
open_close nonempty_dir1/f1.txt [O_WRONLY;O_CREAT] 0o666
mkdir nonempty_dir1/d2 0o777
open nonempty_dir1/d2/f3.txt [O_WRONLY;O_CREAT] 0o666
write! (FD 3) "Lorem ipsum dolor sit amet, consectetur adipisicing elit, sed do eiusmod tempor inc" 83
close (FD 3)
mkdir nonempty_dir1/d2/d3 0o777
mkdir nonempty_dir2 0o777
open_close nonempty_dir2/f1.txt [O_WRONLY;O_CREAT] 0o666
open nonempty_dir2/f2.txt [O_WRONLY;O_CREAT] 0o666
write! (FD 3) "Lorem ipsum dolor sit amet, consectetur adipisicing elit, sed do eiusmod tempor incididunt ut labore et dolore magna aliqua. Ut enim ad minim veniam, quis nostrud exer" 167
close (FD 3)
mkdir nonempty_dir2/d2 0o777
mkdir nonempty_dir2/d2/d3 0o777
symlink f1.txt nonempty_dir1/sl_f1.txt
symlink ../f1.txt nonempty_dir1/d2/sl_dotdot_f1.txt
symlink no_such_target nonempty_dir1/d2/sl_no_such_target
symlink ../d2 nonempty_dir1/d2/sl_dotdot_d2
symlink ../../nonempty_dir1/d2/f3.txt nonempty_dir2/d2/sl_f3.txt
mkdir nonempty_dir1/d2/ 0o777
dump /test_dir_0008


#####################################
# Test 9
#####################################
mkdir /test_dir_0009 0o777
chdir /test_dir_0009
mkdir empty_dir1 0o777
mkdir empty_dir2 0o777
mkdir nonempty_dir1 0o777
open_close nonempty_dir1/f1.txt [O_WRONLY;O_CREAT] 0o666
mkdir nonempty_dir1/d2 0o777
open nonempty_dir1/d2/f3.txt [O_WRONLY;O_CREAT] 0o666
write! (FD 3) "Lorem ipsum dolor sit amet, consectetur adipisicing elit, sed do eiusmod tempor inc" 83
close (FD 3)
mkdir nonempty_dir1/d2/d3 0o777
mkdir nonempty_dir2 0o777
open_close nonempty_dir2/f1.txt [O_WRONLY;O_CREAT] 0o666
open nonempty_dir2/f2.txt [O_WRONLY;O_CREAT] 0o666
write! (FD 3) "Lorem ipsum dolor sit amet, consectetur adipisicing elit, sed do eiusmod tempor incididunt ut labore et dolore magna aliqua. Ut enim ad minim veniam, quis nostrud exer" 167
close (FD 3)
mkdir nonempty_dir2/d2 0o777
mkdir nonempty_dir2/d2/d3 0o777
symlink f1.txt nonempty_dir1/sl_f1.txt
symlink ../f1.txt nonempty_dir1/d2/sl_dotdot_f1.txt
symlink no_such_target nonempty_dir1/d2/sl_no_such_target
symlink ../d2 nonempty_dir1/d2/sl_dotdot_d2
symlink ../../nonempty_dir1/d2/f3.txt nonempty_dir2/d2/sl_f3.txt
mkdir nonempty_dir1/d2/broken_sl/nonexist_6 0o777
dump /test_dir_0009


#####################################
# Test 10
#####################################
mkdir /test_dir_0010 0o777
chdir /test_dir_0010
mkdir empty_dir1 0o777
mkdir empty_dir2 0o777
mkdir nonempty_dir1 0o777
open_close nonempty_dir1/f1.txt [O_WRONLY;O_CREAT] 0o666
mkdir nonempty_dir1/d2 0o777
open nonempty_dir1/d2/f3.txt [O_WRONLY;O_CREAT] 0o666
write! (FD 3) "Lorem ipsum dolor sit amet, consectetur adipisicing elit, sed do eiusmod tempor inc" 83
close (FD 3)
mkdir nonempty_dir1/d2/d3 0o777
mkdir nonempty_dir2 0o777
open_close nonempty_dir2/f1.txt [O_WRONLY;O_CREAT] 0o666
open nonempty_dir2/f2.txt [O_WRONLY;O_CREAT] 0o666
write! (FD 3) "Lorem ipsum dolor sit amet, consectetur adipisicing elit, sed do eiusmod tempor incididunt ut labore et dolore magna aliqua. Ut enim ad minim veniam, quis nostrud exer" 167
close (FD 3)
mkdir nonempty_dir2/d2 0o777
mkdir nonempty_dir2/d2/d3 0o777
symlink f1.txt nonempty_dir1/sl_f1.txt
symlink ../f1.txt nonempty_dir1/d2/sl_dotdot_f1.txt
symlink no_such_target nonempty_dir1/d2/sl_no_such_target
symlink ../d2 nonempty_dir1/d2/sl_dotdot_d2
symlink ../../nonempty_dir1/d2/f3.txt nonempty_dir2/d2/sl_f3.txt
mkdir nonempty_dir1/d2/broken_sl/nonexist_6/ 0o777
dump /test_dir_0010


#####################################
# Test 11
#####################################
mkdir /test_dir_0011 0o777
chdir /test_dir_0011
mkdir empty_dir1 0o777
mkdir empty_dir2 0o777
mkdir nonempty_dir1 0o777
open_close nonempty_dir1/f1.txt [O_WRONLY;O_CREAT] 0o666
mkdir nonempty_dir1/d2 0o777
open nonempty_dir1/d2/f3.txt [O_WRONLY;O_CREAT] 0o666
write! (FD 3) "Lorem ipsum dolor sit amet, consectetur adipisicing elit, sed do eiusmod tempor inc" 83
close (FD 3)
mkdir nonempty_dir1/d2/d3 0o777
mkdir nonempty_dir2 0o777
open_close nonempty_dir2/f1.txt [O_WRONLY;O_CREAT] 0o666
open nonempty_dir2/f2.txt [O_WRONLY;O_CREAT] 0o666
write! (FD 3) "Lorem ipsum dolor sit amet, consectetur adipisicing elit, sed do eiusmod tempor incididunt ut labore et dolore magna aliqua. Ut enim ad minim veniam, quis nostrud exer" 167
close (FD 3)
mkdir nonempty_dir2/d2 0o777
mkdir nonempty_dir2/d2/d3 0o777
symlink f1.txt nonempty_dir1/sl_f1.txt
symlink ../f1.txt nonempty_dir1/d2/sl_dotdot_f1.txt
symlink no_such_target nonempty_dir1/d2/sl_no_such_target
symlink ../d2 nonempty_dir1/d2/sl_dotdot_d2
symlink ../../nonempty_dir1/d2/f3.txt nonempty_dir2/d2/sl_f3.txt
mkdir nonempty_dir1/d2/d3 0o777
dump /test_dir_0011


#####################################
# Test 12
#####################################
mkdir /test_dir_0012 0o777
chdir /test_dir_0012
mkdir empty_dir1 0o777
mkdir empty_dir2 0o777
mkdir nonempty_dir1 0o777
open_close nonempty_dir1/f1.txt [O_WRONLY;O_CREAT] 0o666
mkdir nonempty_dir1/d2 0o777
open nonempty_dir1/d2/f3.txt [O_WRONLY;O_CREAT] 0o666
write! (FD 3) "Lorem ipsum dolor sit amet, consectetur adipisicing elit, sed do eiusmod tempor inc" 83
close (FD 3)
mkdir nonempty_dir1/d2/d3 0o777
mkdir nonempty_dir2 0o777
open_close nonempty_dir2/f1.txt [O_WRONLY;O_CREAT] 0o666
open nonempty_dir2/f2.txt [O_WRONLY;O_CREAT] 0o666
write! (FD 3) "Lorem ipsum dolor sit amet, consectetur adipisicing elit, sed do eiusmod tempor incididunt ut labore et dolore magna aliqua. Ut enim ad minim veniam, quis nostrud exer" 167
close (FD 3)
mkdir nonempty_dir2/d2 0o777
mkdir nonempty_dir2/d2/d3 0o777
symlink f1.txt nonempty_dir1/sl_f1.txt
symlink ../f1.txt nonempty_dir1/d2/sl_dotdot_f1.txt
symlink no_such_target nonempty_dir1/d2/sl_no_such_target
symlink ../d2 nonempty_dir1/d2/sl_dotdot_d2
symlink ../../nonempty_dir1/d2/f3.txt nonempty_dir2/d2/sl_f3.txt
mkdir nonempty_dir1/d2/d3/ 0o777
dump /test_dir_0012


#####################################
# Test 13
#####################################
mkdir /test_dir_0013 0o777
chdir /test_dir_0013
mkdir empty_dir1 0o777
mkdir empty_dir2 0o777
mkdir nonempty_dir1 0o777
open_close nonempty_dir1/f1.txt [O_WRONLY;O_CREAT] 0o666
mkdir nonempty_dir1/d2 0o777
open nonempty_dir1/d2/f3.txt [O_WRONLY;O_CREAT] 0o666
write! (FD 3) "Lorem ipsum dolor sit amet, consectetur adipisicing elit, sed do eiusmod tempor inc" 83
close (FD 3)
mkdir nonempty_dir1/d2/d3 0o777
mkdir nonempty_dir2 0o777
open_close nonempty_dir2/f1.txt [O_WRONLY;O_CREAT] 0o666
open nonempty_dir2/f2.txt [O_WRONLY;O_CREAT] 0o666
write! (FD 3) "Lorem ipsum dolor sit amet, consectetur adipisicing elit, sed do eiusmod tempor incididunt ut labore et dolore magna aliqua. Ut enim ad minim veniam, quis nostrud exer" 167
close (FD 3)
mkdir nonempty_dir2/d2 0o777
mkdir nonempty_dir2/d2/d3 0o777
symlink f1.txt nonempty_dir1/sl_f1.txt
symlink ../f1.txt nonempty_dir1/d2/sl_dotdot_f1.txt
symlink no_such_target nonempty_dir1/d2/sl_no_such_target
symlink ../d2 nonempty_dir1/d2/sl_dotdot_d2
symlink ../../nonempty_dir1/d2/f3.txt nonempty_dir2/d2/sl_f3.txt
mkdir nonempty_dir1/d2/f3.txt 0o777
dump /test_dir_0013


#####################################
# Test 14
#####################################
mkdir /test_dir_0014 0o777
chdir /test_dir_0014
mkdir empty_dir1 0o777
mkdir empty_dir2 0o777
mkdir nonempty_dir1 0o777
open_close nonempty_dir1/f1.txt [O_WRONLY;O_CREAT] 0o666
mkdir nonempty_dir1/d2 0o777
open nonempty_dir1/d2/f3.txt [O_WRONLY;O_CREAT] 0o666
write! (FD 3) "Lorem ipsum dolor sit amet, consectetur adipisicing elit, sed do eiusmod tempor inc" 83
close (FD 3)
mkdir nonempty_dir1/d2/d3 0o777
mkdir nonempty_dir2 0o777
open_close nonempty_dir2/f1.txt [O_WRONLY;O_CREAT] 0o666
open nonempty_dir2/f2.txt [O_WRONLY;O_CREAT] 0o666
write! (FD 3) "Lorem ipsum dolor sit amet, consectetur adipisicing elit, sed do eiusmod tempor incididunt ut labore et dolore magna aliqua. Ut enim ad minim veniam, quis nostrud exer" 167
close (FD 3)
mkdir nonempty_dir2/d2 0o777
mkdir nonempty_dir2/d2/d3 0o777
symlink f1.txt nonempty_dir1/sl_f1.txt
symlink ../f1.txt nonempty_dir1/d2/sl_dotdot_f1.txt
symlink no_such_target nonempty_dir1/d2/sl_no_such_target
symlink ../d2 nonempty_dir1/d2/sl_dotdot_d2
symlink ../../nonempty_dir1/d2/f3.txt nonempty_dir2/d2/sl_f3.txt
mkdir nonempty_dir1/d2/f3.txt/ 0o777
dump /test_dir_0014


#####################################
# Test 15
#####################################
mkdir /test_dir_0015 0o777
chdir /test_dir_0015
mkdir empty_dir1 0o777
mkdir empty_dir2 0o777
mkdir nonempty_dir1 0o777
open_close nonempty_dir1/f1.txt [O_WRONLY;O_CREAT] 0o666
mkdir nonempty_dir1/d2 0o777
open nonempty_dir1/d2/f3.txt [O_WRONLY;O_CREAT] 0o666
write! (FD 3) "Lorem ipsum dolor sit amet, consectetur adipisicing elit, sed do eiusmod tempor inc" 83
close (FD 3)
mkdir nonempty_dir1/d2/d3 0o777
mkdir nonempty_dir2 0o777
open_close nonempty_dir2/f1.txt [O_WRONLY;O_CREAT] 0o666
open nonempty_dir2/f2.txt [O_WRONLY;O_CREAT] 0o666
write! (FD 3) "Lorem ipsum dolor sit amet, consectetur adipisicing elit, sed do eiusmod tempor incididunt ut labore et dolore magna aliqua. Ut enim ad minim veniam, quis nostrud exer" 167
close (FD 3)
mkdir nonempty_dir2/d2 0o777
mkdir nonempty_dir2/d2/d3 0o777
symlink f1.txt nonempty_dir1/sl_f1.txt
symlink ../f1.txt nonempty_dir1/d2/sl_dotdot_f1.txt
symlink no_such_target nonempty_dir1/d2/sl_no_such_target
symlink ../d2 nonempty_dir1/d2/sl_dotdot_d2
symlink ../../nonempty_dir1/d2/f3.txt nonempty_dir2/d2/sl_f3.txt
mkdir nonempty_dir1/d2/sl_dotdot_d2 0o777
dump /test_dir_0015


#####################################
# Test 16
#####################################
mkdir /test_dir_0016 0o777
chdir /test_dir_0016
mkdir empty_dir1 0o777
mkdir empty_dir2 0o777
mkdir nonempty_dir1 0o777
open_close nonempty_dir1/f1.txt [O_WRONLY;O_CREAT] 0o666
mkdir nonempty_dir1/d2 0o777
open nonempty_dir1/d2/f3.txt [O_WRONLY;O_CREAT] 0o666
write! (FD 3) "Lorem ipsum dolor sit amet, consectetur adipisicing elit, sed do eiusmod tempor inc" 83
close (FD 3)
mkdir nonempty_dir1/d2/d3 0o777
mkdir nonempty_dir2 0o777
open_close nonempty_dir2/f1.txt [O_WRONLY;O_CREAT] 0o666
open nonempty_dir2/f2.txt [O_WRONLY;O_CREAT] 0o666
write! (FD 3) "Lorem ipsum dolor sit amet, consectetur adipisicing elit, sed do eiusmod tempor incididunt ut labore et dolore magna aliqua. Ut enim ad minim veniam, quis nostrud exer" 167
close (FD 3)
mkdir nonempty_dir2/d2 0o777
mkdir nonempty_dir2/d2/d3 0o777
symlink f1.txt nonempty_dir1/sl_f1.txt
symlink ../f1.txt nonempty_dir1/d2/sl_dotdot_f1.txt
symlink no_such_target nonempty_dir1/d2/sl_no_such_target
symlink ../d2 nonempty_dir1/d2/sl_dotdot_d2
symlink ../../nonempty_dir1/d2/f3.txt nonempty_dir2/d2/sl_f3.txt
mkdir nonempty_dir1/d2/sl_dotdot_d2/ 0o777
dump /test_dir_0016


#####################################
# Test 17
#####################################
mkdir /test_dir_0017 0o777
chdir /test_dir_0017
mkdir empty_dir1 0o777
mkdir empty_dir2 0o777
mkdir nonempty_dir1 0o777
open_close nonempty_dir1/f1.txt [O_WRONLY;O_CREAT] 0o666
mkdir nonempty_dir1/d2 0o777
open nonempty_dir1/d2/f3.txt [O_WRONLY;O_CREAT] 0o666
write! (FD 3) "Lorem ipsum dolor sit amet, consectetur adipisicing elit, sed do eiusmod tempor inc" 83
close (FD 3)
mkdir nonempty_dir1/d2/d3 0o777
mkdir nonempty_dir2 0o777
open_close nonempty_dir2/f1.txt [O_WRONLY;O_CREAT] 0o666
open nonempty_dir2/f2.txt [O_WRONLY;O_CREAT] 0o666
write! (FD 3) "Lorem ipsum dolor sit amet, consectetur adipisicing elit, sed do eiusmod tempor incididunt ut labore et dolore magna aliqua. Ut enim ad minim veniam, quis nostrud exer" 167
close (FD 3)
mkdir nonempty_dir2/d2 0o777
mkdir nonempty_dir2/d2/d3 0o777
symlink f1.txt nonempty_dir1/sl_f1.txt
symlink ../f1.txt nonempty_dir1/d2/sl_dotdot_f1.txt
symlink no_such_target nonempty_dir1/d2/sl_no_such_target
symlink ../d2 nonempty_dir1/d2/sl_dotdot_d2
symlink ../../nonempty_dir1/d2/f3.txt nonempty_dir2/d2/sl_f3.txt
mkdir nonempty_dir1/d2/sl_dotdot_f1.txt 0o777
dump /test_dir_0017


#####################################
# Test 18
#####################################
mkdir /test_dir_0018 0o777
chdir /test_dir_0018
mkdir empty_dir1 0o777
mkdir empty_dir2 0o777
mkdir nonempty_dir1 0o777
open_close nonempty_dir1/f1.txt [O_WRONLY;O_CREAT] 0o666
mkdir nonempty_dir1/d2 0o777
open nonempty_dir1/d2/f3.txt [O_WRONLY;O_CREAT] 0o666
write! (FD 3) "Lorem ipsum dolor sit amet, consectetur adipisicing elit, sed do eiusmod tempor inc" 83
close (FD 3)
mkdir nonempty_dir1/d2/d3 0o777
mkdir nonempty_dir2 0o777
open_close nonempty_dir2/f1.txt [O_WRONLY;O_CREAT] 0o666
open nonempty_dir2/f2.txt [O_WRONLY;O_CREAT] 0o666
write! (FD 3) "Lorem ipsum dolor sit amet, consectetur adipisicing elit, sed do eiusmod tempor incididunt ut labore et dolore magna aliqua. Ut enim ad minim veniam, quis nostrud exer" 167
close (FD 3)
mkdir nonempty_dir2/d2 0o777
mkdir nonempty_dir2/d2/d3 0o777
symlink f1.txt nonempty_dir1/sl_f1.txt
symlink ../f1.txt nonempty_dir1/d2/sl_dotdot_f1.txt
symlink no_such_target nonempty_dir1/d2/sl_no_such_target
symlink ../d2 nonempty_dir1/d2/sl_dotdot_d2
symlink ../../nonempty_dir1/d2/f3.txt nonempty_dir2/d2/sl_f3.txt
mkdir nonempty_dir1/d2/sl_dotdot_f1.txt/ 0o777
dump /test_dir_0018


#####################################
# Test 19
#####################################
mkdir /test_dir_0019 0o777
chdir /test_dir_0019
mkdir empty_dir1 0o777
mkdir empty_dir2 0o777
mkdir nonempty_dir1 0o777
open_close nonempty_dir1/f1.txt [O_WRONLY;O_CREAT] 0o666
mkdir nonempty_dir1/d2 0o777
open nonempty_dir1/d2/f3.txt [O_WRONLY;O_CREAT] 0o666
write! (FD 3) "Lorem ipsum dolor sit amet, consectetur adipisicing elit, sed do eiusmod tempor inc" 83
close (FD 3)
mkdir nonempty_dir1/d2/d3 0o777
mkdir nonempty_dir2 0o777
open_close nonempty_dir2/f1.txt [O_WRONLY;O_CREAT] 0o666
open nonempty_dir2/f2.txt [O_WRONLY;O_CREAT] 0o666
write! (FD 3) "Lorem ipsum dolor sit amet, consectetur adipisicing elit, sed do eiusmod tempor incididunt ut labore et dolore magna aliqua. Ut enim ad minim veniam, quis nostrud exer" 167
close (FD 3)
mkdir nonempty_dir2/d2 0o777
mkdir nonempty_dir2/d2/d3 0o777
symlink f1.txt nonempty_dir1/sl_f1.txt
symlink ../f1.txt nonempty_dir1/d2/sl_dotdot_f1.txt
symlink no_such_target nonempty_dir1/d2/sl_no_such_target
symlink ../d2 nonempty_dir1/d2/sl_dotdot_d2
symlink ../../nonempty_dir1/d2/f3.txt nonempty_dir2/d2/sl_f3.txt
mkdir nonempty_dir1/d2/sl_no_such_target 0o777
dump /test_dir_0019


#####################################
# Test 20
#####################################
mkdir /test_dir_0020 0o777
chdir /test_dir_0020
mkdir empty_dir1 0o777
mkdir empty_dir2 0o777
mkdir nonempty_dir1 0o777
open_close nonempty_dir1/f1.txt [O_WRONLY;O_CREAT] 0o666
mkdir nonempty_dir1/d2 0o777
open nonempty_dir1/d2/f3.txt [O_WRONLY;O_CREAT] 0o666
write! (FD 3) "Lorem ipsum dolor sit amet, consectetur adipisicing elit, sed do eiusmod tempor inc" 83
close (FD 3)
mkdir nonempty_dir1/d2/d3 0o777
mkdir nonempty_dir2 0o777
open_close nonempty_dir2/f1.txt [O_WRONLY;O_CREAT] 0o666
open nonempty_dir2/f2.txt [O_WRONLY;O_CREAT] 0o666
write! (FD 3) "Lorem ipsum dolor sit amet, consectetur adipisicing elit, sed do eiusmod tempor incididunt ut labore et dolore magna aliqua. Ut enim ad minim veniam, quis nostrud exer" 167
close (FD 3)
mkdir nonempty_dir2/d2 0o777
mkdir nonempty_dir2/d2/d3 0o777
symlink f1.txt nonempty_dir1/sl_f1.txt
symlink ../f1.txt nonempty_dir1/d2/sl_dotdot_f1.txt
symlink no_such_target nonempty_dir1/d2/sl_no_such_target
symlink ../d2 nonempty_dir1/d2/sl_dotdot_d2
symlink ../../nonempty_dir1/d2/f3.txt nonempty_dir2/d2/sl_f3.txt
mkdir nonempty_dir1/d2/sl_no_such_target/ 0o777
dump /test_dir_0020


#####################################
# Test 21
#####################################
mkdir /test_dir_0021 0o777
chdir /test_dir_0021
mkdir empty_dir1 0o777
mkdir empty_dir2 0o777
mkdir nonempty_dir1 0o777
open_close nonempty_dir1/f1.txt [O_WRONLY;O_CREAT] 0o666
mkdir nonempty_dir1/d2 0o777
open nonempty_dir1/d2/f3.txt [O_WRONLY;O_CREAT] 0o666
write! (FD 3) "Lorem ipsum dolor sit amet, consectetur adipisicing elit, sed do eiusmod tempor inc" 83
close (FD 3)
mkdir nonempty_dir1/d2/d3 0o777
mkdir nonempty_dir2 0o777
open_close nonempty_dir2/f1.txt [O_WRONLY;O_CREAT] 0o666
open nonempty_dir2/f2.txt [O_WRONLY;O_CREAT] 0o666
write! (FD 3) "Lorem ipsum dolor sit amet, consectetur adipisicing elit, sed do eiusmod tempor incididunt ut labore et dolore magna aliqua. Ut enim ad minim veniam, quis nostrud exer" 167
close (FD 3)
mkdir nonempty_dir2/d2 0o777
mkdir nonempty_dir2/d2/d3 0o777
symlink f1.txt nonempty_dir1/sl_f1.txt
symlink ../f1.txt nonempty_dir1/d2/sl_dotdot_f1.txt
symlink no_such_target nonempty_dir1/d2/sl_no_such_target
symlink ../d2 nonempty_dir1/d2/sl_dotdot_d2
symlink ../../nonempty_dir1/d2/f3.txt nonempty_dir2/d2/sl_f3.txt
mkdir nonempty_dir1/f1.txt 0o777
dump /test_dir_0021


#####################################
# Test 22
#####################################
mkdir /test_dir_0022 0o777
chdir /test_dir_0022
mkdir empty_dir1 0o777
mkdir empty_dir2 0o777
mkdir nonempty_dir1 0o777
open_close nonempty_dir1/f1.txt [O_WRONLY;O_CREAT] 0o666
mkdir nonempty_dir1/d2 0o777
open nonempty_dir1/d2/f3.txt [O_WRONLY;O_CREAT] 0o666
write! (FD 3) "Lorem ipsum dolor sit amet, consectetur adipisicing elit, sed do eiusmod tempor inc" 83
close (FD 3)
mkdir nonempty_dir1/d2/d3 0o777
mkdir nonempty_dir2 0o777
open_close nonempty_dir2/f1.txt [O_WRONLY;O_CREAT] 0o666
open nonempty_dir2/f2.txt [O_WRONLY;O_CREAT] 0o666
write! (FD 3) "Lorem ipsum dolor sit amet, consectetur adipisicing elit, sed do eiusmod tempor incididunt ut labore et dolore magna aliqua. Ut enim ad minim veniam, quis nostrud exer" 167
close (FD 3)
mkdir nonempty_dir2/d2 0o777
mkdir nonempty_dir2/d2/d3 0o777
symlink f1.txt nonempty_dir1/sl_f1.txt
symlink ../f1.txt nonempty_dir1/d2/sl_dotdot_f1.txt
symlink no_such_target nonempty_dir1/d2/sl_no_such_target
symlink ../d2 nonempty_dir1/d2/sl_dotdot_d2
symlink ../../nonempty_dir1/d2/f3.txt nonempty_dir2/d2/sl_f3.txt
mkdir nonempty_dir1/f1.txt/ 0o777
dump /test_dir_0022


#####################################
# Test 23
#####################################
mkdir /test_dir_0023 0o777
chdir /test_dir_0023
mkdir empty_dir1 0o777
mkdir empty_dir2 0o777
mkdir nonempty_dir1 0o777
open_close nonempty_dir1/f1.txt [O_WRONLY;O_CREAT] 0o666
mkdir nonempty_dir1/d2 0o777
open nonempty_dir1/d2/f3.txt [O_WRONLY;O_CREAT] 0o666
write! (FD 3) "Lorem ipsum dolor sit amet, consectetur adipisicing elit, sed do eiusmod tempor inc" 83
close (FD 3)
mkdir nonempty_dir1/d2/d3 0o777
mkdir nonempty_dir2 0o777
open_close nonempty_dir2/f1.txt [O_WRONLY;O_CREAT] 0o666
open nonempty_dir2/f2.txt [O_WRONLY;O_CREAT] 0o666
write! (FD 3) "Lorem ipsum dolor sit amet, consectetur adipisicing elit, sed do eiusmod tempor incididunt ut labore et dolore magna aliqua. Ut enim ad minim veniam, quis nostrud exer" 167
close (FD 3)
mkdir nonempty_dir2/d2 0o777
mkdir nonempty_dir2/d2/d3 0o777
symlink f1.txt nonempty_dir1/sl_f1.txt
symlink ../f1.txt nonempty_dir1/d2/sl_dotdot_f1.txt
symlink no_such_target nonempty_dir1/d2/sl_no_such_target
symlink ../d2 nonempty_dir1/d2/sl_dotdot_d2
symlink ../../nonempty_dir1/d2/f3.txt nonempty_dir2/d2/sl_f3.txt
mkdir nonempty_dir1/f1.txt/nonexist_5 0o777
dump /test_dir_0023


#####################################
# Test 24
#####################################
mkdir /test_dir_0024 0o777
chdir /test_dir_0024
mkdir empty_dir1 0o777
mkdir empty_dir2 0o777
mkdir nonempty_dir1 0o777
open_close nonempty_dir1/f1.txt [O_WRONLY;O_CREAT] 0o666
mkdir nonempty_dir1/d2 0o777
open nonempty_dir1/d2/f3.txt [O_WRONLY;O_CREAT] 0o666
write! (FD 3) "Lorem ipsum dolor sit amet, consectetur adipisicing elit, sed do eiusmod tempor inc" 83
close (FD 3)
mkdir nonempty_dir1/d2/d3 0o777
mkdir nonempty_dir2 0o777
open_close nonempty_dir2/f1.txt [O_WRONLY;O_CREAT] 0o666
open nonempty_dir2/f2.txt [O_WRONLY;O_CREAT] 0o666
write! (FD 3) "Lorem ipsum dolor sit amet, consectetur adipisicing elit, sed do eiusmod tempor incididunt ut labore et dolore magna aliqua. Ut enim ad minim veniam, quis nostrud exer" 167
close (FD 3)
mkdir nonempty_dir2/d2 0o777
mkdir nonempty_dir2/d2/d3 0o777
symlink f1.txt nonempty_dir1/sl_f1.txt
symlink ../f1.txt nonempty_dir1/d2/sl_dotdot_f1.txt
symlink no_such_target nonempty_dir1/d2/sl_no_such_target
symlink ../d2 nonempty_dir1/d2/sl_dotdot_d2
symlink ../../nonempty_dir1/d2/f3.txt nonempty_dir2/d2/sl_f3.txt
mkdir nonempty_dir1/f1.txt/nonexist_5/ 0o777
dump /test_dir_0024


#####################################
# Test 25
#####################################
mkdir /test_dir_0025 0o777
chdir /test_dir_0025
mkdir empty_dir1 0o777
mkdir empty_dir2 0o777
mkdir nonempty_dir1 0o777
open_close nonempty_dir1/f1.txt [O_WRONLY;O_CREAT] 0o666
mkdir nonempty_dir1/d2 0o777
open nonempty_dir1/d2/f3.txt [O_WRONLY;O_CREAT] 0o666
write! (FD 3) "Lorem ipsum dolor sit amet, consectetur adipisicing elit, sed do eiusmod tempor inc" 83
close (FD 3)
mkdir nonempty_dir1/d2/d3 0o777
mkdir nonempty_dir2 0o777
open_close nonempty_dir2/f1.txt [O_WRONLY;O_CREAT] 0o666
open nonempty_dir2/f2.txt [O_WRONLY;O_CREAT] 0o666
write! (FD 3) "Lorem ipsum dolor sit amet, consectetur adipisicing elit, sed do eiusmod tempor incididunt ut labore et dolore magna aliqua. Ut enim ad minim veniam, quis nostrud exer" 167
close (FD 3)
mkdir nonempty_dir2/d2 0o777
mkdir nonempty_dir2/d2/d3 0o777
symlink f1.txt nonempty_dir1/sl_f1.txt
symlink ../f1.txt nonempty_dir1/d2/sl_dotdot_f1.txt
symlink no_such_target nonempty_dir1/d2/sl_no_such_target
symlink ../d2 nonempty_dir1/d2/sl_dotdot_d2
symlink ../../nonempty_dir1/d2/f3.txt nonempty_dir2/d2/sl_f3.txt
mkdir nonempty_dir1/nonexist_4 0o777
dump /test_dir_0025


#####################################
# Test 26
#####################################
mkdir /test_dir_0026 0o777
chdir /test_dir_0026
mkdir empty_dir1 0o777
mkdir empty_dir2 0o777
mkdir nonempty_dir1 0o777
open_close nonempty_dir1/f1.txt [O_WRONLY;O_CREAT] 0o666
mkdir nonempty_dir1/d2 0o777
open nonempty_dir1/d2/f3.txt [O_WRONLY;O_CREAT] 0o666
write! (FD 3) "Lorem ipsum dolor sit amet, consectetur adipisicing elit, sed do eiusmod tempor inc" 83
close (FD 3)
mkdir nonempty_dir1/d2/d3 0o777
mkdir nonempty_dir2 0o777
open_close nonempty_dir2/f1.txt [O_WRONLY;O_CREAT] 0o666
open nonempty_dir2/f2.txt [O_WRONLY;O_CREAT] 0o666
write! (FD 3) "Lorem ipsum dolor sit amet, consectetur adipisicing elit, sed do eiusmod tempor incididunt ut labore et dolore magna aliqua. Ut enim ad minim veniam, quis nostrud exer" 167
close (FD 3)
mkdir nonempty_dir2/d2 0o777
mkdir nonempty_dir2/d2/d3 0o777
symlink f1.txt nonempty_dir1/sl_f1.txt
symlink ../f1.txt nonempty_dir1/d2/sl_dotdot_f1.txt
symlink no_such_target nonempty_dir1/d2/sl_no_such_target
symlink ../d2 nonempty_dir1/d2/sl_dotdot_d2
symlink ../../nonempty_dir1/d2/f3.txt nonempty_dir2/d2/sl_f3.txt
mkdir nonempty_dir1/nonexist_4/ 0o777
dump /test_dir_0026


#####################################
# Test 27
#####################################
mkdir /test_dir_0027 0o777
chdir /test_dir_0027
mkdir empty_dir1 0o777
mkdir empty_dir2 0o777
mkdir nonempty_dir1 0o777
open_close nonempty_dir1/f1.txt [O_WRONLY;O_CREAT] 0o666
mkdir nonempty_dir1/d2 0o777
open nonempty_dir1/d2/f3.txt [O_WRONLY;O_CREAT] 0o666
write! (FD 3) "Lorem ipsum dolor sit amet, consectetur adipisicing elit, sed do eiusmod tempor inc" 83
close (FD 3)
mkdir nonempty_dir1/d2/d3 0o777
mkdir nonempty_dir2 0o777
open_close nonempty_dir2/f1.txt [O_WRONLY;O_CREAT] 0o666
open nonempty_dir2/f2.txt [O_WRONLY;O_CREAT] 0o666
write! (FD 3) "Lorem ipsum dolor sit amet, consectetur adipisicing elit, sed do eiusmod tempor incididunt ut labore et dolore magna aliqua. Ut enim ad minim veniam, quis nostrud exer" 167
close (FD 3)
mkdir nonempty_dir2/d2 0o777
mkdir nonempty_dir2/d2/d3 0o777
symlink f1.txt nonempty_dir1/sl_f1.txt
symlink ../f1.txt nonempty_dir1/d2/sl_dotdot_f1.txt
symlink no_such_target nonempty_dir1/d2/sl_no_such_target
symlink ../d2 nonempty_dir1/d2/sl_dotdot_d2
symlink ../../nonempty_dir1/d2/f3.txt nonempty_dir2/d2/sl_f3.txt
mkdir nonempty_dir1/sl_f1.txt 0o777
dump /test_dir_0027


#####################################
# Test 28
#####################################
mkdir /test_dir_0028 0o777
chdir /test_dir_0028
mkdir empty_dir1 0o777
mkdir empty_dir2 0o777
mkdir nonempty_dir1 0o777
open_close nonempty_dir1/f1.txt [O_WRONLY;O_CREAT] 0o666
mkdir nonempty_dir1/d2 0o777
open nonempty_dir1/d2/f3.txt [O_WRONLY;O_CREAT] 0o666
write! (FD 3) "Lorem ipsum dolor sit amet, consectetur adipisicing elit, sed do eiusmod tempor inc" 83
close (FD 3)
mkdir nonempty_dir1/d2/d3 0o777
mkdir nonempty_dir2 0o777
open_close nonempty_dir2/f1.txt [O_WRONLY;O_CREAT] 0o666
open nonempty_dir2/f2.txt [O_WRONLY;O_CREAT] 0o666
write! (FD 3) "Lorem ipsum dolor sit amet, consectetur adipisicing elit, sed do eiusmod tempor incididunt ut labore et dolore magna aliqua. Ut enim ad minim veniam, quis nostrud exer" 167
close (FD 3)
mkdir nonempty_dir2/d2 0o777
mkdir nonempty_dir2/d2/d3 0o777
symlink f1.txt nonempty_dir1/sl_f1.txt
symlink ../f1.txt nonempty_dir1/d2/sl_dotdot_f1.txt
symlink no_such_target nonempty_dir1/d2/sl_no_such_target
symlink ../d2 nonempty_dir1/d2/sl_dotdot_d2
symlink ../../nonempty_dir1/d2/f3.txt nonempty_dir2/d2/sl_f3.txt
mkdir nonempty_dir1/sl_f1.txt/ 0o777
dump /test_dir_0028


#####################################
# Test 29
#####################################
mkdir /test_dir_0029 0o777
chdir /test_dir_0029
mkdir empty_dir1 0o777
mkdir empty_dir2 0o777
mkdir nonempty_dir1 0o777
open_close nonempty_dir1/f1.txt [O_WRONLY;O_CREAT] 0o666
mkdir nonempty_dir1/d2 0o777
open nonempty_dir1/d2/f3.txt [O_WRONLY;O_CREAT] 0o666
write! (FD 3) "Lorem ipsum dolor sit amet, consectetur adipisicing elit, sed do eiusmod tempor inc" 83
close (FD 3)
mkdir nonempty_dir1/d2/d3 0o777
mkdir nonempty_dir2 0o777
open_close nonempty_dir2/f1.txt [O_WRONLY;O_CREAT] 0o666
open nonempty_dir2/f2.txt [O_WRONLY;O_CREAT] 0o666
write! (FD 3) "Lorem ipsum dolor sit amet, consectetur adipisicing elit, sed do eiusmod tempor incididunt ut labore et dolore magna aliqua. Ut enim ad minim veniam, quis nostrud exer" 167
close (FD 3)
mkdir nonempty_dir2/d2 0o777
mkdir nonempty_dir2/d2/d3 0o777
symlink f1.txt nonempty_dir1/sl_f1.txt
symlink ../f1.txt nonempty_dir1/d2/sl_dotdot_f1.txt
symlink no_such_target nonempty_dir1/d2/sl_no_such_target
symlink ../d2 nonempty_dir1/d2/sl_dotdot_d2
symlink ../../nonempty_dir1/d2/f3.txt nonempty_dir2/d2/sl_f3.txt
mkdir nonempty_dir2 0o777
dump /test_dir_0029


#####################################
# Test 30
#####################################
mkdir /test_dir_0030 0o777
chdir /test_dir_0030
mkdir empty_dir1 0o777
mkdir empty_dir2 0o777
mkdir nonempty_dir1 0o777
open_close nonempty_dir1/f1.txt [O_WRONLY;O_CREAT] 0o666
mkdir nonempty_dir1/d2 0o777
open nonempty_dir1/d2/f3.txt [O_WRONLY;O_CREAT] 0o666
write! (FD 3) "Lorem ipsum dolor sit amet, consectetur adipisicing elit, sed do eiusmod tempor inc" 83
close (FD 3)
mkdir nonempty_dir1/d2/d3 0o777
mkdir nonempty_dir2 0o777
open_close nonempty_dir2/f1.txt [O_WRONLY;O_CREAT] 0o666
open nonempty_dir2/f2.txt [O_WRONLY;O_CREAT] 0o666
write! (FD 3) "Lorem ipsum dolor sit amet, consectetur adipisicing elit, sed do eiusmod tempor incididunt ut labore et dolore magna aliqua. Ut enim ad minim veniam, quis nostrud exer" 167
close (FD 3)
mkdir nonempty_dir2/d2 0o777
mkdir nonempty_dir2/d2/d3 0o777
symlink f1.txt nonempty_dir1/sl_f1.txt
symlink ../f1.txt nonempty_dir1/d2/sl_dotdot_f1.txt
symlink no_such_target nonempty_dir1/d2/sl_no_such_target
symlink ../d2 nonempty_dir1/d2/sl_dotdot_d2
symlink ../../nonempty_dir1/d2/f3.txt nonempty_dir2/d2/sl_f3.txt
mkdir nonempty_dir2/ 0o777
dump /test_dir_0030


#####################################
# Test 31
#####################################
mkdir /test_dir_0031 0o777
chdir /test_dir_0031
mkdir empty_dir1 0o777
mkdir empty_dir2 0o777
mkdir nonempty_dir1 0o777
open_close nonempty_dir1/f1.txt [O_WRONLY;O_CREAT] 0o666
mkdir nonempty_dir1/d2 0o777
open nonempty_dir1/d2/f3.txt [O_WRONLY;O_CREAT] 0o666
write! (FD 3) "Lorem ipsum dolor sit amet, consectetur adipisicing elit, sed do eiusmod tempor inc" 83
close (FD 3)
mkdir nonempty_dir1/d2/d3 0o777
mkdir nonempty_dir2 0o777
open_close nonempty_dir2/f1.txt [O_WRONLY;O_CREAT] 0o666
open nonempty_dir2/f2.txt [O_WRONLY;O_CREAT] 0o666
write! (FD 3) "Lorem ipsum dolor sit amet, consectetur adipisicing elit, sed do eiusmod tempor incididunt ut labore et dolore magna aliqua. Ut enim ad minim veniam, quis nostrud exer" 167
close (FD 3)
mkdir nonempty_dir2/d2 0o777
mkdir nonempty_dir2/d2/d3 0o777
symlink f1.txt nonempty_dir1/sl_f1.txt
symlink ../f1.txt nonempty_dir1/d2/sl_dotdot_f1.txt
symlink no_such_target nonempty_dir1/d2/sl_no_such_target
symlink ../d2 nonempty_dir1/d2/sl_dotdot_d2
symlink ../../nonempty_dir1/d2/f3.txt nonempty_dir2/d2/sl_f3.txt
mkdir nonempty_dir2/d2 0o777
dump /test_dir_0031


#####################################
# Test 32
#####################################
mkdir /test_dir_0032 0o777
chdir /test_dir_0032
mkdir empty_dir1 0o777
mkdir empty_dir2 0o777
mkdir nonempty_dir1 0o777
open_close nonempty_dir1/f1.txt [O_WRONLY;O_CREAT] 0o666
mkdir nonempty_dir1/d2 0o777
open nonempty_dir1/d2/f3.txt [O_WRONLY;O_CREAT] 0o666
write! (FD 3) "Lorem ipsum dolor sit amet, consectetur adipisicing elit, sed do eiusmod tempor inc" 83
close (FD 3)
mkdir nonempty_dir1/d2/d3 0o777
mkdir nonempty_dir2 0o777
open_close nonempty_dir2/f1.txt [O_WRONLY;O_CREAT] 0o666
open nonempty_dir2/f2.txt [O_WRONLY;O_CREAT] 0o666
write! (FD 3) "Lorem ipsum dolor sit amet, consectetur adipisicing elit, sed do eiusmod tempor incididunt ut labore et dolore magna aliqua. Ut enim ad minim veniam, quis nostrud exer" 167
close (FD 3)
mkdir nonempty_dir2/d2 0o777
mkdir nonempty_dir2/d2/d3 0o777
symlink f1.txt nonempty_dir1/sl_f1.txt
symlink ../f1.txt nonempty_dir1/d2/sl_dotdot_f1.txt
symlink no_such_target nonempty_dir1/d2/sl_no_such_target
symlink ../d2 nonempty_dir1/d2/sl_dotdot_d2
symlink ../../nonempty_dir1/d2/f3.txt nonempty_dir2/d2/sl_f3.txt
mkdir nonempty_dir2/d2/ 0o777
dump /test_dir_0032


#####################################
# Test 33
#####################################
mkdir /test_dir_0033 0o777
chdir /test_dir_0033
mkdir empty_dir1 0o777
mkdir empty_dir2 0o777
mkdir nonempty_dir1 0o777
open_close nonempty_dir1/f1.txt [O_WRONLY;O_CREAT] 0o666
mkdir nonempty_dir1/d2 0o777
open nonempty_dir1/d2/f3.txt [O_WRONLY;O_CREAT] 0o666
write! (FD 3) "Lorem ipsum dolor sit amet, consectetur adipisicing elit, sed do eiusmod tempor inc" 83
close (FD 3)
mkdir nonempty_dir1/d2/d3 0o777
mkdir nonempty_dir2 0o777
open_close nonempty_dir2/f1.txt [O_WRONLY;O_CREAT] 0o666
open nonempty_dir2/f2.txt [O_WRONLY;O_CREAT] 0o666
write! (FD 3) "Lorem ipsum dolor sit amet, consectetur adipisicing elit, sed do eiusmod tempor incididunt ut labore et dolore magna aliqua. Ut enim ad minim veniam, quis nostrud exer" 167
close (FD 3)
mkdir nonempty_dir2/d2 0o777
mkdir nonempty_dir2/d2/d3 0o777
symlink f1.txt nonempty_dir1/sl_f1.txt
symlink ../f1.txt nonempty_dir1/d2/sl_dotdot_f1.txt
symlink no_such_target nonempty_dir1/d2/sl_no_such_target
symlink ../d2 nonempty_dir1/d2/sl_dotdot_d2
symlink ../../nonempty_dir1/d2/f3.txt nonempty_dir2/d2/sl_f3.txt
mkdir nonempty_dir2/d2/d3 0o777
dump /test_dir_0033


#####################################
# Test 34
#####################################
mkdir /test_dir_0034 0o777
chdir /test_dir_0034
mkdir empty_dir1 0o777
mkdir empty_dir2 0o777
mkdir nonempty_dir1 0o777
open_close nonempty_dir1/f1.txt [O_WRONLY;O_CREAT] 0o666
mkdir nonempty_dir1/d2 0o777
open nonempty_dir1/d2/f3.txt [O_WRONLY;O_CREAT] 0o666
write! (FD 3) "Lorem ipsum dolor sit amet, consectetur adipisicing elit, sed do eiusmod tempor inc" 83
close (FD 3)
mkdir nonempty_dir1/d2/d3 0o777
mkdir nonempty_dir2 0o777
open_close nonempty_dir2/f1.txt [O_WRONLY;O_CREAT] 0o666
open nonempty_dir2/f2.txt [O_WRONLY;O_CREAT] 0o666
write! (FD 3) "Lorem ipsum dolor sit amet, consectetur adipisicing elit, sed do eiusmod tempor incididunt ut labore et dolore magna aliqua. Ut enim ad minim veniam, quis nostrud exer" 167
close (FD 3)
mkdir nonempty_dir2/d2 0o777
mkdir nonempty_dir2/d2/d3 0o777
symlink f1.txt nonempty_dir1/sl_f1.txt
symlink ../f1.txt nonempty_dir1/d2/sl_dotdot_f1.txt
symlink no_such_target nonempty_dir1/d2/sl_no_such_target
symlink ../d2 nonempty_dir1/d2/sl_dotdot_d2
symlink ../../nonempty_dir1/d2/f3.txt nonempty_dir2/d2/sl_f3.txt
mkdir nonempty_dir2/d2/d3/ 0o777
dump /test_dir_0034


#####################################
# Test 35
#####################################
mkdir /test_dir_0035 0o777
chdir /test_dir_0035
mkdir empty_dir1 0o777
mkdir empty_dir2 0o777
mkdir nonempty_dir1 0o777
open_close nonempty_dir1/f1.txt [O_WRONLY;O_CREAT] 0o666
mkdir nonempty_dir1/d2 0o777
open nonempty_dir1/d2/f3.txt [O_WRONLY;O_CREAT] 0o666
write! (FD 3) "Lorem ipsum dolor sit amet, consectetur adipisicing elit, sed do eiusmod tempor inc" 83
close (FD 3)
mkdir nonempty_dir1/d2/d3 0o777
mkdir nonempty_dir2 0o777
open_close nonempty_dir2/f1.txt [O_WRONLY;O_CREAT] 0o666
open nonempty_dir2/f2.txt [O_WRONLY;O_CREAT] 0o666
write! (FD 3) "Lorem ipsum dolor sit amet, consectetur adipisicing elit, sed do eiusmod tempor incididunt ut labore et dolore magna aliqua. Ut enim ad minim veniam, quis nostrud exer" 167
close (FD 3)
mkdir nonempty_dir2/d2 0o777
mkdir nonempty_dir2/d2/d3 0o777
symlink f1.txt nonempty_dir1/sl_f1.txt
symlink ../f1.txt nonempty_dir1/d2/sl_dotdot_f1.txt
symlink no_such_target nonempty_dir1/d2/sl_no_such_target
symlink ../d2 nonempty_dir1/d2/sl_dotdot_d2
symlink ../../nonempty_dir1/d2/f3.txt nonempty_dir2/d2/sl_f3.txt
mkdir nonempty_dir2/d2/sl_f3.txt 0o777
dump /test_dir_0035


#####################################
# Test 36
#####################################
mkdir /test_dir_0036 0o777
chdir /test_dir_0036
mkdir empty_dir1 0o777
mkdir empty_dir2 0o777
mkdir nonempty_dir1 0o777
open_close nonempty_dir1/f1.txt [O_WRONLY;O_CREAT] 0o666
mkdir nonempty_dir1/d2 0o777
open nonempty_dir1/d2/f3.txt [O_WRONLY;O_CREAT] 0o666
write! (FD 3) "Lorem ipsum dolor sit amet, consectetur adipisicing elit, sed do eiusmod tempor inc" 83
close (FD 3)
mkdir nonempty_dir1/d2/d3 0o777
mkdir nonempty_dir2 0o777
open_close nonempty_dir2/f1.txt [O_WRONLY;O_CREAT] 0o666
open nonempty_dir2/f2.txt [O_WRONLY;O_CREAT] 0o666
write! (FD 3) "Lorem ipsum dolor sit amet, consectetur adipisicing elit, sed do eiusmod tempor incididunt ut labore et dolore magna aliqua. Ut enim ad minim veniam, quis nostrud exer" 167
close (FD 3)
mkdir nonempty_dir2/d2 0o777
mkdir nonempty_dir2/d2/d3 0o777
symlink f1.txt nonempty_dir1/sl_f1.txt
symlink ../f1.txt nonempty_dir1/d2/sl_dotdot_f1.txt
symlink no_such_target nonempty_dir1/d2/sl_no_such_target
symlink ../d2 nonempty_dir1/d2/sl_dotdot_d2
symlink ../../nonempty_dir1/d2/f3.txt nonempty_dir2/d2/sl_f3.txt
mkdir nonempty_dir2/d2/sl_f3.txt/ 0o777
dump /test_dir_0036


#####################################
# Test 37
#####################################
mkdir /test_dir_0037 0o777
chdir /test_dir_0037
mkdir empty_dir1 0o777
mkdir empty_dir2 0o777
mkdir nonempty_dir1 0o777
open_close nonempty_dir1/f1.txt [O_WRONLY;O_CREAT] 0o666
mkdir nonempty_dir1/d2 0o777
open nonempty_dir1/d2/f3.txt [O_WRONLY;O_CREAT] 0o666
write! (FD 3) "Lorem ipsum dolor sit amet, consectetur adipisicing elit, sed do eiusmod tempor inc" 83
close (FD 3)
mkdir nonempty_dir1/d2/d3 0o777
mkdir nonempty_dir2 0o777
open_close nonempty_dir2/f1.txt [O_WRONLY;O_CREAT] 0o666
open nonempty_dir2/f2.txt [O_WRONLY;O_CREAT] 0o666
write! (FD 3) "Lorem ipsum dolor sit amet, consectetur adipisicing elit, sed do eiusmod tempor incididunt ut labore et dolore magna aliqua. Ut enim ad minim veniam, quis nostrud exer" 167
close (FD 3)
mkdir nonempty_dir2/d2 0o777
mkdir nonempty_dir2/d2/d3 0o777
symlink f1.txt nonempty_dir1/sl_f1.txt
symlink ../f1.txt nonempty_dir1/d2/sl_dotdot_f1.txt
symlink no_such_target nonempty_dir1/d2/sl_no_such_target
symlink ../d2 nonempty_dir1/d2/sl_dotdot_d2
symlink ../../nonempty_dir1/d2/f3.txt nonempty_dir2/d2/sl_f3.txt
mkdir nonempty_dir2/f1.txt 0o777
dump /test_dir_0037


#####################################
# Test 38
#####################################
mkdir /test_dir_0038 0o777
chdir /test_dir_0038
mkdir empty_dir1 0o777
mkdir empty_dir2 0o777
mkdir nonempty_dir1 0o777
open_close nonempty_dir1/f1.txt [O_WRONLY;O_CREAT] 0o666
mkdir nonempty_dir1/d2 0o777
open nonempty_dir1/d2/f3.txt [O_WRONLY;O_CREAT] 0o666
write! (FD 3) "Lorem ipsum dolor sit amet, consectetur adipisicing elit, sed do eiusmod tempor inc" 83
close (FD 3)
mkdir nonempty_dir1/d2/d3 0o777
mkdir nonempty_dir2 0o777
open_close nonempty_dir2/f1.txt [O_WRONLY;O_CREAT] 0o666
open nonempty_dir2/f2.txt [O_WRONLY;O_CREAT] 0o666
write! (FD 3) "Lorem ipsum dolor sit amet, consectetur adipisicing elit, sed do eiusmod tempor incididunt ut labore et dolore magna aliqua. Ut enim ad minim veniam, quis nostrud exer" 167
close (FD 3)
mkdir nonempty_dir2/d2 0o777
mkdir nonempty_dir2/d2/d3 0o777
symlink f1.txt nonempty_dir1/sl_f1.txt
symlink ../f1.txt nonempty_dir1/d2/sl_dotdot_f1.txt
symlink no_such_target nonempty_dir1/d2/sl_no_such_target
symlink ../d2 nonempty_dir1/d2/sl_dotdot_d2
symlink ../../nonempty_dir1/d2/f3.txt nonempty_dir2/d2/sl_f3.txt
mkdir nonempty_dir2/f1.txt/ 0o777
dump /test_dir_0038


#####################################
# Test 39
#####################################
mkdir /test_dir_0039 0o777
chdir /test_dir_0039
mkdir empty_dir1 0o777
mkdir empty_dir2 0o777
mkdir nonempty_dir1 0o777
open_close nonempty_dir1/f1.txt [O_WRONLY;O_CREAT] 0o666
mkdir nonempty_dir1/d2 0o777
open nonempty_dir1/d2/f3.txt [O_WRONLY;O_CREAT] 0o666
write! (FD 3) "Lorem ipsum dolor sit amet, consectetur adipisicing elit, sed do eiusmod tempor inc" 83
close (FD 3)
mkdir nonempty_dir1/d2/d3 0o777
mkdir nonempty_dir2 0o777
open_close nonempty_dir2/f1.txt [O_WRONLY;O_CREAT] 0o666
open nonempty_dir2/f2.txt [O_WRONLY;O_CREAT] 0o666
write! (FD 3) "Lorem ipsum dolor sit amet, consectetur adipisicing elit, sed do eiusmod tempor incididunt ut labore et dolore magna aliqua. Ut enim ad minim veniam, quis nostrud exer" 167
close (FD 3)
mkdir nonempty_dir2/d2 0o777
mkdir nonempty_dir2/d2/d3 0o777
symlink f1.txt nonempty_dir1/sl_f1.txt
symlink ../f1.txt nonempty_dir1/d2/sl_dotdot_f1.txt
symlink no_such_target nonempty_dir1/d2/sl_no_such_target
symlink ../d2 nonempty_dir1/d2/sl_dotdot_d2
symlink ../../nonempty_dir1/d2/f3.txt nonempty_dir2/d2/sl_f3.txt
mkdir nonempty_dir2/f2.txt 0o777
dump /test_dir_0039


#####################################
# Test 40
#####################################
mkdir /test_dir_0040 0o777
chdir /test_dir_0040
mkdir empty_dir1 0o777
mkdir empty_dir2 0o777
mkdir nonempty_dir1 0o777
open_close nonempty_dir1/f1.txt [O_WRONLY;O_CREAT] 0o666
mkdir nonempty_dir1/d2 0o777
open nonempty_dir1/d2/f3.txt [O_WRONLY;O_CREAT] 0o666
write! (FD 3) "Lorem ipsum dolor sit amet, consectetur adipisicing elit, sed do eiusmod tempor inc" 83
close (FD 3)
mkdir nonempty_dir1/d2/d3 0o777
mkdir nonempty_dir2 0o777
open_close nonempty_dir2/f1.txt [O_WRONLY;O_CREAT] 0o666
open nonempty_dir2/f2.txt [O_WRONLY;O_CREAT] 0o666
write! (FD 3) "Lorem ipsum dolor sit amet, consectetur adipisicing elit, sed do eiusmod tempor incididunt ut labore et dolore magna aliqua. Ut enim ad minim veniam, quis nostrud exer" 167
close (FD 3)
mkdir nonempty_dir2/d2 0o777
mkdir nonempty_dir2/d2/d3 0o777
symlink f1.txt nonempty_dir1/sl_f1.txt
symlink ../f1.txt nonempty_dir1/d2/sl_dotdot_f1.txt
symlink no_such_target nonempty_dir1/d2/sl_no_such_target
symlink ../d2 nonempty_dir1/d2/sl_dotdot_d2
symlink ../../nonempty_dir1/d2/f3.txt nonempty_dir2/d2/sl_f3.txt
mkdir nonempty_dir2/f2.txt/ 0o777
dump /test_dir_0040


#####################################
# Test 41
#####################################
mkdir /test_dir_0041 0o777
chdir /test_dir_0041
mkdir empty_dir1 0o777
mkdir empty_dir2 0o777
mkdir nonempty_dir1 0o777
open_close nonempty_dir1/f1.txt [O_WRONLY;O_CREAT] 0o666
mkdir nonempty_dir1/d2 0o777
open nonempty_dir1/d2/f3.txt [O_WRONLY;O_CREAT] 0o666
write! (FD 3) "Lorem ipsum dolor sit amet, consectetur adipisicing elit, sed do eiusmod tempor inc" 83
close (FD 3)
mkdir nonempty_dir1/d2/d3 0o777
mkdir nonempty_dir2 0o777
open_close nonempty_dir2/f1.txt [O_WRONLY;O_CREAT] 0o666
open nonempty_dir2/f2.txt [O_WRONLY;O_CREAT] 0o666
write! (FD 3) "Lorem ipsum dolor sit amet, consectetur adipisicing elit, sed do eiusmod tempor incididunt ut labore et dolore magna aliqua. Ut enim ad minim veniam, quis nostrud exer" 167
close (FD 3)
mkdir nonempty_dir2/d2 0o777
mkdir nonempty_dir2/d2/d3 0o777
symlink f1.txt nonempty_dir1/sl_f1.txt
symlink ../f1.txt nonempty_dir1/d2/sl_dotdot_f1.txt
symlink no_such_target nonempty_dir1/d2/sl_no_such_target
symlink ../d2 nonempty_dir1/d2/sl_dotdot_d2
symlink ../../nonempty_dir1/d2/f3.txt nonempty_dir2/d2/sl_f3.txt
mkdir nonexist_1 0o777
dump /test_dir_0041


#####################################
# Test 42
#####################################
mkdir /test_dir_0042 0o777
chdir /test_dir_0042
mkdir empty_dir1 0o777
mkdir empty_dir2 0o777
mkdir nonempty_dir1 0o777
open_close nonempty_dir1/f1.txt [O_WRONLY;O_CREAT] 0o666
mkdir nonempty_dir1/d2 0o777
open nonempty_dir1/d2/f3.txt [O_WRONLY;O_CREAT] 0o666
write! (FD 3) "Lorem ipsum dolor sit amet, consectetur adipisicing elit, sed do eiusmod tempor inc" 83
close (FD 3)
mkdir nonempty_dir1/d2/d3 0o777
mkdir nonempty_dir2 0o777
open_close nonempty_dir2/f1.txt [O_WRONLY;O_CREAT] 0o666
open nonempty_dir2/f2.txt [O_WRONLY;O_CREAT] 0o666
write! (FD 3) "Lorem ipsum dolor sit amet, consectetur adipisicing elit, sed do eiusmod tempor incididunt ut labore et dolore magna aliqua. Ut enim ad minim veniam, quis nostrud exer" 167
close (FD 3)
mkdir nonempty_dir2/d2 0o777
mkdir nonempty_dir2/d2/d3 0o777
symlink f1.txt nonempty_dir1/sl_f1.txt
symlink ../f1.txt nonempty_dir1/d2/sl_dotdot_f1.txt
symlink no_such_target nonempty_dir1/d2/sl_no_such_target
symlink ../d2 nonempty_dir1/d2/sl_dotdot_d2
symlink ../../nonempty_dir1/d2/f3.txt nonempty_dir2/d2/sl_f3.txt
mkdir nonexist_1/ 0o777
dump /test_dir_0042


#####################################
# Test 43
#####################################
mkdir /test_dir_0043 0o777
chdir /test_dir_0043
mkdir empty_dir1 0o777
mkdir empty_dir2 0o777
mkdir nonempty_dir1 0o777
open_close nonempty_dir1/f1.txt [O_WRONLY;O_CREAT] 0o666
mkdir nonempty_dir1/d2 0o777
open nonempty_dir1/d2/f3.txt [O_WRONLY;O_CREAT] 0o666
write! (FD 3) "Lorem ipsum dolor sit amet, consectetur adipisicing elit, sed do eiusmod tempor inc" 83
close (FD 3)
mkdir nonempty_dir1/d2/d3 0o777
mkdir nonempty_dir2 0o777
open_close nonempty_dir2/f1.txt [O_WRONLY;O_CREAT] 0o666
open nonempty_dir2/f2.txt [O_WRONLY;O_CREAT] 0o666
write! (FD 3) "Lorem ipsum dolor sit amet, consectetur adipisicing elit, sed do eiusmod tempor incididunt ut labore et dolore magna aliqua. Ut enim ad minim veniam, quis nostrud exer" 167
close (FD 3)
mkdir nonempty_dir2/d2 0o777
mkdir nonempty_dir2/d2/d3 0o777
symlink f1.txt nonempty_dir1/sl_f1.txt
symlink ../f1.txt nonempty_dir1/d2/sl_dotdot_f1.txt
symlink no_such_target nonempty_dir1/d2/sl_no_such_target
symlink ../d2 nonempty_dir1/d2/sl_dotdot_d2
symlink ../../nonempty_dir1/d2/f3.txt nonempty_dir2/d2/sl_f3.txt
mkdir nonexist_2 0o777
dump /test_dir_0043


#####################################
# Test 44
#####################################
mkdir /test_dir_0044 0o777
chdir /test_dir_0044
mkdir empty_dir1 0o777
mkdir empty_dir2 0o777
mkdir nonempty_dir1 0o777
open_close nonempty_dir1/f1.txt [O_WRONLY;O_CREAT] 0o666
mkdir nonempty_dir1/d2 0o777
open nonempty_dir1/d2/f3.txt [O_WRONLY;O_CREAT] 0o666
write! (FD 3) "Lorem ipsum dolor sit amet, consectetur adipisicing elit, sed do eiusmod tempor inc" 83
close (FD 3)
mkdir nonempty_dir1/d2/d3 0o777
mkdir nonempty_dir2 0o777
open_close nonempty_dir2/f1.txt [O_WRONLY;O_CREAT] 0o666
open nonempty_dir2/f2.txt [O_WRONLY;O_CREAT] 0o666
write! (FD 3) "Lorem ipsum dolor sit amet, consectetur adipisicing elit, sed do eiusmod tempor incididunt ut labore et dolore magna aliqua. Ut enim ad minim veniam, quis nostrud exer" 167
close (FD 3)
mkdir nonempty_dir2/d2 0o777
mkdir nonempty_dir2/d2/d3 0o777
symlink f1.txt nonempty_dir1/sl_f1.txt
symlink ../f1.txt nonempty_dir1/d2/sl_dotdot_f1.txt
symlink no_such_target nonempty_dir1/d2/sl_no_such_target
symlink ../d2 nonempty_dir1/d2/sl_dotdot_d2
symlink ../../nonempty_dir1/d2/f3.txt nonempty_dir2/d2/sl_f3.txt
mkdir nonexist_2/ 0o777
dump /test_dir_0044


#####################################
# Test 45
#####################################
mkdir /test_dir_0045 0o777
chdir /test_dir_0045
mkdir empty_dir1 0o777
mkdir empty_dir2 0o777
mkdir nonempty_dir1 0o777
open_close nonempty_dir1/f1.txt [O_WRONLY;O_CREAT] 0o666
mkdir nonempty_dir1/d2 0o777
open nonempty_dir1/d2/f3.txt [O_WRONLY;O_CREAT] 0o666
write! (FD 3) "Lorem ipsum dolor sit amet, consectetur adipisicing elit, sed do eiusmod tempor inc" 83
close (FD 3)
mkdir nonempty_dir1/d2/d3 0o777
mkdir nonempty_dir2 0o777
open_close nonempty_dir2/f1.txt [O_WRONLY;O_CREAT] 0o666
open nonempty_dir2/f2.txt [O_WRONLY;O_CREAT] 0o666
write! (FD 3) "Lorem ipsum dolor sit amet, consectetur adipisicing elit, sed do eiusmod tempor incididunt ut labore et dolore magna aliqua. Ut enim ad minim veniam, quis nostrud exer" 167
close (FD 3)
mkdir nonempty_dir2/d2 0o777
mkdir nonempty_dir2/d2/d3 0o777
symlink f1.txt nonempty_dir1/sl_f1.txt
symlink ../f1.txt nonempty_dir1/d2/sl_dotdot_f1.txt
symlink no_such_target nonempty_dir1/d2/sl_no_such_target
symlink ../d2 nonempty_dir1/d2/sl_dotdot_d2
symlink ../../nonempty_dir1/d2/f3.txt nonempty_dir2/d2/sl_f3.txt
mkdir nonexist_dir/nonexist_3 0o777
dump /test_dir_0045


#####################################
# Test 46
#####################################
mkdir /test_dir_0046 0o777
chdir /test_dir_0046
mkdir empty_dir1 0o777
mkdir empty_dir2 0o777
mkdir nonempty_dir1 0o777
open_close nonempty_dir1/f1.txt [O_WRONLY;O_CREAT] 0o666
mkdir nonempty_dir1/d2 0o777
open nonempty_dir1/d2/f3.txt [O_WRONLY;O_CREAT] 0o666
write! (FD 3) "Lorem ipsum dolor sit amet, consectetur adipisicing elit, sed do eiusmod tempor inc" 83
close (FD 3)
mkdir nonempty_dir1/d2/d3 0o777
mkdir nonempty_dir2 0o777
open_close nonempty_dir2/f1.txt [O_WRONLY;O_CREAT] 0o666
open nonempty_dir2/f2.txt [O_WRONLY;O_CREAT] 0o666
write! (FD 3) "Lorem ipsum dolor sit amet, consectetur adipisicing elit, sed do eiusmod tempor incididunt ut labore et dolore magna aliqua. Ut enim ad minim veniam, quis nostrud exer" 167
close (FD 3)
mkdir nonempty_dir2/d2 0o777
mkdir nonempty_dir2/d2/d3 0o777
symlink f1.txt nonempty_dir1/sl_f1.txt
symlink ../f1.txt nonempty_dir1/d2/sl_dotdot_f1.txt
symlink no_such_target nonempty_dir1/d2/sl_no_such_target
symlink ../d2 nonempty_dir1/d2/sl_dotdot_d2
symlink ../../nonempty_dir1/d2/f3.txt nonempty_dir2/d2/sl_f3.txt
mkdir nonexist_dir/nonexist_3/ 0o777
dump /test_dir_0046


