
Error:     22: stat empty_dir1
               Tau
               { st_dev=23; st_ino=2314; st_kind=S_IFDIR; st_perm=0o755; st_nlink=1; st_uid=0; st_gid=0; st_rdev=0; st_size=0; }
   unexpected results: { st_dev=23; st_ino=2314; st_kind=S_IFDIR; st_perm=0o755; st_nlink=1; st_uid=0; st_gid=0; st_rdev=0; st_size=0; }
   allowed are only: { st_dev=2049; st_ino=2; st_kind=S_IFDIR; st_perm=0o755; st_nlink=2; st_uid=0; st_gid=0; st_rdev=0; st_size=4096; }
   continuing execution with { st_dev=2049; st_ino=2; st_kind=S_IFDIR; st_perm=0o755; st_nlink=2; st_uid=0; st_gid=0; st_rdev=0; st_size=4096; }

Error:     47: stat empty_dir1/
               Tau
               { st_dev=23; st_ino=2353; st_kind=S_IFDIR; st_perm=0o755; st_nlink=1; st_uid=0; st_gid=0; st_rdev=0; st_size=0; }
   unexpected results: { st_dev=23; st_ino=2353; st_kind=S_IFDIR; st_perm=0o755; st_nlink=1; st_uid=0; st_gid=0; st_rdev=0; st_size=0; }
   allowed are only: { st_dev=2049; st_ino=15; st_kind=S_IFDIR; st_perm=0o755; st_nlink=2; st_uid=0; st_gid=0; st_rdev=0; st_size=4096; }
   continuing execution with { st_dev=2049; st_ino=15; st_kind=S_IFDIR; st_perm=0o755; st_nlink=2; st_uid=0; st_gid=0; st_rdev=0; st_size=4096; }

Error:     72: stat empty_dir2
               Tau
               { st_dev=23; st_ino=2380; st_kind=S_IFDIR; st_perm=0o755; st_nlink=1; st_uid=0; st_gid=0; st_rdev=0; st_size=0; }
   unexpected results: { st_dev=23; st_ino=2380; st_kind=S_IFDIR; st_perm=0o755; st_nlink=1; st_uid=0; st_gid=0; st_rdev=0; st_size=0; }
   allowed are only: { st_dev=2049; st_ino=29; st_kind=S_IFDIR; st_perm=0o755; st_nlink=2; st_uid=0; st_gid=0; st_rdev=0; st_size=4096; }
   continuing execution with { st_dev=2049; st_ino=29; st_kind=S_IFDIR; st_perm=0o755; st_nlink=2; st_uid=0; st_gid=0; st_rdev=0; st_size=4096; }

Error:     97: stat empty_dir2/
               Tau
               { st_dev=23; st_ino=2408; st_kind=S_IFDIR; st_perm=0o755; st_nlink=1; st_uid=0; st_gid=0; st_rdev=0; st_size=0; }
   unexpected results: { st_dev=23; st_ino=2408; st_kind=S_IFDIR; st_perm=0o755; st_nlink=1; st_uid=0; st_gid=0; st_rdev=0; st_size=0; }
   allowed are only: { st_dev=2049; st_ino=42; st_kind=S_IFDIR; st_perm=0o755; st_nlink=2; st_uid=0; st_gid=0; st_rdev=0; st_size=4096; }
   continuing execution with { st_dev=2049; st_ino=42; st_kind=S_IFDIR; st_perm=0o755; st_nlink=2; st_uid=0; st_gid=0; st_rdev=0; st_size=4096; }

Error:    122: stat nonempty_dir1
               Tau
               { st_dev=23; st_ino=2422; st_kind=S_IFDIR; st_perm=0o755; st_nlink=1; st_uid=0; st_gid=0; st_rdev=0; st_size=16; }
   unexpected results: { st_dev=23; st_ino=2422; st_kind=S_IFDIR; st_perm=0o755; st_nlink=1; st_uid=0; st_gid=0; st_rdev=0; st_size=16; }
   allowed are only: { st_dev=2049; st_ino=56; st_kind=S_IFDIR; st_perm=0o755; st_nlink=2; st_uid=0; st_gid=0; st_rdev=0; st_size=4096; }
   continuing execution with { st_dev=2049; st_ino=56; st_kind=S_IFDIR; st_perm=0o755; st_nlink=2; st_uid=0; st_gid=0; st_rdev=0; st_size=4096; }

Error:    147: stat nonempty_dir1/
               Tau
               { st_dev=23; st_ino=2435; st_kind=S_IFDIR; st_perm=0o755; st_nlink=1; st_uid=0; st_gid=0; st_rdev=0; st_size=16; }
   unexpected results: { st_dev=23; st_ino=2435; st_kind=S_IFDIR; st_perm=0o755; st_nlink=1; st_uid=0; st_gid=0; st_rdev=0; st_size=16; }
   allowed are only: { st_dev=2049; st_ino=69; st_kind=S_IFDIR; st_perm=0o755; st_nlink=2; st_uid=0; st_gid=0; st_rdev=0; st_size=4096; }
   continuing execution with { st_dev=2049; st_ino=69; st_kind=S_IFDIR; st_perm=0o755; st_nlink=2; st_uid=0; st_gid=0; st_rdev=0; st_size=4096; }

Error:    172: stat nonempty_dir1/d2
               Tau
               { st_dev=23; st_ino=2450; st_kind=S_IFDIR; st_perm=0o755; st_nlink=1; st_uid=0; st_gid=0; st_rdev=0; st_size=16; }
   unexpected results: { st_dev=23; st_ino=2450; st_kind=S_IFDIR; st_perm=0o755; st_nlink=1; st_uid=0; st_gid=0; st_rdev=0; st_size=16; }
   allowed are only: { st_dev=2049; st_ino=84; st_kind=S_IFDIR; st_perm=0o755; st_nlink=2; st_uid=0; st_gid=0; st_rdev=0; st_size=4096; }
   continuing execution with { st_dev=2049; st_ino=84; st_kind=S_IFDIR; st_perm=0o755; st_nlink=2; st_uid=0; st_gid=0; st_rdev=0; st_size=4096; }

Error:    197: stat nonempty_dir1/d2/
               Tau
               { st_dev=23; st_ino=2463; st_kind=S_IFDIR; st_perm=0o755; st_nlink=1; st_uid=0; st_gid=0; st_rdev=0; st_size=16; }
   unexpected results: { st_dev=23; st_ino=2463; st_kind=S_IFDIR; st_perm=0o755; st_nlink=1; st_uid=0; st_gid=0; st_rdev=0; st_size=16; }
   allowed are only: { st_dev=2049; st_ino=97; st_kind=S_IFDIR; st_perm=0o755; st_nlink=2; st_uid=0; st_gid=0; st_rdev=0; st_size=4096; }
   continuing execution with { st_dev=2049; st_ino=97; st_kind=S_IFDIR; st_perm=0o755; st_nlink=2; st_uid=0; st_gid=0; st_rdev=0; st_size=4096; }

Error:    272: stat nonempty_dir1/d2/d3
               Tau
               { st_dev=23; st_ino=2504; st_kind=S_IFDIR; st_perm=0o755; st_nlink=1; st_uid=0; st_gid=0; st_rdev=0; st_size=0; }
   unexpected results: { st_dev=23; st_ino=2504; st_kind=S_IFDIR; st_perm=0o755; st_nlink=1; st_uid=0; st_gid=0; st_rdev=0; st_size=0; }
   allowed are only: { st_dev=2049; st_ino=138; st_kind=S_IFDIR; st_perm=0o755; st_nlink=2; st_uid=0; st_gid=0; st_rdev=0; st_size=4096; }
   continuing execution with { st_dev=2049; st_ino=138; st_kind=S_IFDIR; st_perm=0o755; st_nlink=2; st_uid=0; st_gid=0; st_rdev=0; st_size=4096; }

Error:    297: stat nonempty_dir1/d2/d3/
               Tau
               { st_dev=23; st_ino=2517; st_kind=S_IFDIR; st_perm=0o755; st_nlink=1; st_uid=0; st_gid=0; st_rdev=0; st_size=0; }
   unexpected results: { st_dev=23; st_ino=2517; st_kind=S_IFDIR; st_perm=0o755; st_nlink=1; st_uid=0; st_gid=0; st_rdev=0; st_size=0; }
   allowed are only: { st_dev=2049; st_ino=151; st_kind=S_IFDIR; st_perm=0o755; st_nlink=2; st_uid=0; st_gid=0; st_rdev=0; st_size=4096; }
   continuing execution with { st_dev=2049; st_ino=151; st_kind=S_IFDIR; st_perm=0o755; st_nlink=2; st_uid=0; st_gid=0; st_rdev=0; st_size=4096; }

Error:    522: stat nonempty_dir2
               Tau
               { st_dev=23; st_ino=3071; st_kind=S_IFDIR; st_perm=0o755; st_nlink=1; st_uid=0; st_gid=0; st_rdev=0; st_size=28; }
   unexpected results: { st_dev=23; st_ino=3071; st_kind=S_IFDIR; st_perm=0o755; st_nlink=1; st_uid=0; st_gid=0; st_rdev=0; st_size=28; }
   allowed are only: { st_dev=2049; st_ino=269; st_kind=S_IFDIR; st_perm=0o755; st_nlink=2; st_uid=0; st_gid=0; st_rdev=0; st_size=4096; }
   continuing execution with { st_dev=2049; st_ino=269; st_kind=S_IFDIR; st_perm=0o755; st_nlink=2; st_uid=0; st_gid=0; st_rdev=0; st_size=4096; }

Error:    547: stat nonempty_dir2/
               Tau
               { st_dev=23; st_ino=3084; st_kind=S_IFDIR; st_perm=0o755; st_nlink=1; st_uid=0; st_gid=0; st_rdev=0; st_size=28; }
   unexpected results: { st_dev=23; st_ino=3084; st_kind=S_IFDIR; st_perm=0o755; st_nlink=1; st_uid=0; st_gid=0; st_rdev=0; st_size=28; }
   allowed are only: { st_dev=2049; st_ino=282; st_kind=S_IFDIR; st_perm=0o755; st_nlink=2; st_uid=0; st_gid=0; st_rdev=0; st_size=4096; }
   continuing execution with { st_dev=2049; st_ino=282; st_kind=S_IFDIR; st_perm=0o755; st_nlink=2; st_uid=0; st_gid=0; st_rdev=0; st_size=4096; }

Error:    572: stat nonempty_dir2/d2
               Tau
               { st_dev=23; st_ino=3100; st_kind=S_IFDIR; st_perm=0o755; st_nlink=1; st_uid=0; st_gid=0; st_rdev=0; st_size=4; }
   unexpected results: { st_dev=23; st_ino=3100; st_kind=S_IFDIR; st_perm=0o755; st_nlink=1; st_uid=0; st_gid=0; st_rdev=0; st_size=4; }
   allowed are only: { st_dev=2049; st_ino=298; st_kind=S_IFDIR; st_perm=0o755; st_nlink=2; st_uid=0; st_gid=0; st_rdev=0; st_size=4096; }
   continuing execution with { st_dev=2049; st_ino=298; st_kind=S_IFDIR; st_perm=0o755; st_nlink=2; st_uid=0; st_gid=0; st_rdev=0; st_size=4096; }

Error:    597: stat nonempty_dir2/d2/
               Tau
               { st_dev=23; st_ino=3113; st_kind=S_IFDIR; st_perm=0o755; st_nlink=1; st_uid=0; st_gid=0; st_rdev=0; st_size=4; }
   unexpected results: { st_dev=23; st_ino=3113; st_kind=S_IFDIR; st_perm=0o755; st_nlink=1; st_uid=0; st_gid=0; st_rdev=0; st_size=4; }
   allowed are only: { st_dev=2049; st_ino=311; st_kind=S_IFDIR; st_perm=0o755; st_nlink=2; st_uid=0; st_gid=0; st_rdev=0; st_size=4096; }
   continuing execution with { st_dev=2049; st_ino=311; st_kind=S_IFDIR; st_perm=0o755; st_nlink=2; st_uid=0; st_gid=0; st_rdev=0; st_size=4096; }

Error:    622: stat nonempty_dir2/d2/d3
               Tau
               { st_dev=23; st_ino=3127; st_kind=S_IFDIR; st_perm=0o755; st_nlink=1; st_uid=0; st_gid=0; st_rdev=0; st_size=0; }
   unexpected results: { st_dev=23; st_ino=3127; st_kind=S_IFDIR; st_perm=0o755; st_nlink=1; st_uid=0; st_gid=0; st_rdev=0; st_size=0; }
   allowed are only: { st_dev=2049; st_ino=325; st_kind=S_IFDIR; st_perm=0o755; st_nlink=2; st_uid=0; st_gid=0; st_rdev=0; st_size=4096; }
   continuing execution with { st_dev=2049; st_ino=325; st_kind=S_IFDIR; st_perm=0o755; st_nlink=2; st_uid=0; st_gid=0; st_rdev=0; st_size=4096; }

Error:    647: stat nonempty_dir2/d2/d3/
               Tau
               { st_dev=23; st_ino=3571; st_kind=S_IFDIR; st_perm=0o755; st_nlink=1; st_uid=0; st_gid=0; st_rdev=0; st_size=0; }
   unexpected results: { st_dev=23; st_ino=3571; st_kind=S_IFDIR; st_perm=0o755; st_nlink=1; st_uid=0; st_gid=0; st_rdev=0; st_size=0; }
   allowed are only: { st_dev=2049; st_ino=338; st_kind=S_IFDIR; st_perm=0o755; st_nlink=2; st_uid=0; st_gid=0; st_rdev=0; st_size=4096; }
   continuing execution with { st_dev=2049; st_ino=338; st_kind=S_IFDIR; st_perm=0o755; st_nlink=2; st_uid=0; st_gid=0; st_rdev=0; st_size=4096; }
