< uname -s
@ /root/fs/fs_test/./posix.native "-c" "adhoc_umask-int.trace" "-cpo" "results/posix_results-adhoc_umask-check.trace" "-cpl" "results/posix_results-adhoc_umask" "-cl" "results/diff_results-adhoc_umask" "-tmp" "/root/fs/fs_test/mnt/ext2_loop" "-arch" "linux"
< id -u -n
< id -g -n

Error:     68: stat f_777.txt
               Tau
               { st_dev=1792; st_ino=65864; st_kind=S_IFREG; st_perm=0o777; st_nlink=1; st_uid=0; st_gid=0; st_rdev=0; st_size=0; }
   unexpected results: { st_dev=1792; st_ino=65864; st_kind=S_IFREG; st_perm=0o777; st_nlink=1; st_uid=0; st_gid=0; st_rdev=0; st_size=0; }
   allowed are only: { st_dev=2049; st_ino=10; st_kind=S_IFREG; st_perm=0o755; st_nlink=2; st_uid=0; st_gid=0; st_rdev=0; st_size=0; }
   continuing execution with { st_dev=2049; st_ino=10; st_kind=S_IFREG; st_perm=0o755; st_nlink=2; st_uid=0; st_gid=0; st_rdev=0; st_size=0; }

Error:     76: stat f_322.txt
               Tau
               { st_dev=1792; st_ino=65866; st_kind=S_IFREG; st_perm=0o322; st_nlink=1; st_uid=0; st_gid=0; st_rdev=0; st_size=0; }
   unexpected results: { st_dev=1792; st_ino=65866; st_kind=S_IFREG; st_perm=0o322; st_nlink=1; st_uid=0; st_gid=0; st_rdev=0; st_size=0; }
   allowed are only: { st_dev=2049; st_ino=12; st_kind=S_IFREG; st_perm=0o300; st_nlink=2; st_uid=0; st_gid=0; st_rdev=0; st_size=0; }
   continuing execution with { st_dev=2049; st_ino=12; st_kind=S_IFREG; st_perm=0o300; st_nlink=2; st_uid=0; st_gid=0; st_rdev=0; st_size=0; }

Error:     79: stat dir_777
               Tau
               { st_dev=1792; st_ino=65867; st_kind=S_IFDIR; st_perm=0o777; st_nlink=2; st_uid=0; st_gid=0; st_rdev=0; st_size=4096; }
   unexpected results: { st_dev=1792; st_ino=65867; st_kind=S_IFDIR; st_perm=0o777; st_nlink=2; st_uid=0; st_gid=0; st_rdev=0; st_size=4096; }
   allowed are only: { st_dev=2049; st_ino=13; st_kind=S_IFDIR; st_perm=0o755; st_nlink=2; st_uid=0; st_gid=0; st_rdev=0; st_size=4096; }
   continuing execution with { st_dev=2049; st_ino=13; st_kind=S_IFDIR; st_perm=0o755; st_nlink=2; st_uid=0; st_gid=0; st_rdev=0; st_size=4096; }

Error:     85: stat dir_322
               Tau
               { st_dev=1792; st_ino=65869; st_kind=S_IFDIR; st_perm=0o322; st_nlink=2; st_uid=0; st_gid=0; st_rdev=0; st_size=4096; }
   unexpected results: { st_dev=1792; st_ino=65869; st_kind=S_IFDIR; st_perm=0o322; st_nlink=2; st_uid=0; st_gid=0; st_rdev=0; st_size=4096; }
   allowed are only: { st_dev=2049; st_ino=15; st_kind=S_IFDIR; st_perm=0o300; st_nlink=2; st_uid=0; st_gid=0; st_rdev=0; st_size=4096; }
   continuing execution with { st_dev=2049; st_ino=15; st_kind=S_IFDIR; st_perm=0o300; st_nlink=2; st_uid=0; st_gid=0; st_rdev=0; st_size=4096; }

Error:     99: stat f_777.txt
               Tau
               { st_dev=1792; st_ino=65870; st_kind=S_IFREG; st_perm=0o333; st_nlink=1; st_uid=0; st_gid=0; st_rdev=0; st_size=0; }
   unexpected results: { st_dev=1792; st_ino=65870; st_kind=S_IFREG; st_perm=0o333; st_nlink=1; st_uid=0; st_gid=0; st_rdev=0; st_size=0; }
   allowed are only: { st_dev=2049; st_ino=16; st_kind=S_IFREG; st_perm=0o755; st_nlink=2; st_uid=0; st_gid=0; st_rdev=0; st_size=0; }
   continuing execution with { st_dev=2049; st_ino=16; st_kind=S_IFREG; st_perm=0o755; st_nlink=2; st_uid=0; st_gid=0; st_rdev=0; st_size=0; }

Error:    103: stat f_444.txt
               Tau
               { st_dev=1792; st_ino=65871; st_kind=S_IFREG; st_perm=0o000; st_nlink=1; st_uid=0; st_gid=0; st_rdev=0; st_size=0; }
   unexpected results: { st_dev=1792; st_ino=65871; st_kind=S_IFREG; st_perm=0o000; st_nlink=1; st_uid=0; st_gid=0; st_rdev=0; st_size=0; }
   allowed are only: { st_dev=2049; st_ino=17; st_kind=S_IFREG; st_perm=0o444; st_nlink=2; st_uid=0; st_gid=0; st_rdev=0; st_size=0; }
   continuing execution with { st_dev=2049; st_ino=17; st_kind=S_IFREG; st_perm=0o444; st_nlink=2; st_uid=0; st_gid=0; st_rdev=0; st_size=0; }

Error:    107: stat f_322.txt
               Tau
               { st_dev=1792; st_ino=65872; st_kind=S_IFREG; st_perm=0o322; st_nlink=1; st_uid=0; st_gid=0; st_rdev=0; st_size=0; }
   unexpected results: { st_dev=1792; st_ino=65872; st_kind=S_IFREG; st_perm=0o322; st_nlink=1; st_uid=0; st_gid=0; st_rdev=0; st_size=0; }
   allowed are only: { st_dev=2049; st_ino=18; st_kind=S_IFREG; st_perm=0o300; st_nlink=2; st_uid=0; st_gid=0; st_rdev=0; st_size=0; }
   continuing execution with { st_dev=2049; st_ino=18; st_kind=S_IFREG; st_perm=0o300; st_nlink=2; st_uid=0; st_gid=0; st_rdev=0; st_size=0; }

Error:    110: stat dir_777
               Tau
               { st_dev=1792; st_ino=65873; st_kind=S_IFDIR; st_perm=0o333; st_nlink=2; st_uid=0; st_gid=0; st_rdev=0; st_size=4096; }
   unexpected results: { st_dev=1792; st_ino=65873; st_kind=S_IFDIR; st_perm=0o333; st_nlink=2; st_uid=0; st_gid=0; st_rdev=0; st_size=4096; }
   allowed are only: { st_dev=2049; st_ino=19; st_kind=S_IFDIR; st_perm=0o755; st_nlink=2; st_uid=0; st_gid=0; st_rdev=0; st_size=4096; }
   continuing execution with { st_dev=2049; st_ino=19; st_kind=S_IFDIR; st_perm=0o755; st_nlink=2; st_uid=0; st_gid=0; st_rdev=0; st_size=4096; }

Error:    113: stat dir_444
               Tau
               { st_dev=1792; st_ino=65874; st_kind=S_IFDIR; st_perm=0o000; st_nlink=2; st_uid=0; st_gid=0; st_rdev=0; st_size=4096; }
   unexpected results: { st_dev=1792; st_ino=65874; st_kind=S_IFDIR; st_perm=0o000; st_nlink=2; st_uid=0; st_gid=0; st_rdev=0; st_size=4096; }
   allowed are only: { st_dev=2049; st_ino=20; st_kind=S_IFDIR; st_perm=0o444; st_nlink=2; st_uid=0; st_gid=0; st_rdev=0; st_size=4096; }
   continuing execution with { st_dev=2049; st_ino=20; st_kind=S_IFDIR; st_perm=0o444; st_nlink=2; st_uid=0; st_gid=0; st_rdev=0; st_size=4096; }

Error:    116: stat dir_322
               Tau
               { st_dev=1792; st_ino=65875; st_kind=S_IFDIR; st_perm=0o322; st_nlink=2; st_uid=0; st_gid=0; st_rdev=0; st_size=4096; }
   unexpected results: { st_dev=1792; st_ino=65875; st_kind=S_IFDIR; st_perm=0o322; st_nlink=2; st_uid=0; st_gid=0; st_rdev=0; st_size=4096; }
   allowed are only: { st_dev=2049; st_ino=21; st_kind=S_IFDIR; st_perm=0o300; st_nlink=2; st_uid=0; st_gid=0; st_rdev=0; st_size=4096; }
   continuing execution with { st_dev=2049; st_ino=21; st_kind=S_IFDIR; st_perm=0o300; st_nlink=2; st_uid=0; st_gid=0; st_rdev=0; st_size=4096; }
