
Error:     27: stat empty_dir1
               Tau
               { st_dev=771751956; st_ino=932; st_kind=S_IFDIR; st_perm=0o777; st_nlink=1; st_uid=0; st_gid=0; st_rdev=0; st_size=0; }
   unexpected results: { st_dev=771751956; st_ino=932; st_kind=S_IFDIR; st_perm=0o777; st_nlink=1; st_uid=0; st_gid=0; st_rdev=0; st_size=0; }
   allowed are only: { st_dev=2049; st_ino=2; st_kind=S_IFDIR; st_perm=0o755; st_nlink=2; st_uid=0; st_gid=0; st_rdev=0; st_size=4096; }
   continuing execution with { st_dev=2049; st_ino=2; st_kind=S_IFDIR; st_perm=0o755; st_nlink=2; st_uid=0; st_gid=0; st_rdev=0; st_size=4096; }

Error:     57: stat empty_dir1/
               Tau
               { st_dev=771751956; st_ino=1014; st_kind=S_IFDIR; st_perm=0o777; st_nlink=1; st_uid=0; st_gid=0; st_rdev=0; st_size=0; }
   unexpected results: { st_dev=771751956; st_ino=1014; st_kind=S_IFDIR; st_perm=0o777; st_nlink=1; st_uid=0; st_gid=0; st_rdev=0; st_size=0; }
   allowed are only: { st_dev=2049; st_ino=20; st_kind=S_IFDIR; st_perm=0o755; st_nlink=2; st_uid=0; st_gid=0; st_rdev=0; st_size=4096; }
   continuing execution with { st_dev=2049; st_ino=20; st_kind=S_IFDIR; st_perm=0o755; st_nlink=2; st_uid=0; st_gid=0; st_rdev=0; st_size=4096; }

Error:     87: stat empty_dir2
               Tau
               { st_dev=771751956; st_ino=1097; st_kind=S_IFDIR; st_perm=0o777; st_nlink=1; st_uid=0; st_gid=0; st_rdev=0; st_size=0; }
   unexpected results: { st_dev=771751956; st_ino=1097; st_kind=S_IFDIR; st_perm=0o777; st_nlink=1; st_uid=0; st_gid=0; st_rdev=0; st_size=0; }
   allowed are only: { st_dev=2049; st_ino=39; st_kind=S_IFDIR; st_perm=0o755; st_nlink=2; st_uid=0; st_gid=0; st_rdev=0; st_size=4096; }
   continuing execution with { st_dev=2049; st_ino=39; st_kind=S_IFDIR; st_perm=0o755; st_nlink=2; st_uid=0; st_gid=0; st_rdev=0; st_size=4096; }

Error:    117: stat empty_dir2/
               Tau
               { st_dev=771751956; st_ino=1173; st_kind=S_IFDIR; st_perm=0o777; st_nlink=1; st_uid=0; st_gid=0; st_rdev=0; st_size=0; }
   unexpected results: { st_dev=771751956; st_ino=1173; st_kind=S_IFDIR; st_perm=0o777; st_nlink=1; st_uid=0; st_gid=0; st_rdev=0; st_size=0; }
   allowed are only: { st_dev=2049; st_ino=57; st_kind=S_IFDIR; st_perm=0o755; st_nlink=2; st_uid=0; st_gid=0; st_rdev=0; st_size=4096; }
   continuing execution with { st_dev=2049; st_ino=57; st_kind=S_IFDIR; st_perm=0o755; st_nlink=2; st_uid=0; st_gid=0; st_rdev=0; st_size=4096; }

Error:    147: stat nonempty_dir1
               Tau
               { st_dev=771751956; st_ino=1263; st_kind=S_IFDIR; st_perm=0o777; st_nlink=1; st_uid=0; st_gid=0; st_rdev=0; st_size=336; }
   unexpected results: { st_dev=771751956; st_ino=1263; st_kind=S_IFDIR; st_perm=0o777; st_nlink=1; st_uid=0; st_gid=0; st_rdev=0; st_size=336; }
   allowed are only: { st_dev=2049; st_ino=76; st_kind=S_IFDIR; st_perm=0o755; st_nlink=2; st_uid=0; st_gid=0; st_rdev=0; st_size=4096; }
   continuing execution with { st_dev=2049; st_ino=76; st_kind=S_IFDIR; st_perm=0o755; st_nlink=2; st_uid=0; st_gid=0; st_rdev=0; st_size=4096; }

Error:    177: stat nonempty_dir1/
               Tau
               { st_dev=771751956; st_ino=1365; st_kind=S_IFDIR; st_perm=0o777; st_nlink=1; st_uid=0; st_gid=0; st_rdev=0; st_size=336; }
   unexpected results: { st_dev=771751956; st_ino=1365; st_kind=S_IFDIR; st_perm=0o777; st_nlink=1; st_uid=0; st_gid=0; st_rdev=0; st_size=336; }
   allowed are only: { st_dev=2049; st_ino=94; st_kind=S_IFDIR; st_perm=0o755; st_nlink=2; st_uid=0; st_gid=0; st_rdev=0; st_size=4096; }
   continuing execution with { st_dev=2049; st_ino=94; st_kind=S_IFDIR; st_perm=0o755; st_nlink=2; st_uid=0; st_gid=0; st_rdev=0; st_size=4096; }

Error:    207: stat nonempty_dir1/d2
               Tau
               { st_dev=771751956; st_ino=1498; st_kind=S_IFDIR; st_perm=0o777; st_nlink=1; st_uid=0; st_gid=0; st_rdev=0; st_size=472; }
   unexpected results: { st_dev=771751956; st_ino=1498; st_kind=S_IFDIR; st_perm=0o777; st_nlink=1; st_uid=0; st_gid=0; st_rdev=0; st_size=472; }
   allowed are only: { st_dev=2049; st_ino=114; st_kind=S_IFDIR; st_perm=0o755; st_nlink=2; st_uid=0; st_gid=0; st_rdev=0; st_size=4096; }
   continuing execution with { st_dev=2049; st_ino=114; st_kind=S_IFDIR; st_perm=0o755; st_nlink=2; st_uid=0; st_gid=0; st_rdev=0; st_size=4096; }

Error:    237: stat nonempty_dir1/d2/
               Tau
               { st_dev=771751956; st_ino=1623; st_kind=S_IFDIR; st_perm=0o777; st_nlink=1; st_uid=0; st_gid=0; st_rdev=0; st_size=472; }
   unexpected results: { st_dev=771751956; st_ino=1623; st_kind=S_IFDIR; st_perm=0o777; st_nlink=1; st_uid=0; st_gid=0; st_rdev=0; st_size=472; }
   allowed are only: { st_dev=2049; st_ino=132; st_kind=S_IFDIR; st_perm=0o755; st_nlink=2; st_uid=0; st_gid=0; st_rdev=0; st_size=4096; }
   continuing execution with { st_dev=2049; st_ino=132; st_kind=S_IFDIR; st_perm=0o755; st_nlink=2; st_uid=0; st_gid=0; st_rdev=0; st_size=4096; }

Error:    327: stat nonempty_dir1/d2/d3
               Tau
               { st_dev=771751956; st_ino=1997; st_kind=S_IFDIR; st_perm=0o777; st_nlink=1; st_uid=0; st_gid=0; st_rdev=0; st_size=0; }
   unexpected results: { st_dev=771751956; st_ino=1997; st_kind=S_IFDIR; st_perm=0o777; st_nlink=1; st_uid=0; st_gid=0; st_rdev=0; st_size=0; }
   allowed are only: { st_dev=2049; st_ino=188; st_kind=S_IFDIR; st_perm=0o755; st_nlink=2; st_uid=0; st_gid=0; st_rdev=0; st_size=4096; }
   continuing execution with { st_dev=2049; st_ino=188; st_kind=S_IFDIR; st_perm=0o755; st_nlink=2; st_uid=0; st_gid=0; st_rdev=0; st_size=4096; }

Error:    357: stat nonempty_dir1/d2/d3/
               Tau
               { st_dev=771751956; st_ino=2125; st_kind=S_IFDIR; st_perm=0o777; st_nlink=1; st_uid=0; st_gid=0; st_rdev=0; st_size=0; }
   unexpected results: { st_dev=771751956; st_ino=2125; st_kind=S_IFDIR; st_perm=0o777; st_nlink=1; st_uid=0; st_gid=0; st_rdev=0; st_size=0; }
   allowed are only: { st_dev=2049; st_ino=206; st_kind=S_IFDIR; st_perm=0o755; st_nlink=2; st_uid=0; st_gid=0; st_rdev=0; st_size=4096; }
   continuing execution with { st_dev=2049; st_ino=206; st_kind=S_IFDIR; st_perm=0o755; st_nlink=2; st_uid=0; st_gid=0; st_rdev=0; st_size=4096; }

Error:    387: stat nonempty_dir1/d2/f3.txt
               Tau
               { st_dev=771751956; st_ino=2245; st_kind=S_IFREG; st_perm=0o777; st_nlink=1; st_uid=0; st_gid=0; st_rdev=0; st_size=83; }
   unexpected results: { st_dev=771751956; st_ino=2245; st_kind=S_IFREG; st_perm=0o777; st_nlink=1; st_uid=0; st_gid=0; st_rdev=0; st_size=83; }
   allowed are only: { st_dev=2049; st_ino=223; st_kind=S_IFREG; st_perm=0o644; st_nlink=2; st_uid=0; st_gid=0; st_rdev=0; st_size=83; }
   continuing execution with { st_dev=2049; st_ino=223; st_kind=S_IFREG; st_perm=0o644; st_nlink=2; st_uid=0; st_gid=0; st_rdev=0; st_size=83; }

Error:    447: stat nonempty_dir1/d2/sl_dotdot_d2
               Tau
               { st_dev=771751956; st_ino=2494; st_kind=S_IFDIR; st_perm=0o777; st_nlink=1; st_uid=0; st_gid=0; st_rdev=0; st_size=472; }
   unexpected results: { st_dev=771751956; st_ino=2494; st_kind=S_IFDIR; st_perm=0o777; st_nlink=1; st_uid=0; st_gid=0; st_rdev=0; st_size=472; }
   allowed are only: { st_dev=2049; st_ino=258; st_kind=S_IFDIR; st_perm=0o755; st_nlink=2; st_uid=0; st_gid=0; st_rdev=0; st_size=4096; }
   continuing execution with { st_dev=2049; st_ino=258; st_kind=S_IFDIR; st_perm=0o755; st_nlink=2; st_uid=0; st_gid=0; st_rdev=0; st_size=4096; }

Error:    477: stat nonempty_dir1/d2/sl_dotdot_d2/
               Tau
               { st_dev=771751956; st_ino=2620; st_kind=S_IFDIR; st_perm=0o777; st_nlink=1; st_uid=0; st_gid=0; st_rdev=0; st_size=472; }
   unexpected results: { st_dev=771751956; st_ino=2620; st_kind=S_IFDIR; st_perm=0o777; st_nlink=1; st_uid=0; st_gid=0; st_rdev=0; st_size=472; }
   allowed are only: { st_dev=2049; st_ino=276; st_kind=S_IFDIR; st_perm=0o755; st_nlink=2; st_uid=0; st_gid=0; st_rdev=0; st_size=4096; }
   continuing execution with { st_dev=2049; st_ino=276; st_kind=S_IFDIR; st_perm=0o755; st_nlink=2; st_uid=0; st_gid=0; st_rdev=0; st_size=4096; }

Error:    507: stat nonempty_dir1/d2/sl_dotdot_f1.txt
               Tau
               { st_dev=771751956; st_ino=2745; st_kind=S_IFREG; st_perm=0o777; st_nlink=1; st_uid=0; st_gid=0; st_rdev=0; st_size=0; }
   unexpected results: { st_dev=771751956; st_ino=2745; st_kind=S_IFREG; st_perm=0o777; st_nlink=1; st_uid=0; st_gid=0; st_rdev=0; st_size=0; }
   allowed are only: { st_dev=2049; st_ino=293; st_kind=S_IFREG; st_perm=0o644; st_nlink=2; st_uid=0; st_gid=0; st_rdev=0; st_size=0; }
   continuing execution with { st_dev=2049; st_ino=293; st_kind=S_IFREG; st_perm=0o644; st_nlink=2; st_uid=0; st_gid=0; st_rdev=0; st_size=0; }

Error:    537: stat nonempty_dir1/d2/sl_dotdot_f1.txt/
               Tau
               { st_dev=771751956; st_ino=2875; st_kind=S_IFREG; st_perm=0o777; st_nlink=1; st_uid=0; st_gid=0; st_rdev=0; st_size=0; }
   unexpected results: { st_dev=771751956; st_ino=2875; st_kind=S_IFREG; st_perm=0o777; st_nlink=1; st_uid=0; st_gid=0; st_rdev=0; st_size=0; }
   allowed are only: ENOTDIR
   continuing execution with ENOTDIR

Error:    627: stat nonempty_dir1/f1.txt
               Tau
               { st_dev=771751956; st_ino=3252; st_kind=S_IFREG; st_perm=0o777; st_nlink=1; st_uid=0; st_gid=0; st_rdev=0; st_size=0; }
   unexpected results: { st_dev=771751956; st_ino=3252; st_kind=S_IFREG; st_perm=0o777; st_nlink=1; st_uid=0; st_gid=0; st_rdev=0; st_size=0; }
   allowed are only: { st_dev=2049; st_ino=365; st_kind=S_IFREG; st_perm=0o644; st_nlink=2; st_uid=0; st_gid=0; st_rdev=0; st_size=0; }
   continuing execution with { st_dev=2049; st_ino=365; st_kind=S_IFREG; st_perm=0o644; st_nlink=2; st_uid=0; st_gid=0; st_rdev=0; st_size=0; }

Error:    807: stat nonempty_dir1/sl_f1.txt
               Tau
               { st_dev=771751956; st_ino=4006; st_kind=S_IFREG; st_perm=0o777; st_nlink=1; st_uid=0; st_gid=0; st_rdev=0; st_size=0; }
   unexpected results: { st_dev=771751956; st_ino=4006; st_kind=S_IFREG; st_perm=0o777; st_nlink=1; st_uid=0; st_gid=0; st_rdev=0; st_size=0; }
   allowed are only: { st_dev=2049; st_ino=473; st_kind=S_IFREG; st_perm=0o644; st_nlink=2; st_uid=0; st_gid=0; st_rdev=0; st_size=0; }
   continuing execution with { st_dev=2049; st_ino=473; st_kind=S_IFREG; st_perm=0o644; st_nlink=2; st_uid=0; st_gid=0; st_rdev=0; st_size=0; }

Error:    837: stat nonempty_dir1/sl_f1.txt/
               Tau
               { st_dev=771751956; st_ino=4114; st_kind=S_IFREG; st_perm=0o777; st_nlink=1; st_uid=0; st_gid=0; st_rdev=0; st_size=0; }
   unexpected results: { st_dev=771751956; st_ino=4114; st_kind=S_IFREG; st_perm=0o777; st_nlink=1; st_uid=0; st_gid=0; st_rdev=0; st_size=0; }
   allowed are only: ENOTDIR
   continuing execution with ENOTDIR

Error:    867: stat nonempty_dir2
               Tau
               { st_dev=771751956; st_ino=4238; st_kind=S_IFDIR; st_perm=0o777; st_nlink=1; st_uid=0; st_gid=0; st_rdev=0; st_size=0; }
   unexpected results: { st_dev=771751956; st_ino=4238; st_kind=S_IFDIR; st_perm=0o777; st_nlink=1; st_uid=0; st_gid=0; st_rdev=0; st_size=0; }
   allowed are only: { st_dev=2049; st_ino=513; st_kind=S_IFDIR; st_perm=0o755; st_nlink=2; st_uid=0; st_gid=0; st_rdev=0; st_size=4096; }
   continuing execution with { st_dev=2049; st_ino=513; st_kind=S_IFDIR; st_perm=0o755; st_nlink=2; st_uid=0; st_gid=0; st_rdev=0; st_size=4096; }

Error:    897: stat nonempty_dir2/
               Tau
               { st_dev=771751956; st_ino=4344; st_kind=S_IFDIR; st_perm=0o777; st_nlink=1; st_uid=0; st_gid=0; st_rdev=0; st_size=0; }
   unexpected results: { st_dev=771751956; st_ino=4344; st_kind=S_IFDIR; st_perm=0o777; st_nlink=1; st_uid=0; st_gid=0; st_rdev=0; st_size=0; }
   allowed are only: { st_dev=2049; st_ino=531; st_kind=S_IFDIR; st_perm=0o755; st_nlink=2; st_uid=0; st_gid=0; st_rdev=0; st_size=4096; }
   continuing execution with { st_dev=2049; st_ino=531; st_kind=S_IFDIR; st_perm=0o755; st_nlink=2; st_uid=0; st_gid=0; st_rdev=0; st_size=4096; }

Error:    927: stat nonempty_dir2/d2
               Tau
               { st_dev=771751956; st_ino=4463; st_kind=S_IFDIR; st_perm=0o777; st_nlink=1; st_uid=0; st_gid=0; st_rdev=0; st_size=240; }
   unexpected results: { st_dev=771751956; st_ino=4463; st_kind=S_IFDIR; st_perm=0o777; st_nlink=1; st_uid=0; st_gid=0; st_rdev=0; st_size=240; }
   allowed are only: { st_dev=2049; st_ino=552; st_kind=S_IFDIR; st_perm=0o755; st_nlink=2; st_uid=0; st_gid=0; st_rdev=0; st_size=4096; }
   continuing execution with { st_dev=2049; st_ino=552; st_kind=S_IFDIR; st_perm=0o755; st_nlink=2; st_uid=0; st_gid=0; st_rdev=0; st_size=4096; }

Error:    957: stat nonempty_dir2/d2/
               Tau
               { st_dev=771751956; st_ino=4564; st_kind=S_IFDIR; st_perm=0o777; st_nlink=1; st_uid=0; st_gid=0; st_rdev=0; st_size=240; }
   unexpected results: { st_dev=771751956; st_ino=4564; st_kind=S_IFDIR; st_perm=0o777; st_nlink=1; st_uid=0; st_gid=0; st_rdev=0; st_size=240; }
   allowed are only: { st_dev=2049; st_ino=570; st_kind=S_IFDIR; st_perm=0o755; st_nlink=2; st_uid=0; st_gid=0; st_rdev=0; st_size=4096; }
   continuing execution with { st_dev=2049; st_ino=570; st_kind=S_IFDIR; st_perm=0o755; st_nlink=2; st_uid=0; st_gid=0; st_rdev=0; st_size=4096; }

Error:    987: stat nonempty_dir2/d2/d3
               Tau
               { st_dev=771751956; st_ino=4670; st_kind=S_IFDIR; st_perm=0o777; st_nlink=1; st_uid=0; st_gid=0; st_rdev=0; st_size=0; }
   unexpected results: { st_dev=771751956; st_ino=4670; st_kind=S_IFDIR; st_perm=0o777; st_nlink=1; st_uid=0; st_gid=0; st_rdev=0; st_size=0; }
   allowed are only: { st_dev=2049; st_ino=589; st_kind=S_IFDIR; st_perm=0o755; st_nlink=2; st_uid=0; st_gid=0; st_rdev=0; st_size=4096; }
   continuing execution with { st_dev=2049; st_ino=589; st_kind=S_IFDIR; st_perm=0o755; st_nlink=2; st_uid=0; st_gid=0; st_rdev=0; st_size=4096; }

Error:   1017: stat nonempty_dir2/d2/d3/
               Tau
               { st_dev=771751956; st_ino=4764; st_kind=S_IFDIR; st_perm=0o777; st_nlink=1; st_uid=0; st_gid=0; st_rdev=0; st_size=0; }
   unexpected results: { st_dev=771751956; st_ino=4764; st_kind=S_IFDIR; st_perm=0o777; st_nlink=1; st_uid=0; st_gid=0; st_rdev=0; st_size=0; }
   allowed are only: { st_dev=2049; st_ino=607; st_kind=S_IFDIR; st_perm=0o755; st_nlink=2; st_uid=0; st_gid=0; st_rdev=0; st_size=4096; }
   continuing execution with { st_dev=2049; st_ino=607; st_kind=S_IFDIR; st_perm=0o755; st_nlink=2; st_uid=0; st_gid=0; st_rdev=0; st_size=4096; }

Error:   1047: stat nonempty_dir2/d2/sl_f3.txt
               Tau
               { st_dev=771751956; st_ino=4821; st_kind=S_IFREG; st_perm=0o777; st_nlink=1; st_uid=0; st_gid=0; st_rdev=0; st_size=83; }
   unexpected results: { st_dev=771751956; st_ino=4821; st_kind=S_IFREG; st_perm=0o777; st_nlink=1; st_uid=0; st_gid=0; st_rdev=0; st_size=83; }
   allowed are only: { st_dev=2049; st_ino=619; st_kind=S_IFREG; st_perm=0o644; st_nlink=2; st_uid=0; st_gid=0; st_rdev=0; st_size=83; }
   continuing execution with { st_dev=2049; st_ino=619; st_kind=S_IFREG; st_perm=0o644; st_nlink=2; st_uid=0; st_gid=0; st_rdev=0; st_size=83; }

Error:   1077: stat nonempty_dir2/d2/sl_f3.txt/
               Tau
               { st_dev=771751956; st_ino=4896; st_kind=S_IFREG; st_perm=0o777; st_nlink=1; st_uid=0; st_gid=0; st_rdev=0; st_size=83; }
   unexpected results: { st_dev=771751956; st_ino=4896; st_kind=S_IFREG; st_perm=0o777; st_nlink=1; st_uid=0; st_gid=0; st_rdev=0; st_size=83; }
   allowed are only: ENOTDIR
   continuing execution with ENOTDIR

Error:   1107: stat nonempty_dir2/f1.txt
               Tau
               { st_dev=771751956; st_ino=4984; st_kind=S_IFREG; st_perm=0o777; st_nlink=1; st_uid=0; st_gid=0; st_rdev=0; st_size=0; }
   unexpected results: { st_dev=771751956; st_ino=4984; st_kind=S_IFREG; st_perm=0o777; st_nlink=1; st_uid=0; st_gid=0; st_rdev=0; st_size=0; }
   allowed are only: { st_dev=2049; st_ino=658; st_kind=S_IFREG; st_perm=0o644; st_nlink=2; st_uid=0; st_gid=0; st_rdev=0; st_size=0; }
   continuing execution with { st_dev=2049; st_ino=658; st_kind=S_IFREG; st_perm=0o644; st_nlink=2; st_uid=0; st_gid=0; st_rdev=0; st_size=0; }

Error:   1167: stat nonempty_dir2/f2.txt
               Tau
               { st_dev=771751956; st_ino=5137; st_kind=S_IFREG; st_perm=0o777; st_nlink=1; st_uid=0; st_gid=0; st_rdev=0; st_size=167; }
   unexpected results: { st_dev=771751956; st_ino=5137; st_kind=S_IFREG; st_perm=0o777; st_nlink=1; st_uid=0; st_gid=0; st_rdev=0; st_size=167; }
   allowed are only: { st_dev=2049; st_ino=695; st_kind=S_IFREG; st_perm=0o644; st_nlink=2; st_uid=0; st_gid=0; st_rdev=0; st_size=167; }
   continuing execution with { st_dev=2049; st_ino=695; st_kind=S_IFREG; st_perm=0o644; st_nlink=2; st_uid=0; st_gid=0; st_rdev=0; st_size=167; }
