< uname -s
< id -u -n
< id -g -n

Error:     20: open_close /d1/file1.txt [O_EXCL;O_RDONLY] 0o666
               Tau
   special states found:
     - OS_special (Undefined, "open: O_EXCL, no O_CREAT, posix/open.md D:1")
   continuing with normal result states

Error:     20: open_close /d1/file1.txt [O_EXCL;O_RDONLY] 0o666
               Tau
               RV_none
   unexpected results: RV_none
   allowed are only: ENOENT
   continuing execution with ENOENT

Error:     21: open_close /d1/d2/file2.txt [O_EXCL;O_RDONLY] 0o666
               Tau
   special states found:
     - OS_special (Undefined, "open: O_EXCL, no O_CREAT, posix/open.md D:1")
   continuing with normal result states

Error:     21: open_close /d1/d2/file2.txt [O_EXCL;O_RDONLY] 0o666
               Tau
               RV_none
   unexpected results: RV_none
   allowed are only: ENOENT
   continuing execution with ENOENT

Error:     22: open_close /d1/d2/d3/file3.txt [O_EXCL;O_RDONLY] 0o666
               Tau
   special states found:
     - OS_special (Undefined, "open: O_EXCL, no O_CREAT, posix/open.md D:1")
   continuing with normal result states

Error:     22: open_close /d1/d2/d3/file3.txt [O_EXCL;O_RDONLY] 0o666
               Tau
               RV_none
   unexpected results: RV_none
   allowed are only: ENOENT
   continuing execution with ENOENT

Error:     35: readdir (DH 1)
               Tau
               RV_bytes("file2.txt")
   unexpected results: RV_bytes("file2.txt")
   allowed are only: RV_none
   continuing execution with RV_none

Error:     37: stat /d1/file1.txt
               Tau
               { st_dev=16777220; st_ino=4544; st_kind=S_IFREG; st_perm=0o644; st_nlink=1; st_uid=-1; st_gid=-1; st_rdev=0; st_size=0; }
   unexpected results: { st_dev=16777220; st_ino=4544; st_kind=S_IFREG; st_perm=0o644; st_nlink=1; st_uid=-1; st_gid=-1; st_rdev=0; st_size=0; }
   allowed are only: ENOENT
   continuing execution with ENOENT

Error:     38: stat /d1/d2/file2.txt
               Tau
               { st_dev=16777220; st_ino=4546; st_kind=S_IFREG; st_perm=0o644; st_nlink=1; st_uid=-1; st_gid=-1; st_rdev=0; st_size=0; }
   unexpected results: { st_dev=16777220; st_ino=4546; st_kind=S_IFREG; st_perm=0o644; st_nlink=1; st_uid=-1; st_gid=-1; st_rdev=0; st_size=0; }
   allowed are only: ENOENT
   continuing execution with ENOENT

Error:     39: stat /d1/d2/d3/file3.txt
               Tau
               { st_dev=16777220; st_ino=4548; st_kind=S_IFREG; st_perm=0o644; st_nlink=1; st_uid=-1; st_gid=-1; st_rdev=0; st_size=0; }
   unexpected results: { st_dev=16777220; st_ino=4548; st_kind=S_IFREG; st_perm=0o644; st_nlink=1; st_uid=-1; st_gid=-1; st_rdev=0; st_size=0; }
   allowed are only: ENOENT
   continuing execution with ENOENT

Error:     40: stat /d1/d2/d3
               Tau
               { st_dev=16777220; st_ino=4542; st_kind=S_IFDIR; st_perm=0o755; st_nlink=2; st_uid=-1; st_gid=-1; st_rdev=0; st_size=102; }
   unexpected results: { st_dev=16777220; st_ino=4542; st_kind=S_IFDIR; st_perm=0o755; st_nlink=2; st_uid=-1; st_gid=-1; st_rdev=0; st_size=102; }
   allowed are only: { st_dev=2049; st_ino=3; st_kind=S_IFDIR; st_perm=0o755; st_nlink=2; st_uid=0; st_gid=0; st_rdev=0; st_size=4096; }
   continuing execution with { st_dev=2049; st_ino=3; st_kind=S_IFDIR; st_perm=0o755; st_nlink=2; st_uid=0; st_gid=0; st_rdev=0; st_size=4096; }

Error:     41: stat /d1/d2//file2.txt
               Tau
               { st_dev=16777220; st_ino=4546; st_kind=S_IFREG; st_perm=0o644; st_nlink=1; st_uid=-1; st_gid=-1; st_rdev=0; st_size=0; }
   unexpected results: { st_dev=16777220; st_ino=4546; st_kind=S_IFREG; st_perm=0o644; st_nlink=1; st_uid=-1; st_gid=-1; st_rdev=0; st_size=0; }
   allowed are only: ENOENT
   continuing execution with ENOENT

Error:     42: stat /d1/d2//d3
               Tau
               { st_dev=16777220; st_ino=4542; st_kind=S_IFDIR; st_perm=0o755; st_nlink=2; st_uid=-1; st_gid=-1; st_rdev=0; st_size=102; }
   unexpected results: { st_dev=16777220; st_ino=4542; st_kind=S_IFDIR; st_perm=0o755; st_nlink=2; st_uid=-1; st_gid=-1; st_rdev=0; st_size=102; }
   allowed are only: { st_dev=2049; st_ino=3; st_kind=S_IFDIR; st_perm=0o755; st_nlink=2; st_uid=0; st_gid=0; st_rdev=0; st_size=4096; }
   continuing execution with { st_dev=2049; st_ino=3; st_kind=S_IFDIR; st_perm=0o755; st_nlink=2; st_uid=0; st_gid=0; st_rdev=0; st_size=4096; }

Error:     43: stat /d1/d2/./file2.txt
               Tau
               { st_dev=16777220; st_ino=4546; st_kind=S_IFREG; st_perm=0o644; st_nlink=1; st_uid=-1; st_gid=-1; st_rdev=0; st_size=0; }
   unexpected results: { st_dev=16777220; st_ino=4546; st_kind=S_IFREG; st_perm=0o644; st_nlink=1; st_uid=-1; st_gid=-1; st_rdev=0; st_size=0; }
   allowed are only: ENOENT
   continuing execution with ENOENT

Error:     44: stat /d1/d2/./d3
               Tau
               { st_dev=16777220; st_ino=4542; st_kind=S_IFDIR; st_perm=0o755; st_nlink=2; st_uid=-1; st_gid=-1; st_rdev=0; st_size=102; }
   unexpected results: { st_dev=16777220; st_ino=4542; st_kind=S_IFDIR; st_perm=0o755; st_nlink=2; st_uid=-1; st_gid=-1; st_rdev=0; st_size=102; }
   allowed are only: { st_dev=2049; st_ino=3; st_kind=S_IFDIR; st_perm=0o755; st_nlink=2; st_uid=0; st_gid=0; st_rdev=0; st_size=4096; }
   continuing execution with { st_dev=2049; st_ino=3; st_kind=S_IFDIR; st_perm=0o755; st_nlink=2; st_uid=0; st_gid=0; st_rdev=0; st_size=4096; }

Error:     54: readdir (DH 1)
               Tau
               RV_bytes("file2.txt")
   unexpected results: RV_bytes("file2.txt")
   allowed are only: RV_none
   continuing execution with RV_none

Error:     56: stat /d1/file1.txt
               Tau
               { st_dev=16777220; st_ino=4544; st_kind=S_IFREG; st_perm=0o644; st_nlink=1; st_uid=-1; st_gid=-1; st_rdev=0; st_size=0; }
   unexpected results: { st_dev=16777220; st_ino=4544; st_kind=S_IFREG; st_perm=0o644; st_nlink=1; st_uid=-1; st_gid=-1; st_rdev=0; st_size=0; }
   allowed are only: ENOENT
   continuing execution with ENOENT

Error:     57: stat /d1/d2/file2.txt
               Tau
               { st_dev=16777220; st_ino=4546; st_kind=S_IFREG; st_perm=0o644; st_nlink=1; st_uid=-1; st_gid=-1; st_rdev=0; st_size=0; }
   unexpected results: { st_dev=16777220; st_ino=4546; st_kind=S_IFREG; st_perm=0o644; st_nlink=1; st_uid=-1; st_gid=-1; st_rdev=0; st_size=0; }
   allowed are only: ENOENT
   continuing execution with ENOENT

Error:     58: stat /d1/d2/d3/file3.txt
               Tau
               { st_dev=16777220; st_ino=4548; st_kind=S_IFREG; st_perm=0o644; st_nlink=1; st_uid=-1; st_gid=-1; st_rdev=0; st_size=0; }
   unexpected results: { st_dev=16777220; st_ino=4548; st_kind=S_IFREG; st_perm=0o644; st_nlink=1; st_uid=-1; st_gid=-1; st_rdev=0; st_size=0; }
   allowed are only: ENOENT
   continuing execution with ENOENT

Error:     59: stat /d1
               Tau
               { st_dev=16777220; st_ino=4539; st_kind=S_IFDIR; st_perm=0o755; st_nlink=3; st_uid=-1; st_gid=-1; st_rdev=0; st_size=136; }
   unexpected results: { st_dev=16777220; st_ino=4539; st_kind=S_IFDIR; st_perm=0o755; st_nlink=3; st_uid=-1; st_gid=-1; st_rdev=0; st_size=136; }
   allowed are only: { st_dev=2049; st_ino=1; st_kind=S_IFDIR; st_perm=0o755; st_nlink=2; st_uid=0; st_gid=0; st_rdev=0; st_size=4096; }
   continuing execution with { st_dev=2049; st_ino=1; st_kind=S_IFDIR; st_perm=0o755; st_nlink=2; st_uid=0; st_gid=0; st_rdev=0; st_size=4096; }

Error:     60: stat /d1/d2
               Tau
               { st_dev=16777220; st_ino=4541; st_kind=S_IFDIR; st_perm=0o500; st_nlink=3; st_uid=-1; st_gid=-1; st_rdev=0; st_size=136; }
   unexpected results: { st_dev=16777220; st_ino=4541; st_kind=S_IFDIR; st_perm=0o500; st_nlink=3; st_uid=-1; st_gid=-1; st_rdev=0; st_size=136; }
   allowed are only: { st_dev=2049; st_ino=2; st_kind=S_IFDIR; st_perm=0o500; st_nlink=2; st_uid=0; st_gid=0; st_rdev=0; st_size=4096; }
   continuing execution with { st_dev=2049; st_ino=2; st_kind=S_IFDIR; st_perm=0o500; st_nlink=2; st_uid=0; st_gid=0; st_rdev=0; st_size=4096; }

Error:     61: stat /d1/d2/
               Tau
               { st_dev=16777220; st_ino=4541; st_kind=S_IFDIR; st_perm=0o500; st_nlink=3; st_uid=-1; st_gid=-1; st_rdev=0; st_size=136; }
   unexpected results: { st_dev=16777220; st_ino=4541; st_kind=S_IFDIR; st_perm=0o500; st_nlink=3; st_uid=-1; st_gid=-1; st_rdev=0; st_size=136; }
   allowed are only: { st_dev=2049; st_ino=2; st_kind=S_IFDIR; st_perm=0o500; st_nlink=2; st_uid=0; st_gid=0; st_rdev=0; st_size=4096; }
   continuing execution with { st_dev=2049; st_ino=2; st_kind=S_IFDIR; st_perm=0o500; st_nlink=2; st_uid=0; st_gid=0; st_rdev=0; st_size=4096; }

Error:     62: stat /d1/d2/d3
               Tau
               { st_dev=16777220; st_ino=4542; st_kind=S_IFDIR; st_perm=0o755; st_nlink=2; st_uid=-1; st_gid=-1; st_rdev=0; st_size=102; }
   unexpected results: { st_dev=16777220; st_ino=4542; st_kind=S_IFDIR; st_perm=0o755; st_nlink=2; st_uid=-1; st_gid=-1; st_rdev=0; st_size=102; }
   allowed are only: { st_dev=2049; st_ino=3; st_kind=S_IFDIR; st_perm=0o755; st_nlink=2; st_uid=0; st_gid=0; st_rdev=0; st_size=4096; }
   continuing execution with { st_dev=2049; st_ino=3; st_kind=S_IFDIR; st_perm=0o755; st_nlink=2; st_uid=0; st_gid=0; st_rdev=0; st_size=4096; }

Error:     63: stat /d1/d2//file2.txt
               Tau
               { st_dev=16777220; st_ino=4546; st_kind=S_IFREG; st_perm=0o644; st_nlink=1; st_uid=-1; st_gid=-1; st_rdev=0; st_size=0; }
   unexpected results: { st_dev=16777220; st_ino=4546; st_kind=S_IFREG; st_perm=0o644; st_nlink=1; st_uid=-1; st_gid=-1; st_rdev=0; st_size=0; }
   allowed are only: ENOENT
   continuing execution with ENOENT

Error:     64: stat /d1/d2//d3
               Tau
               { st_dev=16777220; st_ino=4542; st_kind=S_IFDIR; st_perm=0o755; st_nlink=2; st_uid=-1; st_gid=-1; st_rdev=0; st_size=102; }
   unexpected results: { st_dev=16777220; st_ino=4542; st_kind=S_IFDIR; st_perm=0o755; st_nlink=2; st_uid=-1; st_gid=-1; st_rdev=0; st_size=102; }
   allowed are only: { st_dev=2049; st_ino=3; st_kind=S_IFDIR; st_perm=0o755; st_nlink=2; st_uid=0; st_gid=0; st_rdev=0; st_size=4096; }
   continuing execution with { st_dev=2049; st_ino=3; st_kind=S_IFDIR; st_perm=0o755; st_nlink=2; st_uid=0; st_gid=0; st_rdev=0; st_size=4096; }

Error:     65: stat /d1/d2/./file2.txt
               Tau
               { st_dev=16777220; st_ino=4546; st_kind=S_IFREG; st_perm=0o644; st_nlink=1; st_uid=-1; st_gid=-1; st_rdev=0; st_size=0; }
   unexpected results: { st_dev=16777220; st_ino=4546; st_kind=S_IFREG; st_perm=0o644; st_nlink=1; st_uid=-1; st_gid=-1; st_rdev=0; st_size=0; }
   allowed are only: ENOENT
   continuing execution with ENOENT

Error:     66: stat /d1/d2/./d3
               Tau
               { st_dev=16777220; st_ino=4542; st_kind=S_IFDIR; st_perm=0o755; st_nlink=2; st_uid=-1; st_gid=-1; st_rdev=0; st_size=102; }
   unexpected results: { st_dev=16777220; st_ino=4542; st_kind=S_IFDIR; st_perm=0o755; st_nlink=2; st_uid=-1; st_gid=-1; st_rdev=0; st_size=102; }
   allowed are only: { st_dev=2049; st_ino=3; st_kind=S_IFDIR; st_perm=0o755; st_nlink=2; st_uid=0; st_gid=0; st_rdev=0; st_size=4096; }
   continuing execution with { st_dev=2049; st_ino=3; st_kind=S_IFDIR; st_perm=0o755; st_nlink=2; st_uid=0; st_gid=0; st_rdev=0; st_size=4096; }

Error:     76: readdir (DH 1)
               Tau
               RV_bytes("file2.txt")
   unexpected results: RV_bytes("file2.txt")
   allowed are only: RV_none
   continuing execution with RV_none

Error:     78: stat /d1/file1.txt
               Tau
               { st_dev=16777220; st_ino=4544; st_kind=S_IFREG; st_perm=0o644; st_nlink=1; st_uid=-1; st_gid=-1; st_rdev=0; st_size=0; }
   unexpected results: { st_dev=16777220; st_ino=4544; st_kind=S_IFREG; st_perm=0o644; st_nlink=1; st_uid=-1; st_gid=-1; st_rdev=0; st_size=0; }
   allowed are only: ENOENT
   continuing execution with ENOENT

Error:     79: stat /d1/d2/file2.txt
               Tau
               { st_dev=16777220; st_ino=4546; st_kind=S_IFREG; st_perm=0o644; st_nlink=1; st_uid=-1; st_gid=-1; st_rdev=0; st_size=0; }
   unexpected results: { st_dev=16777220; st_ino=4546; st_kind=S_IFREG; st_perm=0o644; st_nlink=1; st_uid=-1; st_gid=-1; st_rdev=0; st_size=0; }
   allowed are only: ENOENT
   continuing execution with ENOENT

Error:     80: stat /d1/d2/d3/file3.txt
               Tau
               { st_dev=16777220; st_ino=4548; st_kind=S_IFREG; st_perm=0o644; st_nlink=1; st_uid=-1; st_gid=-1; st_rdev=0; st_size=0; }
   unexpected results: { st_dev=16777220; st_ino=4548; st_kind=S_IFREG; st_perm=0o644; st_nlink=1; st_uid=-1; st_gid=-1; st_rdev=0; st_size=0; }
   allowed are only: ENOENT
   continuing execution with ENOENT

Error:     81: stat /d1
               Tau
               { st_dev=16777220; st_ino=4539; st_kind=S_IFDIR; st_perm=0o755; st_nlink=3; st_uid=-1; st_gid=-1; st_rdev=0; st_size=136; }
   unexpected results: { st_dev=16777220; st_ino=4539; st_kind=S_IFDIR; st_perm=0o755; st_nlink=3; st_uid=-1; st_gid=-1; st_rdev=0; st_size=136; }
   allowed are only: { st_dev=2049; st_ino=1; st_kind=S_IFDIR; st_perm=0o755; st_nlink=2; st_uid=0; st_gid=0; st_rdev=0; st_size=4096; }
   continuing execution with { st_dev=2049; st_ino=1; st_kind=S_IFDIR; st_perm=0o755; st_nlink=2; st_uid=0; st_gid=0; st_rdev=0; st_size=4096; }

Error:     82: stat /d1/d2
               Tau
               { st_dev=16777220; st_ino=4541; st_kind=S_IFDIR; st_perm=0o100; st_nlink=3; st_uid=-1; st_gid=-1; st_rdev=0; st_size=136; }
   unexpected results: { st_dev=16777220; st_ino=4541; st_kind=S_IFDIR; st_perm=0o100; st_nlink=3; st_uid=-1; st_gid=-1; st_rdev=0; st_size=136; }
   allowed are only: { st_dev=2049; st_ino=2; st_kind=S_IFDIR; st_perm=0o100; st_nlink=2; st_uid=0; st_gid=0; st_rdev=0; st_size=4096; }
   continuing execution with { st_dev=2049; st_ino=2; st_kind=S_IFDIR; st_perm=0o100; st_nlink=2; st_uid=0; st_gid=0; st_rdev=0; st_size=4096; }

Error:     83: stat /d1/d2/
               Tau
               { st_dev=16777220; st_ino=4541; st_kind=S_IFDIR; st_perm=0o100; st_nlink=3; st_uid=-1; st_gid=-1; st_rdev=0; st_size=136; }
   unexpected results: { st_dev=16777220; st_ino=4541; st_kind=S_IFDIR; st_perm=0o100; st_nlink=3; st_uid=-1; st_gid=-1; st_rdev=0; st_size=136; }
   allowed are only: { st_dev=2049; st_ino=2; st_kind=S_IFDIR; st_perm=0o100; st_nlink=2; st_uid=0; st_gid=0; st_rdev=0; st_size=4096; }
   continuing execution with { st_dev=2049; st_ino=2; st_kind=S_IFDIR; st_perm=0o100; st_nlink=2; st_uid=0; st_gid=0; st_rdev=0; st_size=4096; }

Error:     84: stat /d1/d2/d3
               Tau
               { st_dev=16777220; st_ino=4542; st_kind=S_IFDIR; st_perm=0o755; st_nlink=2; st_uid=-1; st_gid=-1; st_rdev=0; st_size=102; }
   unexpected results: { st_dev=16777220; st_ino=4542; st_kind=S_IFDIR; st_perm=0o755; st_nlink=2; st_uid=-1; st_gid=-1; st_rdev=0; st_size=102; }
   allowed are only: { st_dev=2049; st_ino=3; st_kind=S_IFDIR; st_perm=0o755; st_nlink=2; st_uid=0; st_gid=0; st_rdev=0; st_size=4096; }
   continuing execution with { st_dev=2049; st_ino=3; st_kind=S_IFDIR; st_perm=0o755; st_nlink=2; st_uid=0; st_gid=0; st_rdev=0; st_size=4096; }

Error:     85: stat /d1/d2//file2.txt
               Tau
               { st_dev=16777220; st_ino=4546; st_kind=S_IFREG; st_perm=0o644; st_nlink=1; st_uid=-1; st_gid=-1; st_rdev=0; st_size=0; }
   unexpected results: { st_dev=16777220; st_ino=4546; st_kind=S_IFREG; st_perm=0o644; st_nlink=1; st_uid=-1; st_gid=-1; st_rdev=0; st_size=0; }
   allowed are only: ENOENT
   continuing execution with ENOENT

Error:     86: stat /d1/d2//d3
               Tau
               { st_dev=16777220; st_ino=4542; st_kind=S_IFDIR; st_perm=0o755; st_nlink=2; st_uid=-1; st_gid=-1; st_rdev=0; st_size=102; }
   unexpected results: { st_dev=16777220; st_ino=4542; st_kind=S_IFDIR; st_perm=0o755; st_nlink=2; st_uid=-1; st_gid=-1; st_rdev=0; st_size=102; }
   allowed are only: { st_dev=2049; st_ino=3; st_kind=S_IFDIR; st_perm=0o755; st_nlink=2; st_uid=0; st_gid=0; st_rdev=0; st_size=4096; }
   continuing execution with { st_dev=2049; st_ino=3; st_kind=S_IFDIR; st_perm=0o755; st_nlink=2; st_uid=0; st_gid=0; st_rdev=0; st_size=4096; }

Error:     87: stat /d1/d2/./file2.txt
               Tau
               { st_dev=16777220; st_ino=4546; st_kind=S_IFREG; st_perm=0o644; st_nlink=1; st_uid=-1; st_gid=-1; st_rdev=0; st_size=0; }
   unexpected results: { st_dev=16777220; st_ino=4546; st_kind=S_IFREG; st_perm=0o644; st_nlink=1; st_uid=-1; st_gid=-1; st_rdev=0; st_size=0; }
   allowed are only: ENOENT
   continuing execution with ENOENT

Error:     88: stat /d1/d2/./d3
               Tau
               { st_dev=16777220; st_ino=4542; st_kind=S_IFDIR; st_perm=0o755; st_nlink=2; st_uid=-1; st_gid=-1; st_rdev=0; st_size=102; }
   unexpected results: { st_dev=16777220; st_ino=4542; st_kind=S_IFDIR; st_perm=0o755; st_nlink=2; st_uid=-1; st_gid=-1; st_rdev=0; st_size=102; }
   allowed are only: { st_dev=2049; st_ino=3; st_kind=S_IFDIR; st_perm=0o755; st_nlink=2; st_uid=0; st_gid=0; st_rdev=0; st_size=4096; }
   continuing execution with { st_dev=2049; st_ino=3; st_kind=S_IFDIR; st_perm=0o755; st_nlink=2; st_uid=0; st_gid=0; st_rdev=0; st_size=4096; }

Error:     97: readdir (DH 1)
               Tau
               RV_bytes("file2.txt")
   unexpected results: RV_bytes("file2.txt")
   allowed are only: RV_none
   continuing execution with RV_none

Error:     99: stat /d1/file1.txt
               Tau
               { st_dev=16777220; st_ino=4544; st_kind=S_IFREG; st_perm=0o644; st_nlink=1; st_uid=-1; st_gid=-1; st_rdev=0; st_size=0; }
   unexpected results: { st_dev=16777220; st_ino=4544; st_kind=S_IFREG; st_perm=0o644; st_nlink=1; st_uid=-1; st_gid=-1; st_rdev=0; st_size=0; }
   allowed are only: ENOENT
   continuing execution with ENOENT

Error:    100: stat /d1/d2/file2.txt
               Tau
               { st_dev=16777220; st_ino=4546; st_kind=S_IFREG; st_perm=0o644; st_nlink=1; st_uid=-1; st_gid=-1; st_rdev=0; st_size=0; }
   unexpected results: { st_dev=16777220; st_ino=4546; st_kind=S_IFREG; st_perm=0o644; st_nlink=1; st_uid=-1; st_gid=-1; st_rdev=0; st_size=0; }
   allowed are only: ENOENT
   continuing execution with ENOENT

Error:    101: stat /d1/d2/d3/file3.txt
               Tau
               { st_dev=16777220; st_ino=4548; st_kind=S_IFREG; st_perm=0o644; st_nlink=1; st_uid=-1; st_gid=-1; st_rdev=0; st_size=0; }
   unexpected results: { st_dev=16777220; st_ino=4548; st_kind=S_IFREG; st_perm=0o644; st_nlink=1; st_uid=-1; st_gid=-1; st_rdev=0; st_size=0; }
   allowed are only: ENOENT
   continuing execution with ENOENT

Error:    102: stat /d1
               Tau
               { st_dev=16777220; st_ino=4539; st_kind=S_IFDIR; st_perm=0o755; st_nlink=3; st_uid=-1; st_gid=-1; st_rdev=0; st_size=136; }
   unexpected results: { st_dev=16777220; st_ino=4539; st_kind=S_IFDIR; st_perm=0o755; st_nlink=3; st_uid=-1; st_gid=-1; st_rdev=0; st_size=136; }
   allowed are only: { st_dev=2049; st_ino=1; st_kind=S_IFDIR; st_perm=0o755; st_nlink=2; st_uid=0; st_gid=0; st_rdev=0; st_size=4096; }
   continuing execution with { st_dev=2049; st_ino=1; st_kind=S_IFDIR; st_perm=0o755; st_nlink=2; st_uid=0; st_gid=0; st_rdev=0; st_size=4096; }

Error:    103: stat /d1/d2
               Tau
               { st_dev=16777220; st_ino=4541; st_kind=S_IFDIR; st_perm=0o400; st_nlink=3; st_uid=-1; st_gid=-1; st_rdev=0; st_size=136; }
   unexpected results: { st_dev=16777220; st_ino=4541; st_kind=S_IFDIR; st_perm=0o400; st_nlink=3; st_uid=-1; st_gid=-1; st_rdev=0; st_size=136; }
   allowed are only: { st_dev=2049; st_ino=2; st_kind=S_IFDIR; st_perm=0o400; st_nlink=2; st_uid=0; st_gid=0; st_rdev=0; st_size=4096; }
   continuing execution with { st_dev=2049; st_ino=2; st_kind=S_IFDIR; st_perm=0o400; st_nlink=2; st_uid=0; st_gid=0; st_rdev=0; st_size=4096; }

Error:    104: stat /d1/d2/
               Tau
               { st_dev=16777220; st_ino=4541; st_kind=S_IFDIR; st_perm=0o400; st_nlink=3; st_uid=-1; st_gid=-1; st_rdev=0; st_size=136; }
   unexpected results: { st_dev=16777220; st_ino=4541; st_kind=S_IFDIR; st_perm=0o400; st_nlink=3; st_uid=-1; st_gid=-1; st_rdev=0; st_size=136; }
   allowed are only: { st_dev=2049; st_ino=2; st_kind=S_IFDIR; st_perm=0o400; st_nlink=2; st_uid=0; st_gid=0; st_rdev=0; st_size=4096; }
   continuing execution with { st_dev=2049; st_ino=2; st_kind=S_IFDIR; st_perm=0o400; st_nlink=2; st_uid=0; st_gid=0; st_rdev=0; st_size=4096; }

Error:    105: stat /d1/d2/d3
               Tau
               { st_dev=16777220; st_ino=4542; st_kind=S_IFDIR; st_perm=0o755; st_nlink=2; st_uid=-1; st_gid=-1; st_rdev=0; st_size=102; }
   unexpected results: { st_dev=16777220; st_ino=4542; st_kind=S_IFDIR; st_perm=0o755; st_nlink=2; st_uid=-1; st_gid=-1; st_rdev=0; st_size=102; }
   allowed are only: { st_dev=2049; st_ino=3; st_kind=S_IFDIR; st_perm=0o755; st_nlink=2; st_uid=0; st_gid=0; st_rdev=0; st_size=4096; }
   continuing execution with { st_dev=2049; st_ino=3; st_kind=S_IFDIR; st_perm=0o755; st_nlink=2; st_uid=0; st_gid=0; st_rdev=0; st_size=4096; }

Error:    106: stat /d1/d2//file2.txt
               Tau
               { st_dev=16777220; st_ino=4546; st_kind=S_IFREG; st_perm=0o644; st_nlink=1; st_uid=-1; st_gid=-1; st_rdev=0; st_size=0; }
   unexpected results: { st_dev=16777220; st_ino=4546; st_kind=S_IFREG; st_perm=0o644; st_nlink=1; st_uid=-1; st_gid=-1; st_rdev=0; st_size=0; }
   allowed are only: ENOENT
   continuing execution with ENOENT

Error:    107: stat /d1/d2//d3
               Tau
               { st_dev=16777220; st_ino=4542; st_kind=S_IFDIR; st_perm=0o755; st_nlink=2; st_uid=-1; st_gid=-1; st_rdev=0; st_size=102; }
   unexpected results: { st_dev=16777220; st_ino=4542; st_kind=S_IFDIR; st_perm=0o755; st_nlink=2; st_uid=-1; st_gid=-1; st_rdev=0; st_size=102; }
   allowed are only: { st_dev=2049; st_ino=3; st_kind=S_IFDIR; st_perm=0o755; st_nlink=2; st_uid=0; st_gid=0; st_rdev=0; st_size=4096; }
   continuing execution with { st_dev=2049; st_ino=3; st_kind=S_IFDIR; st_perm=0o755; st_nlink=2; st_uid=0; st_gid=0; st_rdev=0; st_size=4096; }

Error:    108: stat /d1/d2/./file2.txt
               Tau
               { st_dev=16777220; st_ino=4546; st_kind=S_IFREG; st_perm=0o644; st_nlink=1; st_uid=-1; st_gid=-1; st_rdev=0; st_size=0; }
   unexpected results: { st_dev=16777220; st_ino=4546; st_kind=S_IFREG; st_perm=0o644; st_nlink=1; st_uid=-1; st_gid=-1; st_rdev=0; st_size=0; }
   allowed are only: ENOENT
   continuing execution with ENOENT

Error:    109: stat /d1/d2/./d3
               Tau
               { st_dev=16777220; st_ino=4542; st_kind=S_IFDIR; st_perm=0o755; st_nlink=2; st_uid=-1; st_gid=-1; st_rdev=0; st_size=102; }
   unexpected results: { st_dev=16777220; st_ino=4542; st_kind=S_IFDIR; st_perm=0o755; st_nlink=2; st_uid=-1; st_gid=-1; st_rdev=0; st_size=102; }
   allowed are only: { st_dev=2049; st_ino=3; st_kind=S_IFDIR; st_perm=0o755; st_nlink=2; st_uid=0; st_gid=0; st_rdev=0; st_size=4096; }
   continuing execution with { st_dev=2049; st_ino=3; st_kind=S_IFDIR; st_perm=0o755; st_nlink=2; st_uid=0; st_gid=0; st_rdev=0; st_size=4096; }

Error:    126: readdir (DH 1)
               Tau
               RV_bytes("file2.txt")
   unexpected results: RV_bytes("file2.txt")
   allowed are only: RV_none
   continuing execution with RV_none

Error:    128: stat file1.txt
               Tau
               { st_dev=16777220; st_ino=4544; st_kind=S_IFREG; st_perm=0o644; st_nlink=1; st_uid=-1; st_gid=-1; st_rdev=0; st_size=0; }
   unexpected results: { st_dev=16777220; st_ino=4544; st_kind=S_IFREG; st_perm=0o644; st_nlink=1; st_uid=-1; st_gid=-1; st_rdev=0; st_size=0; }
   allowed are only: ENOENT
   continuing execution with ENOENT

Error:    129: stat d2/file2.txt
               Tau
               { st_dev=16777220; st_ino=4546; st_kind=S_IFREG; st_perm=0o644; st_nlink=1; st_uid=-1; st_gid=-1; st_rdev=0; st_size=0; }
   unexpected results: { st_dev=16777220; st_ino=4546; st_kind=S_IFREG; st_perm=0o644; st_nlink=1; st_uid=-1; st_gid=-1; st_rdev=0; st_size=0; }
   allowed are only: ENOENT
   continuing execution with ENOENT

Error:    130: stat d2/d3/file3.txt
               Tau
               { st_dev=16777220; st_ino=4548; st_kind=S_IFREG; st_perm=0o644; st_nlink=1; st_uid=-1; st_gid=-1; st_rdev=0; st_size=0; }
   unexpected results: { st_dev=16777220; st_ino=4548; st_kind=S_IFREG; st_perm=0o644; st_nlink=1; st_uid=-1; st_gid=-1; st_rdev=0; st_size=0; }
   allowed are only: ENOENT
   continuing execution with ENOENT

Error:    131: stat .
               Tau
               { st_dev=16777220; st_ino=4539; st_kind=S_IFDIR; st_perm=0o755; st_nlink=3; st_uid=-1; st_gid=-1; st_rdev=0; st_size=136; }
   unexpected results: { st_dev=16777220; st_ino=4539; st_kind=S_IFDIR; st_perm=0o755; st_nlink=3; st_uid=-1; st_gid=-1; st_rdev=0; st_size=136; }
   allowed are only: { st_dev=2049; st_ino=1; st_kind=S_IFDIR; st_perm=0o755; st_nlink=2; st_uid=0; st_gid=0; st_rdev=0; st_size=4096; }
   continuing execution with { st_dev=2049; st_ino=1; st_kind=S_IFDIR; st_perm=0o755; st_nlink=2; st_uid=0; st_gid=0; st_rdev=0; st_size=4096; }

Error:    132: stat d2
               Tau
               { st_dev=16777220; st_ino=4541; st_kind=S_IFDIR; st_perm=0o700; st_nlink=3; st_uid=-1; st_gid=-1; st_rdev=0; st_size=136; }
   unexpected results: { st_dev=16777220; st_ino=4541; st_kind=S_IFDIR; st_perm=0o700; st_nlink=3; st_uid=-1; st_gid=-1; st_rdev=0; st_size=136; }
   allowed are only: { st_dev=2049; st_ino=2; st_kind=S_IFDIR; st_perm=0o700; st_nlink=2; st_uid=0; st_gid=0; st_rdev=0; st_size=4096; }
   continuing execution with { st_dev=2049; st_ino=2; st_kind=S_IFDIR; st_perm=0o700; st_nlink=2; st_uid=0; st_gid=0; st_rdev=0; st_size=4096; }

Error:    133: stat d2/
               Tau
               { st_dev=16777220; st_ino=4541; st_kind=S_IFDIR; st_perm=0o700; st_nlink=3; st_uid=-1; st_gid=-1; st_rdev=0; st_size=136; }
   unexpected results: { st_dev=16777220; st_ino=4541; st_kind=S_IFDIR; st_perm=0o700; st_nlink=3; st_uid=-1; st_gid=-1; st_rdev=0; st_size=136; }
   allowed are only: { st_dev=2049; st_ino=2; st_kind=S_IFDIR; st_perm=0o700; st_nlink=2; st_uid=0; st_gid=0; st_rdev=0; st_size=4096; }
   continuing execution with { st_dev=2049; st_ino=2; st_kind=S_IFDIR; st_perm=0o700; st_nlink=2; st_uid=0; st_gid=0; st_rdev=0; st_size=4096; }

Error:    134: stat d2/d3
               Tau
               { st_dev=16777220; st_ino=4542; st_kind=S_IFDIR; st_perm=0o755; st_nlink=2; st_uid=-1; st_gid=-1; st_rdev=0; st_size=102; }
   unexpected results: { st_dev=16777220; st_ino=4542; st_kind=S_IFDIR; st_perm=0o755; st_nlink=2; st_uid=-1; st_gid=-1; st_rdev=0; st_size=102; }
   allowed are only: { st_dev=2049; st_ino=3; st_kind=S_IFDIR; st_perm=0o755; st_nlink=2; st_uid=0; st_gid=0; st_rdev=0; st_size=4096; }
   continuing execution with { st_dev=2049; st_ino=3; st_kind=S_IFDIR; st_perm=0o755; st_nlink=2; st_uid=0; st_gid=0; st_rdev=0; st_size=4096; }

Error:    135: stat d2//file2.txt
               Tau
               { st_dev=16777220; st_ino=4546; st_kind=S_IFREG; st_perm=0o644; st_nlink=1; st_uid=-1; st_gid=-1; st_rdev=0; st_size=0; }
   unexpected results: { st_dev=16777220; st_ino=4546; st_kind=S_IFREG; st_perm=0o644; st_nlink=1; st_uid=-1; st_gid=-1; st_rdev=0; st_size=0; }
   allowed are only: ENOENT
   continuing execution with ENOENT

Error:    136: stat d2//d3
               Tau
               { st_dev=16777220; st_ino=4542; st_kind=S_IFDIR; st_perm=0o755; st_nlink=2; st_uid=-1; st_gid=-1; st_rdev=0; st_size=102; }
   unexpected results: { st_dev=16777220; st_ino=4542; st_kind=S_IFDIR; st_perm=0o755; st_nlink=2; st_uid=-1; st_gid=-1; st_rdev=0; st_size=102; }
   allowed are only: { st_dev=2049; st_ino=3; st_kind=S_IFDIR; st_perm=0o755; st_nlink=2; st_uid=0; st_gid=0; st_rdev=0; st_size=4096; }
   continuing execution with { st_dev=2049; st_ino=3; st_kind=S_IFDIR; st_perm=0o755; st_nlink=2; st_uid=0; st_gid=0; st_rdev=0; st_size=4096; }

Error:    137: stat d2/./file2.txt
               Tau
               { st_dev=16777220; st_ino=4546; st_kind=S_IFREG; st_perm=0o644; st_nlink=1; st_uid=-1; st_gid=-1; st_rdev=0; st_size=0; }
   unexpected results: { st_dev=16777220; st_ino=4546; st_kind=S_IFREG; st_perm=0o644; st_nlink=1; st_uid=-1; st_gid=-1; st_rdev=0; st_size=0; }
   allowed are only: ENOENT
   continuing execution with ENOENT

Error:    138: stat d2/./d3
               Tau
               { st_dev=16777220; st_ino=4542; st_kind=S_IFDIR; st_perm=0o755; st_nlink=2; st_uid=-1; st_gid=-1; st_rdev=0; st_size=102; }
   unexpected results: { st_dev=16777220; st_ino=4542; st_kind=S_IFDIR; st_perm=0o755; st_nlink=2; st_uid=-1; st_gid=-1; st_rdev=0; st_size=102; }
   allowed are only: { st_dev=2049; st_ino=3; st_kind=S_IFDIR; st_perm=0o755; st_nlink=2; st_uid=0; st_gid=0; st_rdev=0; st_size=4096; }
   continuing execution with { st_dev=2049; st_ino=3; st_kind=S_IFDIR; st_perm=0o755; st_nlink=2; st_uid=0; st_gid=0; st_rdev=0; st_size=4096; }

Error:    148: readdir (DH 1)
               Tau
               RV_bytes("file2.txt")
   unexpected results: RV_bytes("file2.txt")
   allowed are only: RV_none
   continuing execution with RV_none

Error:    150: stat file1.txt
               Tau
               { st_dev=16777220; st_ino=4544; st_kind=S_IFREG; st_perm=0o644; st_nlink=1; st_uid=-1; st_gid=-1; st_rdev=0; st_size=0; }
   unexpected results: { st_dev=16777220; st_ino=4544; st_kind=S_IFREG; st_perm=0o644; st_nlink=1; st_uid=-1; st_gid=-1; st_rdev=0; st_size=0; }
   allowed are only: ENOENT
   continuing execution with ENOENT

Error:    151: stat d2/file2.txt
               Tau
               { st_dev=16777220; st_ino=4546; st_kind=S_IFREG; st_perm=0o644; st_nlink=1; st_uid=-1; st_gid=-1; st_rdev=0; st_size=0; }
   unexpected results: { st_dev=16777220; st_ino=4546; st_kind=S_IFREG; st_perm=0o644; st_nlink=1; st_uid=-1; st_gid=-1; st_rdev=0; st_size=0; }
   allowed are only: ENOENT
   continuing execution with ENOENT

Error:    152: stat d2/d3/file3.txt
               Tau
               { st_dev=16777220; st_ino=4548; st_kind=S_IFREG; st_perm=0o644; st_nlink=1; st_uid=-1; st_gid=-1; st_rdev=0; st_size=0; }
   unexpected results: { st_dev=16777220; st_ino=4548; st_kind=S_IFREG; st_perm=0o644; st_nlink=1; st_uid=-1; st_gid=-1; st_rdev=0; st_size=0; }
   allowed are only: ENOENT
   continuing execution with ENOENT

Error:    153: stat .
               Tau
               { st_dev=16777220; st_ino=4539; st_kind=S_IFDIR; st_perm=0o755; st_nlink=3; st_uid=-1; st_gid=-1; st_rdev=0; st_size=136; }
   unexpected results: { st_dev=16777220; st_ino=4539; st_kind=S_IFDIR; st_perm=0o755; st_nlink=3; st_uid=-1; st_gid=-1; st_rdev=0; st_size=136; }
   allowed are only: { st_dev=2049; st_ino=1; st_kind=S_IFDIR; st_perm=0o755; st_nlink=2; st_uid=0; st_gid=0; st_rdev=0; st_size=4096; }
   continuing execution with { st_dev=2049; st_ino=1; st_kind=S_IFDIR; st_perm=0o755; st_nlink=2; st_uid=0; st_gid=0; st_rdev=0; st_size=4096; }

Error:    154: stat d2
               Tau
               { st_dev=16777220; st_ino=4541; st_kind=S_IFDIR; st_perm=0o500; st_nlink=3; st_uid=-1; st_gid=-1; st_rdev=0; st_size=136; }
   unexpected results: { st_dev=16777220; st_ino=4541; st_kind=S_IFDIR; st_perm=0o500; st_nlink=3; st_uid=-1; st_gid=-1; st_rdev=0; st_size=136; }
   allowed are only: { st_dev=2049; st_ino=2; st_kind=S_IFDIR; st_perm=0o500; st_nlink=2; st_uid=0; st_gid=0; st_rdev=0; st_size=4096; }
   continuing execution with { st_dev=2049; st_ino=2; st_kind=S_IFDIR; st_perm=0o500; st_nlink=2; st_uid=0; st_gid=0; st_rdev=0; st_size=4096; }

Error:    155: stat d2/
               Tau
               { st_dev=16777220; st_ino=4541; st_kind=S_IFDIR; st_perm=0o500; st_nlink=3; st_uid=-1; st_gid=-1; st_rdev=0; st_size=136; }
   unexpected results: { st_dev=16777220; st_ino=4541; st_kind=S_IFDIR; st_perm=0o500; st_nlink=3; st_uid=-1; st_gid=-1; st_rdev=0; st_size=136; }
   allowed are only: { st_dev=2049; st_ino=2; st_kind=S_IFDIR; st_perm=0o500; st_nlink=2; st_uid=0; st_gid=0; st_rdev=0; st_size=4096; }
   continuing execution with { st_dev=2049; st_ino=2; st_kind=S_IFDIR; st_perm=0o500; st_nlink=2; st_uid=0; st_gid=0; st_rdev=0; st_size=4096; }

Error:    156: stat d2/d3
               Tau
               { st_dev=16777220; st_ino=4542; st_kind=S_IFDIR; st_perm=0o755; st_nlink=2; st_uid=-1; st_gid=-1; st_rdev=0; st_size=102; }
   unexpected results: { st_dev=16777220; st_ino=4542; st_kind=S_IFDIR; st_perm=0o755; st_nlink=2; st_uid=-1; st_gid=-1; st_rdev=0; st_size=102; }
   allowed are only: { st_dev=2049; st_ino=3; st_kind=S_IFDIR; st_perm=0o755; st_nlink=2; st_uid=0; st_gid=0; st_rdev=0; st_size=4096; }
   continuing execution with { st_dev=2049; st_ino=3; st_kind=S_IFDIR; st_perm=0o755; st_nlink=2; st_uid=0; st_gid=0; st_rdev=0; st_size=4096; }

Error:    157: stat d2//file2.txt
               Tau
               { st_dev=16777220; st_ino=4546; st_kind=S_IFREG; st_perm=0o644; st_nlink=1; st_uid=-1; st_gid=-1; st_rdev=0; st_size=0; }
   unexpected results: { st_dev=16777220; st_ino=4546; st_kind=S_IFREG; st_perm=0o644; st_nlink=1; st_uid=-1; st_gid=-1; st_rdev=0; st_size=0; }
   allowed are only: ENOENT
   continuing execution with ENOENT

Error:    158: stat d2//d3
               Tau
               { st_dev=16777220; st_ino=4542; st_kind=S_IFDIR; st_perm=0o755; st_nlink=2; st_uid=-1; st_gid=-1; st_rdev=0; st_size=102; }
   unexpected results: { st_dev=16777220; st_ino=4542; st_kind=S_IFDIR; st_perm=0o755; st_nlink=2; st_uid=-1; st_gid=-1; st_rdev=0; st_size=102; }
   allowed are only: { st_dev=2049; st_ino=3; st_kind=S_IFDIR; st_perm=0o755; st_nlink=2; st_uid=0; st_gid=0; st_rdev=0; st_size=4096; }
   continuing execution with { st_dev=2049; st_ino=3; st_kind=S_IFDIR; st_perm=0o755; st_nlink=2; st_uid=0; st_gid=0; st_rdev=0; st_size=4096; }

Error:    159: stat d2/./file2.txt
               Tau
               { st_dev=16777220; st_ino=4546; st_kind=S_IFREG; st_perm=0o644; st_nlink=1; st_uid=-1; st_gid=-1; st_rdev=0; st_size=0; }
   unexpected results: { st_dev=16777220; st_ino=4546; st_kind=S_IFREG; st_perm=0o644; st_nlink=1; st_uid=-1; st_gid=-1; st_rdev=0; st_size=0; }
   allowed are only: ENOENT
   continuing execution with ENOENT

Error:    160: stat d2/./d3
               Tau
               { st_dev=16777220; st_ino=4542; st_kind=S_IFDIR; st_perm=0o755; st_nlink=2; st_uid=-1; st_gid=-1; st_rdev=0; st_size=102; }
   unexpected results: { st_dev=16777220; st_ino=4542; st_kind=S_IFDIR; st_perm=0o755; st_nlink=2; st_uid=-1; st_gid=-1; st_rdev=0; st_size=102; }
   allowed are only: { st_dev=2049; st_ino=3; st_kind=S_IFDIR; st_perm=0o755; st_nlink=2; st_uid=0; st_gid=0; st_rdev=0; st_size=4096; }
   continuing execution with { st_dev=2049; st_ino=3; st_kind=S_IFDIR; st_perm=0o755; st_nlink=2; st_uid=0; st_gid=0; st_rdev=0; st_size=4096; }

Error:    170: readdir (DH 1)
               Tau
               RV_bytes("file2.txt")
   unexpected results: RV_bytes("file2.txt")
   allowed are only: RV_none
   continuing execution with RV_none

Error:    172: stat file1.txt
               Tau
               { st_dev=16777220; st_ino=4544; st_kind=S_IFREG; st_perm=0o644; st_nlink=1; st_uid=-1; st_gid=-1; st_rdev=0; st_size=0; }
   unexpected results: { st_dev=16777220; st_ino=4544; st_kind=S_IFREG; st_perm=0o644; st_nlink=1; st_uid=-1; st_gid=-1; st_rdev=0; st_size=0; }
   allowed are only: ENOENT
   continuing execution with ENOENT

Error:    173: stat d2/file2.txt
               Tau
               { st_dev=16777220; st_ino=4546; st_kind=S_IFREG; st_perm=0o644; st_nlink=1; st_uid=-1; st_gid=-1; st_rdev=0; st_size=0; }
   unexpected results: { st_dev=16777220; st_ino=4546; st_kind=S_IFREG; st_perm=0o644; st_nlink=1; st_uid=-1; st_gid=-1; st_rdev=0; st_size=0; }
   allowed are only: ENOENT
   continuing execution with ENOENT

Error:    174: stat d2/d3/file3.txt
               Tau
               { st_dev=16777220; st_ino=4548; st_kind=S_IFREG; st_perm=0o644; st_nlink=1; st_uid=-1; st_gid=-1; st_rdev=0; st_size=0; }
   unexpected results: { st_dev=16777220; st_ino=4548; st_kind=S_IFREG; st_perm=0o644; st_nlink=1; st_uid=-1; st_gid=-1; st_rdev=0; st_size=0; }
   allowed are only: ENOENT
   continuing execution with ENOENT

Error:    175: stat .
               Tau
               { st_dev=16777220; st_ino=4539; st_kind=S_IFDIR; st_perm=0o755; st_nlink=3; st_uid=-1; st_gid=-1; st_rdev=0; st_size=136; }
   unexpected results: { st_dev=16777220; st_ino=4539; st_kind=S_IFDIR; st_perm=0o755; st_nlink=3; st_uid=-1; st_gid=-1; st_rdev=0; st_size=136; }
   allowed are only: { st_dev=2049; st_ino=1; st_kind=S_IFDIR; st_perm=0o755; st_nlink=2; st_uid=0; st_gid=0; st_rdev=0; st_size=4096; }
   continuing execution with { st_dev=2049; st_ino=1; st_kind=S_IFDIR; st_perm=0o755; st_nlink=2; st_uid=0; st_gid=0; st_rdev=0; st_size=4096; }

Error:    176: stat d2
               Tau
               { st_dev=16777220; st_ino=4541; st_kind=S_IFDIR; st_perm=0o100; st_nlink=3; st_uid=-1; st_gid=-1; st_rdev=0; st_size=136; }
   unexpected results: { st_dev=16777220; st_ino=4541; st_kind=S_IFDIR; st_perm=0o100; st_nlink=3; st_uid=-1; st_gid=-1; st_rdev=0; st_size=136; }
   allowed are only: { st_dev=2049; st_ino=2; st_kind=S_IFDIR; st_perm=0o100; st_nlink=2; st_uid=0; st_gid=0; st_rdev=0; st_size=4096; }
   continuing execution with { st_dev=2049; st_ino=2; st_kind=S_IFDIR; st_perm=0o100; st_nlink=2; st_uid=0; st_gid=0; st_rdev=0; st_size=4096; }

Error:    177: stat d2/
               Tau
               { st_dev=16777220; st_ino=4541; st_kind=S_IFDIR; st_perm=0o100; st_nlink=3; st_uid=-1; st_gid=-1; st_rdev=0; st_size=136; }
   unexpected results: { st_dev=16777220; st_ino=4541; st_kind=S_IFDIR; st_perm=0o100; st_nlink=3; st_uid=-1; st_gid=-1; st_rdev=0; st_size=136; }
   allowed are only: { st_dev=2049; st_ino=2; st_kind=S_IFDIR; st_perm=0o100; st_nlink=2; st_uid=0; st_gid=0; st_rdev=0; st_size=4096; }
   continuing execution with { st_dev=2049; st_ino=2; st_kind=S_IFDIR; st_perm=0o100; st_nlink=2; st_uid=0; st_gid=0; st_rdev=0; st_size=4096; }

Error:    178: stat d2/d3
               Tau
               { st_dev=16777220; st_ino=4542; st_kind=S_IFDIR; st_perm=0o755; st_nlink=2; st_uid=-1; st_gid=-1; st_rdev=0; st_size=102; }
   unexpected results: { st_dev=16777220; st_ino=4542; st_kind=S_IFDIR; st_perm=0o755; st_nlink=2; st_uid=-1; st_gid=-1; st_rdev=0; st_size=102; }
   allowed are only: { st_dev=2049; st_ino=3; st_kind=S_IFDIR; st_perm=0o755; st_nlink=2; st_uid=0; st_gid=0; st_rdev=0; st_size=4096; }
   continuing execution with { st_dev=2049; st_ino=3; st_kind=S_IFDIR; st_perm=0o755; st_nlink=2; st_uid=0; st_gid=0; st_rdev=0; st_size=4096; }

Error:    179: stat d2//file2.txt
               Tau
               { st_dev=16777220; st_ino=4546; st_kind=S_IFREG; st_perm=0o644; st_nlink=1; st_uid=-1; st_gid=-1; st_rdev=0; st_size=0; }
   unexpected results: { st_dev=16777220; st_ino=4546; st_kind=S_IFREG; st_perm=0o644; st_nlink=1; st_uid=-1; st_gid=-1; st_rdev=0; st_size=0; }
   allowed are only: ENOENT
   continuing execution with ENOENT

Error:    180: stat d2//d3
               Tau
               { st_dev=16777220; st_ino=4542; st_kind=S_IFDIR; st_perm=0o755; st_nlink=2; st_uid=-1; st_gid=-1; st_rdev=0; st_size=102; }
   unexpected results: { st_dev=16777220; st_ino=4542; st_kind=S_IFDIR; st_perm=0o755; st_nlink=2; st_uid=-1; st_gid=-1; st_rdev=0; st_size=102; }
   allowed are only: { st_dev=2049; st_ino=3; st_kind=S_IFDIR; st_perm=0o755; st_nlink=2; st_uid=0; st_gid=0; st_rdev=0; st_size=4096; }
   continuing execution with { st_dev=2049; st_ino=3; st_kind=S_IFDIR; st_perm=0o755; st_nlink=2; st_uid=0; st_gid=0; st_rdev=0; st_size=4096; }

Error:    181: stat d2/./file2.txt
               Tau
               { st_dev=16777220; st_ino=4546; st_kind=S_IFREG; st_perm=0o644; st_nlink=1; st_uid=-1; st_gid=-1; st_rdev=0; st_size=0; }
   unexpected results: { st_dev=16777220; st_ino=4546; st_kind=S_IFREG; st_perm=0o644; st_nlink=1; st_uid=-1; st_gid=-1; st_rdev=0; st_size=0; }
   allowed are only: ENOENT
   continuing execution with ENOENT

Error:    182: stat d2/./d3
               Tau
               { st_dev=16777220; st_ino=4542; st_kind=S_IFDIR; st_perm=0o755; st_nlink=2; st_uid=-1; st_gid=-1; st_rdev=0; st_size=102; }
   unexpected results: { st_dev=16777220; st_ino=4542; st_kind=S_IFDIR; st_perm=0o755; st_nlink=2; st_uid=-1; st_gid=-1; st_rdev=0; st_size=102; }
   allowed are only: { st_dev=2049; st_ino=3; st_kind=S_IFDIR; st_perm=0o755; st_nlink=2; st_uid=0; st_gid=0; st_rdev=0; st_size=4096; }
   continuing execution with { st_dev=2049; st_ino=3; st_kind=S_IFDIR; st_perm=0o755; st_nlink=2; st_uid=0; st_gid=0; st_rdev=0; st_size=4096; }

Error:    192: readdir (DH 1)
               Tau
               RV_bytes("file2.txt")
   unexpected results: RV_bytes("file2.txt")
   allowed are only: RV_none
   continuing execution with RV_none

Error:    194: stat file1.txt
               Tau
               { st_dev=16777220; st_ino=4544; st_kind=S_IFREG; st_perm=0o644; st_nlink=1; st_uid=-1; st_gid=-1; st_rdev=0; st_size=0; }
   unexpected results: { st_dev=16777220; st_ino=4544; st_kind=S_IFREG; st_perm=0o644; st_nlink=1; st_uid=-1; st_gid=-1; st_rdev=0; st_size=0; }
   allowed are only: ENOENT
   continuing execution with ENOENT

Error:    195: stat d2/file2.txt
               Tau
               { st_dev=16777220; st_ino=4546; st_kind=S_IFREG; st_perm=0o644; st_nlink=1; st_uid=-1; st_gid=-1; st_rdev=0; st_size=0; }
   unexpected results: { st_dev=16777220; st_ino=4546; st_kind=S_IFREG; st_perm=0o644; st_nlink=1; st_uid=-1; st_gid=-1; st_rdev=0; st_size=0; }
   allowed are only: ENOENT
   continuing execution with ENOENT

Error:    196: stat d2/d3/file3.txt
               Tau
               { st_dev=16777220; st_ino=4548; st_kind=S_IFREG; st_perm=0o644; st_nlink=1; st_uid=-1; st_gid=-1; st_rdev=0; st_size=0; }
   unexpected results: { st_dev=16777220; st_ino=4548; st_kind=S_IFREG; st_perm=0o644; st_nlink=1; st_uid=-1; st_gid=-1; st_rdev=0; st_size=0; }
   allowed are only: ENOENT
   continuing execution with ENOENT

Error:    197: stat .
               Tau
               { st_dev=16777220; st_ino=4539; st_kind=S_IFDIR; st_perm=0o755; st_nlink=3; st_uid=-1; st_gid=-1; st_rdev=0; st_size=136; }
   unexpected results: { st_dev=16777220; st_ino=4539; st_kind=S_IFDIR; st_perm=0o755; st_nlink=3; st_uid=-1; st_gid=-1; st_rdev=0; st_size=136; }
   allowed are only: { st_dev=2049; st_ino=1; st_kind=S_IFDIR; st_perm=0o755; st_nlink=2; st_uid=0; st_gid=0; st_rdev=0; st_size=4096; }
   continuing execution with { st_dev=2049; st_ino=1; st_kind=S_IFDIR; st_perm=0o755; st_nlink=2; st_uid=0; st_gid=0; st_rdev=0; st_size=4096; }

Error:    198: stat d2
               Tau
               { st_dev=16777220; st_ino=4541; st_kind=S_IFDIR; st_perm=0o400; st_nlink=3; st_uid=-1; st_gid=-1; st_rdev=0; st_size=136; }
   unexpected results: { st_dev=16777220; st_ino=4541; st_kind=S_IFDIR; st_perm=0o400; st_nlink=3; st_uid=-1; st_gid=-1; st_rdev=0; st_size=136; }
   allowed are only: { st_dev=2049; st_ino=2; st_kind=S_IFDIR; st_perm=0o400; st_nlink=2; st_uid=0; st_gid=0; st_rdev=0; st_size=4096; }
   continuing execution with { st_dev=2049; st_ino=2; st_kind=S_IFDIR; st_perm=0o400; st_nlink=2; st_uid=0; st_gid=0; st_rdev=0; st_size=4096; }

Error:    199: stat d2/
               Tau
               { st_dev=16777220; st_ino=4541; st_kind=S_IFDIR; st_perm=0o400; st_nlink=3; st_uid=-1; st_gid=-1; st_rdev=0; st_size=136; }
   unexpected results: { st_dev=16777220; st_ino=4541; st_kind=S_IFDIR; st_perm=0o400; st_nlink=3; st_uid=-1; st_gid=-1; st_rdev=0; st_size=136; }
   allowed are only: { st_dev=2049; st_ino=2; st_kind=S_IFDIR; st_perm=0o400; st_nlink=2; st_uid=0; st_gid=0; st_rdev=0; st_size=4096; }
   continuing execution with { st_dev=2049; st_ino=2; st_kind=S_IFDIR; st_perm=0o400; st_nlink=2; st_uid=0; st_gid=0; st_rdev=0; st_size=4096; }

Error:    200: stat d2/d3
               Tau
               { st_dev=16777220; st_ino=4542; st_kind=S_IFDIR; st_perm=0o755; st_nlink=2; st_uid=-1; st_gid=-1; st_rdev=0; st_size=102; }
   unexpected results: { st_dev=16777220; st_ino=4542; st_kind=S_IFDIR; st_perm=0o755; st_nlink=2; st_uid=-1; st_gid=-1; st_rdev=0; st_size=102; }
   allowed are only: { st_dev=2049; st_ino=3; st_kind=S_IFDIR; st_perm=0o755; st_nlink=2; st_uid=0; st_gid=0; st_rdev=0; st_size=4096; }
   continuing execution with { st_dev=2049; st_ino=3; st_kind=S_IFDIR; st_perm=0o755; st_nlink=2; st_uid=0; st_gid=0; st_rdev=0; st_size=4096; }

Error:    201: stat d2//file2.txt
               Tau
               { st_dev=16777220; st_ino=4546; st_kind=S_IFREG; st_perm=0o644; st_nlink=1; st_uid=-1; st_gid=-1; st_rdev=0; st_size=0; }
   unexpected results: { st_dev=16777220; st_ino=4546; st_kind=S_IFREG; st_perm=0o644; st_nlink=1; st_uid=-1; st_gid=-1; st_rdev=0; st_size=0; }
   allowed are only: ENOENT
   continuing execution with ENOENT

Error:    202: stat d2//d3
               Tau
               { st_dev=16777220; st_ino=4542; st_kind=S_IFDIR; st_perm=0o755; st_nlink=2; st_uid=-1; st_gid=-1; st_rdev=0; st_size=102; }
   unexpected results: { st_dev=16777220; st_ino=4542; st_kind=S_IFDIR; st_perm=0o755; st_nlink=2; st_uid=-1; st_gid=-1; st_rdev=0; st_size=102; }
   allowed are only: { st_dev=2049; st_ino=3; st_kind=S_IFDIR; st_perm=0o755; st_nlink=2; st_uid=0; st_gid=0; st_rdev=0; st_size=4096; }
   continuing execution with { st_dev=2049; st_ino=3; st_kind=S_IFDIR; st_perm=0o755; st_nlink=2; st_uid=0; st_gid=0; st_rdev=0; st_size=4096; }

Error:    203: stat d2/./file2.txt
               Tau
               { st_dev=16777220; st_ino=4546; st_kind=S_IFREG; st_perm=0o644; st_nlink=1; st_uid=-1; st_gid=-1; st_rdev=0; st_size=0; }
   unexpected results: { st_dev=16777220; st_ino=4546; st_kind=S_IFREG; st_perm=0o644; st_nlink=1; st_uid=-1; st_gid=-1; st_rdev=0; st_size=0; }
   allowed are only: ENOENT
   continuing execution with ENOENT

Error:    204: stat d2/./d3
               Tau
               { st_dev=16777220; st_ino=4542; st_kind=S_IFDIR; st_perm=0o755; st_nlink=2; st_uid=-1; st_gid=-1; st_rdev=0; st_size=102; }
   unexpected results: { st_dev=16777220; st_ino=4542; st_kind=S_IFDIR; st_perm=0o755; st_nlink=2; st_uid=-1; st_gid=-1; st_rdev=0; st_size=102; }
   allowed are only: { st_dev=2049; st_ino=3; st_kind=S_IFDIR; st_perm=0o755; st_nlink=2; st_uid=0; st_gid=0; st_rdev=0; st_size=4096; }
   continuing execution with { st_dev=2049; st_ino=3; st_kind=S_IFDIR; st_perm=0o755; st_nlink=2; st_uid=0; st_gid=0; st_rdev=0; st_size=4096; }

Error:    221: readdir (DH 1)
               Tau
               RV_bytes("file2.txt")
   unexpected results: RV_bytes("file2.txt")
   allowed are only: RV_none
   continuing execution with RV_none

Error:    223: stat ../file1.txt
               Tau
               { st_dev=16777220; st_ino=4544; st_kind=S_IFREG; st_perm=0o644; st_nlink=1; st_uid=-1; st_gid=-1; st_rdev=0; st_size=0; }
   unexpected results: { st_dev=16777220; st_ino=4544; st_kind=S_IFREG; st_perm=0o644; st_nlink=1; st_uid=-1; st_gid=-1; st_rdev=0; st_size=0; }
   allowed are only: ENOENT
   continuing execution with ENOENT

Error:    224: stat file2.txt
               Tau
               { st_dev=16777220; st_ino=4546; st_kind=S_IFREG; st_perm=0o644; st_nlink=1; st_uid=-1; st_gid=-1; st_rdev=0; st_size=0; }
   unexpected results: { st_dev=16777220; st_ino=4546; st_kind=S_IFREG; st_perm=0o644; st_nlink=1; st_uid=-1; st_gid=-1; st_rdev=0; st_size=0; }
   allowed are only: ENOENT
   continuing execution with ENOENT

Error:    225: stat d3/file3.txt
               Tau
               { st_dev=16777220; st_ino=4548; st_kind=S_IFREG; st_perm=0o644; st_nlink=1; st_uid=-1; st_gid=-1; st_rdev=0; st_size=0; }
   unexpected results: { st_dev=16777220; st_ino=4548; st_kind=S_IFREG; st_perm=0o644; st_nlink=1; st_uid=-1; st_gid=-1; st_rdev=0; st_size=0; }
   allowed are only: ENOENT
   continuing execution with ENOENT

Error:    226: stat ..
               Tau
               { st_dev=16777220; st_ino=4539; st_kind=S_IFDIR; st_perm=0o755; st_nlink=3; st_uid=-1; st_gid=-1; st_rdev=0; st_size=136; }
   unexpected results: { st_dev=16777220; st_ino=4539; st_kind=S_IFDIR; st_perm=0o755; st_nlink=3; st_uid=-1; st_gid=-1; st_rdev=0; st_size=136; }
   allowed are only: { st_dev=2049; st_ino=1; st_kind=S_IFDIR; st_perm=0o755; st_nlink=2; st_uid=0; st_gid=0; st_rdev=0; st_size=4096; }
   continuing execution with { st_dev=2049; st_ino=1; st_kind=S_IFDIR; st_perm=0o755; st_nlink=2; st_uid=0; st_gid=0; st_rdev=0; st_size=4096; }

Error:    227: stat .
               Tau
               { st_dev=16777220; st_ino=4541; st_kind=S_IFDIR; st_perm=0o700; st_nlink=3; st_uid=-1; st_gid=-1; st_rdev=0; st_size=136; }
   unexpected results: { st_dev=16777220; st_ino=4541; st_kind=S_IFDIR; st_perm=0o700; st_nlink=3; st_uid=-1; st_gid=-1; st_rdev=0; st_size=136; }
   allowed are only: { st_dev=2049; st_ino=2; st_kind=S_IFDIR; st_perm=0o700; st_nlink=2; st_uid=0; st_gid=0; st_rdev=0; st_size=4096; }
   continuing execution with { st_dev=2049; st_ino=2; st_kind=S_IFDIR; st_perm=0o700; st_nlink=2; st_uid=0; st_gid=0; st_rdev=0; st_size=4096; }

Error:    228: stat ./
               Tau
               { st_dev=16777220; st_ino=4541; st_kind=S_IFDIR; st_perm=0o700; st_nlink=3; st_uid=-1; st_gid=-1; st_rdev=0; st_size=136; }
   unexpected results: { st_dev=16777220; st_ino=4541; st_kind=S_IFDIR; st_perm=0o700; st_nlink=3; st_uid=-1; st_gid=-1; st_rdev=0; st_size=136; }
   allowed are only: { st_dev=2049; st_ino=2; st_kind=S_IFDIR; st_perm=0o700; st_nlink=2; st_uid=0; st_gid=0; st_rdev=0; st_size=4096; }
   continuing execution with { st_dev=2049; st_ino=2; st_kind=S_IFDIR; st_perm=0o700; st_nlink=2; st_uid=0; st_gid=0; st_rdev=0; st_size=4096; }

Error:    229: stat d3
               Tau
               { st_dev=16777220; st_ino=4542; st_kind=S_IFDIR; st_perm=0o755; st_nlink=2; st_uid=-1; st_gid=-1; st_rdev=0; st_size=102; }
   unexpected results: { st_dev=16777220; st_ino=4542; st_kind=S_IFDIR; st_perm=0o755; st_nlink=2; st_uid=-1; st_gid=-1; st_rdev=0; st_size=102; }
   allowed are only: { st_dev=2049; st_ino=3; st_kind=S_IFDIR; st_perm=0o755; st_nlink=2; st_uid=0; st_gid=0; st_rdev=0; st_size=4096; }
   continuing execution with { st_dev=2049; st_ino=3; st_kind=S_IFDIR; st_perm=0o755; st_nlink=2; st_uid=0; st_gid=0; st_rdev=0; st_size=4096; }

Error:    230: stat .//file2.txt
               Tau
               { st_dev=16777220; st_ino=4546; st_kind=S_IFREG; st_perm=0o644; st_nlink=1; st_uid=-1; st_gid=-1; st_rdev=0; st_size=0; }
   unexpected results: { st_dev=16777220; st_ino=4546; st_kind=S_IFREG; st_perm=0o644; st_nlink=1; st_uid=-1; st_gid=-1; st_rdev=0; st_size=0; }
   allowed are only: ENOENT
   continuing execution with ENOENT

Error:    231: stat .//d3
               Tau
               { st_dev=16777220; st_ino=4542; st_kind=S_IFDIR; st_perm=0o755; st_nlink=2; st_uid=-1; st_gid=-1; st_rdev=0; st_size=102; }
   unexpected results: { st_dev=16777220; st_ino=4542; st_kind=S_IFDIR; st_perm=0o755; st_nlink=2; st_uid=-1; st_gid=-1; st_rdev=0; st_size=102; }
   allowed are only: { st_dev=2049; st_ino=3; st_kind=S_IFDIR; st_perm=0o755; st_nlink=2; st_uid=0; st_gid=0; st_rdev=0; st_size=4096; }
   continuing execution with { st_dev=2049; st_ino=3; st_kind=S_IFDIR; st_perm=0o755; st_nlink=2; st_uid=0; st_gid=0; st_rdev=0; st_size=4096; }

Error:    232: stat ./file2.txt
               Tau
               { st_dev=16777220; st_ino=4546; st_kind=S_IFREG; st_perm=0o644; st_nlink=1; st_uid=-1; st_gid=-1; st_rdev=0; st_size=0; }
   unexpected results: { st_dev=16777220; st_ino=4546; st_kind=S_IFREG; st_perm=0o644; st_nlink=1; st_uid=-1; st_gid=-1; st_rdev=0; st_size=0; }
   allowed are only: ENOENT
   continuing execution with ENOENT

Error:    233: stat ./d3
               Tau
               { st_dev=16777220; st_ino=4542; st_kind=S_IFDIR; st_perm=0o755; st_nlink=2; st_uid=-1; st_gid=-1; st_rdev=0; st_size=102; }
   unexpected results: { st_dev=16777220; st_ino=4542; st_kind=S_IFDIR; st_perm=0o755; st_nlink=2; st_uid=-1; st_gid=-1; st_rdev=0; st_size=102; }
   allowed are only: { st_dev=2049; st_ino=3; st_kind=S_IFDIR; st_perm=0o755; st_nlink=2; st_uid=0; st_gid=0; st_rdev=0; st_size=4096; }
   continuing execution with { st_dev=2049; st_ino=3; st_kind=S_IFDIR; st_perm=0o755; st_nlink=2; st_uid=0; st_gid=0; st_rdev=0; st_size=4096; }

Error:    242: readdir (DH 1)
               Tau
               RV_bytes("file2.txt")
   unexpected results: RV_bytes("file2.txt")
   allowed are only: RV_none
   continuing execution with RV_none

Error:    244: stat ../file1.txt
               Tau
               { st_dev=16777220; st_ino=4544; st_kind=S_IFREG; st_perm=0o644; st_nlink=1; st_uid=-1; st_gid=-1; st_rdev=0; st_size=0; }
   unexpected results: { st_dev=16777220; st_ino=4544; st_kind=S_IFREG; st_perm=0o644; st_nlink=1; st_uid=-1; st_gid=-1; st_rdev=0; st_size=0; }
   allowed are only: ENOENT
   continuing execution with ENOENT

Error:    245: stat file2.txt
               Tau
               { st_dev=16777220; st_ino=4546; st_kind=S_IFREG; st_perm=0o644; st_nlink=1; st_uid=-1; st_gid=-1; st_rdev=0; st_size=0; }
   unexpected results: { st_dev=16777220; st_ino=4546; st_kind=S_IFREG; st_perm=0o644; st_nlink=1; st_uid=-1; st_gid=-1; st_rdev=0; st_size=0; }
   allowed are only: ENOENT
   continuing execution with ENOENT

Error:    246: stat d3/file3.txt
               Tau
               { st_dev=16777220; st_ino=4548; st_kind=S_IFREG; st_perm=0o644; st_nlink=1; st_uid=-1; st_gid=-1; st_rdev=0; st_size=0; }
   unexpected results: { st_dev=16777220; st_ino=4548; st_kind=S_IFREG; st_perm=0o644; st_nlink=1; st_uid=-1; st_gid=-1; st_rdev=0; st_size=0; }
   allowed are only: ENOENT
   continuing execution with ENOENT

Error:    247: stat ..
               Tau
               { st_dev=16777220; st_ino=4539; st_kind=S_IFDIR; st_perm=0o755; st_nlink=3; st_uid=-1; st_gid=-1; st_rdev=0; st_size=136; }
   unexpected results: { st_dev=16777220; st_ino=4539; st_kind=S_IFDIR; st_perm=0o755; st_nlink=3; st_uid=-1; st_gid=-1; st_rdev=0; st_size=136; }
   allowed are only: { st_dev=2049; st_ino=1; st_kind=S_IFDIR; st_perm=0o755; st_nlink=2; st_uid=0; st_gid=0; st_rdev=0; st_size=4096; }
   continuing execution with { st_dev=2049; st_ino=1; st_kind=S_IFDIR; st_perm=0o755; st_nlink=2; st_uid=0; st_gid=0; st_rdev=0; st_size=4096; }

Error:    248: stat .
               Tau
               { st_dev=16777220; st_ino=4541; st_kind=S_IFDIR; st_perm=0o500; st_nlink=3; st_uid=-1; st_gid=-1; st_rdev=0; st_size=136; }
   unexpected results: { st_dev=16777220; st_ino=4541; st_kind=S_IFDIR; st_perm=0o500; st_nlink=3; st_uid=-1; st_gid=-1; st_rdev=0; st_size=136; }
   allowed are only: { st_dev=2049; st_ino=2; st_kind=S_IFDIR; st_perm=0o500; st_nlink=2; st_uid=0; st_gid=0; st_rdev=0; st_size=4096; }
   continuing execution with { st_dev=2049; st_ino=2; st_kind=S_IFDIR; st_perm=0o500; st_nlink=2; st_uid=0; st_gid=0; st_rdev=0; st_size=4096; }

Error:    249: stat ./
               Tau
               { st_dev=16777220; st_ino=4541; st_kind=S_IFDIR; st_perm=0o500; st_nlink=3; st_uid=-1; st_gid=-1; st_rdev=0; st_size=136; }
   unexpected results: { st_dev=16777220; st_ino=4541; st_kind=S_IFDIR; st_perm=0o500; st_nlink=3; st_uid=-1; st_gid=-1; st_rdev=0; st_size=136; }
   allowed are only: { st_dev=2049; st_ino=2; st_kind=S_IFDIR; st_perm=0o500; st_nlink=2; st_uid=0; st_gid=0; st_rdev=0; st_size=4096; }
   continuing execution with { st_dev=2049; st_ino=2; st_kind=S_IFDIR; st_perm=0o500; st_nlink=2; st_uid=0; st_gid=0; st_rdev=0; st_size=4096; }

Error:    250: stat d3
               Tau
               { st_dev=16777220; st_ino=4542; st_kind=S_IFDIR; st_perm=0o755; st_nlink=2; st_uid=-1; st_gid=-1; st_rdev=0; st_size=102; }
   unexpected results: { st_dev=16777220; st_ino=4542; st_kind=S_IFDIR; st_perm=0o755; st_nlink=2; st_uid=-1; st_gid=-1; st_rdev=0; st_size=102; }
   allowed are only: { st_dev=2049; st_ino=3; st_kind=S_IFDIR; st_perm=0o755; st_nlink=2; st_uid=0; st_gid=0; st_rdev=0; st_size=4096; }
   continuing execution with { st_dev=2049; st_ino=3; st_kind=S_IFDIR; st_perm=0o755; st_nlink=2; st_uid=0; st_gid=0; st_rdev=0; st_size=4096; }

Error:    251: stat .//file2.txt
               Tau
               { st_dev=16777220; st_ino=4546; st_kind=S_IFREG; st_perm=0o644; st_nlink=1; st_uid=-1; st_gid=-1; st_rdev=0; st_size=0; }
   unexpected results: { st_dev=16777220; st_ino=4546; st_kind=S_IFREG; st_perm=0o644; st_nlink=1; st_uid=-1; st_gid=-1; st_rdev=0; st_size=0; }
   allowed are only: ENOENT
   continuing execution with ENOENT

Error:    252: stat .//d3
               Tau
               { st_dev=16777220; st_ino=4542; st_kind=S_IFDIR; st_perm=0o755; st_nlink=2; st_uid=-1; st_gid=-1; st_rdev=0; st_size=102; }
   unexpected results: { st_dev=16777220; st_ino=4542; st_kind=S_IFDIR; st_perm=0o755; st_nlink=2; st_uid=-1; st_gid=-1; st_rdev=0; st_size=102; }
   allowed are only: { st_dev=2049; st_ino=3; st_kind=S_IFDIR; st_perm=0o755; st_nlink=2; st_uid=0; st_gid=0; st_rdev=0; st_size=4096; }
   continuing execution with { st_dev=2049; st_ino=3; st_kind=S_IFDIR; st_perm=0o755; st_nlink=2; st_uid=0; st_gid=0; st_rdev=0; st_size=4096; }

Error:    253: stat ./file2.txt
               Tau
               { st_dev=16777220; st_ino=4546; st_kind=S_IFREG; st_perm=0o644; st_nlink=1; st_uid=-1; st_gid=-1; st_rdev=0; st_size=0; }
   unexpected results: { st_dev=16777220; st_ino=4546; st_kind=S_IFREG; st_perm=0o644; st_nlink=1; st_uid=-1; st_gid=-1; st_rdev=0; st_size=0; }
   allowed are only: ENOENT
   continuing execution with ENOENT

Error:    254: stat ./d3
               Tau
               { st_dev=16777220; st_ino=4542; st_kind=S_IFDIR; st_perm=0o755; st_nlink=2; st_uid=-1; st_gid=-1; st_rdev=0; st_size=102; }
   unexpected results: { st_dev=16777220; st_ino=4542; st_kind=S_IFDIR; st_perm=0o755; st_nlink=2; st_uid=-1; st_gid=-1; st_rdev=0; st_size=102; }
   allowed are only: { st_dev=2049; st_ino=3; st_kind=S_IFDIR; st_perm=0o755; st_nlink=2; st_uid=0; st_gid=0; st_rdev=0; st_size=4096; }
   continuing execution with { st_dev=2049; st_ino=3; st_kind=S_IFDIR; st_perm=0o755; st_nlink=2; st_uid=0; st_gid=0; st_rdev=0; st_size=4096; }

Error:    263: readdir (DH 1)
               Tau
               RV_bytes("file2.txt")
   unexpected results: RV_bytes("file2.txt")
   allowed are only: RV_none
   continuing execution with RV_none

Error:    265: stat ../file1.txt
               Tau
               { st_dev=16777220; st_ino=4544; st_kind=S_IFREG; st_perm=0o644; st_nlink=1; st_uid=-1; st_gid=-1; st_rdev=0; st_size=0; }
   unexpected results: { st_dev=16777220; st_ino=4544; st_kind=S_IFREG; st_perm=0o644; st_nlink=1; st_uid=-1; st_gid=-1; st_rdev=0; st_size=0; }
   allowed are only: ENOENT
   continuing execution with ENOENT

Error:    266: stat file2.txt
               Tau
               { st_dev=16777220; st_ino=4546; st_kind=S_IFREG; st_perm=0o644; st_nlink=1; st_uid=-1; st_gid=-1; st_rdev=0; st_size=0; }
   unexpected results: { st_dev=16777220; st_ino=4546; st_kind=S_IFREG; st_perm=0o644; st_nlink=1; st_uid=-1; st_gid=-1; st_rdev=0; st_size=0; }
   allowed are only: ENOENT
   continuing execution with ENOENT

Error:    267: stat d3/file3.txt
               Tau
               { st_dev=16777220; st_ino=4548; st_kind=S_IFREG; st_perm=0o644; st_nlink=1; st_uid=-1; st_gid=-1; st_rdev=0; st_size=0; }
   unexpected results: { st_dev=16777220; st_ino=4548; st_kind=S_IFREG; st_perm=0o644; st_nlink=1; st_uid=-1; st_gid=-1; st_rdev=0; st_size=0; }
   allowed are only: ENOENT
   continuing execution with ENOENT

Error:    268: stat ..
               Tau
               { st_dev=16777220; st_ino=4539; st_kind=S_IFDIR; st_perm=0o755; st_nlink=3; st_uid=-1; st_gid=-1; st_rdev=0; st_size=136; }
   unexpected results: { st_dev=16777220; st_ino=4539; st_kind=S_IFDIR; st_perm=0o755; st_nlink=3; st_uid=-1; st_gid=-1; st_rdev=0; st_size=136; }
   allowed are only: { st_dev=2049; st_ino=1; st_kind=S_IFDIR; st_perm=0o755; st_nlink=2; st_uid=0; st_gid=0; st_rdev=0; st_size=4096; }
   continuing execution with { st_dev=2049; st_ino=1; st_kind=S_IFDIR; st_perm=0o755; st_nlink=2; st_uid=0; st_gid=0; st_rdev=0; st_size=4096; }

Error:    269: stat .
               Tau
               { st_dev=16777220; st_ino=4541; st_kind=S_IFDIR; st_perm=0o100; st_nlink=3; st_uid=-1; st_gid=-1; st_rdev=0; st_size=136; }
   unexpected results: { st_dev=16777220; st_ino=4541; st_kind=S_IFDIR; st_perm=0o100; st_nlink=3; st_uid=-1; st_gid=-1; st_rdev=0; st_size=136; }
   allowed are only: { st_dev=2049; st_ino=2; st_kind=S_IFDIR; st_perm=0o100; st_nlink=2; st_uid=0; st_gid=0; st_rdev=0; st_size=4096; }
   continuing execution with { st_dev=2049; st_ino=2; st_kind=S_IFDIR; st_perm=0o100; st_nlink=2; st_uid=0; st_gid=0; st_rdev=0; st_size=4096; }

Error:    270: stat ./
               Tau
               { st_dev=16777220; st_ino=4541; st_kind=S_IFDIR; st_perm=0o100; st_nlink=3; st_uid=-1; st_gid=-1; st_rdev=0; st_size=136; }
   unexpected results: { st_dev=16777220; st_ino=4541; st_kind=S_IFDIR; st_perm=0o100; st_nlink=3; st_uid=-1; st_gid=-1; st_rdev=0; st_size=136; }
   allowed are only: { st_dev=2049; st_ino=2; st_kind=S_IFDIR; st_perm=0o100; st_nlink=2; st_uid=0; st_gid=0; st_rdev=0; st_size=4096; }
   continuing execution with { st_dev=2049; st_ino=2; st_kind=S_IFDIR; st_perm=0o100; st_nlink=2; st_uid=0; st_gid=0; st_rdev=0; st_size=4096; }

Error:    271: stat d3
               Tau
               { st_dev=16777220; st_ino=4542; st_kind=S_IFDIR; st_perm=0o755; st_nlink=2; st_uid=-1; st_gid=-1; st_rdev=0; st_size=102; }
   unexpected results: { st_dev=16777220; st_ino=4542; st_kind=S_IFDIR; st_perm=0o755; st_nlink=2; st_uid=-1; st_gid=-1; st_rdev=0; st_size=102; }
   allowed are only: { st_dev=2049; st_ino=3; st_kind=S_IFDIR; st_perm=0o755; st_nlink=2; st_uid=0; st_gid=0; st_rdev=0; st_size=4096; }
   continuing execution with { st_dev=2049; st_ino=3; st_kind=S_IFDIR; st_perm=0o755; st_nlink=2; st_uid=0; st_gid=0; st_rdev=0; st_size=4096; }

Error:    272: stat .//file2.txt
               Tau
               { st_dev=16777220; st_ino=4546; st_kind=S_IFREG; st_perm=0o644; st_nlink=1; st_uid=-1; st_gid=-1; st_rdev=0; st_size=0; }
   unexpected results: { st_dev=16777220; st_ino=4546; st_kind=S_IFREG; st_perm=0o644; st_nlink=1; st_uid=-1; st_gid=-1; st_rdev=0; st_size=0; }
   allowed are only: ENOENT
   continuing execution with ENOENT

Error:    273: stat .//d3
               Tau
               { st_dev=16777220; st_ino=4542; st_kind=S_IFDIR; st_perm=0o755; st_nlink=2; st_uid=-1; st_gid=-1; st_rdev=0; st_size=102; }
   unexpected results: { st_dev=16777220; st_ino=4542; st_kind=S_IFDIR; st_perm=0o755; st_nlink=2; st_uid=-1; st_gid=-1; st_rdev=0; st_size=102; }
   allowed are only: { st_dev=2049; st_ino=3; st_kind=S_IFDIR; st_perm=0o755; st_nlink=2; st_uid=0; st_gid=0; st_rdev=0; st_size=4096; }
   continuing execution with { st_dev=2049; st_ino=3; st_kind=S_IFDIR; st_perm=0o755; st_nlink=2; st_uid=0; st_gid=0; st_rdev=0; st_size=4096; }

Error:    274: stat ./file2.txt
               Tau
               { st_dev=16777220; st_ino=4546; st_kind=S_IFREG; st_perm=0o644; st_nlink=1; st_uid=-1; st_gid=-1; st_rdev=0; st_size=0; }
   unexpected results: { st_dev=16777220; st_ino=4546; st_kind=S_IFREG; st_perm=0o644; st_nlink=1; st_uid=-1; st_gid=-1; st_rdev=0; st_size=0; }
   allowed are only: ENOENT
   continuing execution with ENOENT

Error:    275: stat ./d3
               Tau
               { st_dev=16777220; st_ino=4542; st_kind=S_IFDIR; st_perm=0o755; st_nlink=2; st_uid=-1; st_gid=-1; st_rdev=0; st_size=102; }
   unexpected results: { st_dev=16777220; st_ino=4542; st_kind=S_IFDIR; st_perm=0o755; st_nlink=2; st_uid=-1; st_gid=-1; st_rdev=0; st_size=102; }
   allowed are only: { st_dev=2049; st_ino=3; st_kind=S_IFDIR; st_perm=0o755; st_nlink=2; st_uid=0; st_gid=0; st_rdev=0; st_size=4096; }
   continuing execution with { st_dev=2049; st_ino=3; st_kind=S_IFDIR; st_perm=0o755; st_nlink=2; st_uid=0; st_gid=0; st_rdev=0; st_size=4096; }

Error:    285: readdir (DH 1)
               Tau
               RV_bytes("file2.txt")
   unexpected results: RV_bytes("file2.txt")
   allowed are only: RV_none
   continuing execution with RV_none

Error:    287: stat ../file1.txt
               Tau
               { st_dev=16777220; st_ino=4544; st_kind=S_IFREG; st_perm=0o644; st_nlink=1; st_uid=-1; st_gid=-1; st_rdev=0; st_size=0; }
   unexpected results: { st_dev=16777220; st_ino=4544; st_kind=S_IFREG; st_perm=0o644; st_nlink=1; st_uid=-1; st_gid=-1; st_rdev=0; st_size=0; }
   allowed are only: ENOENT
   continuing execution with ENOENT

Error:    288: stat file2.txt
               Tau
               { st_dev=16777220; st_ino=4546; st_kind=S_IFREG; st_perm=0o644; st_nlink=1; st_uid=-1; st_gid=-1; st_rdev=0; st_size=0; }
   unexpected results: { st_dev=16777220; st_ino=4546; st_kind=S_IFREG; st_perm=0o644; st_nlink=1; st_uid=-1; st_gid=-1; st_rdev=0; st_size=0; }
   allowed are only: ENOENT
   continuing execution with ENOENT

Error:    289: stat d3/file3.txt
               Tau
               { st_dev=16777220; st_ino=4548; st_kind=S_IFREG; st_perm=0o644; st_nlink=1; st_uid=-1; st_gid=-1; st_rdev=0; st_size=0; }
   unexpected results: { st_dev=16777220; st_ino=4548; st_kind=S_IFREG; st_perm=0o644; st_nlink=1; st_uid=-1; st_gid=-1; st_rdev=0; st_size=0; }
   allowed are only: ENOENT
   continuing execution with ENOENT

Error:    290: stat ..
               Tau
               { st_dev=16777220; st_ino=4539; st_kind=S_IFDIR; st_perm=0o755; st_nlink=3; st_uid=-1; st_gid=-1; st_rdev=0; st_size=136; }
   unexpected results: { st_dev=16777220; st_ino=4539; st_kind=S_IFDIR; st_perm=0o755; st_nlink=3; st_uid=-1; st_gid=-1; st_rdev=0; st_size=136; }
   allowed are only: { st_dev=2049; st_ino=1; st_kind=S_IFDIR; st_perm=0o755; st_nlink=2; st_uid=0; st_gid=0; st_rdev=0; st_size=4096; }
   continuing execution with { st_dev=2049; st_ino=1; st_kind=S_IFDIR; st_perm=0o755; st_nlink=2; st_uid=0; st_gid=0; st_rdev=0; st_size=4096; }

Error:    291: stat .
               Tau
               { st_dev=16777220; st_ino=4541; st_kind=S_IFDIR; st_perm=0o400; st_nlink=3; st_uid=-1; st_gid=-1; st_rdev=0; st_size=136; }
   unexpected results: { st_dev=16777220; st_ino=4541; st_kind=S_IFDIR; st_perm=0o400; st_nlink=3; st_uid=-1; st_gid=-1; st_rdev=0; st_size=136; }
   allowed are only: { st_dev=2049; st_ino=2; st_kind=S_IFDIR; st_perm=0o400; st_nlink=2; st_uid=0; st_gid=0; st_rdev=0; st_size=4096; }
   continuing execution with { st_dev=2049; st_ino=2; st_kind=S_IFDIR; st_perm=0o400; st_nlink=2; st_uid=0; st_gid=0; st_rdev=0; st_size=4096; }

Error:    292: stat ./
               Tau
               { st_dev=16777220; st_ino=4541; st_kind=S_IFDIR; st_perm=0o400; st_nlink=3; st_uid=-1; st_gid=-1; st_rdev=0; st_size=136; }
   unexpected results: { st_dev=16777220; st_ino=4541; st_kind=S_IFDIR; st_perm=0o400; st_nlink=3; st_uid=-1; st_gid=-1; st_rdev=0; st_size=136; }
   allowed are only: { st_dev=2049; st_ino=2; st_kind=S_IFDIR; st_perm=0o400; st_nlink=2; st_uid=0; st_gid=0; st_rdev=0; st_size=4096; }
   continuing execution with { st_dev=2049; st_ino=2; st_kind=S_IFDIR; st_perm=0o400; st_nlink=2; st_uid=0; st_gid=0; st_rdev=0; st_size=4096; }

Error:    293: stat d3
               Tau
               { st_dev=16777220; st_ino=4542; st_kind=S_IFDIR; st_perm=0o755; st_nlink=2; st_uid=-1; st_gid=-1; st_rdev=0; st_size=102; }
   unexpected results: { st_dev=16777220; st_ino=4542; st_kind=S_IFDIR; st_perm=0o755; st_nlink=2; st_uid=-1; st_gid=-1; st_rdev=0; st_size=102; }
   allowed are only: { st_dev=2049; st_ino=3; st_kind=S_IFDIR; st_perm=0o755; st_nlink=2; st_uid=0; st_gid=0; st_rdev=0; st_size=4096; }
   continuing execution with { st_dev=2049; st_ino=3; st_kind=S_IFDIR; st_perm=0o755; st_nlink=2; st_uid=0; st_gid=0; st_rdev=0; st_size=4096; }

Error:    294: stat .//file2.txt
               Tau
               { st_dev=16777220; st_ino=4546; st_kind=S_IFREG; st_perm=0o644; st_nlink=1; st_uid=-1; st_gid=-1; st_rdev=0; st_size=0; }
   unexpected results: { st_dev=16777220; st_ino=4546; st_kind=S_IFREG; st_perm=0o644; st_nlink=1; st_uid=-1; st_gid=-1; st_rdev=0; st_size=0; }
   allowed are only: ENOENT
   continuing execution with ENOENT

Error:    295: stat .//d3
               Tau
               { st_dev=16777220; st_ino=4542; st_kind=S_IFDIR; st_perm=0o755; st_nlink=2; st_uid=-1; st_gid=-1; st_rdev=0; st_size=102; }
   unexpected results: { st_dev=16777220; st_ino=4542; st_kind=S_IFDIR; st_perm=0o755; st_nlink=2; st_uid=-1; st_gid=-1; st_rdev=0; st_size=102; }
   allowed are only: { st_dev=2049; st_ino=3; st_kind=S_IFDIR; st_perm=0o755; st_nlink=2; st_uid=0; st_gid=0; st_rdev=0; st_size=4096; }
   continuing execution with { st_dev=2049; st_ino=3; st_kind=S_IFDIR; st_perm=0o755; st_nlink=2; st_uid=0; st_gid=0; st_rdev=0; st_size=4096; }

Error:    296: stat ./file2.txt
               Tau
               { st_dev=16777220; st_ino=4546; st_kind=S_IFREG; st_perm=0o644; st_nlink=1; st_uid=-1; st_gid=-1; st_rdev=0; st_size=0; }
   unexpected results: { st_dev=16777220; st_ino=4546; st_kind=S_IFREG; st_perm=0o644; st_nlink=1; st_uid=-1; st_gid=-1; st_rdev=0; st_size=0; }
   allowed are only: ENOENT
   continuing execution with ENOENT

Error:    297: stat ./d3
               Tau
               { st_dev=16777220; st_ino=4542; st_kind=S_IFDIR; st_perm=0o755; st_nlink=2; st_uid=-1; st_gid=-1; st_rdev=0; st_size=102; }
   unexpected results: { st_dev=16777220; st_ino=4542; st_kind=S_IFDIR; st_perm=0o755; st_nlink=2; st_uid=-1; st_gid=-1; st_rdev=0; st_size=102; }
   allowed are only: { st_dev=2049; st_ino=3; st_kind=S_IFDIR; st_perm=0o755; st_nlink=2; st_uid=0; st_gid=0; st_rdev=0; st_size=4096; }
   continuing execution with { st_dev=2049; st_ino=3; st_kind=S_IFDIR; st_perm=0o755; st_nlink=2; st_uid=0; st_gid=0; st_rdev=0; st_size=4096; }

Error:    314: readdir (DH 1)
               Tau
               RV_bytes("file2.txt")
   unexpected results: RV_bytes("file2.txt")
   allowed are only: RV_none
   continuing execution with RV_none

Error:    316: stat ../../file1.txt
               Tau
               { st_dev=16777220; st_ino=4544; st_kind=S_IFREG; st_perm=0o644; st_nlink=1; st_uid=-1; st_gid=-1; st_rdev=0; st_size=0; }
   unexpected results: { st_dev=16777220; st_ino=4544; st_kind=S_IFREG; st_perm=0o644; st_nlink=1; st_uid=-1; st_gid=-1; st_rdev=0; st_size=0; }
   allowed are only: ENOENT
   continuing execution with ENOENT

Error:    317: stat ../file2.txt
               Tau
               { st_dev=16777220; st_ino=4546; st_kind=S_IFREG; st_perm=0o644; st_nlink=1; st_uid=-1; st_gid=-1; st_rdev=0; st_size=0; }
   unexpected results: { st_dev=16777220; st_ino=4546; st_kind=S_IFREG; st_perm=0o644; st_nlink=1; st_uid=-1; st_gid=-1; st_rdev=0; st_size=0; }
   allowed are only: ENOENT
   continuing execution with ENOENT

Error:    318: stat file3.txt
               Tau
               { st_dev=16777220; st_ino=4548; st_kind=S_IFREG; st_perm=0o644; st_nlink=1; st_uid=-1; st_gid=-1; st_rdev=0; st_size=0; }
   unexpected results: { st_dev=16777220; st_ino=4548; st_kind=S_IFREG; st_perm=0o644; st_nlink=1; st_uid=-1; st_gid=-1; st_rdev=0; st_size=0; }
   allowed are only: ENOENT
   continuing execution with ENOENT

Error:    319: stat ../d3
               Tau
               { st_dev=16777220; st_ino=4542; st_kind=S_IFDIR; st_perm=0o755; st_nlink=2; st_uid=-1; st_gid=-1; st_rdev=0; st_size=102; }
   unexpected results: { st_dev=16777220; st_ino=4542; st_kind=S_IFDIR; st_perm=0o755; st_nlink=2; st_uid=-1; st_gid=-1; st_rdev=0; st_size=102; }
   allowed are only: { st_dev=2049; st_ino=3; st_kind=S_IFDIR; st_perm=0o755; st_nlink=2; st_uid=0; st_gid=0; st_rdev=0; st_size=4096; }
   continuing execution with { st_dev=2049; st_ino=3; st_kind=S_IFDIR; st_perm=0o755; st_nlink=2; st_uid=0; st_gid=0; st_rdev=0; st_size=4096; }

Error:    320: stat ..//file2.txt
               Tau
               { st_dev=16777220; st_ino=4546; st_kind=S_IFREG; st_perm=0o644; st_nlink=1; st_uid=-1; st_gid=-1; st_rdev=0; st_size=0; }
   unexpected results: { st_dev=16777220; st_ino=4546; st_kind=S_IFREG; st_perm=0o644; st_nlink=1; st_uid=-1; st_gid=-1; st_rdev=0; st_size=0; }
   allowed are only: ENOENT
   continuing execution with ENOENT

Error:    321: stat ..//d3
               Tau
               { st_dev=16777220; st_ino=4542; st_kind=S_IFDIR; st_perm=0o755; st_nlink=2; st_uid=-1; st_gid=-1; st_rdev=0; st_size=102; }
   unexpected results: { st_dev=16777220; st_ino=4542; st_kind=S_IFDIR; st_perm=0o755; st_nlink=2; st_uid=-1; st_gid=-1; st_rdev=0; st_size=102; }
   allowed are only: { st_dev=2049; st_ino=3; st_kind=S_IFDIR; st_perm=0o755; st_nlink=2; st_uid=0; st_gid=0; st_rdev=0; st_size=4096; }
   continuing execution with { st_dev=2049; st_ino=3; st_kind=S_IFDIR; st_perm=0o755; st_nlink=2; st_uid=0; st_gid=0; st_rdev=0; st_size=4096; }

Error:    322: stat .././file2.txt
               Tau
               { st_dev=16777220; st_ino=4546; st_kind=S_IFREG; st_perm=0o644; st_nlink=1; st_uid=-1; st_gid=-1; st_rdev=0; st_size=0; }
   unexpected results: { st_dev=16777220; st_ino=4546; st_kind=S_IFREG; st_perm=0o644; st_nlink=1; st_uid=-1; st_gid=-1; st_rdev=0; st_size=0; }
   allowed are only: ENOENT
   continuing execution with ENOENT

Error:    323: stat .././d3
               Tau
               { st_dev=16777220; st_ino=4542; st_kind=S_IFDIR; st_perm=0o755; st_nlink=2; st_uid=-1; st_gid=-1; st_rdev=0; st_size=102; }
   unexpected results: { st_dev=16777220; st_ino=4542; st_kind=S_IFDIR; st_perm=0o755; st_nlink=2; st_uid=-1; st_gid=-1; st_rdev=0; st_size=102; }
   allowed are only: { st_dev=2049; st_ino=3; st_kind=S_IFDIR; st_perm=0o755; st_nlink=2; st_uid=0; st_gid=0; st_rdev=0; st_size=4096; }
   continuing execution with { st_dev=2049; st_ino=3; st_kind=S_IFDIR; st_perm=0o755; st_nlink=2; st_uid=0; st_gid=0; st_rdev=0; st_size=4096; }

Error:    324: stat ../d3/../file2.txt
               Tau
               { st_dev=16777220; st_ino=4546; st_kind=S_IFREG; st_perm=0o644; st_nlink=1; st_uid=-1; st_gid=-1; st_rdev=0; st_size=0; }
   unexpected results: { st_dev=16777220; st_ino=4546; st_kind=S_IFREG; st_perm=0o644; st_nlink=1; st_uid=-1; st_gid=-1; st_rdev=0; st_size=0; }
   allowed are only: ENOENT
   continuing execution with ENOENT

Error:    325: stat ../d3/../d3
               Tau
               { st_dev=16777220; st_ino=4542; st_kind=S_IFDIR; st_perm=0o755; st_nlink=2; st_uid=-1; st_gid=-1; st_rdev=0; st_size=102; }
   unexpected results: { st_dev=16777220; st_ino=4542; st_kind=S_IFDIR; st_perm=0o755; st_nlink=2; st_uid=-1; st_gid=-1; st_rdev=0; st_size=102; }
   allowed are only: { st_dev=2049; st_ino=3; st_kind=S_IFDIR; st_perm=0o755; st_nlink=2; st_uid=0; st_gid=0; st_rdev=0; st_size=4096; }
   continuing execution with { st_dev=2049; st_ino=3; st_kind=S_IFDIR; st_perm=0o755; st_nlink=2; st_uid=0; st_gid=0; st_rdev=0; st_size=4096; }

Error:    337: readdir (DH 1)
               Tau
               RV_bytes("file2.txt")
   unexpected results: RV_bytes("file2.txt")
   allowed are only: RV_none
   continuing execution with RV_none

Error:    339: stat ../../file1.txt
               Tau
               { st_dev=16777220; st_ino=4544; st_kind=S_IFREG; st_perm=0o644; st_nlink=1; st_uid=-1; st_gid=-1; st_rdev=0; st_size=0; }
   unexpected results: { st_dev=16777220; st_ino=4544; st_kind=S_IFREG; st_perm=0o644; st_nlink=1; st_uid=-1; st_gid=-1; st_rdev=0; st_size=0; }
   allowed are only: ENOENT
   continuing execution with ENOENT

Error:    340: stat ../file2.txt
               Tau
               { st_dev=16777220; st_ino=4546; st_kind=S_IFREG; st_perm=0o644; st_nlink=1; st_uid=-1; st_gid=-1; st_rdev=0; st_size=0; }
   unexpected results: { st_dev=16777220; st_ino=4546; st_kind=S_IFREG; st_perm=0o644; st_nlink=1; st_uid=-1; st_gid=-1; st_rdev=0; st_size=0; }
   allowed are only: ENOENT
   continuing execution with ENOENT

Error:    341: stat file3.txt
               Tau
               { st_dev=16777220; st_ino=4548; st_kind=S_IFREG; st_perm=0o644; st_nlink=1; st_uid=-1; st_gid=-1; st_rdev=0; st_size=0; }
   unexpected results: { st_dev=16777220; st_ino=4548; st_kind=S_IFREG; st_perm=0o644; st_nlink=1; st_uid=-1; st_gid=-1; st_rdev=0; st_size=0; }
   allowed are only: ENOENT
   continuing execution with ENOENT

Error:    342: stat ../..
               Tau
               { st_dev=16777220; st_ino=4539; st_kind=S_IFDIR; st_perm=0o755; st_nlink=3; st_uid=-1; st_gid=-1; st_rdev=0; st_size=136; }
   unexpected results: { st_dev=16777220; st_ino=4539; st_kind=S_IFDIR; st_perm=0o755; st_nlink=3; st_uid=-1; st_gid=-1; st_rdev=0; st_size=136; }
   allowed are only: { st_dev=2049; st_ino=1; st_kind=S_IFDIR; st_perm=0o755; st_nlink=2; st_uid=0; st_gid=0; st_rdev=0; st_size=4096; }
   continuing execution with { st_dev=2049; st_ino=1; st_kind=S_IFDIR; st_perm=0o755; st_nlink=2; st_uid=0; st_gid=0; st_rdev=0; st_size=4096; }

Error:    343: stat ..
               Tau
               { st_dev=16777220; st_ino=4541; st_kind=S_IFDIR; st_perm=0o500; st_nlink=3; st_uid=-1; st_gid=-1; st_rdev=0; st_size=136; }
   unexpected results: { st_dev=16777220; st_ino=4541; st_kind=S_IFDIR; st_perm=0o500; st_nlink=3; st_uid=-1; st_gid=-1; st_rdev=0; st_size=136; }
   allowed are only: { st_dev=2049; st_ino=2; st_kind=S_IFDIR; st_perm=0o500; st_nlink=2; st_uid=0; st_gid=0; st_rdev=0; st_size=4096; }
   continuing execution with { st_dev=2049; st_ino=2; st_kind=S_IFDIR; st_perm=0o500; st_nlink=2; st_uid=0; st_gid=0; st_rdev=0; st_size=4096; }

Error:    344: stat ../
               Tau
               { st_dev=16777220; st_ino=4541; st_kind=S_IFDIR; st_perm=0o500; st_nlink=3; st_uid=-1; st_gid=-1; st_rdev=0; st_size=136; }
   unexpected results: { st_dev=16777220; st_ino=4541; st_kind=S_IFDIR; st_perm=0o500; st_nlink=3; st_uid=-1; st_gid=-1; st_rdev=0; st_size=136; }
   allowed are only: { st_dev=2049; st_ino=2; st_kind=S_IFDIR; st_perm=0o500; st_nlink=2; st_uid=0; st_gid=0; st_rdev=0; st_size=4096; }
   continuing execution with { st_dev=2049; st_ino=2; st_kind=S_IFDIR; st_perm=0o500; st_nlink=2; st_uid=0; st_gid=0; st_rdev=0; st_size=4096; }

Error:    345: stat .
               Tau
               { st_dev=16777220; st_ino=4542; st_kind=S_IFDIR; st_perm=0o755; st_nlink=2; st_uid=-1; st_gid=-1; st_rdev=0; st_size=102; }
   unexpected results: { st_dev=16777220; st_ino=4542; st_kind=S_IFDIR; st_perm=0o755; st_nlink=2; st_uid=-1; st_gid=-1; st_rdev=0; st_size=102; }
   allowed are only: { st_dev=2049; st_ino=3; st_kind=S_IFDIR; st_perm=0o755; st_nlink=2; st_uid=0; st_gid=0; st_rdev=0; st_size=4096; }
   continuing execution with { st_dev=2049; st_ino=3; st_kind=S_IFDIR; st_perm=0o755; st_nlink=2; st_uid=0; st_gid=0; st_rdev=0; st_size=4096; }

Error:    346: stat ../d3
               Tau
               { st_dev=16777220; st_ino=4542; st_kind=S_IFDIR; st_perm=0o755; st_nlink=2; st_uid=-1; st_gid=-1; st_rdev=0; st_size=102; }
   unexpected results: { st_dev=16777220; st_ino=4542; st_kind=S_IFDIR; st_perm=0o755; st_nlink=2; st_uid=-1; st_gid=-1; st_rdev=0; st_size=102; }
   allowed are only: { st_dev=2049; st_ino=3; st_kind=S_IFDIR; st_perm=0o755; st_nlink=2; st_uid=0; st_gid=0; st_rdev=0; st_size=4096; }
   continuing execution with { st_dev=2049; st_ino=3; st_kind=S_IFDIR; st_perm=0o755; st_nlink=2; st_uid=0; st_gid=0; st_rdev=0; st_size=4096; }

Error:    347: stat ..//file2.txt
               Tau
               { st_dev=16777220; st_ino=4546; st_kind=S_IFREG; st_perm=0o644; st_nlink=1; st_uid=-1; st_gid=-1; st_rdev=0; st_size=0; }
   unexpected results: { st_dev=16777220; st_ino=4546; st_kind=S_IFREG; st_perm=0o644; st_nlink=1; st_uid=-1; st_gid=-1; st_rdev=0; st_size=0; }
   allowed are only: ENOENT
   continuing execution with ENOENT

Error:    348: stat ..//d3
               Tau
               { st_dev=16777220; st_ino=4542; st_kind=S_IFDIR; st_perm=0o755; st_nlink=2; st_uid=-1; st_gid=-1; st_rdev=0; st_size=102; }
   unexpected results: { st_dev=16777220; st_ino=4542; st_kind=S_IFDIR; st_perm=0o755; st_nlink=2; st_uid=-1; st_gid=-1; st_rdev=0; st_size=102; }
   allowed are only: { st_dev=2049; st_ino=3; st_kind=S_IFDIR; st_perm=0o755; st_nlink=2; st_uid=0; st_gid=0; st_rdev=0; st_size=4096; }
   continuing execution with { st_dev=2049; st_ino=3; st_kind=S_IFDIR; st_perm=0o755; st_nlink=2; st_uid=0; st_gid=0; st_rdev=0; st_size=4096; }

Error:    349: stat .././file2.txt
               Tau
               { st_dev=16777220; st_ino=4546; st_kind=S_IFREG; st_perm=0o644; st_nlink=1; st_uid=-1; st_gid=-1; st_rdev=0; st_size=0; }
   unexpected results: { st_dev=16777220; st_ino=4546; st_kind=S_IFREG; st_perm=0o644; st_nlink=1; st_uid=-1; st_gid=-1; st_rdev=0; st_size=0; }
   allowed are only: ENOENT
   continuing execution with ENOENT

Error:    350: stat .././d3
               Tau
               { st_dev=16777220; st_ino=4542; st_kind=S_IFDIR; st_perm=0o755; st_nlink=2; st_uid=-1; st_gid=-1; st_rdev=0; st_size=102; }
   unexpected results: { st_dev=16777220; st_ino=4542; st_kind=S_IFDIR; st_perm=0o755; st_nlink=2; st_uid=-1; st_gid=-1; st_rdev=0; st_size=102; }
   allowed are only: { st_dev=2049; st_ino=3; st_kind=S_IFDIR; st_perm=0o755; st_nlink=2; st_uid=0; st_gid=0; st_rdev=0; st_size=4096; }
   continuing execution with { st_dev=2049; st_ino=3; st_kind=S_IFDIR; st_perm=0o755; st_nlink=2; st_uid=0; st_gid=0; st_rdev=0; st_size=4096; }

Error:    351: stat ../d3/../file2.txt
               Tau
               { st_dev=16777220; st_ino=4546; st_kind=S_IFREG; st_perm=0o644; st_nlink=1; st_uid=-1; st_gid=-1; st_rdev=0; st_size=0; }
   unexpected results: { st_dev=16777220; st_ino=4546; st_kind=S_IFREG; st_perm=0o644; st_nlink=1; st_uid=-1; st_gid=-1; st_rdev=0; st_size=0; }
   allowed are only: ENOENT
   continuing execution with ENOENT

Error:    352: stat ../d3/../d3
               Tau
               { st_dev=16777220; st_ino=4542; st_kind=S_IFDIR; st_perm=0o755; st_nlink=2; st_uid=-1; st_gid=-1; st_rdev=0; st_size=102; }
   unexpected results: { st_dev=16777220; st_ino=4542; st_kind=S_IFDIR; st_perm=0o755; st_nlink=2; st_uid=-1; st_gid=-1; st_rdev=0; st_size=102; }
   allowed are only: { st_dev=2049; st_ino=3; st_kind=S_IFDIR; st_perm=0o755; st_nlink=2; st_uid=0; st_gid=0; st_rdev=0; st_size=4096; }
   continuing execution with { st_dev=2049; st_ino=3; st_kind=S_IFDIR; st_perm=0o755; st_nlink=2; st_uid=0; st_gid=0; st_rdev=0; st_size=4096; }

Error:    364: readdir (DH 1)
               Tau
               RV_bytes("file2.txt")
   unexpected results: RV_bytes("file2.txt")
   allowed are only: RV_none
   continuing execution with RV_none

Error:    366: stat ../../file1.txt
               Tau
               { st_dev=16777220; st_ino=4544; st_kind=S_IFREG; st_perm=0o644; st_nlink=1; st_uid=-1; st_gid=-1; st_rdev=0; st_size=0; }
   unexpected results: { st_dev=16777220; st_ino=4544; st_kind=S_IFREG; st_perm=0o644; st_nlink=1; st_uid=-1; st_gid=-1; st_rdev=0; st_size=0; }
   allowed are only: ENOENT
   continuing execution with ENOENT

Error:    367: stat ../file2.txt
               Tau
               { st_dev=16777220; st_ino=4546; st_kind=S_IFREG; st_perm=0o644; st_nlink=1; st_uid=-1; st_gid=-1; st_rdev=0; st_size=0; }
   unexpected results: { st_dev=16777220; st_ino=4546; st_kind=S_IFREG; st_perm=0o644; st_nlink=1; st_uid=-1; st_gid=-1; st_rdev=0; st_size=0; }
   allowed are only: ENOENT
   continuing execution with ENOENT

Error:    368: stat file3.txt
               Tau
               { st_dev=16777220; st_ino=4548; st_kind=S_IFREG; st_perm=0o644; st_nlink=1; st_uid=-1; st_gid=-1; st_rdev=0; st_size=0; }
   unexpected results: { st_dev=16777220; st_ino=4548; st_kind=S_IFREG; st_perm=0o644; st_nlink=1; st_uid=-1; st_gid=-1; st_rdev=0; st_size=0; }
   allowed are only: ENOENT
   continuing execution with ENOENT

Error:    369: stat ../..
               Tau
               { st_dev=16777220; st_ino=4539; st_kind=S_IFDIR; st_perm=0o755; st_nlink=3; st_uid=-1; st_gid=-1; st_rdev=0; st_size=136; }
   unexpected results: { st_dev=16777220; st_ino=4539; st_kind=S_IFDIR; st_perm=0o755; st_nlink=3; st_uid=-1; st_gid=-1; st_rdev=0; st_size=136; }
   allowed are only: { st_dev=2049; st_ino=1; st_kind=S_IFDIR; st_perm=0o755; st_nlink=2; st_uid=0; st_gid=0; st_rdev=0; st_size=4096; }
   continuing execution with { st_dev=2049; st_ino=1; st_kind=S_IFDIR; st_perm=0o755; st_nlink=2; st_uid=0; st_gid=0; st_rdev=0; st_size=4096; }

Error:    370: stat ..
               Tau
               { st_dev=16777220; st_ino=4541; st_kind=S_IFDIR; st_perm=0o100; st_nlink=3; st_uid=-1; st_gid=-1; st_rdev=0; st_size=136; }
   unexpected results: { st_dev=16777220; st_ino=4541; st_kind=S_IFDIR; st_perm=0o100; st_nlink=3; st_uid=-1; st_gid=-1; st_rdev=0; st_size=136; }
   allowed are only: { st_dev=2049; st_ino=2; st_kind=S_IFDIR; st_perm=0o100; st_nlink=2; st_uid=0; st_gid=0; st_rdev=0; st_size=4096; }
   continuing execution with { st_dev=2049; st_ino=2; st_kind=S_IFDIR; st_perm=0o100; st_nlink=2; st_uid=0; st_gid=0; st_rdev=0; st_size=4096; }

Error:    371: stat ../
               Tau
               { st_dev=16777220; st_ino=4541; st_kind=S_IFDIR; st_perm=0o100; st_nlink=3; st_uid=-1; st_gid=-1; st_rdev=0; st_size=136; }
   unexpected results: { st_dev=16777220; st_ino=4541; st_kind=S_IFDIR; st_perm=0o100; st_nlink=3; st_uid=-1; st_gid=-1; st_rdev=0; st_size=136; }
   allowed are only: { st_dev=2049; st_ino=2; st_kind=S_IFDIR; st_perm=0o100; st_nlink=2; st_uid=0; st_gid=0; st_rdev=0; st_size=4096; }
   continuing execution with { st_dev=2049; st_ino=2; st_kind=S_IFDIR; st_perm=0o100; st_nlink=2; st_uid=0; st_gid=0; st_rdev=0; st_size=4096; }

Error:    372: stat .
               Tau
               { st_dev=16777220; st_ino=4542; st_kind=S_IFDIR; st_perm=0o755; st_nlink=2; st_uid=-1; st_gid=-1; st_rdev=0; st_size=102; }
   unexpected results: { st_dev=16777220; st_ino=4542; st_kind=S_IFDIR; st_perm=0o755; st_nlink=2; st_uid=-1; st_gid=-1; st_rdev=0; st_size=102; }
   allowed are only: { st_dev=2049; st_ino=3; st_kind=S_IFDIR; st_perm=0o755; st_nlink=2; st_uid=0; st_gid=0; st_rdev=0; st_size=4096; }
   continuing execution with { st_dev=2049; st_ino=3; st_kind=S_IFDIR; st_perm=0o755; st_nlink=2; st_uid=0; st_gid=0; st_rdev=0; st_size=4096; }

Error:    373: stat ../d3
               Tau
               { st_dev=16777220; st_ino=4542; st_kind=S_IFDIR; st_perm=0o755; st_nlink=2; st_uid=-1; st_gid=-1; st_rdev=0; st_size=102; }
   unexpected results: { st_dev=16777220; st_ino=4542; st_kind=S_IFDIR; st_perm=0o755; st_nlink=2; st_uid=-1; st_gid=-1; st_rdev=0; st_size=102; }
   allowed are only: { st_dev=2049; st_ino=3; st_kind=S_IFDIR; st_perm=0o755; st_nlink=2; st_uid=0; st_gid=0; st_rdev=0; st_size=4096; }
   continuing execution with { st_dev=2049; st_ino=3; st_kind=S_IFDIR; st_perm=0o755; st_nlink=2; st_uid=0; st_gid=0; st_rdev=0; st_size=4096; }

Error:    374: stat ..//file2.txt
               Tau
               { st_dev=16777220; st_ino=4546; st_kind=S_IFREG; st_perm=0o644; st_nlink=1; st_uid=-1; st_gid=-1; st_rdev=0; st_size=0; }
   unexpected results: { st_dev=16777220; st_ino=4546; st_kind=S_IFREG; st_perm=0o644; st_nlink=1; st_uid=-1; st_gid=-1; st_rdev=0; st_size=0; }
   allowed are only: ENOENT
   continuing execution with ENOENT

Error:    375: stat ..//d3
               Tau
               { st_dev=16777220; st_ino=4542; st_kind=S_IFDIR; st_perm=0o755; st_nlink=2; st_uid=-1; st_gid=-1; st_rdev=0; st_size=102; }
   unexpected results: { st_dev=16777220; st_ino=4542; st_kind=S_IFDIR; st_perm=0o755; st_nlink=2; st_uid=-1; st_gid=-1; st_rdev=0; st_size=102; }
   allowed are only: { st_dev=2049; st_ino=3; st_kind=S_IFDIR; st_perm=0o755; st_nlink=2; st_uid=0; st_gid=0; st_rdev=0; st_size=4096; }
   continuing execution with { st_dev=2049; st_ino=3; st_kind=S_IFDIR; st_perm=0o755; st_nlink=2; st_uid=0; st_gid=0; st_rdev=0; st_size=4096; }

Error:    376: stat .././file2.txt
               Tau
               { st_dev=16777220; st_ino=4546; st_kind=S_IFREG; st_perm=0o644; st_nlink=1; st_uid=-1; st_gid=-1; st_rdev=0; st_size=0; }
   unexpected results: { st_dev=16777220; st_ino=4546; st_kind=S_IFREG; st_perm=0o644; st_nlink=1; st_uid=-1; st_gid=-1; st_rdev=0; st_size=0; }
   allowed are only: ENOENT
   continuing execution with ENOENT

Error:    377: stat .././d3
               Tau
               { st_dev=16777220; st_ino=4542; st_kind=S_IFDIR; st_perm=0o755; st_nlink=2; st_uid=-1; st_gid=-1; st_rdev=0; st_size=102; }
   unexpected results: { st_dev=16777220; st_ino=4542; st_kind=S_IFDIR; st_perm=0o755; st_nlink=2; st_uid=-1; st_gid=-1; st_rdev=0; st_size=102; }
   allowed are only: { st_dev=2049; st_ino=3; st_kind=S_IFDIR; st_perm=0o755; st_nlink=2; st_uid=0; st_gid=0; st_rdev=0; st_size=4096; }
   continuing execution with { st_dev=2049; st_ino=3; st_kind=S_IFDIR; st_perm=0o755; st_nlink=2; st_uid=0; st_gid=0; st_rdev=0; st_size=4096; }

Error:    378: stat ../d3/../file2.txt
               Tau
               { st_dev=16777220; st_ino=4546; st_kind=S_IFREG; st_perm=0o644; st_nlink=1; st_uid=-1; st_gid=-1; st_rdev=0; st_size=0; }
   unexpected results: { st_dev=16777220; st_ino=4546; st_kind=S_IFREG; st_perm=0o644; st_nlink=1; st_uid=-1; st_gid=-1; st_rdev=0; st_size=0; }
   allowed are only: ENOENT
   continuing execution with ENOENT

Error:    379: stat ../d3/../d3
               Tau
               { st_dev=16777220; st_ino=4542; st_kind=S_IFDIR; st_perm=0o755; st_nlink=2; st_uid=-1; st_gid=-1; st_rdev=0; st_size=102; }
   unexpected results: { st_dev=16777220; st_ino=4542; st_kind=S_IFDIR; st_perm=0o755; st_nlink=2; st_uid=-1; st_gid=-1; st_rdev=0; st_size=102; }
   allowed are only: { st_dev=2049; st_ino=3; st_kind=S_IFDIR; st_perm=0o755; st_nlink=2; st_uid=0; st_gid=0; st_rdev=0; st_size=4096; }
   continuing execution with { st_dev=2049; st_ino=3; st_kind=S_IFDIR; st_perm=0o755; st_nlink=2; st_uid=0; st_gid=0; st_rdev=0; st_size=4096; }

Error:    392: readdir (DH 1)
               Tau
               RV_bytes("file2.txt")
   unexpected results: RV_bytes("file2.txt")
   allowed are only: RV_none
   continuing execution with RV_none

Error:    394: stat ../../file1.txt
               Tau
               { st_dev=16777220; st_ino=4544; st_kind=S_IFREG; st_perm=0o644; st_nlink=1; st_uid=-1; st_gid=-1; st_rdev=0; st_size=0; }
   unexpected results: { st_dev=16777220; st_ino=4544; st_kind=S_IFREG; st_perm=0o644; st_nlink=1; st_uid=-1; st_gid=-1; st_rdev=0; st_size=0; }
   allowed are only: ENOENT
   continuing execution with ENOENT

Error:    395: stat ../file2.txt
               Tau
               { st_dev=16777220; st_ino=4546; st_kind=S_IFREG; st_perm=0o644; st_nlink=1; st_uid=-1; st_gid=-1; st_rdev=0; st_size=0; }
   unexpected results: { st_dev=16777220; st_ino=4546; st_kind=S_IFREG; st_perm=0o644; st_nlink=1; st_uid=-1; st_gid=-1; st_rdev=0; st_size=0; }
   allowed are only: ENOENT
   continuing execution with ENOENT

Error:    396: stat file3.txt
               Tau
               { st_dev=16777220; st_ino=4548; st_kind=S_IFREG; st_perm=0o644; st_nlink=1; st_uid=-1; st_gid=-1; st_rdev=0; st_size=0; }
   unexpected results: { st_dev=16777220; st_ino=4548; st_kind=S_IFREG; st_perm=0o644; st_nlink=1; st_uid=-1; st_gid=-1; st_rdev=0; st_size=0; }
   allowed are only: ENOENT
   continuing execution with ENOENT

Error:    397: stat ../..
               Tau
               { st_dev=16777220; st_ino=4539; st_kind=S_IFDIR; st_perm=0o755; st_nlink=3; st_uid=-1; st_gid=-1; st_rdev=0; st_size=136; }
   unexpected results: { st_dev=16777220; st_ino=4539; st_kind=S_IFDIR; st_perm=0o755; st_nlink=3; st_uid=-1; st_gid=-1; st_rdev=0; st_size=136; }
   allowed are only: { st_dev=2049; st_ino=1; st_kind=S_IFDIR; st_perm=0o755; st_nlink=2; st_uid=0; st_gid=0; st_rdev=0; st_size=4096; }
   continuing execution with { st_dev=2049; st_ino=1; st_kind=S_IFDIR; st_perm=0o755; st_nlink=2; st_uid=0; st_gid=0; st_rdev=0; st_size=4096; }

Error:    398: stat ..
               Tau
               { st_dev=16777220; st_ino=4541; st_kind=S_IFDIR; st_perm=0o400; st_nlink=3; st_uid=-1; st_gid=-1; st_rdev=0; st_size=136; }
   unexpected results: { st_dev=16777220; st_ino=4541; st_kind=S_IFDIR; st_perm=0o400; st_nlink=3; st_uid=-1; st_gid=-1; st_rdev=0; st_size=136; }
   allowed are only: { st_dev=2049; st_ino=2; st_kind=S_IFDIR; st_perm=0o400; st_nlink=2; st_uid=0; st_gid=0; st_rdev=0; st_size=4096; }
   continuing execution with { st_dev=2049; st_ino=2; st_kind=S_IFDIR; st_perm=0o400; st_nlink=2; st_uid=0; st_gid=0; st_rdev=0; st_size=4096; }

Error:    399: stat ../
               Tau
               { st_dev=16777220; st_ino=4541; st_kind=S_IFDIR; st_perm=0o400; st_nlink=3; st_uid=-1; st_gid=-1; st_rdev=0; st_size=136; }
   unexpected results: { st_dev=16777220; st_ino=4541; st_kind=S_IFDIR; st_perm=0o400; st_nlink=3; st_uid=-1; st_gid=-1; st_rdev=0; st_size=136; }
   allowed are only: { st_dev=2049; st_ino=2; st_kind=S_IFDIR; st_perm=0o400; st_nlink=2; st_uid=0; st_gid=0; st_rdev=0; st_size=4096; }
   continuing execution with { st_dev=2049; st_ino=2; st_kind=S_IFDIR; st_perm=0o400; st_nlink=2; st_uid=0; st_gid=0; st_rdev=0; st_size=4096; }

Error:    400: stat .
               Tau
               { st_dev=16777220; st_ino=4542; st_kind=S_IFDIR; st_perm=0o755; st_nlink=2; st_uid=-1; st_gid=-1; st_rdev=0; st_size=102; }
   unexpected results: { st_dev=16777220; st_ino=4542; st_kind=S_IFDIR; st_perm=0o755; st_nlink=2; st_uid=-1; st_gid=-1; st_rdev=0; st_size=102; }
   allowed are only: { st_dev=2049; st_ino=3; st_kind=S_IFDIR; st_perm=0o755; st_nlink=2; st_uid=0; st_gid=0; st_rdev=0; st_size=4096; }
   continuing execution with { st_dev=2049; st_ino=3; st_kind=S_IFDIR; st_perm=0o755; st_nlink=2; st_uid=0; st_gid=0; st_rdev=0; st_size=4096; }

Error:    401: stat ../d3
               Tau
               { st_dev=16777220; st_ino=4542; st_kind=S_IFDIR; st_perm=0o755; st_nlink=2; st_uid=-1; st_gid=-1; st_rdev=0; st_size=102; }
   unexpected results: { st_dev=16777220; st_ino=4542; st_kind=S_IFDIR; st_perm=0o755; st_nlink=2; st_uid=-1; st_gid=-1; st_rdev=0; st_size=102; }
   allowed are only: { st_dev=2049; st_ino=3; st_kind=S_IFDIR; st_perm=0o755; st_nlink=2; st_uid=0; st_gid=0; st_rdev=0; st_size=4096; }
   continuing execution with { st_dev=2049; st_ino=3; st_kind=S_IFDIR; st_perm=0o755; st_nlink=2; st_uid=0; st_gid=0; st_rdev=0; st_size=4096; }

Error:    402: stat ..//file2.txt
               Tau
               { st_dev=16777220; st_ino=4546; st_kind=S_IFREG; st_perm=0o644; st_nlink=1; st_uid=-1; st_gid=-1; st_rdev=0; st_size=0; }
   unexpected results: { st_dev=16777220; st_ino=4546; st_kind=S_IFREG; st_perm=0o644; st_nlink=1; st_uid=-1; st_gid=-1; st_rdev=0; st_size=0; }
   allowed are only: ENOENT
   continuing execution with ENOENT

Error:    403: stat ..//d3
               Tau
               { st_dev=16777220; st_ino=4542; st_kind=S_IFDIR; st_perm=0o755; st_nlink=2; st_uid=-1; st_gid=-1; st_rdev=0; st_size=102; }
   unexpected results: { st_dev=16777220; st_ino=4542; st_kind=S_IFDIR; st_perm=0o755; st_nlink=2; st_uid=-1; st_gid=-1; st_rdev=0; st_size=102; }
   allowed are only: { st_dev=2049; st_ino=3; st_kind=S_IFDIR; st_perm=0o755; st_nlink=2; st_uid=0; st_gid=0; st_rdev=0; st_size=4096; }
   continuing execution with { st_dev=2049; st_ino=3; st_kind=S_IFDIR; st_perm=0o755; st_nlink=2; st_uid=0; st_gid=0; st_rdev=0; st_size=4096; }

Error:    404: stat .././file2.txt
               Tau
               { st_dev=16777220; st_ino=4546; st_kind=S_IFREG; st_perm=0o644; st_nlink=1; st_uid=-1; st_gid=-1; st_rdev=0; st_size=0; }
   unexpected results: { st_dev=16777220; st_ino=4546; st_kind=S_IFREG; st_perm=0o644; st_nlink=1; st_uid=-1; st_gid=-1; st_rdev=0; st_size=0; }
   allowed are only: ENOENT
   continuing execution with ENOENT

Error:    405: stat .././d3
               Tau
               { st_dev=16777220; st_ino=4542; st_kind=S_IFDIR; st_perm=0o755; st_nlink=2; st_uid=-1; st_gid=-1; st_rdev=0; st_size=102; }
   unexpected results: { st_dev=16777220; st_ino=4542; st_kind=S_IFDIR; st_perm=0o755; st_nlink=2; st_uid=-1; st_gid=-1; st_rdev=0; st_size=102; }
   allowed are only: { st_dev=2049; st_ino=3; st_kind=S_IFDIR; st_perm=0o755; st_nlink=2; st_uid=0; st_gid=0; st_rdev=0; st_size=4096; }
   continuing execution with { st_dev=2049; st_ino=3; st_kind=S_IFDIR; st_perm=0o755; st_nlink=2; st_uid=0; st_gid=0; st_rdev=0; st_size=4096; }

Error:    406: stat ../d3/../file2.txt
               Tau
               { st_dev=16777220; st_ino=4546; st_kind=S_IFREG; st_perm=0o644; st_nlink=1; st_uid=-1; st_gid=-1; st_rdev=0; st_size=0; }
   unexpected results: { st_dev=16777220; st_ino=4546; st_kind=S_IFREG; st_perm=0o644; st_nlink=1; st_uid=-1; st_gid=-1; st_rdev=0; st_size=0; }
   allowed are only: ENOENT
   continuing execution with ENOENT

Error:    407: stat ../d3/../d3
               Tau
               { st_dev=16777220; st_ino=4542; st_kind=S_IFDIR; st_perm=0o755; st_nlink=2; st_uid=-1; st_gid=-1; st_rdev=0; st_size=102; }
   unexpected results: { st_dev=16777220; st_ino=4542; st_kind=S_IFDIR; st_perm=0o755; st_nlink=2; st_uid=-1; st_gid=-1; st_rdev=0; st_size=102; }
   allowed are only: { st_dev=2049; st_ino=3; st_kind=S_IFDIR; st_perm=0o755; st_nlink=2; st_uid=0; st_gid=0; st_rdev=0; st_size=4096; }
   continuing execution with { st_dev=2049; st_ino=3; st_kind=S_IFDIR; st_perm=0o755; st_nlink=2; st_uid=0; st_gid=0; st_rdev=0; st_size=4096; }
