< uname -s
< id -u -n
< id -g -n

Error:     17: open_close f2 [O_NOCTTY;O_EXCL;O_RDONLY] 0o666
               Tau
   special states found:
     - OS_special (Undefined, "open: O_EXCL, no O_CREAT, posix/open.md D:1")
   continuing with normal result states

Error:     17: open_close f2 [O_NOCTTY;O_EXCL;O_RDONLY] 0o666
               Tau
               RV_none
   unexpected results: RV_none
   allowed are only: ENOENT
   continuing execution with ENOENT

Error:     18: open_close f4 [O_NOCTTY;O_EXCL;O_RDONLY] 0o666
               Tau
   special states found:
     - OS_special (Undefined, "open: O_EXCL, no O_CREAT, posix/open.md D:1")
   continuing with normal result states

Error:     18: open_close f4 [O_NOCTTY;O_EXCL;O_RDONLY] 0o666
               Tau
               RV_none
   unexpected results: RV_none
   allowed are only: ENOENT
   continuing execution with ENOENT

Error:     25: open_close f1 [O_NOCTTY;O_EXCL;O_RDONLY] 0o666
               Tau
   special states found:
     - OS_special (Undefined, "open: O_EXCL, no O_CREAT, posix/open.md D:1")
   continuing with normal result states

Error:     25: open_close f1 [O_NOCTTY;O_EXCL;O_RDONLY] 0o666
               Tau
               RV_none
   unexpected results: RV_none
   allowed are only: ENOENT
   continuing execution with ENOENT

Error:     26: open_close f2 [O_NOCTTY;O_EXCL;O_RDONLY] 0o666
               Tau
   special states found:
     - OS_special (Undefined, "open: O_EXCL, no O_CREAT, posix/open.md D:1")
   continuing with normal result states

Error:     26: open_close f2 [O_NOCTTY;O_EXCL;O_RDONLY] 0o666
               Tau
               EEXIST
   unexpected results: EEXIST
   allowed are only: ENOENT
   continuing execution with ENOENT

Error:     29: open_close /tmp_dir_rwx/f3 [O_NOCTTY;O_EXCL;O_RDONLY] 0o666
               Tau
   special states found:
     - OS_special (Undefined, "open: O_EXCL, no O_CREAT, posix/open.md D:1")
   continuing with normal result states

Error:     29: open_close /tmp_dir_rwx/f3 [O_NOCTTY;O_EXCL;O_RDONLY] 0o666
               Tau
               RV_none
   unexpected results: RV_none
   allowed are only: ENOENT
   continuing execution with ENOENT

Error:     30: open_close /tmp_dir_rwx/f4 [O_NOCTTY;O_EXCL;O_RDONLY] 0o666
               Tau
   special states found:
     - OS_special (Undefined, "open: O_EXCL, no O_CREAT, posix/open.md D:1")
   continuing with normal result states

Error:     30: open_close /tmp_dir_rwx/f4 [O_NOCTTY;O_EXCL;O_RDONLY] 0o666
               Tau
               EEXIST
   unexpected results: EEXIST
   allowed are only: ENOENT
   continuing execution with ENOENT

Error:     36: open_close f2 [O_NOCTTY;O_EXCL;O_RDONLY] 0o666
               Tau
   special states found:
     - OS_special (Undefined, "open: O_EXCL, no O_CREAT, posix/open.md D:1")
   continuing with normal result states

Error:     36: open_close f2 [O_NOCTTY;O_EXCL;O_RDONLY] 0o666
               Tau
               RV_none
   unexpected results: RV_none
   allowed are only: ENOENT
   continuing execution with ENOENT

Error:     37: open_close f4 [O_NOCTTY;O_EXCL;O_RDONLY] 0o666
               Tau
   special states found:
     - OS_special (Undefined, "open: O_EXCL, no O_CREAT, posix/open.md D:1")
   continuing with normal result states

Error:     37: open_close f4 [O_NOCTTY;O_EXCL;O_RDONLY] 0o666
               Tau
               RV_none
   unexpected results: RV_none
   allowed are only: ENOENT
   continuing execution with ENOENT

Error:     44: open_close f1 [O_NOCTTY;O_EXCL;O_RDONLY] 0o666
               Tau
   special states found:
     - OS_special (Undefined, "open: O_EXCL, no O_CREAT, posix/open.md D:1")
   continuing with normal result states

Error:     44: open_close f1 [O_NOCTTY;O_EXCL;O_RDONLY] 0o666
               Tau
               RV_none
   unexpected results: RV_none
   allowed are only: ENOENT
   continuing execution with ENOENT

Error:     45: open_close f2 [O_NOCTTY;O_EXCL;O_RDONLY] 0o666
               Tau
   special states found:
     - OS_special (Undefined, "open: O_EXCL, no O_CREAT, posix/open.md D:1")
   continuing with normal result states

Error:     45: open_close f2 [O_NOCTTY;O_EXCL;O_RDONLY] 0o666
               Tau
               EEXIST
   unexpected results: EEXIST
   allowed are only: ENOENT
   continuing execution with ENOENT

Error:     48: open_close /tmp_dir_rw_/f3 [O_NOCTTY;O_EXCL;O_RDONLY] 0o666
               Tau
   special states found:
     - OS_special (Undefined, "open: O_EXCL, no O_CREAT, posix/open.md D:1")
   continuing with normal result states

Error:     48: open_close /tmp_dir_rw_/f3 [O_NOCTTY;O_EXCL;O_RDONLY] 0o666
               Tau
               RV_none
   unexpected results: RV_none
   allowed are only: ENOENT
   continuing execution with ENOENT

Error:     49: open_close /tmp_dir_rw_/f4 [O_NOCTTY;O_EXCL;O_RDONLY] 0o666
               Tau
   special states found:
     - OS_special (Undefined, "open: O_EXCL, no O_CREAT, posix/open.md D:1")
   continuing with normal result states

Error:     49: open_close /tmp_dir_rw_/f4 [O_NOCTTY;O_EXCL;O_RDONLY] 0o666
               Tau
               EEXIST
   unexpected results: EEXIST
   allowed are only: ENOENT
   continuing execution with ENOENT

Error:     55: open_close f2 [O_NOCTTY;O_EXCL;O_RDONLY] 0o666
               Tau
   special states found:
     - OS_special (Undefined, "open: O_EXCL, no O_CREAT, posix/open.md D:1")
   continuing with normal result states

Error:     55: open_close f2 [O_NOCTTY;O_EXCL;O_RDONLY] 0o666
               Tau
               RV_none
   unexpected results: RV_none
   allowed are only: ENOENT
   continuing execution with ENOENT

Error:     56: open_close f4 [O_NOCTTY;O_EXCL;O_RDONLY] 0o666
               Tau
   special states found:
     - OS_special (Undefined, "open: O_EXCL, no O_CREAT, posix/open.md D:1")
   continuing with normal result states

Error:     56: open_close f4 [O_NOCTTY;O_EXCL;O_RDONLY] 0o666
               Tau
               RV_none
   unexpected results: RV_none
   allowed are only: ENOENT
   continuing execution with ENOENT

Error:     63: open_close f1 [O_NOCTTY;O_EXCL;O_RDONLY] 0o666
               Tau
   special states found:
     - OS_special (Undefined, "open: O_EXCL, no O_CREAT, posix/open.md D:1")
   continuing with normal result states

Error:     63: open_close f1 [O_NOCTTY;O_EXCL;O_RDONLY] 0o666
               Tau
               RV_none
   unexpected results: RV_none
   allowed are only: ENOENT
   continuing execution with ENOENT

Error:     64: open_close f2 [O_NOCTTY;O_EXCL;O_RDONLY] 0o666
               Tau
   special states found:
     - OS_special (Undefined, "open: O_EXCL, no O_CREAT, posix/open.md D:1")
   continuing with normal result states

Error:     64: open_close f2 [O_NOCTTY;O_EXCL;O_RDONLY] 0o666
               Tau
               EEXIST
   unexpected results: EEXIST
   allowed are only: ENOENT
   continuing execution with ENOENT

Error:     67: open_close /tmp_dir_r_x/f3 [O_NOCTTY;O_EXCL;O_RDONLY] 0o666
               Tau
   special states found:
     - OS_special (Undefined, "open: O_EXCL, no O_CREAT, posix/open.md D:1")
   continuing with normal result states

Error:     67: open_close /tmp_dir_r_x/f3 [O_NOCTTY;O_EXCL;O_RDONLY] 0o666
               Tau
               RV_none
   unexpected results: RV_none
   allowed are only: ENOENT
   continuing execution with ENOENT

Error:     68: open_close /tmp_dir_r_x/f4 [O_NOCTTY;O_EXCL;O_RDONLY] 0o666
               Tau
   special states found:
     - OS_special (Undefined, "open: O_EXCL, no O_CREAT, posix/open.md D:1")
   continuing with normal result states

Error:     68: open_close /tmp_dir_r_x/f4 [O_NOCTTY;O_EXCL;O_RDONLY] 0o666
               Tau
               EEXIST
   unexpected results: EEXIST
   allowed are only: ENOENT
   continuing execution with ENOENT

Error:     74: open_close f2 [O_NOCTTY;O_EXCL;O_RDONLY] 0o666
               Tau
   special states found:
     - OS_special (Undefined, "open: O_EXCL, no O_CREAT, posix/open.md D:1")
   continuing with normal result states

Error:     74: open_close f2 [O_NOCTTY;O_EXCL;O_RDONLY] 0o666
               Tau
               RV_none
   unexpected results: RV_none
   allowed are only: ENOENT
   continuing execution with ENOENT

Error:     75: open_close f4 [O_NOCTTY;O_EXCL;O_RDONLY] 0o666
               Tau
   special states found:
     - OS_special (Undefined, "open: O_EXCL, no O_CREAT, posix/open.md D:1")
   continuing with normal result states

Error:     75: open_close f4 [O_NOCTTY;O_EXCL;O_RDONLY] 0o666
               Tau
               RV_none
   unexpected results: RV_none
   allowed are only: ENOENT
   continuing execution with ENOENT

Error:     82: open_close f1 [O_NOCTTY;O_EXCL;O_RDONLY] 0o666
               Tau
   special states found:
     - OS_special (Undefined, "open: O_EXCL, no O_CREAT, posix/open.md D:1")
   continuing with normal result states

Error:     82: open_close f1 [O_NOCTTY;O_EXCL;O_RDONLY] 0o666
               Tau
               RV_none
   unexpected results: RV_none
   allowed are only: ENOENT
   continuing execution with ENOENT

Error:     83: open_close f2 [O_NOCTTY;O_EXCL;O_RDONLY] 0o666
               Tau
   special states found:
     - OS_special (Undefined, "open: O_EXCL, no O_CREAT, posix/open.md D:1")
   continuing with normal result states

Error:     83: open_close f2 [O_NOCTTY;O_EXCL;O_RDONLY] 0o666
               Tau
               EEXIST
   unexpected results: EEXIST
   allowed are only: ENOENT
   continuing execution with ENOENT

Error:     86: open_close /tmp_dir_r__/f3 [O_NOCTTY;O_EXCL;O_RDONLY] 0o666
               Tau
   special states found:
     - OS_special (Undefined, "open: O_EXCL, no O_CREAT, posix/open.md D:1")
   continuing with normal result states

Error:     86: open_close /tmp_dir_r__/f3 [O_NOCTTY;O_EXCL;O_RDONLY] 0o666
               Tau
               RV_none
   unexpected results: RV_none
   allowed are only: ENOENT
   continuing execution with ENOENT

Error:     87: open_close /tmp_dir_r__/f4 [O_NOCTTY;O_EXCL;O_RDONLY] 0o666
               Tau
   special states found:
     - OS_special (Undefined, "open: O_EXCL, no O_CREAT, posix/open.md D:1")
   continuing with normal result states

Error:     87: open_close /tmp_dir_r__/f4 [O_NOCTTY;O_EXCL;O_RDONLY] 0o666
               Tau
               EEXIST
   unexpected results: EEXIST
   allowed are only: ENOENT
   continuing execution with ENOENT

Error:     94: open_close f2 [O_NOCTTY;O_EXCL;O_RDONLY] 0o666
               Tau
   special states found:
     - OS_special (Undefined, "open: O_EXCL, no O_CREAT, posix/open.md D:1")
   continuing with normal result states

Error:     94: open_close f2 [O_NOCTTY;O_EXCL;O_RDONLY] 0o666
               Tau
               RV_none
   unexpected results: RV_none
   allowed are only: ENOENT
   continuing execution with ENOENT

Error:     95: open_close f4 [O_NOCTTY;O_EXCL;O_RDONLY] 0o666
               Tau
   special states found:
     - OS_special (Undefined, "open: O_EXCL, no O_CREAT, posix/open.md D:1")
   continuing with normal result states

Error:     95: open_close f4 [O_NOCTTY;O_EXCL;O_RDONLY] 0o666
               Tau
               RV_none
   unexpected results: RV_none
   allowed are only: ENOENT
   continuing execution with ENOENT

Error:    102: open_close f1 [O_NOCTTY;O_EXCL;O_RDONLY] 0o666
               Tau
   special states found:
     - OS_special (Undefined, "open: O_EXCL, no O_CREAT, posix/open.md D:1")
   continuing with normal result states

Error:    102: open_close f1 [O_NOCTTY;O_EXCL;O_RDONLY] 0o666
               Tau
               RV_none
   unexpected results: RV_none
   allowed are only: ENOENT
   continuing execution with ENOENT

Error:    103: open_close f2 [O_NOCTTY;O_EXCL;O_RDONLY] 0o666
               Tau
   special states found:
     - OS_special (Undefined, "open: O_EXCL, no O_CREAT, posix/open.md D:1")
   continuing with normal result states

Error:    103: open_close f2 [O_NOCTTY;O_EXCL;O_RDONLY] 0o666
               Tau
               EEXIST
   unexpected results: EEXIST
   allowed are only: ENOENT
   continuing execution with ENOENT

Error:    106: open_close /tmp_dir__wx/f3 [O_NOCTTY;O_EXCL;O_RDONLY] 0o666
               Tau
   special states found:
     - OS_special (Undefined, "open: O_EXCL, no O_CREAT, posix/open.md D:1")
   continuing with normal result states

Error:    106: open_close /tmp_dir__wx/f3 [O_NOCTTY;O_EXCL;O_RDONLY] 0o666
               Tau
               RV_none
   unexpected results: RV_none
   allowed are only: ENOENT
   continuing execution with ENOENT

Error:    107: open_close /tmp_dir__wx/f4 [O_NOCTTY;O_EXCL;O_RDONLY] 0o666
               Tau
   special states found:
     - OS_special (Undefined, "open: O_EXCL, no O_CREAT, posix/open.md D:1")
   continuing with normal result states

Error:    107: open_close /tmp_dir__wx/f4 [O_NOCTTY;O_EXCL;O_RDONLY] 0o666
               Tau
               EEXIST
   unexpected results: EEXIST
   allowed are only: ENOENT
   continuing execution with ENOENT

Error:    114: open_close f2 [O_NOCTTY;O_EXCL;O_RDONLY] 0o666
               Tau
   special states found:
     - OS_special (Undefined, "open: O_EXCL, no O_CREAT, posix/open.md D:1")
   continuing with normal result states

Error:    114: open_close f2 [O_NOCTTY;O_EXCL;O_RDONLY] 0o666
               Tau
               RV_none
   unexpected results: RV_none
   allowed are only: ENOENT
   continuing execution with ENOENT

Error:    115: open_close f4 [O_NOCTTY;O_EXCL;O_RDONLY] 0o666
               Tau
   special states found:
     - OS_special (Undefined, "open: O_EXCL, no O_CREAT, posix/open.md D:1")
   continuing with normal result states

Error:    115: open_close f4 [O_NOCTTY;O_EXCL;O_RDONLY] 0o666
               Tau
               RV_none
   unexpected results: RV_none
   allowed are only: ENOENT
   continuing execution with ENOENT

Error:    122: open_close f1 [O_NOCTTY;O_EXCL;O_RDONLY] 0o666
               Tau
   special states found:
     - OS_special (Undefined, "open: O_EXCL, no O_CREAT, posix/open.md D:1")
   continuing with normal result states

Error:    122: open_close f1 [O_NOCTTY;O_EXCL;O_RDONLY] 0o666
               Tau
               RV_none
   unexpected results: RV_none
   allowed are only: ENOENT
   continuing execution with ENOENT

Error:    123: open_close f2 [O_NOCTTY;O_EXCL;O_RDONLY] 0o666
               Tau
   special states found:
     - OS_special (Undefined, "open: O_EXCL, no O_CREAT, posix/open.md D:1")
   continuing with normal result states

Error:    123: open_close f2 [O_NOCTTY;O_EXCL;O_RDONLY] 0o666
               Tau
               EEXIST
   unexpected results: EEXIST
   allowed are only: ENOENT
   continuing execution with ENOENT

Error:    126: open_close /tmp_dir__w_/f3 [O_NOCTTY;O_EXCL;O_RDONLY] 0o666
               Tau
   special states found:
     - OS_special (Undefined, "open: O_EXCL, no O_CREAT, posix/open.md D:1")
   continuing with normal result states

Error:    126: open_close /tmp_dir__w_/f3 [O_NOCTTY;O_EXCL;O_RDONLY] 0o666
               Tau
               RV_none
   unexpected results: RV_none
   allowed are only: ENOENT
   continuing execution with ENOENT

Error:    127: open_close /tmp_dir__w_/f4 [O_NOCTTY;O_EXCL;O_RDONLY] 0o666
               Tau
   special states found:
     - OS_special (Undefined, "open: O_EXCL, no O_CREAT, posix/open.md D:1")
   continuing with normal result states

Error:    127: open_close /tmp_dir__w_/f4 [O_NOCTTY;O_EXCL;O_RDONLY] 0o666
               Tau
               EEXIST
   unexpected results: EEXIST
   allowed are only: ENOENT
   continuing execution with ENOENT

Error:    133: open_close f2 [O_NOCTTY;O_EXCL;O_RDONLY] 0o666
               Tau
   special states found:
     - OS_special (Undefined, "open: O_EXCL, no O_CREAT, posix/open.md D:1")
   continuing with normal result states

Error:    133: open_close f2 [O_NOCTTY;O_EXCL;O_RDONLY] 0o666
               Tau
               RV_none
   unexpected results: RV_none
   allowed are only: ENOENT
   continuing execution with ENOENT

Error:    134: open_close f4 [O_NOCTTY;O_EXCL;O_RDONLY] 0o666
               Tau
   special states found:
     - OS_special (Undefined, "open: O_EXCL, no O_CREAT, posix/open.md D:1")
   continuing with normal result states

Error:    134: open_close f4 [O_NOCTTY;O_EXCL;O_RDONLY] 0o666
               Tau
               RV_none
   unexpected results: RV_none
   allowed are only: ENOENT
   continuing execution with ENOENT

Error:    141: open_close f1 [O_NOCTTY;O_EXCL;O_RDONLY] 0o666
               Tau
   special states found:
     - OS_special (Undefined, "open: O_EXCL, no O_CREAT, posix/open.md D:1")
   continuing with normal result states

Error:    141: open_close f1 [O_NOCTTY;O_EXCL;O_RDONLY] 0o666
               Tau
               RV_none
   unexpected results: RV_none
   allowed are only: ENOENT
   continuing execution with ENOENT

Error:    142: open_close f2 [O_NOCTTY;O_EXCL;O_RDONLY] 0o666
               Tau
   special states found:
     - OS_special (Undefined, "open: O_EXCL, no O_CREAT, posix/open.md D:1")
   continuing with normal result states

Error:    142: open_close f2 [O_NOCTTY;O_EXCL;O_RDONLY] 0o666
               Tau
               EEXIST
   unexpected results: EEXIST
   allowed are only: ENOENT
   continuing execution with ENOENT

Error:    145: open_close /tmp_dir___x/f3 [O_NOCTTY;O_EXCL;O_RDONLY] 0o666
               Tau
   special states found:
     - OS_special (Undefined, "open: O_EXCL, no O_CREAT, posix/open.md D:1")
   continuing with normal result states

Error:    145: open_close /tmp_dir___x/f3 [O_NOCTTY;O_EXCL;O_RDONLY] 0o666
               Tau
               RV_none
   unexpected results: RV_none
   allowed are only: ENOENT
   continuing execution with ENOENT

Error:    146: open_close /tmp_dir___x/f4 [O_NOCTTY;O_EXCL;O_RDONLY] 0o666
               Tau
   special states found:
     - OS_special (Undefined, "open: O_EXCL, no O_CREAT, posix/open.md D:1")
   continuing with normal result states

Error:    146: open_close /tmp_dir___x/f4 [O_NOCTTY;O_EXCL;O_RDONLY] 0o666
               Tau
               EEXIST
   unexpected results: EEXIST
   allowed are only: ENOENT
   continuing execution with ENOENT

Error:    152: open_close f2 [O_NOCTTY;O_EXCL;O_RDONLY] 0o666
               Tau
   special states found:
     - OS_special (Undefined, "open: O_EXCL, no O_CREAT, posix/open.md D:1")
   continuing with normal result states

Error:    152: open_close f2 [O_NOCTTY;O_EXCL;O_RDONLY] 0o666
               Tau
               RV_none
   unexpected results: RV_none
   allowed are only: ENOENT
   continuing execution with ENOENT

Error:    153: open_close f4 [O_NOCTTY;O_EXCL;O_RDONLY] 0o666
               Tau
   special states found:
     - OS_special (Undefined, "open: O_EXCL, no O_CREAT, posix/open.md D:1")
   continuing with normal result states

Error:    153: open_close f4 [O_NOCTTY;O_EXCL;O_RDONLY] 0o666
               Tau
               RV_none
   unexpected results: RV_none
   allowed are only: ENOENT
   continuing execution with ENOENT

Error:    160: open_close f1 [O_NOCTTY;O_EXCL;O_RDONLY] 0o666
               Tau
   special states found:
     - OS_special (Undefined, "open: O_EXCL, no O_CREAT, posix/open.md D:1")
   continuing with normal result states

Error:    160: open_close f1 [O_NOCTTY;O_EXCL;O_RDONLY] 0o666
               Tau
               RV_none
   unexpected results: RV_none
   allowed are only: ENOENT
   continuing execution with ENOENT

Error:    161: open_close f2 [O_NOCTTY;O_EXCL;O_RDONLY] 0o666
               Tau
   special states found:
     - OS_special (Undefined, "open: O_EXCL, no O_CREAT, posix/open.md D:1")
   continuing with normal result states

Error:    161: open_close f2 [O_NOCTTY;O_EXCL;O_RDONLY] 0o666
               Tau
               EEXIST
   unexpected results: EEXIST
   allowed are only: ENOENT
   continuing execution with ENOENT

Error:    164: open_close /tmp_dir____/f3 [O_NOCTTY;O_EXCL;O_RDONLY] 0o666
               Tau
   special states found:
     - OS_special (Undefined, "open: O_EXCL, no O_CREAT, posix/open.md D:1")
   continuing with normal result states

Error:    164: open_close /tmp_dir____/f3 [O_NOCTTY;O_EXCL;O_RDONLY] 0o666
               Tau
               RV_none
   unexpected results: RV_none
   allowed are only: ENOENT
   continuing execution with ENOENT

Error:    165: open_close /tmp_dir____/f4 [O_NOCTTY;O_EXCL;O_RDONLY] 0o666
               Tau
   special states found:
     - OS_special (Undefined, "open: O_EXCL, no O_CREAT, posix/open.md D:1")
   continuing with normal result states

Error:    165: open_close /tmp_dir____/f4 [O_NOCTTY;O_EXCL;O_RDONLY] 0o666
               Tau
               EEXIST
   unexpected results: EEXIST
   allowed are only: ENOENT
   continuing execution with ENOENT
