< uname -s
< id -u -n
< id -g -n

Error:      8: open_close /tmp_dir_rwx/file.txt [O_EXCL;O_RDONLY] 0o666
               Tau
   special states found:
     - OS_special (Undefined, "open: O_EXCL, no O_CREAT, posix/open.md D:1")
   continuing with normal result states

Error:      8: open_close /tmp_dir_rwx/file.txt [O_EXCL;O_RDONLY] 0o666
               Tau
               RV_none
   unexpected results: RV_none
   allowed are only: ENOENT
   continuing execution with ENOENT

Error:     13: open_close /tmp_dir_rwt/file.txt [O_EXCL;O_RDONLY] 0o666
               Tau
   special states found:
     - OS_special (Undefined, "open: O_EXCL, no O_CREAT, posix/open.md D:1")
   continuing with normal result states

Error:     13: open_close /tmp_dir_rwt/file.txt [O_EXCL;O_RDONLY] 0o666
               Tau
               RV_none
   unexpected results: RV_none
   allowed are only: ENOENT
   continuing execution with ENOENT

Error:     18: open_close /tmp_dir_rw/file.txt [O_EXCL;O_RDONLY] 0o666
               Tau
   special states found:
     - OS_special (Undefined, "open: O_EXCL, no O_CREAT, posix/open.md D:1")
   continuing with normal result states

Error:     18: open_close /tmp_dir_rw/file.txt [O_EXCL;O_RDONLY] 0o666
               Tau
               RV_none
   unexpected results: RV_none
   allowed are only: ENOENT
   continuing execution with ENOENT

Error:     23: open_close /tmp_dir_rx/file.txt [O_EXCL;O_RDONLY] 0o666
               Tau
   special states found:
     - OS_special (Undefined, "open: O_EXCL, no O_CREAT, posix/open.md D:1")
   continuing with normal result states

Error:     23: open_close /tmp_dir_rx/file.txt [O_EXCL;O_RDONLY] 0o666
               Tau
               RV_none
   unexpected results: RV_none
   allowed are only: ENOENT
   continuing execution with ENOENT

Error:     28: open_close /tmp_dir_r/file.txt [O_EXCL;O_RDONLY] 0o666
               Tau
   special states found:
     - OS_special (Undefined, "open: O_EXCL, no O_CREAT, posix/open.md D:1")
   continuing with normal result states

Error:     28: open_close /tmp_dir_r/file.txt [O_EXCL;O_RDONLY] 0o666
               Tau
               RV_none
   unexpected results: RV_none
   allowed are only: ENOENT
   continuing execution with ENOENT

Error:     33: open_close /tmp_dir_wx/file.txt [O_EXCL;O_RDONLY] 0o666
               Tau
   special states found:
     - OS_special (Undefined, "open: O_EXCL, no O_CREAT, posix/open.md D:1")
   continuing with normal result states

Error:     33: open_close /tmp_dir_wx/file.txt [O_EXCL;O_RDONLY] 0o666
               Tau
               RV_none
   unexpected results: RV_none
   allowed are only: ENOENT
   continuing execution with ENOENT

Error:     38: open_close /tmp_dir_w/file.txt [O_EXCL;O_RDONLY] 0o666
               Tau
   special states found:
     - OS_special (Undefined, "open: O_EXCL, no O_CREAT, posix/open.md D:1")
   continuing with normal result states

Error:     38: open_close /tmp_dir_w/file.txt [O_EXCL;O_RDONLY] 0o666
               Tau
               RV_none
   unexpected results: RV_none
   allowed are only: ENOENT
   continuing execution with ENOENT

Error:     43: open_close /tmp_dir_wt/file.txt [O_EXCL;O_RDONLY] 0o666
               Tau
   special states found:
     - OS_special (Undefined, "open: O_EXCL, no O_CREAT, posix/open.md D:1")
   continuing with normal result states

Error:     43: open_close /tmp_dir_wt/file.txt [O_EXCL;O_RDONLY] 0o666
               Tau
               RV_none
   unexpected results: RV_none
   allowed are only: ENOENT
   continuing execution with ENOENT

Error:     48: open_close /tmp_dir_rwx/file.txt [O_EXCL;O_RDONLY] 0o666
               Tau
   special states found:
     - OS_special (Undefined, "open: O_EXCL, no O_CREAT, posix/open.md D:1")
   continuing with normal result states

Error:     48: open_close /tmp_dir_rwx/file.txt [O_EXCL;O_RDONLY] 0o666
               Tau
               RV_none
   unexpected results: RV_none
   allowed are only: ENOENT
   continuing execution with ENOENT

Error:     53: open_close /tmp_dir_/file.txt [O_EXCL;O_RDONLY] 0o666
               Tau
   special states found:
     - OS_special (Undefined, "open: O_EXCL, no O_CREAT, posix/open.md D:1")
   continuing with normal result states

Error:     53: open_close /tmp_dir_/file.txt [O_EXCL;O_RDONLY] 0o666
               Tau
               RV_none
   unexpected results: RV_none
   allowed are only: ENOENT
   continuing execution with ENOENT

Error:     59: unlink /tmp_dir_rwx/file.txt
               Tau
               RV_none
   unexpected results: RV_none
   allowed are only: ENOENT
   continuing execution with ENOENT

Error:     60: unlink /tmp_dir_rwt/file.txt
               Tau
               RV_none
   unexpected results: RV_none
   allowed are only: ENOENT
   continuing execution with ENOENT

Error:     61: unlink /tmp_dir_rw/file.txt
               Tau
               RV_none
   unexpected results: RV_none
   allowed are only: ENOENT
   continuing execution with ENOENT

Error:     62: unlink /tmp_dir_rx/file.txt
               Tau
               RV_none
   unexpected results: RV_none
   allowed are only: ENOENT
   continuing execution with ENOENT

Error:     63: unlink /tmp_dir_r/file.txt
               Tau
               RV_none
   unexpected results: RV_none
   allowed are only: ENOENT
   continuing execution with ENOENT

Error:     64: unlink /tmp_dir_wx/file.txt
               Tau
               RV_none
   unexpected results: RV_none
   allowed are only: ENOENT
   continuing execution with ENOENT

Error:     65: unlink /tmp_dir_wt/file.txt
               Tau
               RV_none
   unexpected results: RV_none
   allowed are only: ENOENT
   continuing execution with ENOENT

Error:     66: unlink /tmp_dir_w/file.txt
               Tau
               RV_none
   unexpected results: RV_none
   allowed are only: ENOENT
   continuing execution with ENOENT

Error:     68: unlink /tmp_dir_/file.txt
               Tau
               RV_none
   unexpected results: RV_none
   allowed are only: ENOENT
   continuing execution with ENOENT

        /|D|0
        /tmp_dir_|D|17
        /tmp_dir_r|D|9
        /tmp_dir_rw|D|5
        /tmp_dir_rwt|D|3
        /tmp_dir_rwx|D|1
        /tmp_dir_rx|D|7
        /tmp_dir_w|D|13
        /tmp_dir_wt|D|15
        /tmp_dir_wx|D|11


Error:     82: dump-result
           /|D|4501
           /tmp_dir_r|D|4619
           /tmp_dir_rwt|D|4580
           /tmp_dir_rx|D|4608
           /tmp_dir_wt|D|4660
        end dump-result
   
   comparison of dump-results failed:
      missing entry: /tmp_dir_
      missing entry: /tmp_dir_rw
      missing entry: /tmp_dir_rwx
      missing entry: /tmp_dir_w
      missing entry: /tmp_dir_wx


