< uname -s
< id -u -n
< id -g -n

Error:     36: open f_777.txt [O_EXCL;O_RDONLY] 0o777
               Tau
   special states found:
     - OS_special (Undefined, "open: O_EXCL, no O_CREAT, posix/open.md D:1")
   continuing with normal result states

Error:     36: open f_777.txt [O_EXCL;O_RDONLY] 0o777
               Tau
               RV_num(3)
   unexpected results: RV_num(3)
   allowed are only: ENOENT
   continuing execution with ENOENT

Error:     37: close (FD 3)
               Tau
               RV_none
   unexpected results: RV_none
   allowed are only: EBADF
   continuing execution with EBADF

Error:     38: stat f_777.txt
               Tau
               { st_dev=16777220; st_ino=4543; st_kind=S_IFREG; st_perm=0o755; st_nlink=1; st_uid=-1; st_gid=-1; st_rdev=0; st_size=0; }
   unexpected results: { st_dev=16777220; st_ino=4543; st_kind=S_IFREG; st_perm=0o755; st_nlink=1; st_uid=-1; st_gid=-1; st_rdev=0; st_size=0; }
   allowed are only: ENOENT
   continuing execution with ENOENT

Error:     40: open f_444.txt [O_EXCL;O_RDONLY] 0o444
               Tau
   special states found:
     - OS_special (Undefined, "open: O_EXCL, no O_CREAT, posix/open.md D:1")
   continuing with normal result states

Error:     40: open f_444.txt [O_EXCL;O_RDONLY] 0o444
               Tau
               RV_num(3)
   unexpected results: RV_num(3)
   allowed are only: ENOENT
   continuing execution with ENOENT

Error:     41: close (FD 3)
               Tau
               RV_none
   unexpected results: RV_none
   allowed are only: EBADF
   continuing execution with EBADF

Error:     42: stat f_444.txt
               Tau
               { st_dev=16777220; st_ino=4547; st_kind=S_IFREG; st_perm=0o444; st_nlink=1; st_uid=-1; st_gid=-1; st_rdev=0; st_size=0; }
   unexpected results: { st_dev=16777220; st_ino=4547; st_kind=S_IFREG; st_perm=0o444; st_nlink=1; st_uid=-1; st_gid=-1; st_rdev=0; st_size=0; }
   allowed are only: ENOENT
   continuing execution with ENOENT

Error:     44: open f_322.txt [O_EXCL;O_RDONLY] 0o322
               Tau
   special states found:
     - OS_special (Undefined, "open: O_EXCL, no O_CREAT, posix/open.md D:1")
   continuing with normal result states

Error:     44: open f_322.txt [O_EXCL;O_RDONLY] 0o322
               Tau
               RV_num(3)
   unexpected results: RV_num(3)
   allowed are only: ENOENT
   continuing execution with ENOENT

Error:     45: close (FD 3)
               Tau
               RV_none
   unexpected results: RV_none
   allowed are only: EBADF
   continuing execution with EBADF

Error:     46: stat f_322.txt
               Tau
               { st_dev=16777220; st_ino=4550; st_kind=S_IFREG; st_perm=0o300; st_nlink=1; st_uid=-1; st_gid=-1; st_rdev=0; st_size=0; }
   unexpected results: { st_dev=16777220; st_ino=4550; st_kind=S_IFREG; st_perm=0o300; st_nlink=1; st_uid=-1; st_gid=-1; st_rdev=0; st_size=0; }
   allowed are only: ENOENT
   continuing execution with ENOENT

Error:     49: stat dir_777
               Tau
               { st_dev=16777220; st_ino=4553; st_kind=S_IFDIR; st_perm=0o755; st_nlink=2; st_uid=-1; st_gid=-1; st_rdev=0; st_size=68; }
   unexpected results: { st_dev=16777220; st_ino=4553; st_kind=S_IFDIR; st_perm=0o755; st_nlink=2; st_uid=-1; st_gid=-1; st_rdev=0; st_size=68; }
   allowed are only: { st_dev=2049; st_ino=4; st_kind=S_IFDIR; st_perm=0o755; st_nlink=2; st_uid=0; st_gid=0; st_rdev=0; st_size=4096; }
   continuing execution with { st_dev=2049; st_ino=4; st_kind=S_IFDIR; st_perm=0o755; st_nlink=2; st_uid=0; st_gid=0; st_rdev=0; st_size=4096; }

Error:     52: stat dir_444
               Tau
               { st_dev=16777220; st_ino=4555; st_kind=S_IFDIR; st_perm=0o444; st_nlink=2; st_uid=-1; st_gid=-1; st_rdev=0; st_size=68; }
   unexpected results: { st_dev=16777220; st_ino=4555; st_kind=S_IFDIR; st_perm=0o444; st_nlink=2; st_uid=-1; st_gid=-1; st_rdev=0; st_size=68; }
   allowed are only: { st_dev=2049; st_ino=5; st_kind=S_IFDIR; st_perm=0o444; st_nlink=2; st_uid=0; st_gid=0; st_rdev=0; st_size=4096; }
   continuing execution with { st_dev=2049; st_ino=5; st_kind=S_IFDIR; st_perm=0o444; st_nlink=2; st_uid=0; st_gid=0; st_rdev=0; st_size=4096; }

Error:     55: stat dir_322
               Tau
               { st_dev=16777220; st_ino=4557; st_kind=S_IFDIR; st_perm=0o300; st_nlink=2; st_uid=-1; st_gid=-1; st_rdev=0; st_size=68; }
   unexpected results: { st_dev=16777220; st_ino=4557; st_kind=S_IFDIR; st_perm=0o300; st_nlink=2; st_uid=-1; st_gid=-1; st_rdev=0; st_size=68; }
   allowed are only: { st_dev=2049; st_ino=6; st_kind=S_IFDIR; st_perm=0o300; st_nlink=2; st_uid=0; st_gid=0; st_rdev=0; st_size=4096; }
   continuing execution with { st_dev=2049; st_ino=6; st_kind=S_IFDIR; st_perm=0o300; st_nlink=2; st_uid=0; st_gid=0; st_rdev=0; st_size=4096; }

Error:     66: open f_777.txt [O_EXCL;O_RDONLY] 0o777
               Tau
   special states found:
     - OS_special (Undefined, "open: O_EXCL, no O_CREAT, posix/open.md D:1")
   continuing with normal result states

Error:     66: open f_777.txt [O_EXCL;O_RDONLY] 0o777
               Tau
               RV_num(3)
   unexpected results: RV_num(3)
   allowed are only: ENOENT
   continuing execution with ENOENT

Error:     67: close (FD 3)
               Tau
               RV_none
   unexpected results: RV_none
   allowed are only: EBADF
   continuing execution with EBADF

Error:     68: stat f_777.txt
               Tau
               { st_dev=16777220; st_ino=4560; st_kind=S_IFREG; st_perm=0o777; st_nlink=1; st_uid=-1; st_gid=-1; st_rdev=0; st_size=0; }
   unexpected results: { st_dev=16777220; st_ino=4560; st_kind=S_IFREG; st_perm=0o777; st_nlink=1; st_uid=-1; st_gid=-1; st_rdev=0; st_size=0; }
   allowed are only: ENOENT
   continuing execution with ENOENT

Error:     70: open f_444.txt [O_EXCL;O_RDONLY] 0o444
               Tau
   special states found:
     - OS_special (Undefined, "open: O_EXCL, no O_CREAT, posix/open.md D:1")
   continuing with normal result states

Error:     70: open f_444.txt [O_EXCL;O_RDONLY] 0o444
               Tau
               RV_num(3)
   unexpected results: RV_num(3)
   allowed are only: ENOENT
   continuing execution with ENOENT

Error:     71: close (FD 3)
               Tau
               RV_none
   unexpected results: RV_none
   allowed are only: EBADF
   continuing execution with EBADF

Error:     72: stat f_444.txt
               Tau
               { st_dev=16777220; st_ino=4563; st_kind=S_IFREG; st_perm=0o444; st_nlink=1; st_uid=-1; st_gid=-1; st_rdev=0; st_size=0; }
   unexpected results: { st_dev=16777220; st_ino=4563; st_kind=S_IFREG; st_perm=0o444; st_nlink=1; st_uid=-1; st_gid=-1; st_rdev=0; st_size=0; }
   allowed are only: ENOENT
   continuing execution with ENOENT

Error:     74: open f_322.txt [O_EXCL;O_RDONLY] 0o322
               Tau
   special states found:
     - OS_special (Undefined, "open: O_EXCL, no O_CREAT, posix/open.md D:1")
   continuing with normal result states

Error:     74: open f_322.txt [O_EXCL;O_RDONLY] 0o322
               Tau
               RV_num(3)
   unexpected results: RV_num(3)
   allowed are only: ENOENT
   continuing execution with ENOENT

Error:     75: close (FD 3)
               Tau
               RV_none
   unexpected results: RV_none
   allowed are only: EBADF
   continuing execution with EBADF

Error:     76: stat f_322.txt
               Tau
               { st_dev=16777220; st_ino=4565; st_kind=S_IFREG; st_perm=0o322; st_nlink=1; st_uid=-1; st_gid=-1; st_rdev=0; st_size=0; }
   unexpected results: { st_dev=16777220; st_ino=4565; st_kind=S_IFREG; st_perm=0o322; st_nlink=1; st_uid=-1; st_gid=-1; st_rdev=0; st_size=0; }
   allowed are only: ENOENT
   continuing execution with ENOENT

Error:     79: stat dir_777
               Tau
               { st_dev=16777220; st_ino=4573; st_kind=S_IFDIR; st_perm=0o777; st_nlink=2; st_uid=-1; st_gid=-1; st_rdev=0; st_size=68; }
   unexpected results: { st_dev=16777220; st_ino=4573; st_kind=S_IFDIR; st_perm=0o777; st_nlink=2; st_uid=-1; st_gid=-1; st_rdev=0; st_size=68; }
   allowed are only: { st_dev=2049; st_ino=7; st_kind=S_IFDIR; st_perm=0o755; st_nlink=2; st_uid=0; st_gid=0; st_rdev=0; st_size=4096; }
   continuing execution with { st_dev=2049; st_ino=7; st_kind=S_IFDIR; st_perm=0o755; st_nlink=2; st_uid=0; st_gid=0; st_rdev=0; st_size=4096; }

Error:     82: stat dir_444
               Tau
               { st_dev=16777220; st_ino=4584; st_kind=S_IFDIR; st_perm=0o444; st_nlink=2; st_uid=-1; st_gid=-1; st_rdev=0; st_size=68; }
   unexpected results: { st_dev=16777220; st_ino=4584; st_kind=S_IFDIR; st_perm=0o444; st_nlink=2; st_uid=-1; st_gid=-1; st_rdev=0; st_size=68; }
   allowed are only: { st_dev=2049; st_ino=8; st_kind=S_IFDIR; st_perm=0o444; st_nlink=2; st_uid=0; st_gid=0; st_rdev=0; st_size=4096; }
   continuing execution with { st_dev=2049; st_ino=8; st_kind=S_IFDIR; st_perm=0o444; st_nlink=2; st_uid=0; st_gid=0; st_rdev=0; st_size=4096; }

Error:     85: stat dir_322
               Tau
               { st_dev=16777220; st_ino=4585; st_kind=S_IFDIR; st_perm=0o322; st_nlink=2; st_uid=-1; st_gid=-1; st_rdev=0; st_size=68; }
   unexpected results: { st_dev=16777220; st_ino=4585; st_kind=S_IFDIR; st_perm=0o322; st_nlink=2; st_uid=-1; st_gid=-1; st_rdev=0; st_size=68; }
   allowed are only: { st_dev=2049; st_ino=9; st_kind=S_IFDIR; st_perm=0o300; st_nlink=2; st_uid=0; st_gid=0; st_rdev=0; st_size=4096; }
   continuing execution with { st_dev=2049; st_ino=9; st_kind=S_IFDIR; st_perm=0o300; st_nlink=2; st_uid=0; st_gid=0; st_rdev=0; st_size=4096; }

Error:     97: open f_777.txt [O_EXCL;O_RDONLY] 0o777
               Tau
   special states found:
     - OS_special (Undefined, "open: O_EXCL, no O_CREAT, posix/open.md D:1")
   continuing with normal result states

Error:     97: open f_777.txt [O_EXCL;O_RDONLY] 0o777
               Tau
               RV_num(3)
   unexpected results: RV_num(3)
   allowed are only: ENOENT
   continuing execution with ENOENT

Error:     98: close (FD 3)
               Tau
               RV_none
   unexpected results: RV_none
   allowed are only: EBADF
   continuing execution with EBADF

Error:     99: stat f_777.txt
               Tau
               { st_dev=16777220; st_ino=4586; st_kind=S_IFREG; st_perm=0o333; st_nlink=1; st_uid=-1; st_gid=-1; st_rdev=0; st_size=0; }
   unexpected results: { st_dev=16777220; st_ino=4586; st_kind=S_IFREG; st_perm=0o333; st_nlink=1; st_uid=-1; st_gid=-1; st_rdev=0; st_size=0; }
   allowed are only: ENOENT
   continuing execution with ENOENT

Error:    101: open f_444.txt [O_EXCL;O_RDONLY] 0o444
               Tau
   special states found:
     - OS_special (Undefined, "open: O_EXCL, no O_CREAT, posix/open.md D:1")
   continuing with normal result states

Error:    101: open f_444.txt [O_EXCL;O_RDONLY] 0o444
               Tau
               RV_num(3)
   unexpected results: RV_num(3)
   allowed are only: ENOENT
   continuing execution with ENOENT

Error:    102: close (FD 3)
               Tau
               RV_none
   unexpected results: RV_none
   allowed are only: EBADF
   continuing execution with EBADF

Error:    103: stat f_444.txt
               Tau
               { st_dev=16777220; st_ino=4587; st_kind=S_IFREG; st_perm=0o000; st_nlink=1; st_uid=-1; st_gid=-1; st_rdev=0; st_size=0; }
   unexpected results: { st_dev=16777220; st_ino=4587; st_kind=S_IFREG; st_perm=0o000; st_nlink=1; st_uid=-1; st_gid=-1; st_rdev=0; st_size=0; }
   allowed are only: ENOENT
   continuing execution with ENOENT

Error:    105: open f_322.txt [O_EXCL;O_RDONLY] 0o322
               Tau
   special states found:
     - OS_special (Undefined, "open: O_EXCL, no O_CREAT, posix/open.md D:1")
   continuing with normal result states

Error:    105: open f_322.txt [O_EXCL;O_RDONLY] 0o322
               Tau
               RV_num(3)
   unexpected results: RV_num(3)
   allowed are only: ENOENT
   continuing execution with ENOENT

Error:    106: close (FD 3)
               Tau
               RV_none
   unexpected results: RV_none
   allowed are only: EBADF
   continuing execution with EBADF

Error:    107: stat f_322.txt
               Tau
               { st_dev=16777220; st_ino=4588; st_kind=S_IFREG; st_perm=0o322; st_nlink=1; st_uid=-1; st_gid=-1; st_rdev=0; st_size=0; }
   unexpected results: { st_dev=16777220; st_ino=4588; st_kind=S_IFREG; st_perm=0o322; st_nlink=1; st_uid=-1; st_gid=-1; st_rdev=0; st_size=0; }
   allowed are only: ENOENT
   continuing execution with ENOENT

Error:    110: stat dir_777
               Tau
               { st_dev=16777220; st_ino=4597; st_kind=S_IFDIR; st_perm=0o333; st_nlink=2; st_uid=-1; st_gid=-1; st_rdev=0; st_size=68; }
   unexpected results: { st_dev=16777220; st_ino=4597; st_kind=S_IFDIR; st_perm=0o333; st_nlink=2; st_uid=-1; st_gid=-1; st_rdev=0; st_size=68; }
   allowed are only: { st_dev=2049; st_ino=10; st_kind=S_IFDIR; st_perm=0o755; st_nlink=2; st_uid=0; st_gid=0; st_rdev=0; st_size=4096; }
   continuing execution with { st_dev=2049; st_ino=10; st_kind=S_IFDIR; st_perm=0o755; st_nlink=2; st_uid=0; st_gid=0; st_rdev=0; st_size=4096; }

Error:    113: stat dir_444
               Tau
               { st_dev=16777220; st_ino=4599; st_kind=S_IFDIR; st_perm=0o000; st_nlink=2; st_uid=-1; st_gid=-1; st_rdev=0; st_size=68; }
   unexpected results: { st_dev=16777220; st_ino=4599; st_kind=S_IFDIR; st_perm=0o000; st_nlink=2; st_uid=-1; st_gid=-1; st_rdev=0; st_size=68; }
   allowed are only: { st_dev=2049; st_ino=11; st_kind=S_IFDIR; st_perm=0o444; st_nlink=2; st_uid=0; st_gid=0; st_rdev=0; st_size=4096; }
   continuing execution with { st_dev=2049; st_ino=11; st_kind=S_IFDIR; st_perm=0o444; st_nlink=2; st_uid=0; st_gid=0; st_rdev=0; st_size=4096; }

Error:    116: stat dir_322
               Tau
               { st_dev=16777220; st_ino=4600; st_kind=S_IFDIR; st_perm=0o322; st_nlink=2; st_uid=-1; st_gid=-1; st_rdev=0; st_size=68; }
   unexpected results: { st_dev=16777220; st_ino=4600; st_kind=S_IFDIR; st_perm=0o322; st_nlink=2; st_uid=-1; st_gid=-1; st_rdev=0; st_size=68; }
   allowed are only: { st_dev=2049; st_ino=12; st_kind=S_IFDIR; st_perm=0o300; st_nlink=2; st_uid=0; st_gid=0; st_rdev=0; st_size=4096; }
   continuing execution with { st_dev=2049; st_ino=12; st_kind=S_IFDIR; st_perm=0o300; st_nlink=2; st_uid=0; st_gid=0; st_rdev=0; st_size=4096; }
