< uname -s
< id -u -n
< id -g -n

Error:     11: open_close /tmp_dir_uwx/f_rwx.txt [O_EXCL;O_RDONLY] 0o700
               Tau
   special states found:
     - OS_special (Undefined, "open: O_EXCL, no O_CREAT, posix/open.md D:1")
   continuing with normal result states

Error:     11: open_close /tmp_dir_uwx/f_rwx.txt [O_EXCL;O_RDONLY] 0o700
               Tau
               RV_none
   unexpected results: RV_none
   allowed are only: ENOENT
   continuing execution with ENOENT

Error:     12: open_close /tmp_dir_uwx/f_rwx.txt [O_RDONLY]
               Tau
               RV_none
   unexpected results: RV_none
   allowed are only: ENOENT
   continuing execution with ENOENT

Error:     13: open_close /tmp_dir_uwx/f_rwx.txt [O_EXEC]
               Tau
               RV_none
   unexpected results: RV_none
   allowed are only: ENOENT
   continuing execution with ENOENT

Error:     14: open_close /tmp_dir_uwx/f_rwx.txt [O_RDONLY]
               Tau
               RV_none
   unexpected results: RV_none
   allowed are only: ENOENT
   continuing execution with ENOENT

Error:     15: open_close /tmp_dir_uwx/f_rwx.txt [O_RDONLY;O_APPEND]
               Tau
               RV_none
   unexpected results: RV_none
   allowed are only: ENOENT
   continuing execution with ENOENT

Error:     16: open_close /tmp_dir_uwx/f_rwx.txt [O_APPEND;O_EXEC]
               Tau
               RV_none
   unexpected results: RV_none
   allowed are only: ENOENT
   continuing execution with ENOENT

Error:     17: open_close /tmp_dir_uwx/f_rwx.txt [O_RDONLY;O_NONBLOCK]
               Tau
               RV_none
   unexpected results: RV_none
   allowed are only: ENOENT
   continuing execution with ENOENT

Error:     18: open_close /tmp_dir_uwx/f_rwx.txt [O_NONBLOCK;O_EXEC]
               Tau
               RV_none
   unexpected results: RV_none
   allowed are only: ENOENT
   continuing execution with ENOENT

Error:     21: open_close /tmp_dir_uwx/f_r.txt [O_EXCL;O_RDONLY] 0o400
               Tau
   special states found:
     - OS_special (Undefined, "open: O_EXCL, no O_CREAT, posix/open.md D:1")
   continuing with normal result states

Error:     21: open_close /tmp_dir_uwx/f_r.txt [O_EXCL;O_RDONLY] 0o400
               Tau
               RV_none
   unexpected results: RV_none
   allowed are only: ENOENT
   continuing execution with ENOENT

Error:     22: open_close /tmp_dir_uwx/f_r.txt [O_RDONLY]
               Tau
               RV_none
   unexpected results: RV_none
   allowed are only: ENOENT
   continuing execution with ENOENT

Error:     23: open_close /tmp_dir_uwx/f_r.txt [O_EXEC]
               Tau
               RV_none
   unexpected results: RV_none
   allowed are only: ENOENT
   continuing execution with ENOENT

Error:     24: open_close /tmp_dir_uwx/f_r.txt [O_RDONLY]
               Tau
               RV_none
   unexpected results: RV_none
   allowed are only: ENOENT
   continuing execution with ENOENT

Error:     25: open_close /tmp_dir_uwx/f_r.txt [O_RDONLY;O_APPEND]
               Tau
               RV_none
   unexpected results: RV_none
   allowed are only: ENOENT
   continuing execution with ENOENT

Error:     26: open_close /tmp_dir_uwx/f_r.txt [O_APPEND;O_EXEC]
               Tau
               RV_none
   unexpected results: RV_none
   allowed are only: ENOENT
   continuing execution with ENOENT

Error:     27: open_close /tmp_dir_uwx/f_r.txt [O_RDONLY;O_NONBLOCK]
               Tau
               RV_none
   unexpected results: RV_none
   allowed are only: ENOENT
   continuing execution with ENOENT

Error:     28: open_close /tmp_dir_uwx/f_r.txt [O_NONBLOCK;O_EXEC]
               Tau
               RV_none
   unexpected results: RV_none
   allowed are only: ENOENT
   continuing execution with ENOENT

Error:     31: open_close /tmp_dir_uwx/f_w.txt [O_EXCL;O_RDONLY] 0o200
               Tau
   special states found:
     - OS_special (Undefined, "open: O_EXCL, no O_CREAT, posix/open.md D:1")
   continuing with normal result states

Error:     31: open_close /tmp_dir_uwx/f_w.txt [O_EXCL;O_RDONLY] 0o200
               Tau
               RV_none
   unexpected results: RV_none
   allowed are only: ENOENT
   continuing execution with ENOENT

Error:     32: open_close /tmp_dir_uwx/f_w.txt [O_RDONLY]
               Tau
               RV_none
   unexpected results: RV_none
   allowed are only: ENOENT
   continuing execution with ENOENT

Error:     33: open_close /tmp_dir_uwx/f_w.txt [O_EXEC]
               Tau
               RV_none
   unexpected results: RV_none
   allowed are only: ENOENT
   continuing execution with ENOENT

Error:     34: open_close /tmp_dir_uwx/f_w.txt [O_RDONLY]
               Tau
               RV_none
   unexpected results: RV_none
   allowed are only: ENOENT
   continuing execution with ENOENT

Error:     35: open_close /tmp_dir_uwx/f_w.txt [O_RDONLY;O_APPEND]
               Tau
               RV_none
   unexpected results: RV_none
   allowed are only: ENOENT
   continuing execution with ENOENT

Error:     36: open_close /tmp_dir_uwx/f_w.txt [O_APPEND;O_EXEC]
               Tau
               RV_none
   unexpected results: RV_none
   allowed are only: ENOENT
   continuing execution with ENOENT

Error:     37: open_close /tmp_dir_uwx/f_w.txt [O_RDONLY;O_NONBLOCK]
               Tau
               RV_none
   unexpected results: RV_none
   allowed are only: ENOENT
   continuing execution with ENOENT

Error:     38: open_close /tmp_dir_uwx/f_w.txt [O_NONBLOCK;O_EXEC]
               Tau
               RV_none
   unexpected results: RV_none
   allowed are only: ENOENT
   continuing execution with ENOENT

Error:     41: open_close /tmp_dir_uwx/f_x.txt [O_EXCL;O_RDONLY] 0o100
               Tau
   special states found:
     - OS_special (Undefined, "open: O_EXCL, no O_CREAT, posix/open.md D:1")
   continuing with normal result states

Error:     41: open_close /tmp_dir_uwx/f_x.txt [O_EXCL;O_RDONLY] 0o100
               Tau
               RV_none
   unexpected results: RV_none
   allowed are only: ENOENT
   continuing execution with ENOENT

Error:     42: open_close /tmp_dir_uwx/f_x.txt [O_RDONLY]
               Tau
               RV_none
   unexpected results: RV_none
   allowed are only: ENOENT
   continuing execution with ENOENT

Error:     43: open_close /tmp_dir_uwx/f_x.txt [O_EXEC]
               Tau
               RV_none
   unexpected results: RV_none
   allowed are only: ENOENT
   continuing execution with ENOENT

Error:     44: open_close /tmp_dir_uwx/f_x.txt [O_RDONLY]
               Tau
               RV_none
   unexpected results: RV_none
   allowed are only: ENOENT
   continuing execution with ENOENT

Error:     45: open_close /tmp_dir_uwx/f_x.txt [O_RDONLY;O_APPEND]
               Tau
               RV_none
   unexpected results: RV_none
   allowed are only: ENOENT
   continuing execution with ENOENT

Error:     46: open_close /tmp_dir_uwx/f_x.txt [O_APPEND;O_EXEC]
               Tau
               RV_none
   unexpected results: RV_none
   allowed are only: ENOENT
   continuing execution with ENOENT

Error:     47: open_close /tmp_dir_uwx/f_x.txt [O_RDONLY;O_NONBLOCK]
               Tau
               RV_none
   unexpected results: RV_none
   allowed are only: ENOENT
   continuing execution with ENOENT

Error:     48: open_close /tmp_dir_uwx/f_x.txt [O_NONBLOCK;O_EXEC]
               Tau
               RV_none
   unexpected results: RV_none
   allowed are only: ENOENT
   continuing execution with ENOENT

Error:     51: open_close /tmp_dir_uwx/f_rw.txt [O_EXCL;O_RDONLY] 0o600
               Tau
   special states found:
     - OS_special (Undefined, "open: O_EXCL, no O_CREAT, posix/open.md D:1")
   continuing with normal result states

Error:     51: open_close /tmp_dir_uwx/f_rw.txt [O_EXCL;O_RDONLY] 0o600
               Tau
               RV_none
   unexpected results: RV_none
   allowed are only: ENOENT
   continuing execution with ENOENT

Error:     52: open_close /tmp_dir_uwx/f_rw.txt [O_RDONLY]
               Tau
               RV_none
   unexpected results: RV_none
   allowed are only: ENOENT
   continuing execution with ENOENT

Error:     53: open_close /tmp_dir_uwx/f_rw.txt [O_EXEC]
               Tau
               RV_none
   unexpected results: RV_none
   allowed are only: ENOENT
   continuing execution with ENOENT

Error:     54: open_close /tmp_dir_uwx/f_rw.txt [O_RDONLY]
               Tau
               RV_none
   unexpected results: RV_none
   allowed are only: ENOENT
   continuing execution with ENOENT

Error:     55: open_close /tmp_dir_uwx/f_rw.txt [O_RDONLY;O_APPEND]
               Tau
               RV_none
   unexpected results: RV_none
   allowed are only: ENOENT
   continuing execution with ENOENT

Error:     56: open_close /tmp_dir_uwx/f_rw.txt [O_APPEND;O_EXEC]
               Tau
               RV_none
   unexpected results: RV_none
   allowed are only: ENOENT
   continuing execution with ENOENT

Error:     57: open_close /tmp_dir_uwx/f_rw.txt [O_RDONLY;O_NONBLOCK]
               Tau
               RV_none
   unexpected results: RV_none
   allowed are only: ENOENT
   continuing execution with ENOENT

Error:     58: open_close /tmp_dir_uwx/f_rw.txt [O_NONBLOCK;O_EXEC]
               Tau
               RV_none
   unexpected results: RV_none
   allowed are only: ENOENT
   continuing execution with ENOENT

        /|D|0
        /tmp_dir_uwx|D|1


Error:     61: dump-result
           /|D|4502
        end dump-result
   
   comparison of dump-results failed:
      missing entry: /tmp_dir_uwx


