< uname -s
< id -u -n
< id -g -n

Error:     14: open /file.txt [O_EXCL;O_RDONLY] 0o777
               Tau
   special states found:
     - OS_special (Undefined, "open: O_EXCL, no O_CREAT, posix/open.md D:1")
   continuing with normal result states

Error:     14: open /file.txt [O_EXCL;O_RDONLY] 0o777
               Tau
               RV_num(3)
   unexpected results: RV_num(3)
   allowed are only: ENOENT
   continuing execution with ENOENT

Error:     15: close (FD 3)
               Tau
               RV_none
   unexpected results: RV_none
   allowed are only: EBADF
   continuing execution with EBADF

Error:     21: stat /dir
               Tau
               { st_dev=16777220; st_ino=4568; st_kind=S_IFDIR; st_perm=0o755; st_nlink=2; st_uid=-1; st_gid=-1; st_rdev=0; st_size=68; }
   unexpected results: { st_dev=16777220; st_ino=4568; st_kind=S_IFDIR; st_perm=0o755; st_nlink=2; st_uid=-1; st_gid=-1; st_rdev=0; st_size=68; }
   allowed are only: { st_dev=2049; st_ino=1; st_kind=S_IFDIR; st_perm=0o755; st_nlink=2; st_uid=0; st_gid=0; st_rdev=0; st_size=4096; }
   continuing execution with { st_dev=2049; st_ino=1; st_kind=S_IFDIR; st_perm=0o755; st_nlink=2; st_uid=0; st_gid=0; st_rdev=0; st_size=4096; }

Error:     22: stat /file.txt
               Tau
               { st_dev=16777220; st_ino=4577; st_kind=S_IFREG; st_perm=0o755; st_nlink=1; st_uid=-1; st_gid=-1; st_rdev=0; st_size=0; }
   unexpected results: { st_dev=16777220; st_ino=4577; st_kind=S_IFREG; st_perm=0o755; st_nlink=1; st_uid=-1; st_gid=-1; st_rdev=0; st_size=0; }
   allowed are only: ENOENT
   continuing execution with ENOENT

Error:     23: stat /sl
               Tau
               { st_dev=16777220; st_ino=4577; st_kind=S_IFREG; st_perm=0o755; st_nlink=1; st_uid=-1; st_gid=-1; st_rdev=0; st_size=0; }
   unexpected results: { st_dev=16777220; st_ino=4577; st_kind=S_IFREG; st_perm=0o755; st_nlink=1; st_uid=-1; st_gid=-1; st_rdev=0; st_size=0; }
   allowed are only: ENOENT
   continuing execution with ENOENT

Error:     28: stat /dir
               Tau
               { st_dev=16777220; st_ino=4568; st_kind=S_IFDIR; st_perm=0o000; st_nlink=2; st_uid=-1; st_gid=-1; st_rdev=0; st_size=68; }
   unexpected results: { st_dev=16777220; st_ino=4568; st_kind=S_IFDIR; st_perm=0o000; st_nlink=2; st_uid=-1; st_gid=-1; st_rdev=0; st_size=68; }
   allowed are only: { st_dev=2049; st_ino=1; st_kind=S_IFDIR; st_perm=0o000; st_nlink=2; st_uid=0; st_gid=0; st_rdev=0; st_size=4096; }
   continuing execution with { st_dev=2049; st_ino=1; st_kind=S_IFDIR; st_perm=0o000; st_nlink=2; st_uid=0; st_gid=0; st_rdev=0; st_size=4096; }

Error:     32: stat /dir
               Tau
               { st_dev=16777220; st_ino=4568; st_kind=S_IFDIR; st_perm=0o777; st_nlink=2; st_uid=-1; st_gid=-1; st_rdev=0; st_size=68; }
   unexpected results: { st_dev=16777220; st_ino=4568; st_kind=S_IFDIR; st_perm=0o777; st_nlink=2; st_uid=-1; st_gid=-1; st_rdev=0; st_size=68; }
   allowed are only: { st_dev=2049; st_ino=1; st_kind=S_IFDIR; st_perm=0o777; st_nlink=2; st_uid=0; st_gid=0; st_rdev=0; st_size=4096; }
   continuing execution with { st_dev=2049; st_ino=1; st_kind=S_IFDIR; st_perm=0o777; st_nlink=2; st_uid=0; st_gid=0; st_rdev=0; st_size=4096; }

Error:     36: stat /dir
               Tau
               { st_dev=16777220; st_ino=4568; st_kind=S_IFDIR; st_perm=0o755; st_nlink=2; st_uid=-1; st_gid=-1; st_rdev=0; st_size=68; }
   unexpected results: { st_dev=16777220; st_ino=4568; st_kind=S_IFDIR; st_perm=0o755; st_nlink=2; st_uid=-1; st_gid=-1; st_rdev=0; st_size=68; }
   allowed are only: { st_dev=2049; st_ino=1; st_kind=S_IFDIR; st_perm=0o755; st_nlink=2; st_uid=0; st_gid=0; st_rdev=0; st_size=4096; }
   continuing execution with { st_dev=2049; st_ino=1; st_kind=S_IFDIR; st_perm=0o755; st_nlink=2; st_uid=0; st_gid=0; st_rdev=0; st_size=4096; }

Error:     39: chmod /file.txt 0o000
               Tau
               RV_none
   unexpected results: RV_none
   allowed are only: ENOENT
   continuing execution with ENOENT

Error:     40: stat /file.txt
               Tau
               { st_dev=16777220; st_ino=4577; st_kind=S_IFREG; st_perm=0o000; st_nlink=1; st_uid=-1; st_gid=-1; st_rdev=0; st_size=0; }
   unexpected results: { st_dev=16777220; st_ino=4577; st_kind=S_IFREG; st_perm=0o000; st_nlink=1; st_uid=-1; st_gid=-1; st_rdev=0; st_size=0; }
   allowed are only: ENOENT
   continuing execution with ENOENT

Error:     41: stat /sl
               Tau
               { st_dev=16777220; st_ino=4577; st_kind=S_IFREG; st_perm=0o000; st_nlink=1; st_uid=-1; st_gid=-1; st_rdev=0; st_size=0; }
   unexpected results: { st_dev=16777220; st_ino=4577; st_kind=S_IFREG; st_perm=0o000; st_nlink=1; st_uid=-1; st_gid=-1; st_rdev=0; st_size=0; }
   allowed are only: ENOENT
   continuing execution with ENOENT

Error:     44: chmod /file.txt 0o666
               Tau
               RV_none
   unexpected results: RV_none
   allowed are only: ENOENT
   continuing execution with ENOENT

Error:     45: stat /file.txt
               Tau
               { st_dev=16777220; st_ino=4577; st_kind=S_IFREG; st_perm=0o666; st_nlink=1; st_uid=-1; st_gid=-1; st_rdev=0; st_size=0; }
   unexpected results: { st_dev=16777220; st_ino=4577; st_kind=S_IFREG; st_perm=0o666; st_nlink=1; st_uid=-1; st_gid=-1; st_rdev=0; st_size=0; }
   allowed are only: ENOENT
   continuing execution with ENOENT

Error:     46: stat /sl
               Tau
               { st_dev=16777220; st_ino=4577; st_kind=S_IFREG; st_perm=0o666; st_nlink=1; st_uid=-1; st_gid=-1; st_rdev=0; st_size=0; }
   unexpected results: { st_dev=16777220; st_ino=4577; st_kind=S_IFREG; st_perm=0o666; st_nlink=1; st_uid=-1; st_gid=-1; st_rdev=0; st_size=0; }
   allowed are only: ENOENT
   continuing execution with ENOENT

Error:     49: chmod /file.txt 0o644
               Tau
               RV_none
   unexpected results: RV_none
   allowed are only: ENOENT
   continuing execution with ENOENT

Error:     50: stat /file.txt
               Tau
               { st_dev=16777220; st_ino=4577; st_kind=S_IFREG; st_perm=0o644; st_nlink=1; st_uid=-1; st_gid=-1; st_rdev=0; st_size=0; }
   unexpected results: { st_dev=16777220; st_ino=4577; st_kind=S_IFREG; st_perm=0o644; st_nlink=1; st_uid=-1; st_gid=-1; st_rdev=0; st_size=0; }
   allowed are only: ENOENT
   continuing execution with ENOENT

Error:     51: stat /sl
               Tau
               { st_dev=16777220; st_ino=4577; st_kind=S_IFREG; st_perm=0o644; st_nlink=1; st_uid=-1; st_gid=-1; st_rdev=0; st_size=0; }
   unexpected results: { st_dev=16777220; st_ino=4577; st_kind=S_IFREG; st_perm=0o644; st_nlink=1; st_uid=-1; st_gid=-1; st_rdev=0; st_size=0; }
   allowed are only: ENOENT
   continuing execution with ENOENT

Error:     65: stat /dir
               Tau
               { st_dev=16777220; st_ino=4568; st_kind=S_IFDIR; st_perm=0o000; st_nlink=2; st_uid=-1; st_gid=-1; st_rdev=0; st_size=68; }
   unexpected results: { st_dev=16777220; st_ino=4568; st_kind=S_IFDIR; st_perm=0o000; st_nlink=2; st_uid=-1; st_gid=-1; st_rdev=0; st_size=68; }
   allowed are only: { st_dev=2049; st_ino=1; st_kind=S_IFDIR; st_perm=0o000; st_nlink=2; st_uid=0; st_gid=0; st_rdev=0; st_size=4096; }
   continuing execution with { st_dev=2049; st_ino=1; st_kind=S_IFDIR; st_perm=0o000; st_nlink=2; st_uid=0; st_gid=0; st_rdev=0; st_size=4096; }

Error:     69: stat /dir
               Tau
               { st_dev=16777220; st_ino=4568; st_kind=S_IFDIR; st_perm=0o777; st_nlink=2; st_uid=-1; st_gid=-1; st_rdev=0; st_size=68; }
   unexpected results: { st_dev=16777220; st_ino=4568; st_kind=S_IFDIR; st_perm=0o777; st_nlink=2; st_uid=-1; st_gid=-1; st_rdev=0; st_size=68; }
   allowed are only: { st_dev=2049; st_ino=1; st_kind=S_IFDIR; st_perm=0o777; st_nlink=2; st_uid=0; st_gid=0; st_rdev=0; st_size=4096; }
   continuing execution with { st_dev=2049; st_ino=1; st_kind=S_IFDIR; st_perm=0o777; st_nlink=2; st_uid=0; st_gid=0; st_rdev=0; st_size=4096; }

Error:     73: stat /dir
               Tau
               { st_dev=16777220; st_ino=4568; st_kind=S_IFDIR; st_perm=0o755; st_nlink=2; st_uid=-1; st_gid=-1; st_rdev=0; st_size=68; }
   unexpected results: { st_dev=16777220; st_ino=4568; st_kind=S_IFDIR; st_perm=0o755; st_nlink=2; st_uid=-1; st_gid=-1; st_rdev=0; st_size=68; }
   allowed are only: { st_dev=2049; st_ino=1; st_kind=S_IFDIR; st_perm=0o755; st_nlink=2; st_uid=0; st_gid=0; st_rdev=0; st_size=4096; }
   continuing execution with { st_dev=2049; st_ino=1; st_kind=S_IFDIR; st_perm=0o755; st_nlink=2; st_uid=0; st_gid=0; st_rdev=0; st_size=4096; }

Error:     76: chmod /file.txt 0o000
               Tau
               RV_none
   unexpected results: RV_none
   allowed are only: ENOENT
   continuing execution with ENOENT

Error:     77: stat /file.txt
               Tau
               { st_dev=16777220; st_ino=4577; st_kind=S_IFREG; st_perm=0o000; st_nlink=1; st_uid=-1; st_gid=-1; st_rdev=0; st_size=0; }
   unexpected results: { st_dev=16777220; st_ino=4577; st_kind=S_IFREG; st_perm=0o000; st_nlink=1; st_uid=-1; st_gid=-1; st_rdev=0; st_size=0; }
   allowed are only: ENOENT
   continuing execution with ENOENT

Error:     78: stat /sl
               Tau
               { st_dev=16777220; st_ino=4577; st_kind=S_IFREG; st_perm=0o000; st_nlink=1; st_uid=-1; st_gid=-1; st_rdev=0; st_size=0; }
   unexpected results: { st_dev=16777220; st_ino=4577; st_kind=S_IFREG; st_perm=0o000; st_nlink=1; st_uid=-1; st_gid=-1; st_rdev=0; st_size=0; }
   allowed are only: ENOENT
   continuing execution with ENOENT

Error:     81: chmod /file.txt 0o666
               Tau
               RV_none
   unexpected results: RV_none
   allowed are only: ENOENT
   continuing execution with ENOENT

Error:     82: stat /file.txt
               Tau
               { st_dev=16777220; st_ino=4577; st_kind=S_IFREG; st_perm=0o666; st_nlink=1; st_uid=-1; st_gid=-1; st_rdev=0; st_size=0; }
   unexpected results: { st_dev=16777220; st_ino=4577; st_kind=S_IFREG; st_perm=0o666; st_nlink=1; st_uid=-1; st_gid=-1; st_rdev=0; st_size=0; }
   allowed are only: ENOENT
   continuing execution with ENOENT

Error:     83: stat /sl
               Tau
               { st_dev=16777220; st_ino=4577; st_kind=S_IFREG; st_perm=0o666; st_nlink=1; st_uid=-1; st_gid=-1; st_rdev=0; st_size=0; }
   unexpected results: { st_dev=16777220; st_ino=4577; st_kind=S_IFREG; st_perm=0o666; st_nlink=1; st_uid=-1; st_gid=-1; st_rdev=0; st_size=0; }
   allowed are only: ENOENT
   continuing execution with ENOENT

Error:     86: chmod /file.txt 0o644
               Tau
               RV_none
   unexpected results: RV_none
   allowed are only: ENOENT
   continuing execution with ENOENT

Error:     87: stat /file.txt
               Tau
               { st_dev=16777220; st_ino=4577; st_kind=S_IFREG; st_perm=0o644; st_nlink=1; st_uid=-1; st_gid=-1; st_rdev=0; st_size=0; }
   unexpected results: { st_dev=16777220; st_ino=4577; st_kind=S_IFREG; st_perm=0o644; st_nlink=1; st_uid=-1; st_gid=-1; st_rdev=0; st_size=0; }
   allowed are only: ENOENT
   continuing execution with ENOENT

Error:     88: stat /sl
               Tau
               { st_dev=16777220; st_ino=4577; st_kind=S_IFREG; st_perm=0o644; st_nlink=1; st_uid=-1; st_gid=-1; st_rdev=0; st_size=0; }
   unexpected results: { st_dev=16777220; st_ino=4577; st_kind=S_IFREG; st_perm=0o644; st_nlink=1; st_uid=-1; st_gid=-1; st_rdev=0; st_size=0; }
   allowed are only: ENOENT
   continuing execution with ENOENT
