
Error:     27: stat empty_dir1
               Tau
               { st_dev=16777220; st_ino=72; st_kind=S_IFDIR; st_perm=0o755; st_nlink=2; st_uid=-1; st_gid=-1; st_rdev=0; st_size=68; }
   unexpected results: { st_dev=16777220; st_ino=72; st_kind=S_IFDIR; st_perm=0o755; st_nlink=2; st_uid=-1; st_gid=-1; st_rdev=0; st_size=68; }
   allowed are only: { st_dev=2049; st_ino=2; st_kind=S_IFDIR; st_perm=0o755; st_nlink=2; st_uid=0; st_gid=0; st_rdev=0; st_size=4096; }
   continuing execution with { st_dev=2049; st_ino=2; st_kind=S_IFDIR; st_perm=0o755; st_nlink=2; st_uid=0; st_gid=0; st_rdev=0; st_size=4096; }

Error:     57: stat empty_dir1/
               Tau
               { st_dev=16777220; st_ino=117; st_kind=S_IFDIR; st_perm=0o755; st_nlink=2; st_uid=-1; st_gid=-1; st_rdev=0; st_size=68; }
   unexpected results: { st_dev=16777220; st_ino=117; st_kind=S_IFDIR; st_perm=0o755; st_nlink=2; st_uid=-1; st_gid=-1; st_rdev=0; st_size=68; }
   allowed are only: { st_dev=2049; st_ino=20; st_kind=S_IFDIR; st_perm=0o755; st_nlink=2; st_uid=0; st_gid=0; st_rdev=0; st_size=4096; }
   continuing execution with { st_dev=2049; st_ino=20; st_kind=S_IFDIR; st_perm=0o755; st_nlink=2; st_uid=0; st_gid=0; st_rdev=0; st_size=4096; }

Error:     87: stat empty_dir2
               Tau
               { st_dev=16777220; st_ino=151; st_kind=S_IFDIR; st_perm=0o755; st_nlink=2; st_uid=-1; st_gid=-1; st_rdev=0; st_size=68; }
   unexpected results: { st_dev=16777220; st_ino=151; st_kind=S_IFDIR; st_perm=0o755; st_nlink=2; st_uid=-1; st_gid=-1; st_rdev=0; st_size=68; }
   allowed are only: { st_dev=2049; st_ino=39; st_kind=S_IFDIR; st_perm=0o755; st_nlink=2; st_uid=0; st_gid=0; st_rdev=0; st_size=4096; }
   continuing execution with { st_dev=2049; st_ino=39; st_kind=S_IFDIR; st_perm=0o755; st_nlink=2; st_uid=0; st_gid=0; st_rdev=0; st_size=4096; }

Error:    117: stat empty_dir2/
               Tau
               { st_dev=16777220; st_ino=225; st_kind=S_IFDIR; st_perm=0o755; st_nlink=2; st_uid=-1; st_gid=-1; st_rdev=0; st_size=68; }
   unexpected results: { st_dev=16777220; st_ino=225; st_kind=S_IFDIR; st_perm=0o755; st_nlink=2; st_uid=-1; st_gid=-1; st_rdev=0; st_size=68; }
   allowed are only: { st_dev=2049; st_ino=57; st_kind=S_IFDIR; st_perm=0o755; st_nlink=2; st_uid=0; st_gid=0; st_rdev=0; st_size=4096; }
   continuing execution with { st_dev=2049; st_ino=57; st_kind=S_IFDIR; st_perm=0o755; st_nlink=2; st_uid=0; st_gid=0; st_rdev=0; st_size=4096; }

Error:    147: stat nonempty_dir1
               Tau
               { st_dev=16777220; st_ino=269; st_kind=S_IFDIR; st_perm=0o755; st_nlink=3; st_uid=-1; st_gid=-1; st_rdev=0; st_size=170; }
   unexpected results: { st_dev=16777220; st_ino=269; st_kind=S_IFDIR; st_perm=0o755; st_nlink=3; st_uid=-1; st_gid=-1; st_rdev=0; st_size=170; }
   allowed are only: { st_dev=2049; st_ino=76; st_kind=S_IFDIR; st_perm=0o755; st_nlink=2; st_uid=0; st_gid=0; st_rdev=0; st_size=4096; }
   continuing execution with { st_dev=2049; st_ino=76; st_kind=S_IFDIR; st_perm=0o755; st_nlink=2; st_uid=0; st_gid=0; st_rdev=0; st_size=4096; }

Error:    177: stat nonempty_dir1/
               Tau
               { st_dev=16777220; st_ino=311; st_kind=S_IFDIR; st_perm=0o755; st_nlink=3; st_uid=-1; st_gid=-1; st_rdev=0; st_size=170; }
   unexpected results: { st_dev=16777220; st_ino=311; st_kind=S_IFDIR; st_perm=0o755; st_nlink=3; st_uid=-1; st_gid=-1; st_rdev=0; st_size=170; }
   allowed are only: { st_dev=2049; st_ino=94; st_kind=S_IFDIR; st_perm=0o755; st_nlink=2; st_uid=0; st_gid=0; st_rdev=0; st_size=4096; }
   continuing execution with { st_dev=2049; st_ino=94; st_kind=S_IFDIR; st_perm=0o755; st_nlink=2; st_uid=0; st_gid=0; st_rdev=0; st_size=4096; }

Error:    207: stat nonempty_dir1/d2
               Tau
               { st_dev=16777220; st_ino=352; st_kind=S_IFDIR; st_perm=0o755; st_nlink=3; st_uid=-1; st_gid=-1; st_rdev=0; st_size=238; }
   unexpected results: { st_dev=16777220; st_ino=352; st_kind=S_IFDIR; st_perm=0o755; st_nlink=3; st_uid=-1; st_gid=-1; st_rdev=0; st_size=238; }
   allowed are only: { st_dev=2049; st_ino=114; st_kind=S_IFDIR; st_perm=0o755; st_nlink=2; st_uid=0; st_gid=0; st_rdev=0; st_size=4096; }
   continuing execution with { st_dev=2049; st_ino=114; st_kind=S_IFDIR; st_perm=0o755; st_nlink=2; st_uid=0; st_gid=0; st_rdev=0; st_size=4096; }

Error:    237: stat nonempty_dir1/d2/
               Tau
               { st_dev=16777220; st_ino=410; st_kind=S_IFDIR; st_perm=0o755; st_nlink=3; st_uid=-1; st_gid=-1; st_rdev=0; st_size=238; }
   unexpected results: { st_dev=16777220; st_ino=410; st_kind=S_IFDIR; st_perm=0o755; st_nlink=3; st_uid=-1; st_gid=-1; st_rdev=0; st_size=238; }
   allowed are only: { st_dev=2049; st_ino=132; st_kind=S_IFDIR; st_perm=0o755; st_nlink=2; st_uid=0; st_gid=0; st_rdev=0; st_size=4096; }
   continuing execution with { st_dev=2049; st_ino=132; st_kind=S_IFDIR; st_perm=0o755; st_nlink=2; st_uid=0; st_gid=0; st_rdev=0; st_size=4096; }

Error:    327: stat nonempty_dir1/d2/d3
               Tau
               { st_dev=16777220; st_ino=552; st_kind=S_IFDIR; st_perm=0o755; st_nlink=2; st_uid=-1; st_gid=-1; st_rdev=0; st_size=68; }
   unexpected results: { st_dev=16777220; st_ino=552; st_kind=S_IFDIR; st_perm=0o755; st_nlink=2; st_uid=-1; st_gid=-1; st_rdev=0; st_size=68; }
   allowed are only: { st_dev=2049; st_ino=188; st_kind=S_IFDIR; st_perm=0o755; st_nlink=2; st_uid=0; st_gid=0; st_rdev=0; st_size=4096; }
   continuing execution with { st_dev=2049; st_ino=188; st_kind=S_IFDIR; st_perm=0o755; st_nlink=2; st_uid=0; st_gid=0; st_rdev=0; st_size=4096; }

Error:    357: stat nonempty_dir1/d2/d3/
               Tau
               { st_dev=16777220; st_ino=599; st_kind=S_IFDIR; st_perm=0o755; st_nlink=2; st_uid=-1; st_gid=-1; st_rdev=0; st_size=68; }
   unexpected results: { st_dev=16777220; st_ino=599; st_kind=S_IFDIR; st_perm=0o755; st_nlink=2; st_uid=-1; st_gid=-1; st_rdev=0; st_size=68; }
   allowed are only: { st_dev=2049; st_ino=206; st_kind=S_IFDIR; st_perm=0o755; st_nlink=2; st_uid=0; st_gid=0; st_rdev=0; st_size=4096; }
   continuing execution with { st_dev=2049; st_ino=206; st_kind=S_IFDIR; st_perm=0o755; st_nlink=2; st_uid=0; st_gid=0; st_rdev=0; st_size=4096; }

Error:    387: stat nonempty_dir1/d2/f3.txt
               Tau
               { st_dev=16777220; st_ino=646; st_kind=S_IFREG; st_perm=0o644; st_nlink=1; st_uid=-1; st_gid=-1; st_rdev=0; st_size=83; }
   unexpected results: { st_dev=16777220; st_ino=646; st_kind=S_IFREG; st_perm=0o644; st_nlink=1; st_uid=-1; st_gid=-1; st_rdev=0; st_size=83; }
   allowed are only: { st_dev=2049; st_ino=223; st_kind=S_IFREG; st_perm=0o644; st_nlink=2; st_uid=0; st_gid=0; st_rdev=0; st_size=83; }
   continuing execution with { st_dev=2049; st_ino=223; st_kind=S_IFREG; st_perm=0o644; st_nlink=2; st_uid=0; st_gid=0; st_rdev=0; st_size=83; }

Error:    447: stat nonempty_dir1/d2/sl_dotdot_d2
               Tau
               { st_dev=16777220; st_ino=751; st_kind=S_IFDIR; st_perm=0o755; st_nlink=3; st_uid=-1; st_gid=-1; st_rdev=0; st_size=238; }
   unexpected results: { st_dev=16777220; st_ino=751; st_kind=S_IFDIR; st_perm=0o755; st_nlink=3; st_uid=-1; st_gid=-1; st_rdev=0; st_size=238; }
   allowed are only: { st_dev=2049; st_ino=258; st_kind=S_IFDIR; st_perm=0o755; st_nlink=2; st_uid=0; st_gid=0; st_rdev=0; st_size=4096; }
   continuing execution with { st_dev=2049; st_ino=258; st_kind=S_IFDIR; st_perm=0o755; st_nlink=2; st_uid=0; st_gid=0; st_rdev=0; st_size=4096; }

Error:    477: stat nonempty_dir1/d2/sl_dotdot_d2/
               Tau
               { st_dev=16777220; st_ino=804; st_kind=S_IFDIR; st_perm=0o755; st_nlink=3; st_uid=-1; st_gid=-1; st_rdev=0; st_size=238; }
   unexpected results: { st_dev=16777220; st_ino=804; st_kind=S_IFDIR; st_perm=0o755; st_nlink=3; st_uid=-1; st_gid=-1; st_rdev=0; st_size=238; }
   allowed are only: { st_dev=2049; st_ino=276; st_kind=S_IFDIR; st_perm=0o755; st_nlink=2; st_uid=0; st_gid=0; st_rdev=0; st_size=4096; }
   continuing execution with { st_dev=2049; st_ino=276; st_kind=S_IFDIR; st_perm=0o755; st_nlink=2; st_uid=0; st_gid=0; st_rdev=0; st_size=4096; }

Error:    507: stat nonempty_dir1/d2/sl_dotdot_f1.txt
               Tau
               { st_dev=16777220; st_ino=874; st_kind=S_IFREG; st_perm=0o644; st_nlink=1; st_uid=-1; st_gid=-1; st_rdev=0; st_size=0; }
   unexpected results: { st_dev=16777220; st_ino=874; st_kind=S_IFREG; st_perm=0o644; st_nlink=1; st_uid=-1; st_gid=-1; st_rdev=0; st_size=0; }
   allowed are only: { st_dev=2049; st_ino=293; st_kind=S_IFREG; st_perm=0o644; st_nlink=2; st_uid=0; st_gid=0; st_rdev=0; st_size=0; }
   continuing execution with { st_dev=2049; st_ino=293; st_kind=S_IFREG; st_perm=0o644; st_nlink=2; st_uid=0; st_gid=0; st_rdev=0; st_size=0; }

Error:    537: stat nonempty_dir1/d2/sl_dotdot_f1.txt/
               Tau
               { st_dev=16777220; st_ino=932; st_kind=S_IFREG; st_perm=0o644; st_nlink=1; st_uid=-1; st_gid=-1; st_rdev=0; st_size=0; }
   unexpected results: { st_dev=16777220; st_ino=932; st_kind=S_IFREG; st_perm=0o644; st_nlink=1; st_uid=-1; st_gid=-1; st_rdev=0; st_size=0; }
   allowed are only: ENOTDIR
   continuing execution with ENOTDIR

Error:    627: stat nonempty_dir1/f1.txt
               Tau
               { st_dev=16777220; st_ino=1196; st_kind=S_IFREG; st_perm=0o644; st_nlink=1; st_uid=-1; st_gid=-1; st_rdev=0; st_size=0; }
   unexpected results: { st_dev=16777220; st_ino=1196; st_kind=S_IFREG; st_perm=0o644; st_nlink=1; st_uid=-1; st_gid=-1; st_rdev=0; st_size=0; }
   allowed are only: { st_dev=2049; st_ino=365; st_kind=S_IFREG; st_perm=0o644; st_nlink=2; st_uid=0; st_gid=0; st_rdev=0; st_size=0; }
   continuing execution with { st_dev=2049; st_ino=365; st_kind=S_IFREG; st_perm=0o644; st_nlink=2; st_uid=0; st_gid=0; st_rdev=0; st_size=0; }

Error:    807: stat nonempty_dir1/sl_f1.txt
               Tau
               { st_dev=16777220; st_ino=1544; st_kind=S_IFREG; st_perm=0o644; st_nlink=1; st_uid=-1; st_gid=-1; st_rdev=0; st_size=0; }
   unexpected results: { st_dev=16777220; st_ino=1544; st_kind=S_IFREG; st_perm=0o644; st_nlink=1; st_uid=-1; st_gid=-1; st_rdev=0; st_size=0; }
   allowed are only: { st_dev=2049; st_ino=473; st_kind=S_IFREG; st_perm=0o644; st_nlink=2; st_uid=0; st_gid=0; st_rdev=0; st_size=0; }
   continuing execution with { st_dev=2049; st_ino=473; st_kind=S_IFREG; st_perm=0o644; st_nlink=2; st_uid=0; st_gid=0; st_rdev=0; st_size=0; }

Error:    837: stat nonempty_dir1/sl_f1.txt/
               Tau
               { st_dev=16777220; st_ino=1609; st_kind=S_IFREG; st_perm=0o644; st_nlink=1; st_uid=-1; st_gid=-1; st_rdev=0; st_size=0; }
   unexpected results: { st_dev=16777220; st_ino=1609; st_kind=S_IFREG; st_perm=0o644; st_nlink=1; st_uid=-1; st_gid=-1; st_rdev=0; st_size=0; }
   allowed are only: ENOTDIR
   continuing execution with ENOTDIR

Error:    867: stat nonempty_dir2
               Tau
               { st_dev=16777220; st_ino=1647; st_kind=S_IFDIR; st_perm=0o755; st_nlink=3; st_uid=-1; st_gid=-1; st_rdev=0; st_size=170; }
   unexpected results: { st_dev=16777220; st_ino=1647; st_kind=S_IFDIR; st_perm=0o755; st_nlink=3; st_uid=-1; st_gid=-1; st_rdev=0; st_size=170; }
   allowed are only: { st_dev=2049; st_ino=513; st_kind=S_IFDIR; st_perm=0o755; st_nlink=2; st_uid=0; st_gid=0; st_rdev=0; st_size=4096; }
   continuing execution with { st_dev=2049; st_ino=513; st_kind=S_IFDIR; st_perm=0o755; st_nlink=2; st_uid=0; st_gid=0; st_rdev=0; st_size=4096; }

Error:    897: stat nonempty_dir2/
               Tau
               { st_dev=16777220; st_ino=1701; st_kind=S_IFDIR; st_perm=0o755; st_nlink=3; st_uid=-1; st_gid=-1; st_rdev=0; st_size=170; }
   unexpected results: { st_dev=16777220; st_ino=1701; st_kind=S_IFDIR; st_perm=0o755; st_nlink=3; st_uid=-1; st_gid=-1; st_rdev=0; st_size=170; }
   allowed are only: { st_dev=2049; st_ino=531; st_kind=S_IFDIR; st_perm=0o755; st_nlink=2; st_uid=0; st_gid=0; st_rdev=0; st_size=4096; }
   continuing execution with { st_dev=2049; st_ino=531; st_kind=S_IFDIR; st_perm=0o755; st_nlink=2; st_uid=0; st_gid=0; st_rdev=0; st_size=4096; }

Error:    927: stat nonempty_dir2/d2
               Tau
               { st_dev=16777220; st_ino=1794; st_kind=S_IFDIR; st_perm=0o755; st_nlink=3; st_uid=-1; st_gid=-1; st_rdev=0; st_size=136; }
   unexpected results: { st_dev=16777220; st_ino=1794; st_kind=S_IFDIR; st_perm=0o755; st_nlink=3; st_uid=-1; st_gid=-1; st_rdev=0; st_size=136; }
   allowed are only: { st_dev=2049; st_ino=552; st_kind=S_IFDIR; st_perm=0o755; st_nlink=2; st_uid=0; st_gid=0; st_rdev=0; st_size=4096; }
   continuing execution with { st_dev=2049; st_ino=552; st_kind=S_IFDIR; st_perm=0o755; st_nlink=2; st_uid=0; st_gid=0; st_rdev=0; st_size=4096; }

Error:    957: stat nonempty_dir2/d2/
               Tau
               { st_dev=16777220; st_ino=1848; st_kind=S_IFDIR; st_perm=0o755; st_nlink=3; st_uid=-1; st_gid=-1; st_rdev=0; st_size=136; }
   unexpected results: { st_dev=16777220; st_ino=1848; st_kind=S_IFDIR; st_perm=0o755; st_nlink=3; st_uid=-1; st_gid=-1; st_rdev=0; st_size=136; }
   allowed are only: { st_dev=2049; st_ino=570; st_kind=S_IFDIR; st_perm=0o755; st_nlink=2; st_uid=0; st_gid=0; st_rdev=0; st_size=4096; }
   continuing execution with { st_dev=2049; st_ino=570; st_kind=S_IFDIR; st_perm=0o755; st_nlink=2; st_uid=0; st_gid=0; st_rdev=0; st_size=4096; }

Error:    987: stat nonempty_dir2/d2/d3
               Tau
               { st_dev=16777220; st_ino=1906; st_kind=S_IFDIR; st_perm=0o755; st_nlink=2; st_uid=-1; st_gid=-1; st_rdev=0; st_size=68; }
   unexpected results: { st_dev=16777220; st_ino=1906; st_kind=S_IFDIR; st_perm=0o755; st_nlink=2; st_uid=-1; st_gid=-1; st_rdev=0; st_size=68; }
   allowed are only: { st_dev=2049; st_ino=589; st_kind=S_IFDIR; st_perm=0o755; st_nlink=2; st_uid=0; st_gid=0; st_rdev=0; st_size=4096; }
   continuing execution with { st_dev=2049; st_ino=589; st_kind=S_IFDIR; st_perm=0o755; st_nlink=2; st_uid=0; st_gid=0; st_rdev=0; st_size=4096; }

Error:   1017: stat nonempty_dir2/d2/d3/
               Tau
               { st_dev=16777220; st_ino=1957; st_kind=S_IFDIR; st_perm=0o755; st_nlink=2; st_uid=-1; st_gid=-1; st_rdev=0; st_size=68; }
   unexpected results: { st_dev=16777220; st_ino=1957; st_kind=S_IFDIR; st_perm=0o755; st_nlink=2; st_uid=-1; st_gid=-1; st_rdev=0; st_size=68; }
   allowed are only: { st_dev=2049; st_ino=607; st_kind=S_IFDIR; st_perm=0o755; st_nlink=2; st_uid=0; st_gid=0; st_rdev=0; st_size=4096; }
   continuing execution with { st_dev=2049; st_ino=607; st_kind=S_IFDIR; st_perm=0o755; st_nlink=2; st_uid=0; st_gid=0; st_rdev=0; st_size=4096; }

Error:   1047: stat nonempty_dir2/d2/sl_f3.txt
               Tau
               { st_dev=16777220; st_ino=2002; st_kind=S_IFREG; st_perm=0o644; st_nlink=1; st_uid=-1; st_gid=-1; st_rdev=0; st_size=83; }
   unexpected results: { st_dev=16777220; st_ino=2002; st_kind=S_IFREG; st_perm=0o644; st_nlink=1; st_uid=-1; st_gid=-1; st_rdev=0; st_size=83; }
   allowed are only: { st_dev=2049; st_ino=619; st_kind=S_IFREG; st_perm=0o644; st_nlink=2; st_uid=0; st_gid=0; st_rdev=0; st_size=83; }
   continuing execution with { st_dev=2049; st_ino=619; st_kind=S_IFREG; st_perm=0o644; st_nlink=2; st_uid=0; st_gid=0; st_rdev=0; st_size=83; }

Error:   1077: stat nonempty_dir2/d2/sl_f3.txt/
               Tau
               { st_dev=16777220; st_ino=2055; st_kind=S_IFREG; st_perm=0o644; st_nlink=1; st_uid=-1; st_gid=-1; st_rdev=0; st_size=83; }
   unexpected results: { st_dev=16777220; st_ino=2055; st_kind=S_IFREG; st_perm=0o644; st_nlink=1; st_uid=-1; st_gid=-1; st_rdev=0; st_size=83; }
   allowed are only: ENOTDIR
   continuing execution with ENOTDIR

Error:   1107: stat nonempty_dir2/f1.txt
               Tau
               { st_dev=16777220; st_ino=2133; st_kind=S_IFREG; st_perm=0o644; st_nlink=1; st_uid=-1; st_gid=-1; st_rdev=0; st_size=0; }
   unexpected results: { st_dev=16777220; st_ino=2133; st_kind=S_IFREG; st_perm=0o644; st_nlink=1; st_uid=-1; st_gid=-1; st_rdev=0; st_size=0; }
   allowed are only: { st_dev=2049; st_ino=658; st_kind=S_IFREG; st_perm=0o644; st_nlink=2; st_uid=0; st_gid=0; st_rdev=0; st_size=0; }
   continuing execution with { st_dev=2049; st_ino=658; st_kind=S_IFREG; st_perm=0o644; st_nlink=2; st_uid=0; st_gid=0; st_rdev=0; st_size=0; }

Error:   1167: stat nonempty_dir2/f2.txt
               Tau
               { st_dev=16777220; st_ino=2265; st_kind=S_IFREG; st_perm=0o644; st_nlink=1; st_uid=-1; st_gid=-1; st_rdev=0; st_size=167; }
   unexpected results: { st_dev=16777220; st_ino=2265; st_kind=S_IFREG; st_perm=0o644; st_nlink=1; st_uid=-1; st_gid=-1; st_rdev=0; st_size=167; }
   allowed are only: { st_dev=2049; st_ino=695; st_kind=S_IFREG; st_perm=0o644; st_nlink=2; st_uid=0; st_gid=0; st_rdev=0; st_size=167; }
   continuing execution with { st_dev=2049; st_ino=695; st_kind=S_IFREG; st_perm=0o644; st_nlink=2; st_uid=0; st_gid=0; st_rdev=0; st_size=167; }
