
Error:     83: dump-result "/test_dir_rename___rename_nonempty_dir2__d2__sl_f3.txt___nonempty_dir1__sl_f1.txt__"
           "/test_dir_rename___rename_nonempty_dir2__d2__sl_f3.txt___nonempty_dir1__sl_f1.txt__"|D|65732
           "/test_dir_rename___rename_nonempty_dir2__d2__sl_f3.txt___nonempty_dir1__sl_f1.txt__/empty_dir1"|D|65733
           "/test_dir_rename___rename_nonempty_dir2__d2__sl_f3.txt___nonempty_dir1__sl_f1.txt__/empty_dir2"|D|65734
           "/test_dir_rename___rename_nonempty_dir2__d2__sl_f3.txt___nonempty_dir1__sl_f1.txt__/nonempty_dir1"|D|65735
           "/test_dir_rename___rename_nonempty_dir2__d2__sl_f3.txt___nonempty_dir1__sl_f1.txt__/nonempty_dir1/f1.txt"|L|"../../nonempty_dir1/d2/f3.txt"
           "/test_dir_rename___rename_nonempty_dir2__d2__sl_f3.txt___nonempty_dir1__sl_f1.txt__/nonempty_dir1/sl_f1.txt"|L|"f1.txt"
           "/test_dir_rename___rename_nonempty_dir2__d2__sl_f3.txt___nonempty_dir1__sl_f1.txt__/nonempty_dir1/d2"|D|65736
           "/test_dir_rename___rename_nonempty_dir2__d2__sl_f3.txt___nonempty_dir1__sl_f1.txt__/nonempty_dir1/d2/f3.txt"|F|65737|83|"4b535f836f6006423fc132a59e78dfcc4fe6292f"
           "/test_dir_rename___rename_nonempty_dir2__d2__sl_f3.txt___nonempty_dir1__sl_f1.txt__/nonempty_dir1/d2/sl_dotdot_d2"|L|"../d2"
           "/test_dir_rename___rename_nonempty_dir2__d2__sl_f3.txt___nonempty_dir1__sl_f1.txt__/nonempty_dir1/d2/sl_dotdot_f1.txt"|L|"../f1.txt"
           "/test_dir_rename___rename_nonempty_dir2__d2__sl_f3.txt___nonempty_dir1__sl_f1.txt__/nonempty_dir1/d2/sl_dotdot_no_such_target"|L|"../no_such_target"
           "/test_dir_rename___rename_nonempty_dir2__d2__sl_f3.txt___nonempty_dir1__sl_f1.txt__/nonempty_dir1/d2/sl_no_such_target"|L|"no_such_target"
           "/test_dir_rename___rename_nonempty_dir2__d2__sl_f3.txt___nonempty_dir1__sl_f1.txt__/nonempty_dir1/d2/d3"|D|65738
           "/test_dir_rename___rename_nonempty_dir2__d2__sl_f3.txt___nonempty_dir1__sl_f1.txt__/nonempty_dir2"|D|65745
           "/test_dir_rename___rename_nonempty_dir2__d2__sl_f3.txt___nonempty_dir1__sl_f1.txt__/nonempty_dir2/f1.txt"|F|65746|0|"da39a3ee5e6b4b0d3255bfef95601890afd80709"
           "/test_dir_rename___rename_nonempty_dir2__d2__sl_f3.txt___nonempty_dir1__sl_f1.txt__/nonempty_dir2/f2.txt"|F|65747|167|"d09f4e47c22373e56c2369633ac3dcb71d598601"
           "/test_dir_rename___rename_nonempty_dir2__d2__sl_f3.txt___nonempty_dir1__sl_f1.txt__/nonempty_dir2/d2"|D|65748
           "/test_dir_rename___rename_nonempty_dir2__d2__sl_f3.txt___nonempty_dir1__sl_f1.txt__/nonempty_dir2/d2/d3"|D|65749
        end dump-result
   
   comparison of dump-results failed:
      missing entry: /test_dir_rename___rename_nonempty_dir2__d2__sl_f3.txt___nonempty_dir1__sl_f1.txt__/nonempty_dir2/d2/sl_f3.txt
      differing entry: /test_dir_rename___rename_nonempty_dir2__d2__sl_f3.txt___nonempty_dir1__sl_f1.txt__/nonempty_dir1/f1.txt


