
Error:  11272: link nonempty_dir1/d2/f3.txt nonempty_dir1/nonexist_4
               Tau
               ENOSYS
   unexpected results: ENOSYS
   allowed are only: RV_none
   continuing execution with RV_none

        /test_dir_0451|D|5851
        /test_dir_0451/empty_dir1|D|5852
        /test_dir_0451/empty_dir2|D|5853
        /test_dir_0451/nonempty_dir1|D|5854
        /test_dir_0451/nonempty_dir2|D|5859
        /test_dir_0451/nonempty_dir1/d2|D|5856
        /test_dir_0451/nonempty_dir1/f1.txt|F|5855|0|da39a3ee5e6b4b0d3255bfef95601890afd80709
        /test_dir_0451/nonempty_dir1/nonexist_4|F|5857|83|4b535f836f6006423fc132a59e78dfcc4fe6292f
        /test_dir_0451/nonempty_dir1/d2/d3|D|5858
        /test_dir_0451/nonempty_dir1/d2/f3.txt|F|5857|83|4b535f836f6006423fc132a59e78dfcc4fe6292f
        /test_dir_0451/nonempty_dir2/d2|D|5862
        /test_dir_0451/nonempty_dir2/f1.txt|F|5860|0|da39a3ee5e6b4b0d3255bfef95601890afd80709
        /test_dir_0451/nonempty_dir2/f2.txt|F|5861|167|d09f4e47c22373e56c2369633ac3dcb71d598601
        /test_dir_0451/nonempty_dir2/d2/d3|D|5863


Error:  11273: dump-result /test_dir_0451
           /test_dir_0451|D|15645
           /test_dir_0451/empty_dir1|D|15647
           /test_dir_0451/empty_dir2|D|15649
           /test_dir_0451/nonempty_dir1|D|15651
           /test_dir_0451/nonempty_dir2|D|15661
           /test_dir_0451/nonempty_dir1/d2|D|15655
           /test_dir_0451/nonempty_dir1/f1.txt|F|15653|0|da39a3ee5e6b4b0d3255bfef95601890afd80709
           /test_dir_0451/nonempty_dir1/d2/d3|D|15659
           /test_dir_0451/nonempty_dir1/d2/f3.txt|F|15657|83|4b535f836f6006423fc132a59e78dfcc4fe6292f
           /test_dir_0451/nonempty_dir2/d2|D|15667
           /test_dir_0451/nonempty_dir2/f1.txt|F|15663|0|da39a3ee5e6b4b0d3255bfef95601890afd80709
           /test_dir_0451/nonempty_dir2/f2.txt|F|15665|167|d09f4e47c22373e56c2369633ac3dcb71d598601
           /test_dir_0451/nonempty_dir2/d2/d3|D|15668
        end dump-result
   
   comparison of dump-results failed:
      missing entry: /test_dir_0451/nonempty_dir1/nonexist_4


Error:  11572: link nonempty_dir1/d2/f3.txt nonexist_1
               Tau
               ENOSYS
   unexpected results: ENOSYS
   allowed are only: RV_none
   continuing execution with RV_none

        /test_dir_0463|D|6007
        /test_dir_0463/empty_dir1|D|6008
        /test_dir_0463/empty_dir2|D|6009
        /test_dir_0463/nonempty_dir1|D|6010
        /test_dir_0463/nonempty_dir2|D|6015
        /test_dir_0463/nonexist_1|F|6013|83|4b535f836f6006423fc132a59e78dfcc4fe6292f
        /test_dir_0463/nonempty_dir1/d2|D|6012
        /test_dir_0463/nonempty_dir1/f1.txt|F|6011|0|da39a3ee5e6b4b0d3255bfef95601890afd80709
        /test_dir_0463/nonempty_dir1/d2/d3|D|6014
        /test_dir_0463/nonempty_dir1/d2/f3.txt|F|6013|83|4b535f836f6006423fc132a59e78dfcc4fe6292f
        /test_dir_0463/nonempty_dir2/d2|D|6018
        /test_dir_0463/nonempty_dir2/f1.txt|F|6016|0|da39a3ee5e6b4b0d3255bfef95601890afd80709
        /test_dir_0463/nonempty_dir2/f2.txt|F|6017|167|d09f4e47c22373e56c2369633ac3dcb71d598601
        /test_dir_0463/nonempty_dir2/d2/d3|D|6019


Error:  11573: dump-result /test_dir_0463
           /test_dir_0463|D|15957
           /test_dir_0463/empty_dir1|D|15960
           /test_dir_0463/empty_dir2|D|15961
           /test_dir_0463/nonempty_dir1|D|15963
           /test_dir_0463/nonempty_dir2|D|15973
           /test_dir_0463/nonempty_dir1/d2|D|15967
           /test_dir_0463/nonempty_dir1/f1.txt|F|15965|0|da39a3ee5e6b4b0d3255bfef95601890afd80709
           /test_dir_0463/nonempty_dir1/d2/d3|D|15971
           /test_dir_0463/nonempty_dir1/d2/f3.txt|F|15969|83|4b535f836f6006423fc132a59e78dfcc4fe6292f
           /test_dir_0463/nonempty_dir2/d2|D|15979
           /test_dir_0463/nonempty_dir2/f1.txt|F|15975|0|da39a3ee5e6b4b0d3255bfef95601890afd80709
           /test_dir_0463/nonempty_dir2/f2.txt|F|15977|167|d09f4e47c22373e56c2369633ac3dcb71d598601
           /test_dir_0463/nonempty_dir2/d2/d3|D|15980
        end dump-result
   
   comparison of dump-results failed:
      missing entry: /test_dir_0463/nonexist_1


Error:  11622: link nonempty_dir1/d2/f3.txt nonexist_2
               Tau
               ENOSYS
   unexpected results: ENOSYS
   allowed are only: RV_none
   continuing execution with RV_none

        /test_dir_0465|D|6033
        /test_dir_0465/empty_dir1|D|6034
        /test_dir_0465/empty_dir2|D|6035
        /test_dir_0465/nonempty_dir1|D|6036
        /test_dir_0465/nonempty_dir2|D|6041
        /test_dir_0465/nonexist_2|F|6039|83|4b535f836f6006423fc132a59e78dfcc4fe6292f
        /test_dir_0465/nonempty_dir1/d2|D|6038
        /test_dir_0465/nonempty_dir1/f1.txt|F|6037|0|da39a3ee5e6b4b0d3255bfef95601890afd80709
        /test_dir_0465/nonempty_dir1/d2/d3|D|6040
        /test_dir_0465/nonempty_dir1/d2/f3.txt|F|6039|83|4b535f836f6006423fc132a59e78dfcc4fe6292f
        /test_dir_0465/nonempty_dir2/d2|D|6044
        /test_dir_0465/nonempty_dir2/f1.txt|F|6042|0|da39a3ee5e6b4b0d3255bfef95601890afd80709
        /test_dir_0465/nonempty_dir2/f2.txt|F|6043|167|d09f4e47c22373e56c2369633ac3dcb71d598601
        /test_dir_0465/nonempty_dir2/d2/d3|D|6045


Error:  11623: dump-result /test_dir_0465
           /test_dir_0465|D|16009
           /test_dir_0465/empty_dir1|D|16011
           /test_dir_0465/empty_dir2|D|16013
           /test_dir_0465/nonempty_dir1|D|16015
           /test_dir_0465/nonempty_dir2|D|16025
           /test_dir_0465/nonempty_dir1/d2|D|16019
           /test_dir_0465/nonempty_dir1/f1.txt|F|16017|0|da39a3ee5e6b4b0d3255bfef95601890afd80709
           /test_dir_0465/nonempty_dir1/d2/d3|D|16023
           /test_dir_0465/nonempty_dir1/d2/f3.txt|F|16020|83|4b535f836f6006423fc132a59e78dfcc4fe6292f
           /test_dir_0465/nonempty_dir2/d2|D|16031
           /test_dir_0465/nonempty_dir2/f1.txt|F|16027|0|da39a3ee5e6b4b0d3255bfef95601890afd80709
           /test_dir_0465/nonempty_dir2/f2.txt|F|16028|167|d09f4e47c22373e56c2369633ac3dcb71d598601
           /test_dir_0465/nonempty_dir2/d2/d3|D|16032
        end dump-result
   
   comparison of dump-results failed:
      missing entry: /test_dir_0465/nonexist_2


Error:  13072: link nonempty_dir1/f1.txt nonempty_dir1/nonexist_4
               Tau
               ENOSYS
   unexpected results: ENOSYS
   allowed are only: RV_none
   continuing execution with RV_none

        /test_dir_0523|D|6787
        /test_dir_0523/empty_dir1|D|6788
        /test_dir_0523/empty_dir2|D|6789
        /test_dir_0523/nonempty_dir1|D|6790
        /test_dir_0523/nonempty_dir2|D|6795
        /test_dir_0523/nonempty_dir1/d2|D|6792
        /test_dir_0523/nonempty_dir1/f1.txt|F|6791|0|da39a3ee5e6b4b0d3255bfef95601890afd80709
        /test_dir_0523/nonempty_dir1/nonexist_4|F|6791|0|da39a3ee5e6b4b0d3255bfef95601890afd80709
        /test_dir_0523/nonempty_dir1/d2/d3|D|6794
        /test_dir_0523/nonempty_dir1/d2/f3.txt|F|6793|83|4b535f836f6006423fc132a59e78dfcc4fe6292f
        /test_dir_0523/nonempty_dir2/d2|D|6798
        /test_dir_0523/nonempty_dir2/f1.txt|F|6796|0|da39a3ee5e6b4b0d3255bfef95601890afd80709
        /test_dir_0523/nonempty_dir2/f2.txt|F|6797|167|d09f4e47c22373e56c2369633ac3dcb71d598601
        /test_dir_0523/nonempty_dir2/d2/d3|D|6799


Error:  13073: dump-result /test_dir_0523
           /test_dir_0523|D|17517
           /test_dir_0523/empty_dir1|D|17519
           /test_dir_0523/empty_dir2|D|17521
           /test_dir_0523/nonempty_dir1|D|17523
           /test_dir_0523/nonempty_dir2|D|17533
           /test_dir_0523/nonempty_dir1/d2|D|17527
           /test_dir_0523/nonempty_dir1/f1.txt|F|17525|0|da39a3ee5e6b4b0d3255bfef95601890afd80709
           /test_dir_0523/nonempty_dir1/d2/d3|D|17531
           /test_dir_0523/nonempty_dir1/d2/f3.txt|F|17528|83|4b535f836f6006423fc132a59e78dfcc4fe6292f
           /test_dir_0523/nonempty_dir2/d2|D|17539
           /test_dir_0523/nonempty_dir2/f1.txt|F|17535|0|da39a3ee5e6b4b0d3255bfef95601890afd80709
           /test_dir_0523/nonempty_dir2/f2.txt|F|17536|167|d09f4e47c22373e56c2369633ac3dcb71d598601
           /test_dir_0523/nonempty_dir2/d2/d3|D|17540
        end dump-result
   
   comparison of dump-results failed:
      missing entry: /test_dir_0523/nonempty_dir1/nonexist_4


Error:  13372: link nonempty_dir1/f1.txt nonexist_1
               Tau
               ENOSYS
   unexpected results: ENOSYS
   allowed are only: RV_none
   continuing execution with RV_none

        /test_dir_0535|D|6943
        /test_dir_0535/empty_dir1|D|6944
        /test_dir_0535/empty_dir2|D|6945
        /test_dir_0535/nonempty_dir1|D|6946
        /test_dir_0535/nonempty_dir2|D|6951
        /test_dir_0535/nonexist_1|F|6947|0|da39a3ee5e6b4b0d3255bfef95601890afd80709
        /test_dir_0535/nonempty_dir1/d2|D|6948
        /test_dir_0535/nonempty_dir1/f1.txt|F|6947|0|da39a3ee5e6b4b0d3255bfef95601890afd80709
        /test_dir_0535/nonempty_dir1/d2/d3|D|6950
        /test_dir_0535/nonempty_dir1/d2/f3.txt|F|6949|83|4b535f836f6006423fc132a59e78dfcc4fe6292f
        /test_dir_0535/nonempty_dir2/d2|D|6954
        /test_dir_0535/nonempty_dir2/f1.txt|F|6952|0|da39a3ee5e6b4b0d3255bfef95601890afd80709
        /test_dir_0535/nonempty_dir2/f2.txt|F|6953|167|d09f4e47c22373e56c2369633ac3dcb71d598601
        /test_dir_0535/nonempty_dir2/d2/d3|D|6955


Error:  13373: dump-result /test_dir_0535
           /test_dir_0535|D|17830
           /test_dir_0535/empty_dir1|D|17832
           /test_dir_0535/empty_dir2|D|17834
           /test_dir_0535/nonempty_dir1|D|17836
           /test_dir_0535/nonempty_dir2|D|17846
           /test_dir_0535/nonempty_dir1/d2|D|17839
           /test_dir_0535/nonempty_dir1/f1.txt|F|17838|0|da39a3ee5e6b4b0d3255bfef95601890afd80709
           /test_dir_0535/nonempty_dir1/d2/d3|D|17844
           /test_dir_0535/nonempty_dir1/d2/f3.txt|F|17841|83|4b535f836f6006423fc132a59e78dfcc4fe6292f
           /test_dir_0535/nonempty_dir2/d2|D|17851
           /test_dir_0535/nonempty_dir2/f1.txt|F|17847|0|da39a3ee5e6b4b0d3255bfef95601890afd80709
           /test_dir_0535/nonempty_dir2/f2.txt|F|17849|167|d09f4e47c22373e56c2369633ac3dcb71d598601
           /test_dir_0535/nonempty_dir2/d2/d3|D|17852
        end dump-result
   
   comparison of dump-results failed:
      missing entry: /test_dir_0535/nonexist_1


Error:  13422: link nonempty_dir1/f1.txt nonexist_2
               Tau
               ENOSYS
   unexpected results: ENOSYS
   allowed are only: RV_none
   continuing execution with RV_none

        /test_dir_0537|D|6969
        /test_dir_0537/empty_dir1|D|6970
        /test_dir_0537/empty_dir2|D|6971
        /test_dir_0537/nonempty_dir1|D|6972
        /test_dir_0537/nonempty_dir2|D|6977
        /test_dir_0537/nonexist_2|F|6973|0|da39a3ee5e6b4b0d3255bfef95601890afd80709
        /test_dir_0537/nonempty_dir1/d2|D|6974
        /test_dir_0537/nonempty_dir1/f1.txt|F|6973|0|da39a3ee5e6b4b0d3255bfef95601890afd80709
        /test_dir_0537/nonempty_dir1/d2/d3|D|6976
        /test_dir_0537/nonempty_dir1/d2/f3.txt|F|6975|83|4b535f836f6006423fc132a59e78dfcc4fe6292f
        /test_dir_0537/nonempty_dir2/d2|D|6980
        /test_dir_0537/nonempty_dir2/f1.txt|F|6978|0|da39a3ee5e6b4b0d3255bfef95601890afd80709
        /test_dir_0537/nonempty_dir2/f2.txt|F|6979|167|d09f4e47c22373e56c2369633ac3dcb71d598601
        /test_dir_0537/nonempty_dir2/d2/d3|D|6981


Error:  13423: dump-result /test_dir_0537
           /test_dir_0537|D|17882
           /test_dir_0537/empty_dir1|D|17884
           /test_dir_0537/empty_dir2|D|17886
           /test_dir_0537/nonempty_dir1|D|17888
           /test_dir_0537/nonempty_dir2|D|17898
           /test_dir_0537/nonempty_dir1/d2|D|17891
           /test_dir_0537/nonempty_dir1/f1.txt|F|17890|0|da39a3ee5e6b4b0d3255bfef95601890afd80709
           /test_dir_0537/nonempty_dir1/d2/d3|D|17896
           /test_dir_0537/nonempty_dir1/d2/f3.txt|F|17893|83|4b535f836f6006423fc132a59e78dfcc4fe6292f
           /test_dir_0537/nonempty_dir2/d2|D|17903
           /test_dir_0537/nonempty_dir2/f1.txt|F|17899|0|da39a3ee5e6b4b0d3255bfef95601890afd80709
           /test_dir_0537/nonempty_dir2/f2.txt|F|17901|167|d09f4e47c22373e56c2369633ac3dcb71d598601
           /test_dir_0537/nonempty_dir2/d2/d3|D|17904
        end dump-result
   
   comparison of dump-results failed:
      missing entry: /test_dir_0537/nonexist_2


Error:  23872: link nonempty_dir2/f1.txt nonempty_dir1/nonexist_4
               Tau
               ENOSYS
   unexpected results: ENOSYS
   allowed are only: RV_none
   continuing execution with RV_none

        /test_dir_0955|D|12403
        /test_dir_0955/empty_dir1|D|12404
        /test_dir_0955/empty_dir2|D|12405
        /test_dir_0955/nonempty_dir1|D|12406
        /test_dir_0955/nonempty_dir2|D|12411
        /test_dir_0955/nonempty_dir1/d2|D|12408
        /test_dir_0955/nonempty_dir1/f1.txt|F|12407|0|da39a3ee5e6b4b0d3255bfef95601890afd80709
        /test_dir_0955/nonempty_dir1/nonexist_4|F|12412|0|da39a3ee5e6b4b0d3255bfef95601890afd80709
        /test_dir_0955/nonempty_dir1/d2/d3|D|12410
        /test_dir_0955/nonempty_dir1/d2/f3.txt|F|12409|83|4b535f836f6006423fc132a59e78dfcc4fe6292f
        /test_dir_0955/nonempty_dir2/d2|D|12414
        /test_dir_0955/nonempty_dir2/f1.txt|F|12412|0|da39a3ee5e6b4b0d3255bfef95601890afd80709
        /test_dir_0955/nonempty_dir2/f2.txt|F|12413|167|d09f4e47c22373e56c2369633ac3dcb71d598601
        /test_dir_0955/nonempty_dir2/d2/d3|D|12415


Error:  23873: dump-result /test_dir_0955
           /test_dir_0955|D|28819
           /test_dir_0955/empty_dir1|D|28820
           /test_dir_0955/empty_dir2|D|28821
           /test_dir_0955/nonempty_dir1|D|28822
           /test_dir_0955/nonempty_dir2|D|28827
           /test_dir_0955/nonempty_dir1/d2|D|28824
           /test_dir_0955/nonempty_dir1/f1.txt|F|28823|0|da39a3ee5e6b4b0d3255bfef95601890afd80709
           /test_dir_0955/nonempty_dir1/d2/d3|D|28826
           /test_dir_0955/nonempty_dir1/d2/f3.txt|F|28825|83|4b535f836f6006423fc132a59e78dfcc4fe6292f
           /test_dir_0955/nonempty_dir2/d2|D|28830
           /test_dir_0955/nonempty_dir2/f1.txt|F|28828|0|da39a3ee5e6b4b0d3255bfef95601890afd80709
           /test_dir_0955/nonempty_dir2/f2.txt|F|28829|167|d09f4e47c22373e56c2369633ac3dcb71d598601
           /test_dir_0955/nonempty_dir2/d2/d3|D|28832
        end dump-result
   
   comparison of dump-results failed:
      missing entry: /test_dir_0955/nonempty_dir1/nonexist_4


Error:  24172: link nonempty_dir2/f1.txt nonexist_1
               Tau
               ENOSYS
   unexpected results: ENOSYS
   allowed are only: RV_none
   continuing execution with RV_none

        /test_dir_0967|D|12559
        /test_dir_0967/empty_dir1|D|12560
        /test_dir_0967/empty_dir2|D|12561
        /test_dir_0967/nonempty_dir1|D|12562
        /test_dir_0967/nonempty_dir2|D|12567
        /test_dir_0967/nonexist_1|F|12568|0|da39a3ee5e6b4b0d3255bfef95601890afd80709
        /test_dir_0967/nonempty_dir1/d2|D|12564
        /test_dir_0967/nonempty_dir1/f1.txt|F|12563|0|da39a3ee5e6b4b0d3255bfef95601890afd80709
        /test_dir_0967/nonempty_dir1/d2/d3|D|12566
        /test_dir_0967/nonempty_dir1/d2/f3.txt|F|12565|83|4b535f836f6006423fc132a59e78dfcc4fe6292f
        /test_dir_0967/nonempty_dir2/d2|D|12570
        /test_dir_0967/nonempty_dir2/f1.txt|F|12568|0|da39a3ee5e6b4b0d3255bfef95601890afd80709
        /test_dir_0967/nonempty_dir2/f2.txt|F|12569|167|d09f4e47c22373e56c2369633ac3dcb71d598601
        /test_dir_0967/nonempty_dir2/d2/d3|D|12571


Error:  24173: dump-result /test_dir_0967
           /test_dir_0967|D|29129
           /test_dir_0967/empty_dir1|D|29131
           /test_dir_0967/empty_dir2|D|29133
           /test_dir_0967/nonempty_dir1|D|29134
           /test_dir_0967/nonempty_dir2|D|29139
           /test_dir_0967/nonempty_dir1/d2|D|29136
           /test_dir_0967/nonempty_dir1/f1.txt|F|29135|0|da39a3ee5e6b4b0d3255bfef95601890afd80709
           /test_dir_0967/nonempty_dir1/d2/d3|D|29138
           /test_dir_0967/nonempty_dir1/d2/f3.txt|F|29137|83|4b535f836f6006423fc132a59e78dfcc4fe6292f
           /test_dir_0967/nonempty_dir2/d2|D|29142
           /test_dir_0967/nonempty_dir2/f1.txt|F|29140|0|da39a3ee5e6b4b0d3255bfef95601890afd80709
           /test_dir_0967/nonempty_dir2/f2.txt|F|29141|167|d09f4e47c22373e56c2369633ac3dcb71d598601
           /test_dir_0967/nonempty_dir2/d2/d3|D|29143
        end dump-result
   
   comparison of dump-results failed:
      missing entry: /test_dir_0967/nonexist_1


Error:  24222: link nonempty_dir2/f1.txt nonexist_2
               Tau
               ENOSYS
   unexpected results: ENOSYS
   allowed are only: RV_none
   continuing execution with RV_none

        /test_dir_0969|D|12585
        /test_dir_0969/empty_dir1|D|12586
        /test_dir_0969/empty_dir2|D|12587
        /test_dir_0969/nonempty_dir1|D|12588
        /test_dir_0969/nonempty_dir2|D|12593
        /test_dir_0969/nonexist_2|F|12594|0|da39a3ee5e6b4b0d3255bfef95601890afd80709
        /test_dir_0969/nonempty_dir1/d2|D|12590
        /test_dir_0969/nonempty_dir1/f1.txt|F|12589|0|da39a3ee5e6b4b0d3255bfef95601890afd80709
        /test_dir_0969/nonempty_dir1/d2/d3|D|12592
        /test_dir_0969/nonempty_dir1/d2/f3.txt|F|12591|83|4b535f836f6006423fc132a59e78dfcc4fe6292f
        /test_dir_0969/nonempty_dir2/d2|D|12596
        /test_dir_0969/nonempty_dir2/f1.txt|F|12594|0|da39a3ee5e6b4b0d3255bfef95601890afd80709
        /test_dir_0969/nonempty_dir2/f2.txt|F|12595|167|d09f4e47c22373e56c2369633ac3dcb71d598601
        /test_dir_0969/nonempty_dir2/d2/d3|D|12597


Error:  24223: dump-result /test_dir_0969
           /test_dir_0969|D|29182
           /test_dir_0969/empty_dir1|D|29184
           /test_dir_0969/empty_dir2|D|29185
           /test_dir_0969/nonempty_dir1|D|29186
           /test_dir_0969/nonempty_dir2|D|29191
           /test_dir_0969/nonempty_dir1/d2|D|29188
           /test_dir_0969/nonempty_dir1/f1.txt|F|29187|0|da39a3ee5e6b4b0d3255bfef95601890afd80709
           /test_dir_0969/nonempty_dir1/d2/d3|D|29190
           /test_dir_0969/nonempty_dir1/d2/f3.txt|F|29189|83|4b535f836f6006423fc132a59e78dfcc4fe6292f
           /test_dir_0969/nonempty_dir2/d2|D|29194
           /test_dir_0969/nonempty_dir2/f1.txt|F|29192|0|da39a3ee5e6b4b0d3255bfef95601890afd80709
           /test_dir_0969/nonempty_dir2/f2.txt|F|29193|167|d09f4e47c22373e56c2369633ac3dcb71d598601
           /test_dir_0969/nonempty_dir2/d2/d3|D|29195
        end dump-result
   
   comparison of dump-results failed:
      missing entry: /test_dir_0969/nonexist_2


Error:  25672: link nonempty_dir2/f2.txt nonempty_dir1/nonexist_4
               Tau
               ENOSYS
   unexpected results: ENOSYS
   allowed are only: RV_none
   continuing execution with RV_none

        /test_dir_1027|D|13339
        /test_dir_1027/empty_dir1|D|13340
        /test_dir_1027/empty_dir2|D|13341
        /test_dir_1027/nonempty_dir1|D|13342
        /test_dir_1027/nonempty_dir2|D|13347
        /test_dir_1027/nonempty_dir1/d2|D|13344
        /test_dir_1027/nonempty_dir1/f1.txt|F|13343|0|da39a3ee5e6b4b0d3255bfef95601890afd80709
        /test_dir_1027/nonempty_dir1/nonexist_4|F|13349|167|d09f4e47c22373e56c2369633ac3dcb71d598601
        /test_dir_1027/nonempty_dir1/d2/d3|D|13346
        /test_dir_1027/nonempty_dir1/d2/f3.txt|F|13345|83|4b535f836f6006423fc132a59e78dfcc4fe6292f
        /test_dir_1027/nonempty_dir2/d2|D|13350
        /test_dir_1027/nonempty_dir2/f1.txt|F|13348|0|da39a3ee5e6b4b0d3255bfef95601890afd80709
        /test_dir_1027/nonempty_dir2/f2.txt|F|13349|167|d09f4e47c22373e56c2369633ac3dcb71d598601
        /test_dir_1027/nonempty_dir2/d2/d3|D|13351


Error:  25673: dump-result /test_dir_1027
           /test_dir_1027|D|30685
           /test_dir_1027/empty_dir1|D|30686
           /test_dir_1027/empty_dir2|D|30688
           /test_dir_1027/nonempty_dir1|D|30690
           /test_dir_1027/nonempty_dir2|D|30699
           /test_dir_1027/nonempty_dir1/d2|D|30694
           /test_dir_1027/nonempty_dir1/f1.txt|F|30692|0|da39a3ee5e6b4b0d3255bfef95601890afd80709
           /test_dir_1027/nonempty_dir1/d2/d3|D|30698
           /test_dir_1027/nonempty_dir1/d2/f3.txt|F|30696|83|4b535f836f6006423fc132a59e78dfcc4fe6292f
           /test_dir_1027/nonempty_dir2/d2|D|30702
           /test_dir_1027/nonempty_dir2/f1.txt|F|30700|0|da39a3ee5e6b4b0d3255bfef95601890afd80709
           /test_dir_1027/nonempty_dir2/f2.txt|F|30701|167|d09f4e47c22373e56c2369633ac3dcb71d598601
           /test_dir_1027/nonempty_dir2/d2/d3|D|30703
        end dump-result
   
   comparison of dump-results failed:
      missing entry: /test_dir_1027/nonempty_dir1/nonexist_4


Error:  25972: link nonempty_dir2/f2.txt nonexist_1
               Tau
               ENOSYS
   unexpected results: ENOSYS
   allowed are only: RV_none
   continuing execution with RV_none

        /test_dir_1039|D|13495
        /test_dir_1039/empty_dir1|D|13496
        /test_dir_1039/empty_dir2|D|13497
        /test_dir_1039/nonempty_dir1|D|13498
        /test_dir_1039/nonempty_dir2|D|13503
        /test_dir_1039/nonexist_1|F|13505|167|d09f4e47c22373e56c2369633ac3dcb71d598601
        /test_dir_1039/nonempty_dir1/d2|D|13500
        /test_dir_1039/nonempty_dir1/f1.txt|F|13499|0|da39a3ee5e6b4b0d3255bfef95601890afd80709
        /test_dir_1039/nonempty_dir1/d2/d3|D|13502
        /test_dir_1039/nonempty_dir1/d2/f3.txt|F|13501|83|4b535f836f6006423fc132a59e78dfcc4fe6292f
        /test_dir_1039/nonempty_dir2/d2|D|13506
        /test_dir_1039/nonempty_dir2/f1.txt|F|13504|0|da39a3ee5e6b4b0d3255bfef95601890afd80709
        /test_dir_1039/nonempty_dir2/f2.txt|F|13505|167|d09f4e47c22373e56c2369633ac3dcb71d598601
        /test_dir_1039/nonempty_dir2/d2/d3|D|13507


Error:  25973: dump-result /test_dir_1039
           /test_dir_1039|D|30995
           /test_dir_1039/empty_dir1|D|30997
           /test_dir_1039/empty_dir2|D|30999
           /test_dir_1039/nonempty_dir1|D|31001
           /test_dir_1039/nonempty_dir2|D|31011
           /test_dir_1039/nonempty_dir1/d2|D|31005
           /test_dir_1039/nonempty_dir1/f1.txt|F|31003|0|da39a3ee5e6b4b0d3255bfef95601890afd80709
           /test_dir_1039/nonempty_dir1/d2/d3|D|31009
           /test_dir_1039/nonempty_dir1/d2/f3.txt|F|31007|83|4b535f836f6006423fc132a59e78dfcc4fe6292f
           /test_dir_1039/nonempty_dir2/d2|D|31014
           /test_dir_1039/nonempty_dir2/f1.txt|F|31012|0|da39a3ee5e6b4b0d3255bfef95601890afd80709
           /test_dir_1039/nonempty_dir2/f2.txt|F|31013|167|d09f4e47c22373e56c2369633ac3dcb71d598601
           /test_dir_1039/nonempty_dir2/d2/d3|D|31015
        end dump-result
   
   comparison of dump-results failed:
      missing entry: /test_dir_1039/nonexist_1


Error:  26022: link nonempty_dir2/f2.txt nonexist_2
               Tau
               ENOSYS
   unexpected results: ENOSYS
   allowed are only: RV_none
   continuing execution with RV_none

        /test_dir_1041|D|13521
        /test_dir_1041/empty_dir1|D|13522
        /test_dir_1041/empty_dir2|D|13523
        /test_dir_1041/nonempty_dir1|D|13524
        /test_dir_1041/nonempty_dir2|D|13529
        /test_dir_1041/nonexist_2|F|13531|167|d09f4e47c22373e56c2369633ac3dcb71d598601
        /test_dir_1041/nonempty_dir1/d2|D|13526
        /test_dir_1041/nonempty_dir1/f1.txt|F|13525|0|da39a3ee5e6b4b0d3255bfef95601890afd80709
        /test_dir_1041/nonempty_dir1/d2/d3|D|13528
        /test_dir_1041/nonempty_dir1/d2/f3.txt|F|13527|83|4b535f836f6006423fc132a59e78dfcc4fe6292f
        /test_dir_1041/nonempty_dir2/d2|D|13532
        /test_dir_1041/nonempty_dir2/f1.txt|F|13530|0|da39a3ee5e6b4b0d3255bfef95601890afd80709
        /test_dir_1041/nonempty_dir2/f2.txt|F|13531|167|d09f4e47c22373e56c2369633ac3dcb71d598601
        /test_dir_1041/nonempty_dir2/d2/d3|D|13533


Error:  26023: dump-result /test_dir_1041
           /test_dir_1041|D|31048
           /test_dir_1041/empty_dir1|D|31050
           /test_dir_1041/empty_dir2|D|31052
           /test_dir_1041/nonempty_dir1|D|31054
           /test_dir_1041/nonempty_dir2|D|31063
           /test_dir_1041/nonempty_dir1/d2|D|31058
           /test_dir_1041/nonempty_dir1/f1.txt|F|31056|0|da39a3ee5e6b4b0d3255bfef95601890afd80709
           /test_dir_1041/nonempty_dir1/d2/d3|D|31062
           /test_dir_1041/nonempty_dir1/d2/f3.txt|F|31059|83|4b535f836f6006423fc132a59e78dfcc4fe6292f
           /test_dir_1041/nonempty_dir2/d2|D|31066
           /test_dir_1041/nonempty_dir2/f1.txt|F|31064|0|da39a3ee5e6b4b0d3255bfef95601890afd80709
           /test_dir_1041/nonempty_dir2/f2.txt|F|31065|167|d09f4e47c22373e56c2369633ac3dcb71d598601
           /test_dir_1041/nonempty_dir2/d2/d3|D|31067
        end dump-result
   
   comparison of dump-results failed:
      missing entry: /test_dir_1041/nonexist_2

