
Error:    122: RV_stat { st_dev=1792; st_ino=97931; st_kind=S_IFREG; st_perm=0o777; st_nlink=1; st_uid=0; st_gid=0; st_rdev=0; st_size=0; }
   unexpected results: RV_stat { st_dev=1792; st_ino=97931; st_kind=S_IFREG; st_perm=0o777; st_nlink=1; st_uid=0; st_gid=0; st_rdev=0; st_size=0; }
   allowed are only: RV_stat { st_dev=2049; st_ino=10; st_kind=S_IFREG; st_perm=0o755; st_nlink=2; st_uid=0; st_gid=0; st_rdev=0; st_size=0; }
   continuing execution with RV_stat { st_dev=2049; st_ino=10; st_kind=S_IFREG; st_perm=0o755; st_nlink=2; st_uid=0; st_gid=0; st_rdev=0; st_size=0; }

Error:    142: RV_stat { st_dev=1792; st_ino=97933; st_kind=S_IFREG; st_perm=0o322; st_nlink=1; st_uid=0; st_gid=0; st_rdev=0; st_size=0; }
   unexpected results: RV_stat { st_dev=1792; st_ino=97933; st_kind=S_IFREG; st_perm=0o322; st_nlink=1; st_uid=0; st_gid=0; st_rdev=0; st_size=0; }
   allowed are only: RV_stat { st_dev=2049; st_ino=12; st_kind=S_IFREG; st_perm=0o300; st_nlink=2; st_uid=0; st_gid=0; st_rdev=0; st_size=0; }
   continuing execution with RV_stat { st_dev=2049; st_ino=12; st_kind=S_IFREG; st_perm=0o300; st_nlink=2; st_uid=0; st_gid=0; st_rdev=0; st_size=0; }

Error:    149: RV_stat { st_dev=1792; st_ino=97934; st_kind=S_IFDIR; st_perm=0o777; st_nlink=2; st_uid=0; st_gid=0; st_rdev=0; st_size=4096; }
   unexpected results: RV_stat { st_dev=1792; st_ino=97934; st_kind=S_IFDIR; st_perm=0o777; st_nlink=2; st_uid=0; st_gid=0; st_rdev=0; st_size=4096; }
   allowed are only: RV_stat { st_dev=2049; st_ino=13; st_kind=S_IFDIR; st_perm=0o755; st_nlink=2; st_uid=0; st_gid=0; st_rdev=0; st_size=4096; }
   continuing execution with RV_stat { st_dev=2049; st_ino=13; st_kind=S_IFDIR; st_perm=0o755; st_nlink=2; st_uid=0; st_gid=0; st_rdev=0; st_size=4096; }

Error:    163: RV_stat { st_dev=1792; st_ino=97936; st_kind=S_IFDIR; st_perm=0o322; st_nlink=2; st_uid=0; st_gid=0; st_rdev=0; st_size=4096; }
   unexpected results: RV_stat { st_dev=1792; st_ino=97936; st_kind=S_IFDIR; st_perm=0o322; st_nlink=2; st_uid=0; st_gid=0; st_rdev=0; st_size=4096; }
   allowed are only: RV_stat { st_dev=2049; st_ino=15; st_kind=S_IFDIR; st_perm=0o300; st_nlink=2; st_uid=0; st_gid=0; st_rdev=0; st_size=4096; }
   continuing execution with RV_stat { st_dev=2049; st_ino=15; st_kind=S_IFDIR; st_perm=0o300; st_nlink=2; st_uid=0; st_gid=0; st_rdev=0; st_size=4096; }

Error:    187: RV_stat { st_dev=1792; st_ino=97937; st_kind=S_IFREG; st_perm=0o333; st_nlink=1; st_uid=0; st_gid=0; st_rdev=0; st_size=0; }
   unexpected results: RV_stat { st_dev=1792; st_ino=97937; st_kind=S_IFREG; st_perm=0o333; st_nlink=1; st_uid=0; st_gid=0; st_rdev=0; st_size=0; }
   allowed are only: RV_stat { st_dev=2049; st_ino=16; st_kind=S_IFREG; st_perm=0o755; st_nlink=2; st_uid=0; st_gid=0; st_rdev=0; st_size=0; }
   continuing execution with RV_stat { st_dev=2049; st_ino=16; st_kind=S_IFREG; st_perm=0o755; st_nlink=2; st_uid=0; st_gid=0; st_rdev=0; st_size=0; }

Error:    197: RV_stat { st_dev=1792; st_ino=97938; st_kind=S_IFREG; st_perm=0o000; st_nlink=1; st_uid=0; st_gid=0; st_rdev=0; st_size=0; }
   unexpected results: RV_stat { st_dev=1792; st_ino=97938; st_kind=S_IFREG; st_perm=0o000; st_nlink=1; st_uid=0; st_gid=0; st_rdev=0; st_size=0; }
   allowed are only: RV_stat { st_dev=2049; st_ino=17; st_kind=S_IFREG; st_perm=0o444; st_nlink=2; st_uid=0; st_gid=0; st_rdev=0; st_size=0; }
   continuing execution with RV_stat { st_dev=2049; st_ino=17; st_kind=S_IFREG; st_perm=0o444; st_nlink=2; st_uid=0; st_gid=0; st_rdev=0; st_size=0; }

Error:    207: RV_stat { st_dev=1792; st_ino=97939; st_kind=S_IFREG; st_perm=0o322; st_nlink=1; st_uid=0; st_gid=0; st_rdev=0; st_size=0; }
   unexpected results: RV_stat { st_dev=1792; st_ino=97939; st_kind=S_IFREG; st_perm=0o322; st_nlink=1; st_uid=0; st_gid=0; st_rdev=0; st_size=0; }
   allowed are only: RV_stat { st_dev=2049; st_ino=18; st_kind=S_IFREG; st_perm=0o300; st_nlink=2; st_uid=0; st_gid=0; st_rdev=0; st_size=0; }
   continuing execution with RV_stat { st_dev=2049; st_ino=18; st_kind=S_IFREG; st_perm=0o300; st_nlink=2; st_uid=0; st_gid=0; st_rdev=0; st_size=0; }

Error:    214: RV_stat { st_dev=1792; st_ino=97940; st_kind=S_IFDIR; st_perm=0o333; st_nlink=2; st_uid=0; st_gid=0; st_rdev=0; st_size=4096; }
   unexpected results: RV_stat { st_dev=1792; st_ino=97940; st_kind=S_IFDIR; st_perm=0o333; st_nlink=2; st_uid=0; st_gid=0; st_rdev=0; st_size=4096; }
   allowed are only: RV_stat { st_dev=2049; st_ino=19; st_kind=S_IFDIR; st_perm=0o755; st_nlink=2; st_uid=0; st_gid=0; st_rdev=0; st_size=4096; }
   continuing execution with RV_stat { st_dev=2049; st_ino=19; st_kind=S_IFDIR; st_perm=0o755; st_nlink=2; st_uid=0; st_gid=0; st_rdev=0; st_size=4096; }

Error:    221: RV_stat { st_dev=1792; st_ino=97941; st_kind=S_IFDIR; st_perm=0o000; st_nlink=2; st_uid=0; st_gid=0; st_rdev=0; st_size=4096; }
   unexpected results: RV_stat { st_dev=1792; st_ino=97941; st_kind=S_IFDIR; st_perm=0o000; st_nlink=2; st_uid=0; st_gid=0; st_rdev=0; st_size=4096; }
   allowed are only: RV_stat { st_dev=2049; st_ino=20; st_kind=S_IFDIR; st_perm=0o444; st_nlink=2; st_uid=0; st_gid=0; st_rdev=0; st_size=4096; }
   continuing execution with RV_stat { st_dev=2049; st_ino=20; st_kind=S_IFDIR; st_perm=0o444; st_nlink=2; st_uid=0; st_gid=0; st_rdev=0; st_size=4096; }

Error:    228: RV_stat { st_dev=1792; st_ino=97942; st_kind=S_IFDIR; st_perm=0o322; st_nlink=2; st_uid=0; st_gid=0; st_rdev=0; st_size=4096; }
   unexpected results: RV_stat { st_dev=1792; st_ino=97942; st_kind=S_IFDIR; st_perm=0o322; st_nlink=2; st_uid=0; st_gid=0; st_rdev=0; st_size=4096; }
   allowed are only: RV_stat { st_dev=2049; st_ino=21; st_kind=S_IFDIR; st_perm=0o300; st_nlink=2; st_uid=0; st_gid=0; st_rdev=0; st_size=4096; }
   continuing execution with RV_stat { st_dev=2049; st_ino=21; st_kind=S_IFDIR; st_perm=0o300; st_nlink=2; st_uid=0; st_gid=0; st_rdev=0; st_size=4096; }
