#####################################
# Test 1
#####################################
mkdir /test_dir_0001 0o777
Tau
RV_none

chdir /test_dir_0001
Tau
RV_none

mkdir empty_dir1 0o777
Tau
RV_none

mkdir empty_dir2 0o777
Tau
RV_none

mkdir nonempty_dir1 0o777
Tau
RV_none

open_close nonempty_dir1/f1.txt [O_WRONLY;O_CREAT] 0o666
Tau
RV_none

mkdir nonempty_dir1/d2 0o777
Tau
RV_none

open nonempty_dir1/d2/f3.txt [O_WRONLY;O_CREAT] 0o666
Tau
RV_num(3)

write! (FD 3) "Lorem ipsum dolor sit amet, consectetur adipisicing elit, sed do eiusmod tempor inc" 83
Tau
RV_num(83)

close (FD 3)
Tau
RV_none

mkdir nonempty_dir1/d2/d3 0o777
Tau
RV_none

mkdir nonempty_dir2 0o777
Tau
RV_none

open_close nonempty_dir2/f1.txt [O_WRONLY;O_CREAT] 0o666
Tau
RV_none

open nonempty_dir2/f2.txt [O_WRONLY;O_CREAT] 0o666
Tau
RV_num(3)

write! (FD 3) "Lorem ipsum dolor sit amet, consectetur adipisicing elit, sed do eiusmod tempor incididunt ut labore et dolore magna aliqua. Ut enim ad minim veniam, quis nostrud exer" 167
Tau
RV_num(167)

close (FD 3)
Tau
RV_none

mkdir nonempty_dir2/d2 0o777
Tau
RV_none

mkdir nonempty_dir2/d2/d3 0o777
Tau
RV_none

stat empty_dir1
Tau
{ st_dev=21; st_ino=260; st_kind=S_IFDIR; st_perm=0o755; st_nlink=1; st_uid=0; st_gid=0; st_rdev=0; st_size=40; }

dump-result /test_dir_0001
   /test_dir_0001|D|256
   /test_dir_0001/empty_dir1|D|260
   /test_dir_0001/empty_dir2|D|264
   /test_dir_0001/nonempty_dir1|D|271
   /test_dir_0001/nonempty_dir2|D|289
   /test_dir_0001/nonempty_dir1/d2|D|280
   /test_dir_0001/nonempty_dir1/f1.txt|F|275|0|da39a3ee5e6b4b0d3255bfef95601890afd80709
   /test_dir_0001/nonempty_dir1/d2/d3|D|286
   /test_dir_0001/nonempty_dir1/d2/f3.txt|F|283|83|4b535f836f6006423fc132a59e78dfcc4fe6292f
   /test_dir_0001/nonempty_dir2/d2|D|297
   /test_dir_0001/nonempty_dir2/f1.txt|F|291|0|da39a3ee5e6b4b0d3255bfef95601890afd80709
   /test_dir_0001/nonempty_dir2/f2.txt|F|294|167|d09f4e47c22373e56c2369633ac3dcb71d598601
   /test_dir_0001/nonempty_dir2/d2/d3|D|299
end dump-result


#####################################
# Test 2
#####################################
mkdir /test_dir_0002 0o777
Tau
RV_none

chdir /test_dir_0002
Tau
RV_none

mkdir empty_dir1 0o777
Tau
RV_none

mkdir empty_dir2 0o777
Tau
RV_none

mkdir nonempty_dir1 0o777
Tau
RV_none

open_close nonempty_dir1/f1.txt [O_WRONLY;O_CREAT] 0o666
Tau
RV_none

mkdir nonempty_dir1/d2 0o777
Tau
RV_none

open nonempty_dir1/d2/f3.txt [O_WRONLY;O_CREAT] 0o666
Tau
RV_num(3)

write! (FD 3) "Lorem ipsum dolor sit amet, consectetur adipisicing elit, sed do eiusmod tempor inc" 83
Tau
RV_num(83)

close (FD 3)
Tau
RV_none

mkdir nonempty_dir1/d2/d3 0o777
Tau
RV_none

mkdir nonempty_dir2 0o777
Tau
RV_none

open_close nonempty_dir2/f1.txt [O_WRONLY;O_CREAT] 0o666
Tau
RV_none

open nonempty_dir2/f2.txt [O_WRONLY;O_CREAT] 0o666
Tau
RV_num(3)

write! (FD 3) "Lorem ipsum dolor sit amet, consectetur adipisicing elit, sed do eiusmod tempor incididunt ut labore et dolore magna aliqua. Ut enim ad minim veniam, quis nostrud exer" 167
Tau
RV_num(167)

close (FD 3)
Tau
RV_none

mkdir nonempty_dir2/d2 0o777
Tau
RV_none

mkdir nonempty_dir2/d2/d3 0o777
Tau
RV_none

stat empty_dir1/
Tau
{ st_dev=21; st_ino=337; st_kind=S_IFDIR; st_perm=0o755; st_nlink=1; st_uid=0; st_gid=0; st_rdev=0; st_size=40; }

dump-result /test_dir_0002
   /test_dir_0002|D|331
   /test_dir_0002/empty_dir1|D|337
   /test_dir_0002/empty_dir2|D|343
   /test_dir_0002/nonempty_dir1|D|348
   /test_dir_0002/nonempty_dir2|D|372
   /test_dir_0002/nonempty_dir1/d2|D|357
   /test_dir_0002/nonempty_dir1/f1.txt|F|350|0|da39a3ee5e6b4b0d3255bfef95601890afd80709
   /test_dir_0002/nonempty_dir1/d2/d3|D|368
   /test_dir_0002/nonempty_dir1/d2/f3.txt|F|362|83|4b535f836f6006423fc132a59e78dfcc4fe6292f
   /test_dir_0002/nonempty_dir2/d2|D|385
   /test_dir_0002/nonempty_dir2/f1.txt|F|377|0|da39a3ee5e6b4b0d3255bfef95601890afd80709
   /test_dir_0002/nonempty_dir2/f2.txt|F|382|167|d09f4e47c22373e56c2369633ac3dcb71d598601
   /test_dir_0002/nonempty_dir2/d2/d3|D|387
end dump-result


#####################################
# Test 3
#####################################
mkdir /test_dir_0003 0o777
Tau
RV_none

chdir /test_dir_0003
Tau
RV_none

mkdir empty_dir1 0o777
Tau
RV_none

mkdir empty_dir2 0o777
Tau
RV_none

mkdir nonempty_dir1 0o777
Tau
RV_none

open_close nonempty_dir1/f1.txt [O_WRONLY;O_CREAT] 0o666
Tau
RV_none

mkdir nonempty_dir1/d2 0o777
Tau
RV_none

open nonempty_dir1/d2/f3.txt [O_WRONLY;O_CREAT] 0o666
Tau
RV_num(3)

write! (FD 3) "Lorem ipsum dolor sit amet, consectetur adipisicing elit, sed do eiusmod tempor inc" 83
Tau
RV_num(83)

close (FD 3)
Tau
RV_none

mkdir nonempty_dir1/d2/d3 0o777
Tau
RV_none

mkdir nonempty_dir2 0o777
Tau
RV_none

open_close nonempty_dir2/f1.txt [O_WRONLY;O_CREAT] 0o666
Tau
RV_none

open nonempty_dir2/f2.txt [O_WRONLY;O_CREAT] 0o666
Tau
RV_num(3)

write! (FD 3) "Lorem ipsum dolor sit amet, consectetur adipisicing elit, sed do eiusmod tempor incididunt ut labore et dolore magna aliqua. Ut enim ad minim veniam, quis nostrud exer" 167
Tau
RV_num(167)

close (FD 3)
Tau
RV_none

mkdir nonempty_dir2/d2 0o777
Tau
RV_none

mkdir nonempty_dir2/d2/d3 0o777
Tau
RV_none

stat empty_dir2
Tau
{ st_dev=21; st_ino=430; st_kind=S_IFDIR; st_perm=0o755; st_nlink=1; st_uid=0; st_gid=0; st_rdev=0; st_size=40; }

dump-result /test_dir_0003
   /test_dir_0003|D|420
   /test_dir_0003/empty_dir1|D|425
   /test_dir_0003/empty_dir2|D|430
   /test_dir_0003/nonempty_dir1|D|435
   /test_dir_0003/nonempty_dir2|D|462
   /test_dir_0003/nonempty_dir1/d2|D|445
   /test_dir_0003/nonempty_dir1/f1.txt|F|440|0|da39a3ee5e6b4b0d3255bfef95601890afd80709
   /test_dir_0003/nonempty_dir1/d2/d3|D|458
   /test_dir_0003/nonempty_dir1/d2/f3.txt|F|450|83|4b535f836f6006423fc132a59e78dfcc4fe6292f
   /test_dir_0003/nonempty_dir2/d2|D|476
   /test_dir_0003/nonempty_dir2/f1.txt|F|467|0|da39a3ee5e6b4b0d3255bfef95601890afd80709
   /test_dir_0003/nonempty_dir2/f2.txt|F|471|167|d09f4e47c22373e56c2369633ac3dcb71d598601
   /test_dir_0003/nonempty_dir2/d2/d3|D|478
end dump-result


#####################################
# Test 4
#####################################
mkdir /test_dir_0004 0o777
Tau
RV_none

chdir /test_dir_0004
Tau
RV_none

mkdir empty_dir1 0o777
Tau
RV_none

mkdir empty_dir2 0o777
Tau
RV_none

mkdir nonempty_dir1 0o777
Tau
RV_none

open_close nonempty_dir1/f1.txt [O_WRONLY;O_CREAT] 0o666
Tau
RV_none

mkdir nonempty_dir1/d2 0o777
Tau
RV_none

open nonempty_dir1/d2/f3.txt [O_WRONLY;O_CREAT] 0o666
Tau
RV_num(3)

write! (FD 3) "Lorem ipsum dolor sit amet, consectetur adipisicing elit, sed do eiusmod tempor inc" 83
Tau
RV_num(83)

close (FD 3)
Tau
RV_none

mkdir nonempty_dir1/d2/d3 0o777
Tau
RV_none

mkdir nonempty_dir2 0o777
Tau
RV_none

open_close nonempty_dir2/f1.txt [O_WRONLY;O_CREAT] 0o666
Tau
RV_none

open nonempty_dir2/f2.txt [O_WRONLY;O_CREAT] 0o666
Tau
RV_num(3)

write! (FD 3) "Lorem ipsum dolor sit amet, consectetur adipisicing elit, sed do eiusmod tempor incididunt ut labore et dolore magna aliqua. Ut enim ad minim veniam, quis nostrud exer" 167
Tau
RV_num(167)

close (FD 3)
Tau
RV_none

mkdir nonempty_dir2/d2 0o777
Tau
RV_none

mkdir nonempty_dir2/d2/d3 0o777
Tau
RV_none

stat empty_dir2/
Tau
{ st_dev=21; st_ino=516; st_kind=S_IFDIR; st_perm=0o755; st_nlink=1; st_uid=0; st_gid=0; st_rdev=0; st_size=40; }

dump-result /test_dir_0004
   /test_dir_0004|D|506
   /test_dir_0004/empty_dir1|D|511
   /test_dir_0004/empty_dir2|D|516
   /test_dir_0004/nonempty_dir1|D|521
   /test_dir_0004/nonempty_dir2|D|547
   /test_dir_0004/nonempty_dir1/d2|D|533
   /test_dir_0004/nonempty_dir1/f1.txt|F|526|0|da39a3ee5e6b4b0d3255bfef95601890afd80709
   /test_dir_0004/nonempty_dir1/d2/d3|D|542
   /test_dir_0004/nonempty_dir1/d2/f3.txt|F|537|83|4b535f836f6006423fc132a59e78dfcc4fe6292f
   /test_dir_0004/nonempty_dir2/d2|D|563
   /test_dir_0004/nonempty_dir2/f1.txt|F|551|0|da39a3ee5e6b4b0d3255bfef95601890afd80709
   /test_dir_0004/nonempty_dir2/f2.txt|F|556|167|d09f4e47c22373e56c2369633ac3dcb71d598601
   /test_dir_0004/nonempty_dir2/d2/d3|D|570
end dump-result


#####################################
# Test 5
#####################################
mkdir /test_dir_0005 0o777
Tau
RV_none

chdir /test_dir_0005
Tau
RV_none

mkdir empty_dir1 0o777
Tau
RV_none

mkdir empty_dir2 0o777
Tau
RV_none

mkdir nonempty_dir1 0o777
Tau
RV_none

open_close nonempty_dir1/f1.txt [O_WRONLY;O_CREAT] 0o666
Tau
RV_none

mkdir nonempty_dir1/d2 0o777
Tau
RV_none

open nonempty_dir1/d2/f3.txt [O_WRONLY;O_CREAT] 0o666
Tau
RV_num(3)

write! (FD 3) "Lorem ipsum dolor sit amet, consectetur adipisicing elit, sed do eiusmod tempor inc" 83
Tau
RV_num(83)

close (FD 3)
Tau
RV_none

mkdir nonempty_dir1/d2/d3 0o777
Tau
RV_none

mkdir nonempty_dir2 0o777
Tau
RV_none

open_close nonempty_dir2/f1.txt [O_WRONLY;O_CREAT] 0o666
Tau
RV_none

open nonempty_dir2/f2.txt [O_WRONLY;O_CREAT] 0o666
Tau
RV_num(3)

write! (FD 3) "Lorem ipsum dolor sit amet, consectetur adipisicing elit, sed do eiusmod tempor incididunt ut labore et dolore magna aliqua. Ut enim ad minim veniam, quis nostrud exer" 167
Tau
RV_num(167)

close (FD 3)
Tau
RV_none

mkdir nonempty_dir2/d2 0o777
Tau
RV_none

mkdir nonempty_dir2/d2/d3 0o777
Tau
RV_none

stat nonempty_dir1
Tau
{ st_dev=21; st_ino=612; st_kind=S_IFDIR; st_perm=0o755; st_nlink=1; st_uid=0; st_gid=0; st_rdev=0; st_size=80; }

dump-result /test_dir_0005
   /test_dir_0005|D|597
   /test_dir_0005/empty_dir1|D|600
   /test_dir_0005/empty_dir2|D|606
   /test_dir_0005/nonempty_dir1|D|612
   /test_dir_0005/nonempty_dir2|D|638
   /test_dir_0005/nonempty_dir1/d2|D|620
   /test_dir_0005/nonempty_dir1/f1.txt|F|616|0|da39a3ee5e6b4b0d3255bfef95601890afd80709
   /test_dir_0005/nonempty_dir1/d2/d3|D|633
   /test_dir_0005/nonempty_dir1/d2/f3.txt|F|627|83|4b535f836f6006423fc132a59e78dfcc4fe6292f
   /test_dir_0005/nonempty_dir2/d2|D|665
   /test_dir_0005/nonempty_dir2/f1.txt|F|643|0|da39a3ee5e6b4b0d3255bfef95601890afd80709
   /test_dir_0005/nonempty_dir2/f2.txt|F|652|167|d09f4e47c22373e56c2369633ac3dcb71d598601
   /test_dir_0005/nonempty_dir2/d2/d3|D|669
end dump-result


#####################################
# Test 6
#####################################
mkdir /test_dir_0006 0o777
Tau
RV_none

chdir /test_dir_0006
Tau
RV_none

mkdir empty_dir1 0o777
Tau
RV_none

mkdir empty_dir2 0o777
Tau
RV_none

mkdir nonempty_dir1 0o777
Tau
RV_none

open_close nonempty_dir1/f1.txt [O_WRONLY;O_CREAT] 0o666
Tau
RV_none

mkdir nonempty_dir1/d2 0o777
Tau
RV_none

open nonempty_dir1/d2/f3.txt [O_WRONLY;O_CREAT] 0o666
Tau
RV_num(3)

write! (FD 3) "Lorem ipsum dolor sit amet, consectetur adipisicing elit, sed do eiusmod tempor inc" 83
Tau
RV_num(83)

close (FD 3)
Tau
RV_none

mkdir nonempty_dir1/d2/d3 0o777
Tau
RV_none

mkdir nonempty_dir2 0o777
Tau
RV_none

open_close nonempty_dir2/f1.txt [O_WRONLY;O_CREAT] 0o666
Tau
RV_none

open nonempty_dir2/f2.txt [O_WRONLY;O_CREAT] 0o666
Tau
RV_num(3)

write! (FD 3) "Lorem ipsum dolor sit amet, consectetur adipisicing elit, sed do eiusmod tempor incididunt ut labore et dolore magna aliqua. Ut enim ad minim veniam, quis nostrud exer" 167
Tau
RV_num(167)

close (FD 3)
Tau
RV_none

mkdir nonempty_dir2/d2 0o777
Tau
RV_none

mkdir nonempty_dir2/d2/d3 0o777
Tau
RV_none

stat nonempty_dir1/
Tau
{ st_dev=21; st_ino=718; st_kind=S_IFDIR; st_perm=0o755; st_nlink=1; st_uid=0; st_gid=0; st_rdev=0; st_size=80; }

dump-result /test_dir_0006
   /test_dir_0006|D|700
   /test_dir_0006/empty_dir1|D|705
   /test_dir_0006/empty_dir2|D|710
   /test_dir_0006/nonempty_dir1|D|718
   /test_dir_0006/nonempty_dir2|D|743
   /test_dir_0006/nonempty_dir1/d2|D|729
   /test_dir_0006/nonempty_dir1/f1.txt|F|724|0|da39a3ee5e6b4b0d3255bfef95601890afd80709
   /test_dir_0006/nonempty_dir1/d2/d3|D|738
   /test_dir_0006/nonempty_dir1/d2/f3.txt|F|732|83|4b535f836f6006423fc132a59e78dfcc4fe6292f
   /test_dir_0006/nonempty_dir2/d2|D|763
   /test_dir_0006/nonempty_dir2/f1.txt|F|748|0|da39a3ee5e6b4b0d3255bfef95601890afd80709
   /test_dir_0006/nonempty_dir2/f2.txt|F|757|167|d09f4e47c22373e56c2369633ac3dcb71d598601
   /test_dir_0006/nonempty_dir2/d2/d3|D|767
end dump-result


#####################################
# Test 7
#####################################
mkdir /test_dir_0007 0o777
Tau
RV_none

chdir /test_dir_0007
Tau
RV_none

mkdir empty_dir1 0o777
Tau
RV_none

mkdir empty_dir2 0o777
Tau
RV_none

mkdir nonempty_dir1 0o777
Tau
RV_none

open_close nonempty_dir1/f1.txt [O_WRONLY;O_CREAT] 0o666
Tau
RV_none

mkdir nonempty_dir1/d2 0o777
Tau
RV_none

open nonempty_dir1/d2/f3.txt [O_WRONLY;O_CREAT] 0o666
Tau
RV_num(3)

write! (FD 3) "Lorem ipsum dolor sit amet, consectetur adipisicing elit, sed do eiusmod tempor inc" 83
Tau
RV_num(83)

close (FD 3)
Tau
RV_none

mkdir nonempty_dir1/d2/d3 0o777
Tau
RV_none

mkdir nonempty_dir2 0o777
Tau
RV_none

open_close nonempty_dir2/f1.txt [O_WRONLY;O_CREAT] 0o666
Tau
RV_none

open nonempty_dir2/f2.txt [O_WRONLY;O_CREAT] 0o666
Tau
RV_num(3)

write! (FD 3) "Lorem ipsum dolor sit amet, consectetur adipisicing elit, sed do eiusmod tempor incididunt ut labore et dolore magna aliqua. Ut enim ad minim veniam, quis nostrud exer" 167
Tau
RV_num(167)

close (FD 3)
Tau
RV_none

mkdir nonempty_dir2/d2 0o777
Tau
RV_none

mkdir nonempty_dir2/d2/d3 0o777
Tau
RV_none

stat nonempty_dir1/d2
Tau
{ st_dev=21; st_ino=822; st_kind=S_IFDIR; st_perm=0o755; st_nlink=1; st_uid=0; st_gid=0; st_rdev=0; st_size=80; }

dump-result /test_dir_0007
   /test_dir_0007|D|796
   /test_dir_0007/empty_dir1|D|801
   /test_dir_0007/empty_dir2|D|806
   /test_dir_0007/nonempty_dir1|D|811
   /test_dir_0007/nonempty_dir2|D|838
   /test_dir_0007/nonempty_dir1/d2|D|822
   /test_dir_0007/nonempty_dir1/f1.txt|F|816|0|da39a3ee5e6b4b0d3255bfef95601890afd80709
   /test_dir_0007/nonempty_dir1/d2/d3|D|834
   /test_dir_0007/nonempty_dir1/d2/f3.txt|F|828|83|4b535f836f6006423fc132a59e78dfcc4fe6292f
   /test_dir_0007/nonempty_dir2/d2|D|855
   /test_dir_0007/nonempty_dir2/f1.txt|F|843|0|da39a3ee5e6b4b0d3255bfef95601890afd80709
   /test_dir_0007/nonempty_dir2/f2.txt|F|848|167|d09f4e47c22373e56c2369633ac3dcb71d598601
   /test_dir_0007/nonempty_dir2/d2/d3|D|861
end dump-result


#####################################
# Test 8
#####################################
mkdir /test_dir_0008 0o777
Tau
RV_none

chdir /test_dir_0008
Tau
RV_none

mkdir empty_dir1 0o777
Tau
RV_none

mkdir empty_dir2 0o777
Tau
RV_none

mkdir nonempty_dir1 0o777
Tau
RV_none

open_close nonempty_dir1/f1.txt [O_WRONLY;O_CREAT] 0o666
Tau
RV_none

mkdir nonempty_dir1/d2 0o777
Tau
RV_none

open nonempty_dir1/d2/f3.txt [O_WRONLY;O_CREAT] 0o666
Tau
RV_num(3)

write! (FD 3) "Lorem ipsum dolor sit amet, consectetur adipisicing elit, sed do eiusmod tempor inc" 83
Tau
RV_num(83)

close (FD 3)
Tau
RV_none

mkdir nonempty_dir1/d2/d3 0o777
Tau
RV_none

mkdir nonempty_dir2 0o777
Tau
RV_none

open_close nonempty_dir2/f1.txt [O_WRONLY;O_CREAT] 0o666
Tau
RV_none

open nonempty_dir2/f2.txt [O_WRONLY;O_CREAT] 0o666
Tau
RV_num(3)

write! (FD 3) "Lorem ipsum dolor sit amet, consectetur adipisicing elit, sed do eiusmod tempor incididunt ut labore et dolore magna aliqua. Ut enim ad minim veniam, quis nostrud exer" 167
Tau
RV_num(167)

close (FD 3)
Tau
RV_none

mkdir nonempty_dir2/d2 0o777
Tau
RV_none

mkdir nonempty_dir2/d2/d3 0o777
Tau
RV_none

stat nonempty_dir1/d2/
Tau
{ st_dev=21; st_ino=916; st_kind=S_IFDIR; st_perm=0o755; st_nlink=1; st_uid=0; st_gid=0; st_rdev=0; st_size=80; }

dump-result /test_dir_0008
   /test_dir_0008|D|890
   /test_dir_0008/empty_dir1|D|895
   /test_dir_0008/empty_dir2|D|899
   /test_dir_0008/nonempty_dir1|D|905
   /test_dir_0008/nonempty_dir2|D|935
   /test_dir_0008/nonempty_dir1/d2|D|916
   /test_dir_0008/nonempty_dir1/f1.txt|F|909|0|da39a3ee5e6b4b0d3255bfef95601890afd80709
   /test_dir_0008/nonempty_dir1/d2/d3|D|929
   /test_dir_0008/nonempty_dir1/d2/f3.txt|F|921|83|4b535f836f6006423fc132a59e78dfcc4fe6292f
   /test_dir_0008/nonempty_dir2/d2|D|949
   /test_dir_0008/nonempty_dir2/f1.txt|F|939|0|da39a3ee5e6b4b0d3255bfef95601890afd80709
   /test_dir_0008/nonempty_dir2/f2.txt|F|944|167|d09f4e47c22373e56c2369633ac3dcb71d598601
   /test_dir_0008/nonempty_dir2/d2/d3|D|954
end dump-result


#####################################
# Test 9
#####################################
mkdir /test_dir_0009 0o777
Tau
RV_none

chdir /test_dir_0009
Tau
RV_none

mkdir empty_dir1 0o777
Tau
RV_none

mkdir empty_dir2 0o777
Tau
RV_none

mkdir nonempty_dir1 0o777
Tau
RV_none

open_close nonempty_dir1/f1.txt [O_WRONLY;O_CREAT] 0o666
Tau
RV_none

mkdir nonempty_dir1/d2 0o777
Tau
RV_none

open nonempty_dir1/d2/f3.txt [O_WRONLY;O_CREAT] 0o666
Tau
RV_num(3)

write! (FD 3) "Lorem ipsum dolor sit amet, consectetur adipisicing elit, sed do eiusmod tempor inc" 83
Tau
RV_num(83)

close (FD 3)
Tau
RV_none

mkdir nonempty_dir1/d2/d3 0o777
Tau
RV_none

mkdir nonempty_dir2 0o777
Tau
RV_none

open_close nonempty_dir2/f1.txt [O_WRONLY;O_CREAT] 0o666
Tau
RV_none

open nonempty_dir2/f2.txt [O_WRONLY;O_CREAT] 0o666
Tau
RV_num(3)

write! (FD 3) "Lorem ipsum dolor sit amet, consectetur adipisicing elit, sed do eiusmod tempor incididunt ut labore et dolore magna aliqua. Ut enim ad minim veniam, quis nostrud exer" 167
Tau
RV_num(167)

close (FD 3)
Tau
RV_none

mkdir nonempty_dir2/d2 0o777
Tau
RV_none

mkdir nonempty_dir2/d2/d3 0o777
Tau
RV_none

stat nonempty_dir1/d2/broken_sl/nonexist_6
Tau
ENOENT

dump-result /test_dir_0009
   /test_dir_0009|D|982
   /test_dir_0009/empty_dir1|D|987
   /test_dir_0009/empty_dir2|D|992
   /test_dir_0009/nonempty_dir1|D|996
   /test_dir_0009/nonempty_dir2|D|1026
   /test_dir_0009/nonempty_dir1/d2|D|1008
   /test_dir_0009/nonempty_dir1/f1.txt|F|1002|0|da39a3ee5e6b4b0d3255bfef95601890afd80709
   /test_dir_0009/nonempty_dir1/d2/d3|D|1021
   /test_dir_0009/nonempty_dir1/d2/f3.txt|F|1014|83|4b535f836f6006423fc132a59e78dfcc4fe6292f
   /test_dir_0009/nonempty_dir2/d2|D|1043
   /test_dir_0009/nonempty_dir2/f1.txt|F|1032|0|da39a3ee5e6b4b0d3255bfef95601890afd80709
   /test_dir_0009/nonempty_dir2/f2.txt|F|1037|167|d09f4e47c22373e56c2369633ac3dcb71d598601
   /test_dir_0009/nonempty_dir2/d2/d3|D|1047
end dump-result


#####################################
# Test 10
#####################################
mkdir /test_dir_0010 0o777
Tau
RV_none

chdir /test_dir_0010
Tau
RV_none

mkdir empty_dir1 0o777
Tau
RV_none

mkdir empty_dir2 0o777
Tau
RV_none

mkdir nonempty_dir1 0o777
Tau
RV_none

open_close nonempty_dir1/f1.txt [O_WRONLY;O_CREAT] 0o666
Tau
RV_none

mkdir nonempty_dir1/d2 0o777
Tau
RV_none

open nonempty_dir1/d2/f3.txt [O_WRONLY;O_CREAT] 0o666
Tau
RV_num(3)

write! (FD 3) "Lorem ipsum dolor sit amet, consectetur adipisicing elit, sed do eiusmod tempor inc" 83
Tau
RV_num(83)

close (FD 3)
Tau
RV_none

mkdir nonempty_dir1/d2/d3 0o777
Tau
RV_none

mkdir nonempty_dir2 0o777
Tau
RV_none

open_close nonempty_dir2/f1.txt [O_WRONLY;O_CREAT] 0o666
Tau
RV_none

open nonempty_dir2/f2.txt [O_WRONLY;O_CREAT] 0o666
Tau
RV_num(3)

write! (FD 3) "Lorem ipsum dolor sit amet, consectetur adipisicing elit, sed do eiusmod tempor incididunt ut labore et dolore magna aliqua. Ut enim ad minim veniam, quis nostrud exer" 167
Tau
RV_num(167)

close (FD 3)
Tau
RV_none

mkdir nonempty_dir2/d2 0o777
Tau
RV_none

mkdir nonempty_dir2/d2/d3 0o777
Tau
RV_none

stat nonempty_dir1/d2/broken_sl/nonexist_6/
Tau
ENOENT

dump-result /test_dir_0010
   /test_dir_0010|D|1077
   /test_dir_0010/empty_dir1|D|1083
   /test_dir_0010/empty_dir2|D|1089
   /test_dir_0010/nonempty_dir1|D|1095
   /test_dir_0010/nonempty_dir2|D|1124
   /test_dir_0010/nonempty_dir1/d2|D|1106
   /test_dir_0010/nonempty_dir1/f1.txt|F|1100|0|da39a3ee5e6b4b0d3255bfef95601890afd80709
   /test_dir_0010/nonempty_dir1/d2/d3|D|1119
   /test_dir_0010/nonempty_dir1/d2/f3.txt|F|1112|83|4b535f836f6006423fc132a59e78dfcc4fe6292f
   /test_dir_0010/nonempty_dir2/d2|D|1139
   /test_dir_0010/nonempty_dir2/f1.txt|F|1129|0|da39a3ee5e6b4b0d3255bfef95601890afd80709
   /test_dir_0010/nonempty_dir2/f2.txt|F|1134|167|d09f4e47c22373e56c2369633ac3dcb71d598601
   /test_dir_0010/nonempty_dir2/d2/d3|D|1143
end dump-result


#####################################
# Test 11
#####################################
mkdir /test_dir_0011 0o777
Tau
RV_none

chdir /test_dir_0011
Tau
RV_none

mkdir empty_dir1 0o777
Tau
RV_none

mkdir empty_dir2 0o777
Tau
RV_none

mkdir nonempty_dir1 0o777
Tau
RV_none

open_close nonempty_dir1/f1.txt [O_WRONLY;O_CREAT] 0o666
Tau
RV_none

mkdir nonempty_dir1/d2 0o777
Tau
RV_none

open nonempty_dir1/d2/f3.txt [O_WRONLY;O_CREAT] 0o666
Tau
RV_num(3)

write! (FD 3) "Lorem ipsum dolor sit amet, consectetur adipisicing elit, sed do eiusmod tempor inc" 83
Tau
RV_num(83)

close (FD 3)
Tau
RV_none

mkdir nonempty_dir1/d2/d3 0o777
Tau
RV_none

mkdir nonempty_dir2 0o777
Tau
RV_none

open_close nonempty_dir2/f1.txt [O_WRONLY;O_CREAT] 0o666
Tau
RV_none

open nonempty_dir2/f2.txt [O_WRONLY;O_CREAT] 0o666
Tau
RV_num(3)

write! (FD 3) "Lorem ipsum dolor sit amet, consectetur adipisicing elit, sed do eiusmod tempor incididunt ut labore et dolore magna aliqua. Ut enim ad minim veniam, quis nostrud exer" 167
Tau
RV_num(167)

close (FD 3)
Tau
RV_none

mkdir nonempty_dir2/d2 0o777
Tau
RV_none

mkdir nonempty_dir2/d2/d3 0o777
Tau
RV_none

stat nonempty_dir1/d2/d3
Tau
{ st_dev=21; st_ino=1211; st_kind=S_IFDIR; st_perm=0o755; st_nlink=1; st_uid=0; st_gid=0; st_rdev=0; st_size=40; }

dump-result /test_dir_0011
   /test_dir_0011|D|1170
   /test_dir_0011/empty_dir1|D|1175
   /test_dir_0011/empty_dir2|D|1181
   /test_dir_0011/nonempty_dir1|D|1187
   /test_dir_0011/nonempty_dir2|D|1215
   /test_dir_0011/nonempty_dir1/d2|D|1198
   /test_dir_0011/nonempty_dir1/f1.txt|F|1193|0|da39a3ee5e6b4b0d3255bfef95601890afd80709
   /test_dir_0011/nonempty_dir1/d2/d3|D|1211
   /test_dir_0011/nonempty_dir1/d2/f3.txt|F|1203|83|4b535f836f6006423fc132a59e78dfcc4fe6292f
   /test_dir_0011/nonempty_dir2/d2|D|1231
   /test_dir_0011/nonempty_dir2/f1.txt|F|1220|0|da39a3ee5e6b4b0d3255bfef95601890afd80709
   /test_dir_0011/nonempty_dir2/f2.txt|F|1225|167|d09f4e47c22373e56c2369633ac3dcb71d598601
   /test_dir_0011/nonempty_dir2/d2/d3|D|1234
end dump-result


#####################################
# Test 12
#####################################
mkdir /test_dir_0012 0o777
Tau
RV_none

chdir /test_dir_0012
Tau
RV_none

mkdir empty_dir1 0o777
Tau
RV_none

mkdir empty_dir2 0o777
Tau
RV_none

mkdir nonempty_dir1 0o777
Tau
RV_none

open_close nonempty_dir1/f1.txt [O_WRONLY;O_CREAT] 0o666
Tau
RV_none

mkdir nonempty_dir1/d2 0o777
Tau
RV_none

open nonempty_dir1/d2/f3.txt [O_WRONLY;O_CREAT] 0o666
Tau
RV_num(3)

write! (FD 3) "Lorem ipsum dolor sit amet, consectetur adipisicing elit, sed do eiusmod tempor inc" 83
Tau
RV_num(83)

close (FD 3)
Tau
RV_none

mkdir nonempty_dir1/d2/d3 0o777
Tau
RV_none

mkdir nonempty_dir2 0o777
Tau
RV_none

open_close nonempty_dir2/f1.txt [O_WRONLY;O_CREAT] 0o666
Tau
RV_none

open nonempty_dir2/f2.txt [O_WRONLY;O_CREAT] 0o666
Tau
RV_num(3)

write! (FD 3) "Lorem ipsum dolor sit amet, consectetur adipisicing elit, sed do eiusmod tempor incididunt ut labore et dolore magna aliqua. Ut enim ad minim veniam, quis nostrud exer" 167
Tau
RV_num(167)

close (FD 3)
Tau
RV_none

mkdir nonempty_dir2/d2 0o777
Tau
RV_none

mkdir nonempty_dir2/d2/d3 0o777
Tau
RV_none

stat nonempty_dir1/d2/d3/
Tau
{ st_dev=21; st_ino=1302; st_kind=S_IFDIR; st_perm=0o755; st_nlink=1; st_uid=0; st_gid=0; st_rdev=0; st_size=40; }

dump-result /test_dir_0012
   /test_dir_0012|D|1262
   /test_dir_0012/empty_dir1|D|1267
   /test_dir_0012/empty_dir2|D|1272
   /test_dir_0012/nonempty_dir1|D|1278
   /test_dir_0012/nonempty_dir2|D|1308
   /test_dir_0012/nonempty_dir1/d2|D|1289
   /test_dir_0012/nonempty_dir1/f1.txt|F|1283|0|da39a3ee5e6b4b0d3255bfef95601890afd80709
   /test_dir_0012/nonempty_dir1/d2/d3|D|1302
   /test_dir_0012/nonempty_dir1/d2/f3.txt|F|1294|83|4b535f836f6006423fc132a59e78dfcc4fe6292f
   /test_dir_0012/nonempty_dir2/d2|D|1323
   /test_dir_0012/nonempty_dir2/f1.txt|F|1313|0|da39a3ee5e6b4b0d3255bfef95601890afd80709
   /test_dir_0012/nonempty_dir2/f2.txt|F|1317|167|d09f4e47c22373e56c2369633ac3dcb71d598601
   /test_dir_0012/nonempty_dir2/d2/d3|D|1327
end dump-result


#####################################
# Test 13
#####################################
mkdir /test_dir_0013 0o777
Tau
RV_none

chdir /test_dir_0013
Tau
RV_none

mkdir empty_dir1 0o777
Tau
RV_none

mkdir empty_dir2 0o777
Tau
RV_none

mkdir nonempty_dir1 0o777
Tau
RV_none

open_close nonempty_dir1/f1.txt [O_WRONLY;O_CREAT] 0o666
Tau
RV_none

mkdir nonempty_dir1/d2 0o777
Tau
RV_none

open nonempty_dir1/d2/f3.txt [O_WRONLY;O_CREAT] 0o666
Tau
RV_num(3)

write! (FD 3) "Lorem ipsum dolor sit amet, consectetur adipisicing elit, sed do eiusmod tempor inc" 83
Tau
RV_num(83)

close (FD 3)
Tau
RV_none

mkdir nonempty_dir1/d2/d3 0o777
Tau
RV_none

mkdir nonempty_dir2 0o777
Tau
RV_none

open_close nonempty_dir2/f1.txt [O_WRONLY;O_CREAT] 0o666
Tau
RV_none

open nonempty_dir2/f2.txt [O_WRONLY;O_CREAT] 0o666
Tau
RV_num(3)

write! (FD 3) "Lorem ipsum dolor sit amet, consectetur adipisicing elit, sed do eiusmod tempor incididunt ut labore et dolore magna aliqua. Ut enim ad minim veniam, quis nostrud exer" 167
Tau
RV_num(167)

close (FD 3)
Tau
RV_none

mkdir nonempty_dir2/d2 0o777
Tau
RV_none

mkdir nonempty_dir2/d2/d3 0o777
Tau
RV_none

stat nonempty_dir1/d2/f3.txt
Tau
{ st_dev=21; st_ino=1385; st_kind=S_IFREG; st_perm=0o644; st_nlink=1; st_uid=0; st_gid=0; st_rdev=0; st_size=83; }

dump-result /test_dir_0013
   /test_dir_0013|D|1353
   /test_dir_0013/empty_dir1|D|1357
   /test_dir_0013/empty_dir2|D|1363
   /test_dir_0013/nonempty_dir1|D|1369
   /test_dir_0013/nonempty_dir2|D|1398
   /test_dir_0013/nonempty_dir1/d2|D|1379
   /test_dir_0013/nonempty_dir1/f1.txt|F|1374|0|da39a3ee5e6b4b0d3255bfef95601890afd80709
   /test_dir_0013/nonempty_dir1/d2/d3|D|1392
   /test_dir_0013/nonempty_dir1/d2/f3.txt|F|1385|83|4b535f836f6006423fc132a59e78dfcc4fe6292f
   /test_dir_0013/nonempty_dir2/d2|D|1413
   /test_dir_0013/nonempty_dir2/f1.txt|F|1403|0|da39a3ee5e6b4b0d3255bfef95601890afd80709
   /test_dir_0013/nonempty_dir2/f2.txt|F|1408|167|d09f4e47c22373e56c2369633ac3dcb71d598601
   /test_dir_0013/nonempty_dir2/d2/d3|D|1417
end dump-result


#####################################
# Test 14
#####################################
mkdir /test_dir_0014 0o777
Tau
RV_none

chdir /test_dir_0014
Tau
RV_none

mkdir empty_dir1 0o777
Tau
RV_none

mkdir empty_dir2 0o777
Tau
RV_none

mkdir nonempty_dir1 0o777
Tau
RV_none

open_close nonempty_dir1/f1.txt [O_WRONLY;O_CREAT] 0o666
Tau
RV_none

mkdir nonempty_dir1/d2 0o777
Tau
RV_none

open nonempty_dir1/d2/f3.txt [O_WRONLY;O_CREAT] 0o666
Tau
RV_num(3)

write! (FD 3) "Lorem ipsum dolor sit amet, consectetur adipisicing elit, sed do eiusmod tempor inc" 83
Tau
RV_num(83)

close (FD 3)
Tau
RV_none

mkdir nonempty_dir1/d2/d3 0o777
Tau
RV_none

mkdir nonempty_dir2 0o777
Tau
RV_none

open_close nonempty_dir2/f1.txt [O_WRONLY;O_CREAT] 0o666
Tau
RV_none

open nonempty_dir2/f2.txt [O_WRONLY;O_CREAT] 0o666
Tau
RV_num(3)

write! (FD 3) "Lorem ipsum dolor sit amet, consectetur adipisicing elit, sed do eiusmod tempor incididunt ut labore et dolore magna aliqua. Ut enim ad minim veniam, quis nostrud exer" 167
Tau
RV_num(167)

close (FD 3)
Tau
RV_none

mkdir nonempty_dir2/d2 0o777
Tau
RV_none

mkdir nonempty_dir2/d2/d3 0o777
Tau
RV_none

stat nonempty_dir1/d2/f3.txt/
Tau
ENOTDIR

dump-result /test_dir_0014
   /test_dir_0014|D|1443
   /test_dir_0014/empty_dir1|D|1449
   /test_dir_0014/empty_dir2|D|1453
   /test_dir_0014/nonempty_dir1|D|1458
   /test_dir_0014/nonempty_dir2|D|1490
   /test_dir_0014/nonempty_dir1/d2|D|1473
   /test_dir_0014/nonempty_dir1/f1.txt|F|1465|0|da39a3ee5e6b4b0d3255bfef95601890afd80709
   /test_dir_0014/nonempty_dir1/d2/d3|D|1484
   /test_dir_0014/nonempty_dir1/d2/f3.txt|F|1478|83|4b535f836f6006423fc132a59e78dfcc4fe6292f
   /test_dir_0014/nonempty_dir2/d2|D|1505
   /test_dir_0014/nonempty_dir2/f1.txt|F|1495|0|da39a3ee5e6b4b0d3255bfef95601890afd80709
   /test_dir_0014/nonempty_dir2/f2.txt|F|1497|167|d09f4e47c22373e56c2369633ac3dcb71d598601
   /test_dir_0014/nonempty_dir2/d2/d3|D|1507
end dump-result


#####################################
# Test 15
#####################################
mkdir /test_dir_0015 0o777
Tau
RV_none

chdir /test_dir_0015
Tau
RV_none

mkdir empty_dir1 0o777
Tau
RV_none

mkdir empty_dir2 0o777
Tau
RV_none

mkdir nonempty_dir1 0o777
Tau
RV_none

open_close nonempty_dir1/f1.txt [O_WRONLY;O_CREAT] 0o666
Tau
RV_none

mkdir nonempty_dir1/d2 0o777
Tau
RV_none

open nonempty_dir1/d2/f3.txt [O_WRONLY;O_CREAT] 0o666
Tau
RV_num(3)

write! (FD 3) "Lorem ipsum dolor sit amet, consectetur adipisicing elit, sed do eiusmod tempor inc" 83
Tau
RV_num(83)

close (FD 3)
Tau
RV_none

mkdir nonempty_dir1/d2/d3 0o777
Tau
RV_none

mkdir nonempty_dir2 0o777
Tau
RV_none

open_close nonempty_dir2/f1.txt [O_WRONLY;O_CREAT] 0o666
Tau
RV_none

open nonempty_dir2/f2.txt [O_WRONLY;O_CREAT] 0o666
Tau
RV_num(3)

write! (FD 3) "Lorem ipsum dolor sit amet, consectetur adipisicing elit, sed do eiusmod tempor incididunt ut labore et dolore magna aliqua. Ut enim ad minim veniam, quis nostrud exer" 167
Tau
RV_num(167)

close (FD 3)
Tau
RV_none

mkdir nonempty_dir2/d2 0o777
Tau
RV_none

mkdir nonempty_dir2/d2/d3 0o777
Tau
RV_none

stat nonempty_dir1/f1.txt
Tau
{ st_dev=21; st_ino=1557; st_kind=S_IFREG; st_perm=0o644; st_nlink=1; st_uid=0; st_gid=0; st_rdev=0; st_size=0; }

dump-result /test_dir_0015
   /test_dir_0015|D|1535
   /test_dir_0015/empty_dir1|D|1540
   /test_dir_0015/empty_dir2|D|1546
   /test_dir_0015/nonempty_dir1|D|1552
   /test_dir_0015/nonempty_dir2|D|1579
   /test_dir_0015/nonempty_dir1/d2|D|1562
   /test_dir_0015/nonempty_dir1/f1.txt|F|1557|0|da39a3ee5e6b4b0d3255bfef95601890afd80709
   /test_dir_0015/nonempty_dir1/d2/d3|D|1573
   /test_dir_0015/nonempty_dir1/d2/f3.txt|F|1566|83|4b535f836f6006423fc132a59e78dfcc4fe6292f
   /test_dir_0015/nonempty_dir2/d2|D|1596
   /test_dir_0015/nonempty_dir2/f1.txt|F|1583|0|da39a3ee5e6b4b0d3255bfef95601890afd80709
   /test_dir_0015/nonempty_dir2/f2.txt|F|1588|167|d09f4e47c22373e56c2369633ac3dcb71d598601
   /test_dir_0015/nonempty_dir2/d2/d3|D|1599
end dump-result


#####################################
# Test 16
#####################################
mkdir /test_dir_0016 0o777
Tau
RV_none

chdir /test_dir_0016
Tau
RV_none

mkdir empty_dir1 0o777
Tau
RV_none

mkdir empty_dir2 0o777
Tau
RV_none

mkdir nonempty_dir1 0o777
Tau
RV_none

open_close nonempty_dir1/f1.txt [O_WRONLY;O_CREAT] 0o666
Tau
RV_none

mkdir nonempty_dir1/d2 0o777
Tau
RV_none

open nonempty_dir1/d2/f3.txt [O_WRONLY;O_CREAT] 0o666
Tau
RV_num(3)

write! (FD 3) "Lorem ipsum dolor sit amet, consectetur adipisicing elit, sed do eiusmod tempor inc" 83
Tau
RV_num(83)

close (FD 3)
Tau
RV_none

mkdir nonempty_dir1/d2/d3 0o777
Tau
RV_none

mkdir nonempty_dir2 0o777
Tau
RV_none

open_close nonempty_dir2/f1.txt [O_WRONLY;O_CREAT] 0o666
Tau
RV_none

open nonempty_dir2/f2.txt [O_WRONLY;O_CREAT] 0o666
Tau
RV_num(3)

write! (FD 3) "Lorem ipsum dolor sit amet, consectetur adipisicing elit, sed do eiusmod tempor incididunt ut labore et dolore magna aliqua. Ut enim ad minim veniam, quis nostrud exer" 167
Tau
RV_num(167)

close (FD 3)
Tau
RV_none

mkdir nonempty_dir2/d2 0o777
Tau
RV_none

mkdir nonempty_dir2/d2/d3 0o777
Tau
RV_none

stat nonempty_dir1/f1.txt/
Tau
ENOTDIR

dump-result /test_dir_0016
   /test_dir_0016|D|1623
   /test_dir_0016/empty_dir1|D|1628
   /test_dir_0016/empty_dir2|D|1634
   /test_dir_0016/nonempty_dir1|D|1639
   /test_dir_0016/nonempty_dir2|D|1668
   /test_dir_0016/nonempty_dir1/d2|D|1650
   /test_dir_0016/nonempty_dir1/f1.txt|F|1646|0|da39a3ee5e6b4b0d3255bfef95601890afd80709
   /test_dir_0016/nonempty_dir1/d2/d3|D|1664
   /test_dir_0016/nonempty_dir1/d2/f3.txt|F|1657|83|4b535f836f6006423fc132a59e78dfcc4fe6292f
   /test_dir_0016/nonempty_dir2/d2|D|1685
   /test_dir_0016/nonempty_dir2/f1.txt|F|1673|0|da39a3ee5e6b4b0d3255bfef95601890afd80709
   /test_dir_0016/nonempty_dir2/f2.txt|F|1679|167|d09f4e47c22373e56c2369633ac3dcb71d598601
   /test_dir_0016/nonempty_dir2/d2/d3|D|1689
end dump-result


#####################################
# Test 17
#####################################
mkdir /test_dir_0017 0o777
Tau
RV_none

chdir /test_dir_0017
Tau
RV_none

mkdir empty_dir1 0o777
Tau
RV_none

mkdir empty_dir2 0o777
Tau
RV_none

mkdir nonempty_dir1 0o777
Tau
RV_none

open_close nonempty_dir1/f1.txt [O_WRONLY;O_CREAT] 0o666
Tau
RV_none

mkdir nonempty_dir1/d2 0o777
Tau
RV_none

open nonempty_dir1/d2/f3.txt [O_WRONLY;O_CREAT] 0o666
Tau
RV_num(3)

write! (FD 3) "Lorem ipsum dolor sit amet, consectetur adipisicing elit, sed do eiusmod tempor inc" 83
Tau
RV_num(83)

close (FD 3)
Tau
RV_none

mkdir nonempty_dir1/d2/d3 0o777
Tau
RV_none

mkdir nonempty_dir2 0o777
Tau
RV_none

open_close nonempty_dir2/f1.txt [O_WRONLY;O_CREAT] 0o666
Tau
RV_none

open nonempty_dir2/f2.txt [O_WRONLY;O_CREAT] 0o666
Tau
RV_num(3)

write! (FD 3) "Lorem ipsum dolor sit amet, consectetur adipisicing elit, sed do eiusmod tempor incididunt ut labore et dolore magna aliqua. Ut enim ad minim veniam, quis nostrud exer" 167
Tau
RV_num(167)

close (FD 3)
Tau
RV_none

mkdir nonempty_dir2/d2 0o777
Tau
RV_none

mkdir nonempty_dir2/d2/d3 0o777
Tau
RV_none

stat nonempty_dir1/f1.txt/nonexist_5
Tau
ENOTDIR

dump-result /test_dir_0017
   /test_dir_0017|D|1713
   /test_dir_0017/empty_dir1|D|1717
   /test_dir_0017/empty_dir2|D|1723
   /test_dir_0017/nonempty_dir1|D|1729
   /test_dir_0017/nonempty_dir2|D|1758
   /test_dir_0017/nonempty_dir1/d2|D|1741
   /test_dir_0017/nonempty_dir1/f1.txt|F|1735|0|da39a3ee5e6b4b0d3255bfef95601890afd80709
   /test_dir_0017/nonempty_dir1/d2/d3|D|1752
   /test_dir_0017/nonempty_dir1/d2/f3.txt|F|1747|83|4b535f836f6006423fc132a59e78dfcc4fe6292f
   /test_dir_0017/nonempty_dir2/d2|D|1773
   /test_dir_0017/nonempty_dir2/f1.txt|F|1762|0|da39a3ee5e6b4b0d3255bfef95601890afd80709
   /test_dir_0017/nonempty_dir2/f2.txt|F|1766|167|d09f4e47c22373e56c2369633ac3dcb71d598601
   /test_dir_0017/nonempty_dir2/d2/d3|D|1778
end dump-result


#####################################
# Test 18
#####################################
mkdir /test_dir_0018 0o777
Tau
RV_none

chdir /test_dir_0018
Tau
RV_none

mkdir empty_dir1 0o777
Tau
RV_none

mkdir empty_dir2 0o777
Tau
RV_none

mkdir nonempty_dir1 0o777
Tau
RV_none

open_close nonempty_dir1/f1.txt [O_WRONLY;O_CREAT] 0o666
Tau
RV_none

mkdir nonempty_dir1/d2 0o777
Tau
RV_none

open nonempty_dir1/d2/f3.txt [O_WRONLY;O_CREAT] 0o666
Tau
RV_num(3)

write! (FD 3) "Lorem ipsum dolor sit amet, consectetur adipisicing elit, sed do eiusmod tempor inc" 83
Tau
RV_num(83)

close (FD 3)
Tau
RV_none

mkdir nonempty_dir1/d2/d3 0o777
Tau
RV_none

mkdir nonempty_dir2 0o777
Tau
RV_none

open_close nonempty_dir2/f1.txt [O_WRONLY;O_CREAT] 0o666
Tau
RV_none

open nonempty_dir2/f2.txt [O_WRONLY;O_CREAT] 0o666
Tau
RV_num(3)

write! (FD 3) "Lorem ipsum dolor sit amet, consectetur adipisicing elit, sed do eiusmod tempor incididunt ut labore et dolore magna aliqua. Ut enim ad minim veniam, quis nostrud exer" 167
Tau
RV_num(167)

close (FD 3)
Tau
RV_none

mkdir nonempty_dir2/d2 0o777
Tau
RV_none

mkdir nonempty_dir2/d2/d3 0o777
Tau
RV_none

stat nonempty_dir1/f1.txt/nonexist_5/
Tau
ENOTDIR

dump-result /test_dir_0018
   /test_dir_0018|D|1802
   /test_dir_0018/empty_dir1|D|1805
   /test_dir_0018/empty_dir2|D|1811
   /test_dir_0018/nonempty_dir1|D|1817
   /test_dir_0018/nonempty_dir2|D|1847
   /test_dir_0018/nonempty_dir1/d2|D|1829
   /test_dir_0018/nonempty_dir1/f1.txt|F|1823|0|da39a3ee5e6b4b0d3255bfef95601890afd80709
   /test_dir_0018/nonempty_dir1/d2/d3|D|1841
   /test_dir_0018/nonempty_dir1/d2/f3.txt|F|1834|83|4b535f836f6006423fc132a59e78dfcc4fe6292f
   /test_dir_0018/nonempty_dir2/d2|D|1863
   /test_dir_0018/nonempty_dir2/f1.txt|F|1852|0|da39a3ee5e6b4b0d3255bfef95601890afd80709
   /test_dir_0018/nonempty_dir2/f2.txt|F|1858|167|d09f4e47c22373e56c2369633ac3dcb71d598601
   /test_dir_0018/nonempty_dir2/d2/d3|D|1868
end dump-result


#####################################
# Test 19
#####################################
mkdir /test_dir_0019 0o777
Tau
RV_none

chdir /test_dir_0019
Tau
RV_none

mkdir empty_dir1 0o777
Tau
RV_none

mkdir empty_dir2 0o777
Tau
RV_none

mkdir nonempty_dir1 0o777
Tau
RV_none

open_close nonempty_dir1/f1.txt [O_WRONLY;O_CREAT] 0o666
Tau
RV_none

mkdir nonempty_dir1/d2 0o777
Tau
RV_none

open nonempty_dir1/d2/f3.txt [O_WRONLY;O_CREAT] 0o666
Tau
RV_num(3)

write! (FD 3) "Lorem ipsum dolor sit amet, consectetur adipisicing elit, sed do eiusmod tempor inc" 83
Tau
RV_num(83)

close (FD 3)
Tau
RV_none

mkdir nonempty_dir1/d2/d3 0o777
Tau
RV_none

mkdir nonempty_dir2 0o777
Tau
RV_none

open_close nonempty_dir2/f1.txt [O_WRONLY;O_CREAT] 0o666
Tau
RV_none

open nonempty_dir2/f2.txt [O_WRONLY;O_CREAT] 0o666
Tau
RV_num(3)

write! (FD 3) "Lorem ipsum dolor sit amet, consectetur adipisicing elit, sed do eiusmod tempor incididunt ut labore et dolore magna aliqua. Ut enim ad minim veniam, quis nostrud exer" 167
Tau
RV_num(167)

close (FD 3)
Tau
RV_none

mkdir nonempty_dir2/d2 0o777
Tau
RV_none

mkdir nonempty_dir2/d2/d3 0o777
Tau
RV_none

stat nonempty_dir1/nonexist_4
Tau
ENOENT

dump-result /test_dir_0019
   /test_dir_0019|D|1893
   /test_dir_0019/empty_dir1|D|1898
   /test_dir_0019/empty_dir2|D|1904
   /test_dir_0019/nonempty_dir1|D|1909
   /test_dir_0019/nonempty_dir2|D|1940
   /test_dir_0019/nonempty_dir1/d2|D|1920
   /test_dir_0019/nonempty_dir1/f1.txt|F|1915|0|da39a3ee5e6b4b0d3255bfef95601890afd80709
   /test_dir_0019/nonempty_dir1/d2/d3|D|1933
   /test_dir_0019/nonempty_dir1/d2/f3.txt|F|1926|83|4b535f836f6006423fc132a59e78dfcc4fe6292f
   /test_dir_0019/nonempty_dir2/d2|D|1957
   /test_dir_0019/nonempty_dir2/f1.txt|F|1946|0|da39a3ee5e6b4b0d3255bfef95601890afd80709
   /test_dir_0019/nonempty_dir2/f2.txt|F|1952|167|d09f4e47c22373e56c2369633ac3dcb71d598601
   /test_dir_0019/nonempty_dir2/d2/d3|D|1962
end dump-result


#####################################
# Test 20
#####################################
mkdir /test_dir_0020 0o777
Tau
RV_none

chdir /test_dir_0020
Tau
RV_none

mkdir empty_dir1 0o777
Tau
RV_none

mkdir empty_dir2 0o777
Tau
RV_none

mkdir nonempty_dir1 0o777
Tau
RV_none

open_close nonempty_dir1/f1.txt [O_WRONLY;O_CREAT] 0o666
Tau
RV_none

mkdir nonempty_dir1/d2 0o777
Tau
RV_none

open nonempty_dir1/d2/f3.txt [O_WRONLY;O_CREAT] 0o666
Tau
RV_num(3)

write! (FD 3) "Lorem ipsum dolor sit amet, consectetur adipisicing elit, sed do eiusmod tempor inc" 83
Tau
RV_num(83)

close (FD 3)
Tau
RV_none

mkdir nonempty_dir1/d2/d3 0o777
Tau
RV_none

mkdir nonempty_dir2 0o777
Tau
RV_none

open_close nonempty_dir2/f1.txt [O_WRONLY;O_CREAT] 0o666
Tau
RV_none

open nonempty_dir2/f2.txt [O_WRONLY;O_CREAT] 0o666
Tau
RV_num(3)

write! (FD 3) "Lorem ipsum dolor sit amet, consectetur adipisicing elit, sed do eiusmod tempor incididunt ut labore et dolore magna aliqua. Ut enim ad minim veniam, quis nostrud exer" 167
Tau
RV_num(167)

close (FD 3)
Tau
RV_none

mkdir nonempty_dir2/d2 0o777
Tau
RV_none

mkdir nonempty_dir2/d2/d3 0o777
Tau
RV_none

stat nonempty_dir1/nonexist_4/
Tau
ENOENT

dump-result /test_dir_0020
   /test_dir_0020|D|1984
   /test_dir_0020/empty_dir1|D|1989
   /test_dir_0020/empty_dir2|D|1995
   /test_dir_0020/nonempty_dir1|D|2000
   /test_dir_0020/nonempty_dir2|D|2031
   /test_dir_0020/nonempty_dir1/d2|D|2011
   /test_dir_0020/nonempty_dir1/f1.txt|F|2006|0|da39a3ee5e6b4b0d3255bfef95601890afd80709
   /test_dir_0020/nonempty_dir1/d2/d3|D|2024
   /test_dir_0020/nonempty_dir1/d2/f3.txt|F|2017|83|4b535f836f6006423fc132a59e78dfcc4fe6292f
   /test_dir_0020/nonempty_dir2/d2|D|2049
   /test_dir_0020/nonempty_dir2/f1.txt|F|2038|0|da39a3ee5e6b4b0d3255bfef95601890afd80709
   /test_dir_0020/nonempty_dir2/f2.txt|F|2043|167|d09f4e47c22373e56c2369633ac3dcb71d598601
   /test_dir_0020/nonempty_dir2/d2/d3|D|2054
end dump-result


#####################################
# Test 21
#####################################
mkdir /test_dir_0021 0o777
Tau
RV_none

chdir /test_dir_0021
Tau
RV_none

mkdir empty_dir1 0o777
Tau
RV_none

mkdir empty_dir2 0o777
Tau
RV_none

mkdir nonempty_dir1 0o777
Tau
RV_none

open_close nonempty_dir1/f1.txt [O_WRONLY;O_CREAT] 0o666
Tau
RV_none

mkdir nonempty_dir1/d2 0o777
Tau
RV_none

open nonempty_dir1/d2/f3.txt [O_WRONLY;O_CREAT] 0o666
Tau
RV_num(3)

write! (FD 3) "Lorem ipsum dolor sit amet, consectetur adipisicing elit, sed do eiusmod tempor inc" 83
Tau
RV_num(83)

close (FD 3)
Tau
RV_none

mkdir nonempty_dir1/d2/d3 0o777
Tau
RV_none

mkdir nonempty_dir2 0o777
Tau
RV_none

open_close nonempty_dir2/f1.txt [O_WRONLY;O_CREAT] 0o666
Tau
RV_none

open nonempty_dir2/f2.txt [O_WRONLY;O_CREAT] 0o666
Tau
RV_num(3)

write! (FD 3) "Lorem ipsum dolor sit amet, consectetur adipisicing elit, sed do eiusmod tempor incididunt ut labore et dolore magna aliqua. Ut enim ad minim veniam, quis nostrud exer" 167
Tau
RV_num(167)

close (FD 3)
Tau
RV_none

mkdir nonempty_dir2/d2 0o777
Tau
RV_none

mkdir nonempty_dir2/d2/d3 0o777
Tau
RV_none

stat nonempty_dir2
Tau
{ st_dev=21; st_ino=2124; st_kind=S_IFDIR; st_perm=0o755; st_nlink=1; st_uid=0; st_gid=0; st_rdev=0; st_size=100; }

dump-result /test_dir_0021
   /test_dir_0021|D|2076
   /test_dir_0021/empty_dir1|D|2080
   /test_dir_0021/empty_dir2|D|2086
   /test_dir_0021/nonempty_dir1|D|2092
   /test_dir_0021/nonempty_dir2|D|2124
   /test_dir_0021/nonempty_dir1/d2|D|2103
   /test_dir_0021/nonempty_dir1/f1.txt|F|2098|0|da39a3ee5e6b4b0d3255bfef95601890afd80709
   /test_dir_0021/nonempty_dir1/d2/d3|D|2117
   /test_dir_0021/nonempty_dir1/d2/f3.txt|F|2109|83|4b535f836f6006423fc132a59e78dfcc4fe6292f
   /test_dir_0021/nonempty_dir2/d2|D|2144
   /test_dir_0021/nonempty_dir2/f1.txt|F|2131|0|da39a3ee5e6b4b0d3255bfef95601890afd80709
   /test_dir_0021/nonempty_dir2/f2.txt|F|2137|167|d09f4e47c22373e56c2369633ac3dcb71d598601
   /test_dir_0021/nonempty_dir2/d2/d3|D|2149
end dump-result


#####################################
# Test 22
#####################################
mkdir /test_dir_0022 0o777
Tau
RV_none

chdir /test_dir_0022
Tau
RV_none

mkdir empty_dir1 0o777
Tau
RV_none

mkdir empty_dir2 0o777
Tau
RV_none

mkdir nonempty_dir1 0o777
Tau
RV_none

open_close nonempty_dir1/f1.txt [O_WRONLY;O_CREAT] 0o666
Tau
RV_none

mkdir nonempty_dir1/d2 0o777
Tau
RV_none

open nonempty_dir1/d2/f3.txt [O_WRONLY;O_CREAT] 0o666
Tau
RV_num(3)

write! (FD 3) "Lorem ipsum dolor sit amet, consectetur adipisicing elit, sed do eiusmod tempor inc" 83
Tau
RV_num(83)

close (FD 3)
Tau
RV_none

mkdir nonempty_dir1/d2/d3 0o777
Tau
RV_none

mkdir nonempty_dir2 0o777
Tau
RV_none

open_close nonempty_dir2/f1.txt [O_WRONLY;O_CREAT] 0o666
Tau
RV_none

open nonempty_dir2/f2.txt [O_WRONLY;O_CREAT] 0o666
Tau
RV_num(3)

write! (FD 3) "Lorem ipsum dolor sit amet, consectetur adipisicing elit, sed do eiusmod tempor incididunt ut labore et dolore magna aliqua. Ut enim ad minim veniam, quis nostrud exer" 167
Tau
RV_num(167)

close (FD 3)
Tau
RV_none

mkdir nonempty_dir2/d2 0o777
Tau
RV_none

mkdir nonempty_dir2/d2/d3 0o777
Tau
RV_none

stat nonempty_dir2/
Tau
{ st_dev=21; st_ino=2228; st_kind=S_IFDIR; st_perm=0o755; st_nlink=1; st_uid=0; st_gid=0; st_rdev=0; st_size=100; }

dump-result /test_dir_0022
   /test_dir_0022|D|2178
   /test_dir_0022/empty_dir1|D|2181
   /test_dir_0022/empty_dir2|D|2186
   /test_dir_0022/nonempty_dir1|D|2193
   /test_dir_0022/nonempty_dir2|D|2228
   /test_dir_0022/nonempty_dir1/d2|D|2206
   /test_dir_0022/nonempty_dir1/f1.txt|F|2200|0|da39a3ee5e6b4b0d3255bfef95601890afd80709
   /test_dir_0022/nonempty_dir1/d2/d3|D|2221
   /test_dir_0022/nonempty_dir1/d2/f3.txt|F|2213|83|4b535f836f6006423fc132a59e78dfcc4fe6292f
   /test_dir_0022/nonempty_dir2/d2|D|2246
   /test_dir_0022/nonempty_dir2/f1.txt|F|2234|0|da39a3ee5e6b4b0d3255bfef95601890afd80709
   /test_dir_0022/nonempty_dir2/f2.txt|F|2240|167|d09f4e47c22373e56c2369633ac3dcb71d598601
   /test_dir_0022/nonempty_dir2/d2/d3|D|2251
end dump-result


#####################################
# Test 23
#####################################
mkdir /test_dir_0023 0o777
Tau
RV_none

chdir /test_dir_0023
Tau
RV_none

mkdir empty_dir1 0o777
Tau
RV_none

mkdir empty_dir2 0o777
Tau
RV_none

mkdir nonempty_dir1 0o777
Tau
RV_none

open_close nonempty_dir1/f1.txt [O_WRONLY;O_CREAT] 0o666
Tau
RV_none

mkdir nonempty_dir1/d2 0o777
Tau
RV_none

open nonempty_dir1/d2/f3.txt [O_WRONLY;O_CREAT] 0o666
Tau
RV_num(3)

write! (FD 3) "Lorem ipsum dolor sit amet, consectetur adipisicing elit, sed do eiusmod tempor inc" 83
Tau
RV_num(83)

close (FD 3)
Tau
RV_none

mkdir nonempty_dir1/d2/d3 0o777
Tau
RV_none

mkdir nonempty_dir2 0o777
Tau
RV_none

open_close nonempty_dir2/f1.txt [O_WRONLY;O_CREAT] 0o666
Tau
RV_none

open nonempty_dir2/f2.txt [O_WRONLY;O_CREAT] 0o666
Tau
RV_num(3)

write! (FD 3) "Lorem ipsum dolor sit amet, consectetur adipisicing elit, sed do eiusmod tempor incididunt ut labore et dolore magna aliqua. Ut enim ad minim veniam, quis nostrud exer" 167
Tau
RV_num(167)

close (FD 3)
Tau
RV_none

mkdir nonempty_dir2/d2 0o777
Tau
RV_none

mkdir nonempty_dir2/d2/d3 0o777
Tau
RV_none

stat nonempty_dir2/d2
Tau
{ st_dev=21; st_ino=2340; st_kind=S_IFDIR; st_perm=0o755; st_nlink=1; st_uid=0; st_gid=0; st_rdev=0; st_size=60; }

dump-result /test_dir_0023
   /test_dir_0023|D|2271
   /test_dir_0023/empty_dir1|D|2275
   /test_dir_0023/empty_dir2|D|2280
   /test_dir_0023/nonempty_dir1|D|2285
   /test_dir_0023/nonempty_dir2|D|2322
   /test_dir_0023/nonempty_dir1/d2|D|2302
   /test_dir_0023/nonempty_dir1/f1.txt|F|2295|0|da39a3ee5e6b4b0d3255bfef95601890afd80709
   /test_dir_0023/nonempty_dir1/d2/d3|D|2316
   /test_dir_0023/nonempty_dir1/d2/f3.txt|F|2308|83|4b535f836f6006423fc132a59e78dfcc4fe6292f
   /test_dir_0023/nonempty_dir2/d2|D|2340
   /test_dir_0023/nonempty_dir2/f1.txt|F|2328|0|da39a3ee5e6b4b0d3255bfef95601890afd80709
   /test_dir_0023/nonempty_dir2/f2.txt|F|2333|167|d09f4e47c22373e56c2369633ac3dcb71d598601
   /test_dir_0023/nonempty_dir2/d2/d3|D|2344
end dump-result


#####################################
# Test 24
#####################################
mkdir /test_dir_0024 0o777
Tau
RV_none

chdir /test_dir_0024
Tau
RV_none

mkdir empty_dir1 0o777
Tau
RV_none

mkdir empty_dir2 0o777
Tau
RV_none

mkdir nonempty_dir1 0o777
Tau
RV_none

open_close nonempty_dir1/f1.txt [O_WRONLY;O_CREAT] 0o666
Tau
RV_none

mkdir nonempty_dir1/d2 0o777
Tau
RV_none

open nonempty_dir1/d2/f3.txt [O_WRONLY;O_CREAT] 0o666
Tau
RV_num(3)

write! (FD 3) "Lorem ipsum dolor sit amet, consectetur adipisicing elit, sed do eiusmod tempor inc" 83
Tau
RV_num(83)

close (FD 3)
Tau
RV_none

mkdir nonempty_dir1/d2/d3 0o777
Tau
RV_none

mkdir nonempty_dir2 0o777
Tau
RV_none

open_close nonempty_dir2/f1.txt [O_WRONLY;O_CREAT] 0o666
Tau
RV_none

open nonempty_dir2/f2.txt [O_WRONLY;O_CREAT] 0o666
Tau
RV_num(3)

write! (FD 3) "Lorem ipsum dolor sit amet, consectetur adipisicing elit, sed do eiusmod tempor incididunt ut labore et dolore magna aliqua. Ut enim ad minim veniam, quis nostrud exer" 167
Tau
RV_num(167)

close (FD 3)
Tau
RV_none

mkdir nonempty_dir2/d2 0o777
Tau
RV_none

mkdir nonempty_dir2/d2/d3 0o777
Tau
RV_none

stat nonempty_dir2/d2/
Tau
{ st_dev=21; st_ino=2433; st_kind=S_IFDIR; st_perm=0o755; st_nlink=1; st_uid=0; st_gid=0; st_rdev=0; st_size=60; }

dump-result /test_dir_0024
   /test_dir_0024|D|2364
   /test_dir_0024/empty_dir1|D|2367
   /test_dir_0024/empty_dir2|D|2373
   /test_dir_0024/nonempty_dir1|D|2378
   /test_dir_0024/nonempty_dir2|D|2414
   /test_dir_0024/nonempty_dir1/d2|D|2393
   /test_dir_0024/nonempty_dir1/f1.txt|F|2384|0|da39a3ee5e6b4b0d3255bfef95601890afd80709
   /test_dir_0024/nonempty_dir1/d2/d3|D|2408
   /test_dir_0024/nonempty_dir1/d2/f3.txt|F|2400|83|4b535f836f6006423fc132a59e78dfcc4fe6292f
   /test_dir_0024/nonempty_dir2/d2|D|2433
   /test_dir_0024/nonempty_dir2/f1.txt|F|2420|0|da39a3ee5e6b4b0d3255bfef95601890afd80709
   /test_dir_0024/nonempty_dir2/f2.txt|F|2426|167|d09f4e47c22373e56c2369633ac3dcb71d598601
   /test_dir_0024/nonempty_dir2/d2/d3|D|2438
end dump-result


#####################################
# Test 25
#####################################
mkdir /test_dir_0025 0o777
Tau
RV_none

chdir /test_dir_0025
Tau
RV_none

mkdir empty_dir1 0o777
Tau
RV_none

mkdir empty_dir2 0o777
Tau
RV_none

mkdir nonempty_dir1 0o777
Tau
RV_none

open_close nonempty_dir1/f1.txt [O_WRONLY;O_CREAT] 0o666
Tau
RV_none

mkdir nonempty_dir1/d2 0o777
Tau
RV_none

open nonempty_dir1/d2/f3.txt [O_WRONLY;O_CREAT] 0o666
Tau
RV_num(3)

write! (FD 3) "Lorem ipsum dolor sit amet, consectetur adipisicing elit, sed do eiusmod tempor inc" 83
Tau
RV_num(83)

close (FD 3)
Tau
RV_none

mkdir nonempty_dir1/d2/d3 0o777
Tau
RV_none

mkdir nonempty_dir2 0o777
Tau
RV_none

open_close nonempty_dir2/f1.txt [O_WRONLY;O_CREAT] 0o666
Tau
RV_none

open nonempty_dir2/f2.txt [O_WRONLY;O_CREAT] 0o666
Tau
RV_num(3)

write! (FD 3) "Lorem ipsum dolor sit amet, consectetur adipisicing elit, sed do eiusmod tempor incididunt ut labore et dolore magna aliqua. Ut enim ad minim veniam, quis nostrud exer" 167
Tau
RV_num(167)

close (FD 3)
Tau
RV_none

mkdir nonempty_dir2/d2 0o777
Tau
RV_none

mkdir nonempty_dir2/d2/d3 0o777
Tau
RV_none

stat nonempty_dir2/d2/d3
Tau
{ st_dev=21; st_ino=2535; st_kind=S_IFDIR; st_perm=0o755; st_nlink=1; st_uid=0; st_gid=0; st_rdev=0; st_size=40; }

dump-result /test_dir_0025
   /test_dir_0025|D|2458
   /test_dir_0025/empty_dir1|D|2462
   /test_dir_0025/empty_dir2|D|2468
   /test_dir_0025/nonempty_dir1|D|2474
   /test_dir_0025/nonempty_dir2|D|2510
   /test_dir_0025/nonempty_dir1/d2|D|2488
   /test_dir_0025/nonempty_dir1/f1.txt|F|2481|0|da39a3ee5e6b4b0d3255bfef95601890afd80709
   /test_dir_0025/nonempty_dir1/d2/d3|D|2504
   /test_dir_0025/nonempty_dir1/d2/f3.txt|F|2495|83|4b535f836f6006423fc132a59e78dfcc4fe6292f
   /test_dir_0025/nonempty_dir2/d2|D|2529
   /test_dir_0025/nonempty_dir2/f1.txt|F|2516|0|da39a3ee5e6b4b0d3255bfef95601890afd80709
   /test_dir_0025/nonempty_dir2/f2.txt|F|2521|167|d09f4e47c22373e56c2369633ac3dcb71d598601
   /test_dir_0025/nonempty_dir2/d2/d3|D|2535
end dump-result


#####################################
# Test 26
#####################################
mkdir /test_dir_0026 0o777
Tau
RV_none

chdir /test_dir_0026
Tau
RV_none

mkdir empty_dir1 0o777
Tau
RV_none

mkdir empty_dir2 0o777
Tau
RV_none

mkdir nonempty_dir1 0o777
Tau
RV_none

open_close nonempty_dir1/f1.txt [O_WRONLY;O_CREAT] 0o666
Tau
RV_none

mkdir nonempty_dir1/d2 0o777
Tau
RV_none

open nonempty_dir1/d2/f3.txt [O_WRONLY;O_CREAT] 0o666
Tau
RV_num(3)

write! (FD 3) "Lorem ipsum dolor sit amet, consectetur adipisicing elit, sed do eiusmod tempor inc" 83
Tau
RV_num(83)

close (FD 3)
Tau
RV_none

mkdir nonempty_dir1/d2/d3 0o777
Tau
RV_none

mkdir nonempty_dir2 0o777
Tau
RV_none

open_close nonempty_dir2/f1.txt [O_WRONLY;O_CREAT] 0o666
Tau
RV_none

open nonempty_dir2/f2.txt [O_WRONLY;O_CREAT] 0o666
Tau
RV_num(3)

write! (FD 3) "Lorem ipsum dolor sit amet, consectetur adipisicing elit, sed do eiusmod tempor incididunt ut labore et dolore magna aliqua. Ut enim ad minim veniam, quis nostrud exer" 167
Tau
RV_num(167)

close (FD 3)
Tau
RV_none

mkdir nonempty_dir2/d2 0o777
Tau
RV_none

mkdir nonempty_dir2/d2/d3 0o777
Tau
RV_none

stat nonempty_dir2/d2/d3/
Tau
{ st_dev=21; st_ino=2625; st_kind=S_IFDIR; st_perm=0o755; st_nlink=1; st_uid=0; st_gid=0; st_rdev=0; st_size=40; }

dump-result /test_dir_0026
   /test_dir_0026|D|2553
   /test_dir_0026/empty_dir1|D|2558
   /test_dir_0026/empty_dir2|D|2563
   /test_dir_0026/nonempty_dir1|D|2570
   /test_dir_0026/nonempty_dir2|D|2604
   /test_dir_0026/nonempty_dir1/d2|D|2584
   /test_dir_0026/nonempty_dir1/f1.txt|F|2577|0|da39a3ee5e6b4b0d3255bfef95601890afd80709
   /test_dir_0026/nonempty_dir1/d2/d3|D|2598
   /test_dir_0026/nonempty_dir1/d2/f3.txt|F|2591|83|4b535f836f6006423fc132a59e78dfcc4fe6292f
   /test_dir_0026/nonempty_dir2/d2|D|2621
   /test_dir_0026/nonempty_dir2/f1.txt|F|2609|0|da39a3ee5e6b4b0d3255bfef95601890afd80709
   /test_dir_0026/nonempty_dir2/f2.txt|F|2615|167|d09f4e47c22373e56c2369633ac3dcb71d598601
   /test_dir_0026/nonempty_dir2/d2/d3|D|2625
end dump-result


#####################################
# Test 27
#####################################
mkdir /test_dir_0027 0o777
Tau
RV_none

chdir /test_dir_0027
Tau
RV_none

mkdir empty_dir1 0o777
Tau
RV_none

mkdir empty_dir2 0o777
Tau
RV_none

mkdir nonempty_dir1 0o777
Tau
RV_none

open_close nonempty_dir1/f1.txt [O_WRONLY;O_CREAT] 0o666
Tau
RV_none

mkdir nonempty_dir1/d2 0o777
Tau
RV_none

open nonempty_dir1/d2/f3.txt [O_WRONLY;O_CREAT] 0o666
Tau
RV_num(3)

write! (FD 3) "Lorem ipsum dolor sit amet, consectetur adipisicing elit, sed do eiusmod tempor inc" 83
Tau
RV_num(83)

close (FD 3)
Tau
RV_none

mkdir nonempty_dir1/d2/d3 0o777
Tau
RV_none

mkdir nonempty_dir2 0o777
Tau
RV_none

open_close nonempty_dir2/f1.txt [O_WRONLY;O_CREAT] 0o666
Tau
RV_none

open nonempty_dir2/f2.txt [O_WRONLY;O_CREAT] 0o666
Tau
RV_num(3)

write! (FD 3) "Lorem ipsum dolor sit amet, consectetur adipisicing elit, sed do eiusmod tempor incididunt ut labore et dolore magna aliqua. Ut enim ad minim veniam, quis nostrud exer" 167
Tau
RV_num(167)

close (FD 3)
Tau
RV_none

mkdir nonempty_dir2/d2 0o777
Tau
RV_none

mkdir nonempty_dir2/d2/d3 0o777
Tau
RV_none

stat nonempty_dir2/f1.txt
Tau
{ st_dev=21; st_ino=2699; st_kind=S_IFREG; st_perm=0o644; st_nlink=1; st_uid=0; st_gid=0; st_rdev=0; st_size=0; }

dump-result /test_dir_0027
   /test_dir_0027|D|2645
   /test_dir_0027/empty_dir1|D|2650
   /test_dir_0027/empty_dir2|D|2655
   /test_dir_0027/nonempty_dir1|D|2660
   /test_dir_0027/nonempty_dir2|D|2693
   /test_dir_0027/nonempty_dir1/d2|D|2671
   /test_dir_0027/nonempty_dir1/f1.txt|F|2665|0|da39a3ee5e6b4b0d3255bfef95601890afd80709
   /test_dir_0027/nonempty_dir1/d2/d3|D|2687
   /test_dir_0027/nonempty_dir1/d2/f3.txt|F|2677|83|4b535f836f6006423fc132a59e78dfcc4fe6292f
   /test_dir_0027/nonempty_dir2/d2|D|2711
   /test_dir_0027/nonempty_dir2/f1.txt|F|2699|0|da39a3ee5e6b4b0d3255bfef95601890afd80709
   /test_dir_0027/nonempty_dir2/f2.txt|F|2703|167|d09f4e47c22373e56c2369633ac3dcb71d598601
   /test_dir_0027/nonempty_dir2/d2/d3|D|2716
end dump-result


#####################################
# Test 28
#####################################
mkdir /test_dir_0028 0o777
Tau
RV_none

chdir /test_dir_0028
Tau
RV_none

mkdir empty_dir1 0o777
Tau
RV_none

mkdir empty_dir2 0o777
Tau
RV_none

mkdir nonempty_dir1 0o777
Tau
RV_none

open_close nonempty_dir1/f1.txt [O_WRONLY;O_CREAT] 0o666
Tau
RV_none

mkdir nonempty_dir1/d2 0o777
Tau
RV_none

open nonempty_dir1/d2/f3.txt [O_WRONLY;O_CREAT] 0o666
Tau
RV_num(3)

write! (FD 3) "Lorem ipsum dolor sit amet, consectetur adipisicing elit, sed do eiusmod tempor inc" 83
Tau
RV_num(83)

close (FD 3)
Tau
RV_none

mkdir nonempty_dir1/d2/d3 0o777
Tau
RV_none

mkdir nonempty_dir2 0o777
Tau
RV_none

open_close nonempty_dir2/f1.txt [O_WRONLY;O_CREAT] 0o666
Tau
RV_none

open nonempty_dir2/f2.txt [O_WRONLY;O_CREAT] 0o666
Tau
RV_num(3)

write! (FD 3) "Lorem ipsum dolor sit amet, consectetur adipisicing elit, sed do eiusmod tempor incididunt ut labore et dolore magna aliqua. Ut enim ad minim veniam, quis nostrud exer" 167
Tau
RV_num(167)

close (FD 3)
Tau
RV_none

mkdir nonempty_dir2/d2 0o777
Tau
RV_none

mkdir nonempty_dir2/d2/d3 0o777
Tau
RV_none

stat nonempty_dir2/f1.txt/
Tau
ENOTDIR

dump-result /test_dir_0028
   /test_dir_0028|D|2735
   /test_dir_0028/empty_dir1|D|2739
   /test_dir_0028/empty_dir2|D|2743
   /test_dir_0028/nonempty_dir1|D|2748
   /test_dir_0028/nonempty_dir2|D|2781
   /test_dir_0028/nonempty_dir1/d2|D|2760
   /test_dir_0028/nonempty_dir1/f1.txt|F|2754|0|da39a3ee5e6b4b0d3255bfef95601890afd80709
   /test_dir_0028/nonempty_dir1/d2/d3|D|2774
   /test_dir_0028/nonempty_dir1/d2/f3.txt|F|2767|83|4b535f836f6006423fc132a59e78dfcc4fe6292f
   /test_dir_0028/nonempty_dir2/d2|D|2800
   /test_dir_0028/nonempty_dir2/f1.txt|F|2787|0|da39a3ee5e6b4b0d3255bfef95601890afd80709
   /test_dir_0028/nonempty_dir2/f2.txt|F|2793|167|d09f4e47c22373e56c2369633ac3dcb71d598601
   /test_dir_0028/nonempty_dir2/d2/d3|D|2805
end dump-result


#####################################
# Test 29
#####################################
mkdir /test_dir_0029 0o777
Tau
RV_none

chdir /test_dir_0029
Tau
RV_none

mkdir empty_dir1 0o777
Tau
RV_none

mkdir empty_dir2 0o777
Tau
RV_none

mkdir nonempty_dir1 0o777
Tau
RV_none

open_close nonempty_dir1/f1.txt [O_WRONLY;O_CREAT] 0o666
Tau
RV_none

mkdir nonempty_dir1/d2 0o777
Tau
RV_none

open nonempty_dir1/d2/f3.txt [O_WRONLY;O_CREAT] 0o666
Tau
RV_num(3)

write! (FD 3) "Lorem ipsum dolor sit amet, consectetur adipisicing elit, sed do eiusmod tempor inc" 83
Tau
RV_num(83)

close (FD 3)
Tau
RV_none

mkdir nonempty_dir1/d2/d3 0o777
Tau
RV_none

mkdir nonempty_dir2 0o777
Tau
RV_none

open_close nonempty_dir2/f1.txt [O_WRONLY;O_CREAT] 0o666
Tau
RV_none

open nonempty_dir2/f2.txt [O_WRONLY;O_CREAT] 0o666
Tau
RV_num(3)

write! (FD 3) "Lorem ipsum dolor sit amet, consectetur adipisicing elit, sed do eiusmod tempor incididunt ut labore et dolore magna aliqua. Ut enim ad minim veniam, quis nostrud exer" 167
Tau
RV_num(167)

close (FD 3)
Tau
RV_none

mkdir nonempty_dir2/d2 0o777
Tau
RV_none

mkdir nonempty_dir2/d2/d3 0o777
Tau
RV_none

stat nonempty_dir2/f2.txt
Tau
{ st_dev=21; st_ino=2886; st_kind=S_IFREG; st_perm=0o644; st_nlink=1; st_uid=0; st_gid=0; st_rdev=0; st_size=167; }

dump-result /test_dir_0029
   /test_dir_0029|D|2825
   /test_dir_0029/empty_dir1|D|2830
   /test_dir_0029/empty_dir2|D|2835
   /test_dir_0029/nonempty_dir1|D|2841
   /test_dir_0029/nonempty_dir2|D|2872
   /test_dir_0029/nonempty_dir1/d2|D|2852
   /test_dir_0029/nonempty_dir1/f1.txt|F|2846|0|da39a3ee5e6b4b0d3255bfef95601890afd80709
   /test_dir_0029/nonempty_dir1/d2/d3|D|2865
   /test_dir_0029/nonempty_dir1/d2/f3.txt|F|2858|83|4b535f836f6006423fc132a59e78dfcc4fe6292f
   /test_dir_0029/nonempty_dir2/d2|D|2893
   /test_dir_0029/nonempty_dir2/f1.txt|F|2879|0|da39a3ee5e6b4b0d3255bfef95601890afd80709
   /test_dir_0029/nonempty_dir2/f2.txt|F|2886|167|d09f4e47c22373e56c2369633ac3dcb71d598601
   /test_dir_0029/nonempty_dir2/d2/d3|D|2899
end dump-result


#####################################
# Test 30
#####################################
mkdir /test_dir_0030 0o777
Tau
RV_none

chdir /test_dir_0030
Tau
RV_none

mkdir empty_dir1 0o777
Tau
RV_none

mkdir empty_dir2 0o777
Tau
RV_none

mkdir nonempty_dir1 0o777
Tau
RV_none

open_close nonempty_dir1/f1.txt [O_WRONLY;O_CREAT] 0o666
Tau
RV_none

mkdir nonempty_dir1/d2 0o777
Tau
RV_none

open nonempty_dir1/d2/f3.txt [O_WRONLY;O_CREAT] 0o666
Tau
RV_num(3)

write! (FD 3) "Lorem ipsum dolor sit amet, consectetur adipisicing elit, sed do eiusmod tempor inc" 83
Tau
RV_num(83)

close (FD 3)
Tau
RV_none

mkdir nonempty_dir1/d2/d3 0o777
Tau
RV_none

mkdir nonempty_dir2 0o777
Tau
RV_none

open_close nonempty_dir2/f1.txt [O_WRONLY;O_CREAT] 0o666
Tau
RV_none

open nonempty_dir2/f2.txt [O_WRONLY;O_CREAT] 0o666
Tau
RV_num(3)

write! (FD 3) "Lorem ipsum dolor sit amet, consectetur adipisicing elit, sed do eiusmod tempor incididunt ut labore et dolore magna aliqua. Ut enim ad minim veniam, quis nostrud exer" 167
Tau
RV_num(167)

close (FD 3)
Tau
RV_none

mkdir nonempty_dir2/d2 0o777
Tau
RV_none

mkdir nonempty_dir2/d2/d3 0o777
Tau
RV_none

stat nonempty_dir2/f2.txt/
Tau
ENOTDIR

dump-result /test_dir_0030
   /test_dir_0030|D|2915
   /test_dir_0030/empty_dir1|D|2920
   /test_dir_0030/empty_dir2|D|2925
   /test_dir_0030/nonempty_dir1|D|2931
   /test_dir_0030/nonempty_dir2|D|2964
   /test_dir_0030/nonempty_dir1/d2|D|2943
   /test_dir_0030/nonempty_dir1/f1.txt|F|2937|0|da39a3ee5e6b4b0d3255bfef95601890afd80709
   /test_dir_0030/nonempty_dir1/d2/d3|D|2957
   /test_dir_0030/nonempty_dir1/d2/f3.txt|F|2949|83|4b535f836f6006423fc132a59e78dfcc4fe6292f
   /test_dir_0030/nonempty_dir2/d2|D|2984
   /test_dir_0030/nonempty_dir2/f1.txt|F|2970|0|da39a3ee5e6b4b0d3255bfef95601890afd80709
   /test_dir_0030/nonempty_dir2/f2.txt|F|2976|167|d09f4e47c22373e56c2369633ac3dcb71d598601
   /test_dir_0030/nonempty_dir2/d2/d3|D|2990
end dump-result


#####################################
# Test 31
#####################################
mkdir /test_dir_0031 0o777
Tau
RV_none

chdir /test_dir_0031
Tau
RV_none

mkdir empty_dir1 0o777
Tau
RV_none

mkdir empty_dir2 0o777
Tau
RV_none

mkdir nonempty_dir1 0o777
Tau
RV_none

open_close nonempty_dir1/f1.txt [O_WRONLY;O_CREAT] 0o666
Tau
RV_none

mkdir nonempty_dir1/d2 0o777
Tau
RV_none

open nonempty_dir1/d2/f3.txt [O_WRONLY;O_CREAT] 0o666
Tau
RV_num(3)

write! (FD 3) "Lorem ipsum dolor sit amet, consectetur adipisicing elit, sed do eiusmod tempor inc" 83
Tau
RV_num(83)

close (FD 3)
Tau
RV_none

mkdir nonempty_dir1/d2/d3 0o777
Tau
RV_none

mkdir nonempty_dir2 0o777
Tau
RV_none

open_close nonempty_dir2/f1.txt [O_WRONLY;O_CREAT] 0o666
Tau
RV_none

open nonempty_dir2/f2.txt [O_WRONLY;O_CREAT] 0o666
Tau
RV_num(3)

write! (FD 3) "Lorem ipsum dolor sit amet, consectetur adipisicing elit, sed do eiusmod tempor incididunt ut labore et dolore magna aliqua. Ut enim ad minim veniam, quis nostrud exer" 167
Tau
RV_num(167)

close (FD 3)
Tau
RV_none

mkdir nonempty_dir2/d2 0o777
Tau
RV_none

mkdir nonempty_dir2/d2/d3 0o777
Tau
RV_none

stat nonexist_1
Tau
ENOENT

dump-result /test_dir_0031
   /test_dir_0031|D|3005
   /test_dir_0031/empty_dir1|D|3008
   /test_dir_0031/empty_dir2|D|3013
   /test_dir_0031/nonempty_dir1|D|3018
   /test_dir_0031/nonempty_dir2|D|3049
   /test_dir_0031/nonempty_dir1/d2|D|3030
   /test_dir_0031/nonempty_dir1/f1.txt|F|3024|0|da39a3ee5e6b4b0d3255bfef95601890afd80709
   /test_dir_0031/nonempty_dir1/d2/d3|D|3042
   /test_dir_0031/nonempty_dir1/d2/f3.txt|F|3036|83|4b535f836f6006423fc132a59e78dfcc4fe6292f
   /test_dir_0031/nonempty_dir2/d2|D|3070
   /test_dir_0031/nonempty_dir2/f1.txt|F|3056|0|da39a3ee5e6b4b0d3255bfef95601890afd80709
   /test_dir_0031/nonempty_dir2/f2.txt|F|3063|167|d09f4e47c22373e56c2369633ac3dcb71d598601
   /test_dir_0031/nonempty_dir2/d2/d3|D|3076
end dump-result


#####################################
# Test 32
#####################################
mkdir /test_dir_0032 0o777
Tau
RV_none

chdir /test_dir_0032
Tau
RV_none

mkdir empty_dir1 0o777
Tau
RV_none

mkdir empty_dir2 0o777
Tau
RV_none

mkdir nonempty_dir1 0o777
Tau
RV_none

open_close nonempty_dir1/f1.txt [O_WRONLY;O_CREAT] 0o666
Tau
RV_none

mkdir nonempty_dir1/d2 0o777
Tau
RV_none

open nonempty_dir1/d2/f3.txt [O_WRONLY;O_CREAT] 0o666
Tau
RV_num(3)

write! (FD 3) "Lorem ipsum dolor sit amet, consectetur adipisicing elit, sed do eiusmod tempor inc" 83
Tau
RV_num(83)

close (FD 3)
Tau
RV_none

mkdir nonempty_dir1/d2/d3 0o777
Tau
RV_none

mkdir nonempty_dir2 0o777
Tau
RV_none

open_close nonempty_dir2/f1.txt [O_WRONLY;O_CREAT] 0o666
Tau
RV_none

open nonempty_dir2/f2.txt [O_WRONLY;O_CREAT] 0o666
Tau
RV_num(3)

write! (FD 3) "Lorem ipsum dolor sit amet, consectetur adipisicing elit, sed do eiusmod tempor incididunt ut labore et dolore magna aliqua. Ut enim ad minim veniam, quis nostrud exer" 167
Tau
RV_num(167)

close (FD 3)
Tau
RV_none

mkdir nonempty_dir2/d2 0o777
Tau
RV_none

mkdir nonempty_dir2/d2/d3 0o777
Tau
RV_none

stat nonexist_1/
Tau
ENOENT

dump-result /test_dir_0032
   /test_dir_0032|D|3096
   /test_dir_0032/empty_dir1|D|3101
   /test_dir_0032/empty_dir2|D|3106
   /test_dir_0032/nonempty_dir1|D|3112
   /test_dir_0032/nonempty_dir2|D|3150
   /test_dir_0032/nonempty_dir1/d2|D|3123
   /test_dir_0032/nonempty_dir1/f1.txt|F|3118|0|da39a3ee5e6b4b0d3255bfef95601890afd80709
   /test_dir_0032/nonempty_dir1/d2/d3|D|3147
   /test_dir_0032/nonempty_dir1/d2/f3.txt|F|3141|83|4b535f836f6006423fc132a59e78dfcc4fe6292f
   /test_dir_0032/nonempty_dir2/d2|D|3162
   /test_dir_0032/nonempty_dir2/f1.txt|F|3154|0|da39a3ee5e6b4b0d3255bfef95601890afd80709
   /test_dir_0032/nonempty_dir2/f2.txt|F|3159|167|d09f4e47c22373e56c2369633ac3dcb71d598601
   /test_dir_0032/nonempty_dir2/d2/d3|D|3166
end dump-result


#####################################
# Test 33
#####################################
mkdir /test_dir_0033 0o777
Tau
RV_none

chdir /test_dir_0033
Tau
RV_none

mkdir empty_dir1 0o777
Tau
RV_none

mkdir empty_dir2 0o777
Tau
RV_none

mkdir nonempty_dir1 0o777
Tau
RV_none

open_close nonempty_dir1/f1.txt [O_WRONLY;O_CREAT] 0o666
Tau
RV_none

mkdir nonempty_dir1/d2 0o777
Tau
RV_none

open nonempty_dir1/d2/f3.txt [O_WRONLY;O_CREAT] 0o666
Tau
RV_num(3)

write! (FD 3) "Lorem ipsum dolor sit amet, consectetur adipisicing elit, sed do eiusmod tempor inc" 83
Tau
RV_num(83)

close (FD 3)
Tau
RV_none

mkdir nonempty_dir1/d2/d3 0o777
Tau
RV_none

mkdir nonempty_dir2 0o777
Tau
RV_none

open_close nonempty_dir2/f1.txt [O_WRONLY;O_CREAT] 0o666
Tau
RV_none

open nonempty_dir2/f2.txt [O_WRONLY;O_CREAT] 0o666
Tau
RV_num(3)

write! (FD 3) "Lorem ipsum dolor sit amet, consectetur adipisicing elit, sed do eiusmod tempor incididunt ut labore et dolore magna aliqua. Ut enim ad minim veniam, quis nostrud exer" 167
Tau
RV_num(167)

close (FD 3)
Tau
RV_none

mkdir nonempty_dir2/d2 0o777
Tau
RV_none

mkdir nonempty_dir2/d2/d3 0o777
Tau
RV_none

stat nonexist_2
Tau
ENOENT

dump-result /test_dir_0033
   /test_dir_0033|D|3183
   /test_dir_0033/empty_dir1|D|3187
   /test_dir_0033/empty_dir2|D|3193
   /test_dir_0033/nonempty_dir1|D|3199
   /test_dir_0033/nonempty_dir2|D|3226
   /test_dir_0033/nonempty_dir1/d2|D|3209
   /test_dir_0033/nonempty_dir1/f1.txt|F|3203|0|da39a3ee5e6b4b0d3255bfef95601890afd80709
   /test_dir_0033/nonempty_dir1/d2/d3|D|3221
   /test_dir_0033/nonempty_dir1/d2/f3.txt|F|3217|83|4b535f836f6006423fc132a59e78dfcc4fe6292f
   /test_dir_0033/nonempty_dir2/d2|D|3238
   /test_dir_0033/nonempty_dir2/f1.txt|F|3230|0|da39a3ee5e6b4b0d3255bfef95601890afd80709
   /test_dir_0033/nonempty_dir2/f2.txt|F|3234|167|d09f4e47c22373e56c2369633ac3dcb71d598601
   /test_dir_0033/nonempty_dir2/d2/d3|D|3242
end dump-result


#####################################
# Test 34
#####################################
mkdir /test_dir_0034 0o777
Tau
RV_none

chdir /test_dir_0034
Tau
RV_none

mkdir empty_dir1 0o777
Tau
RV_none

mkdir empty_dir2 0o777
Tau
RV_none

mkdir nonempty_dir1 0o777
Tau
RV_none

open_close nonempty_dir1/f1.txt [O_WRONLY;O_CREAT] 0o666
Tau
RV_none

mkdir nonempty_dir1/d2 0o777
Tau
RV_none

open nonempty_dir1/d2/f3.txt [O_WRONLY;O_CREAT] 0o666
Tau
RV_num(3)

write! (FD 3) "Lorem ipsum dolor sit amet, consectetur adipisicing elit, sed do eiusmod tempor inc" 83
Tau
RV_num(83)

close (FD 3)
Tau
RV_none

mkdir nonempty_dir1/d2/d3 0o777
Tau
RV_none

mkdir nonempty_dir2 0o777
Tau
RV_none

open_close nonempty_dir2/f1.txt [O_WRONLY;O_CREAT] 0o666
Tau
RV_none

open nonempty_dir2/f2.txt [O_WRONLY;O_CREAT] 0o666
Tau
RV_num(3)

write! (FD 3) "Lorem ipsum dolor sit amet, consectetur adipisicing elit, sed do eiusmod tempor incididunt ut labore et dolore magna aliqua. Ut enim ad minim veniam, quis nostrud exer" 167
Tau
RV_num(167)

close (FD 3)
Tau
RV_none

mkdir nonempty_dir2/d2 0o777
Tau
RV_none

mkdir nonempty_dir2/d2/d3 0o777
Tau
RV_none

stat nonexist_2/
Tau
ENOENT

dump-result /test_dir_0034
   /test_dir_0034|D|3262
   /test_dir_0034/empty_dir1|D|3266
   /test_dir_0034/empty_dir2|D|3270
   /test_dir_0034/nonempty_dir1|D|3275
   /test_dir_0034/nonempty_dir2|D|3304
   /test_dir_0034/nonempty_dir1/d2|D|3287
   /test_dir_0034/nonempty_dir1/f1.txt|F|3282|0|da39a3ee5e6b4b0d3255bfef95601890afd80709
   /test_dir_0034/nonempty_dir1/d2/d3|D|3299
   /test_dir_0034/nonempty_dir1/d2/f3.txt|F|3293|83|4b535f836f6006423fc132a59e78dfcc4fe6292f
   /test_dir_0034/nonempty_dir2/d2|D|3317
   /test_dir_0034/nonempty_dir2/f1.txt|F|3308|0|da39a3ee5e6b4b0d3255bfef95601890afd80709
   /test_dir_0034/nonempty_dir2/f2.txt|F|3313|167|d09f4e47c22373e56c2369633ac3dcb71d598601
   /test_dir_0034/nonempty_dir2/d2/d3|D|3320
end dump-result


#####################################
# Test 35
#####################################
mkdir /test_dir_0035 0o777
Tau
RV_none

chdir /test_dir_0035
Tau
RV_none

mkdir empty_dir1 0o777
Tau
RV_none

mkdir empty_dir2 0o777
Tau
RV_none

mkdir nonempty_dir1 0o777
Tau
RV_none

open_close nonempty_dir1/f1.txt [O_WRONLY;O_CREAT] 0o666
Tau
RV_none

mkdir nonempty_dir1/d2 0o777
Tau
RV_none

open nonempty_dir1/d2/f3.txt [O_WRONLY;O_CREAT] 0o666
Tau
RV_num(3)

write! (FD 3) "Lorem ipsum dolor sit amet, consectetur adipisicing elit, sed do eiusmod tempor inc" 83
Tau
RV_num(83)

close (FD 3)
Tau
RV_none

mkdir nonempty_dir1/d2/d3 0o777
Tau
RV_none

mkdir nonempty_dir2 0o777
Tau
RV_none

open_close nonempty_dir2/f1.txt [O_WRONLY;O_CREAT] 0o666
Tau
RV_none

open nonempty_dir2/f2.txt [O_WRONLY;O_CREAT] 0o666
Tau
RV_num(3)

write! (FD 3) "Lorem ipsum dolor sit amet, consectetur adipisicing elit, sed do eiusmod tempor incididunt ut labore et dolore magna aliqua. Ut enim ad minim veniam, quis nostrud exer" 167
Tau
RV_num(167)

close (FD 3)
Tau
RV_none

mkdir nonempty_dir2/d2 0o777
Tau
RV_none

mkdir nonempty_dir2/d2/d3 0o777
Tau
RV_none

stat nonexist_dir/nonexist_3
Tau
ENOENT

dump-result /test_dir_0035
   /test_dir_0035|D|3339
   /test_dir_0035/empty_dir1|D|3342
   /test_dir_0035/empty_dir2|D|3347
   /test_dir_0035/nonempty_dir1|D|3352
   /test_dir_0035/nonempty_dir2|D|3382
   /test_dir_0035/nonempty_dir1/d2|D|3364
   /test_dir_0035/nonempty_dir1/f1.txt|F|3358|0|da39a3ee5e6b4b0d3255bfef95601890afd80709
   /test_dir_0035/nonempty_dir1/d2/d3|D|3378
   /test_dir_0035/nonempty_dir1/d2/f3.txt|F|3371|83|4b535f836f6006423fc132a59e78dfcc4fe6292f
   /test_dir_0035/nonempty_dir2/d2|D|3396
   /test_dir_0035/nonempty_dir2/f1.txt|F|3387|0|da39a3ee5e6b4b0d3255bfef95601890afd80709
   /test_dir_0035/nonempty_dir2/f2.txt|F|3391|167|d09f4e47c22373e56c2369633ac3dcb71d598601
   /test_dir_0035/nonempty_dir2/d2/d3|D|3400
end dump-result


#####################################
# Test 36
#####################################
mkdir /test_dir_0036 0o777
Tau
RV_none

chdir /test_dir_0036
Tau
RV_none

mkdir empty_dir1 0o777
Tau
RV_none

mkdir empty_dir2 0o777
Tau
RV_none

mkdir nonempty_dir1 0o777
Tau
RV_none

open_close nonempty_dir1/f1.txt [O_WRONLY;O_CREAT] 0o666
Tau
RV_none

mkdir nonempty_dir1/d2 0o777
Tau
RV_none

open nonempty_dir1/d2/f3.txt [O_WRONLY;O_CREAT] 0o666
Tau
RV_num(3)

write! (FD 3) "Lorem ipsum dolor sit amet, consectetur adipisicing elit, sed do eiusmod tempor inc" 83
Tau
RV_num(83)

close (FD 3)
Tau
RV_none

mkdir nonempty_dir1/d2/d3 0o777
Tau
RV_none

mkdir nonempty_dir2 0o777
Tau
RV_none

open_close nonempty_dir2/f1.txt [O_WRONLY;O_CREAT] 0o666
Tau
RV_none

open nonempty_dir2/f2.txt [O_WRONLY;O_CREAT] 0o666
Tau
RV_num(3)

write! (FD 3) "Lorem ipsum dolor sit amet, consectetur adipisicing elit, sed do eiusmod tempor incididunt ut labore et dolore magna aliqua. Ut enim ad minim veniam, quis nostrud exer" 167
Tau
RV_num(167)

close (FD 3)
Tau
RV_none

mkdir nonempty_dir2/d2 0o777
Tau
RV_none

mkdir nonempty_dir2/d2/d3 0o777
Tau
RV_none

stat nonexist_dir/nonexist_3/
Tau
ENOENT

dump-result /test_dir_0036
   /test_dir_0036|D|3418
   /test_dir_0036/empty_dir1|D|3423
   /test_dir_0036/empty_dir2|D|3427
   /test_dir_0036/nonempty_dir1|D|3433
   /test_dir_0036/nonempty_dir2|D|3462
   /test_dir_0036/nonempty_dir1/d2|D|3444
   /test_dir_0036/nonempty_dir1/f1.txt|F|3439|0|da39a3ee5e6b4b0d3255bfef95601890afd80709
   /test_dir_0036/nonempty_dir1/d2/d3|D|3456
   /test_dir_0036/nonempty_dir1/d2/f3.txt|F|3450|83|4b535f836f6006423fc132a59e78dfcc4fe6292f
   /test_dir_0036/nonempty_dir2/d2|D|3474
   /test_dir_0036/nonempty_dir2/f1.txt|F|3466|0|da39a3ee5e6b4b0d3255bfef95601890afd80709
   /test_dir_0036/nonempty_dir2/f2.txt|F|3470|167|d09f4e47c22373e56c2369633ac3dcb71d598601
   /test_dir_0036/nonempty_dir2/d2/d3|D|3477
end dump-result


