# processing file 'exec_link___link_nonempty_dir2__d2__sl_f3.txt___nonempty_dir1__d2__sl_no_such_target__-int.trace' ...

Error:     81: RV_none
   unexpected results: RV_none
   allowed are only: ENOTDIR
   continuing execution with ENOTDIR

        "/test_dir_link___link_nonempty_dir2__d2__sl_f3.txt___nonempty_dir1__d2__sl_no_such_target__"|D|1
        "/test_dir_link___link_nonempty_dir2__d2__sl_f3.txt___nonempty_dir1__d2__sl_no_such_target__/empty_dir1"|D|2
        "/test_dir_link___link_nonempty_dir2__d2__sl_f3.txt___nonempty_dir1__d2__sl_no_such_target__/empty_dir2"|D|3
        "/test_dir_link___link_nonempty_dir2__d2__sl_f3.txt___nonempty_dir1__d2__sl_no_such_target__/nonempty_dir1"|D|4
        "/test_dir_link___link_nonempty_dir2__d2__sl_f3.txt___nonempty_dir1__d2__sl_no_such_target__/nonempty_dir1/f1.txt"|F|12|0|"da39a3ee5e6b4b0d3255bfef95601890afd80709"
        "/test_dir_link___link_nonempty_dir2__d2__sl_f3.txt___nonempty_dir1__d2__sl_no_such_target__/nonempty_dir1/sl_f1.txt"|L|"f1.txt"
        "/test_dir_link___link_nonempty_dir2__d2__sl_f3.txt___nonempty_dir1__d2__sl_no_such_target__/nonempty_dir1/d2"|D|5
        "/test_dir_link___link_nonempty_dir2__d2__sl_f3.txt___nonempty_dir1__d2__sl_no_such_target__/nonempty_dir1/d2/f3.txt"|F|6|83|"4b535f836f6006423fc132a59e78dfcc4fe6292f"
        "/test_dir_link___link_nonempty_dir2__d2__sl_f3.txt___nonempty_dir1__d2__sl_no_such_target__/nonempty_dir1/d2/sl_dotdot_d2"|L|"../d2"
        "/test_dir_link___link_nonempty_dir2__d2__sl_f3.txt___nonempty_dir1__d2__sl_no_such_target__/nonempty_dir1/d2/sl_dotdot_f1.txt"|L|"../f1.txt"
        "/test_dir_link___link_nonempty_dir2__d2__sl_f3.txt___nonempty_dir1__d2__sl_no_such_target__/nonempty_dir1/d2/sl_dotdot_no_such_target"|L|"../no_such_target"
        "/test_dir_link___link_nonempty_dir2__d2__sl_f3.txt___nonempty_dir1__d2__sl_no_such_target__/nonempty_dir1/d2/sl_no_such_target"|L|"no_such_target"
        "/test_dir_link___link_nonempty_dir2__d2__sl_f3.txt___nonempty_dir1__d2__sl_no_such_target__/nonempty_dir1/d2/d3"|D|7
        "/test_dir_link___link_nonempty_dir2__d2__sl_f3.txt___nonempty_dir1__d2__sl_no_such_target__/nonempty_dir2"|D|14
        "/test_dir_link___link_nonempty_dir2__d2__sl_f3.txt___nonempty_dir1__d2__sl_no_such_target__/nonempty_dir2/f1.txt"|F|15|0|"da39a3ee5e6b4b0d3255bfef95601890afd80709"
        "/test_dir_link___link_nonempty_dir2__d2__sl_f3.txt___nonempty_dir1__d2__sl_no_such_target__/nonempty_dir2/f2.txt"|F|16|167|"d09f4e47c22373e56c2369633ac3dcb71d598601"
        "/test_dir_link___link_nonempty_dir2__d2__sl_f3.txt___nonempty_dir1__d2__sl_no_such_target__/nonempty_dir2/d2"|D|17
        "/test_dir_link___link_nonempty_dir2__d2__sl_f3.txt___nonempty_dir1__d2__sl_no_such_target__/nonempty_dir2/d2/sl_f3.txt"|L|"../../nonempty_dir1/d2/f3.txt"
        "/test_dir_link___link_nonempty_dir2__d2__sl_f3.txt___nonempty_dir1__d2__sl_no_such_target__/nonempty_dir2/d2/d3"|D|18

        # processing file 'link___link_nonempty_dir2__d2__sl_f3.txt___nonempty_dir1__d2__sl_no_such_target__-int.trace' ...
        @type trace
        #####################################
        # Test link___link_nonempty_dir2__d2__sl_f3.txt___nonempty_dir1__d2__sl_no_such_target__
        #####################################
     6: mkdir "/test_dir_link___link_nonempty_dir2__d2__sl_f3.txt___nonempty_dir1__d2__sl_no_such_target__" 0o777
     7: Tau
     8: RV_none
     9: chdir "/test_dir_link___link_nonempty_dir2__d2__sl_f3.txt___nonempty_dir1__d2__sl_no_such_target__"
    10: Tau
    11: RV_none
    12: mkdir "empty_dir1" 0o777
    13: Tau
    14: RV_none
    15: mkdir "empty_dir2" 0o777
    16: Tau
    17: RV_none
    18: mkdir "nonempty_dir1" 0o777
    19: Tau
    20: RV_none
    21: mkdir "nonempty_dir1/d2" 0o777
    22: Tau
    23: RV_none
    24: open "nonempty_dir1/d2/f3.txt" [O_CREAT;O_WRONLY] 0o666
    25: Tau
    26: RV_num(3)
    27: write! (FD 3) "Lorem ipsum dolor sit amet, consectetur adipisicing elit, sed do eiusmod tempor inc" 83
    28: Tau
    29: RV_num(83)
    30: close (FD 3)
    31: Tau
    32: RV_none
    33: mkdir "nonempty_dir1/d2/d3" 0o777
    34: Tau
    35: RV_none
    36: symlink "../f1.txt" "nonempty_dir1/d2/sl_dotdot_f1.txt"
    37: Tau
    38: RV_none
    39: symlink "no_such_target" "nonempty_dir1/d2/sl_no_such_target"
    40: Tau
    41: RV_none
    42: symlink "../no_such_target" "nonempty_dir1/d2/sl_dotdot_no_such_target"
    43: Tau
    44: RV_none
    45: symlink "../d2" "nonempty_dir1/d2/sl_dotdot_d2"
    46: Tau
    47: RV_none
    48: open_close "nonempty_dir1/f1.txt" [O_CREAT;O_WRONLY] 0o666
    49: Tau
    50: RV_none
    51: symlink "f1.txt" "nonempty_dir1/sl_f1.txt"
    52: Tau
    53: RV_none
    54: mkdir "nonempty_dir2" 0o777
    55: Tau
    56: RV_none
    57: open_close "nonempty_dir2/f1.txt" [O_CREAT;O_WRONLY] 0o666
    58: Tau
    59: RV_none
    60: open "nonempty_dir2/f2.txt" [O_CREAT;O_WRONLY] 0o666
    61: Tau
    62: RV_num(3)
    63: write! (FD 3) "Lorem ipsum dolor sit amet, consectetur adipisicing elit, sed do eiusmod tempor incididunt ut labore et dolore magna aliqua. Ut enim ad minim veniam, quis nostrud exer" 167
    64: Tau
    65: RV_num(167)
    66: close (FD 3)
    67: Tau
    68: RV_none
    69: mkdir "nonempty_dir2/d2" 0o777
    70: Tau
    71: RV_none
    72: mkdir "nonempty_dir2/d2/d3" 0o777
    73: Tau
    74: RV_none
    75: symlink "../../nonempty_dir1/d2/f3.txt" "nonempty_dir2/d2/sl_f3.txt"
    76: Tau
    77: RV_none

    79: link "nonempty_dir2/d2/sl_f3.txt" "nonempty_dir1/d2/sl_no_such_target/"
    80: Tau
    81: RV_none

    83: dump-result "/test_dir_link___link_nonempty_dir2__d2__sl_f3.txt___nonempty_dir1__d2__sl_no_such_target__"
           "/test_dir_link___link_nonempty_dir2__d2__sl_f3.txt___nonempty_dir1__d2__sl_no_such_target__"|D|11196
           "/test_dir_link___link_nonempty_dir2__d2__sl_f3.txt___nonempty_dir1__d2__sl_no_such_target__/empty_dir1"|D|11197
           "/test_dir_link___link_nonempty_dir2__d2__sl_f3.txt___nonempty_dir1__d2__sl_no_such_target__/empty_dir2"|D|11198
           "/test_dir_link___link_nonempty_dir2__d2__sl_f3.txt___nonempty_dir1__d2__sl_no_such_target__/nonempty_dir1"|D|11199
           "/test_dir_link___link_nonempty_dir2__d2__sl_f3.txt___nonempty_dir1__d2__sl_no_such_target__/nonempty_dir1/f1.txt"|F|11207|0|"da39a3ee5e6b4b0d3255bfef95601890afd80709"
           "/test_dir_link___link_nonempty_dir2__d2__sl_f3.txt___nonempty_dir1__d2__sl_no_such_target__/nonempty_dir1/sl_f1.txt"|L|"f1.txt"
           "/test_dir_link___link_nonempty_dir2__d2__sl_f3.txt___nonempty_dir1__d2__sl_no_such_target__/nonempty_dir1/d2"|D|11200
           "/test_dir_link___link_nonempty_dir2__d2__sl_f3.txt___nonempty_dir1__d2__sl_no_such_target__/nonempty_dir1/d2/f3.txt"|F|11201|83|"4b535f836f6006423fc132a59e78dfcc4fe6292f"
           "/test_dir_link___link_nonempty_dir2__d2__sl_f3.txt___nonempty_dir1__d2__sl_no_such_target__/nonempty_dir1/d2/no_such_target"|F|11201|83|"4b535f836f6006423fc132a59e78dfcc4fe6292f"
           "/test_dir_link___link_nonempty_dir2__d2__sl_f3.txt___nonempty_dir1__d2__sl_no_such_target__/nonempty_dir1/d2/sl_dotdot_d2"|L|"../d2"
           "/test_dir_link___link_nonempty_dir2__d2__sl_f3.txt___nonempty_dir1__d2__sl_no_such_target__/nonempty_dir1/d2/sl_dotdot_f1.txt"|L|"../f1.txt"
           "/test_dir_link___link_nonempty_dir2__d2__sl_f3.txt___nonempty_dir1__d2__sl_no_such_target__/nonempty_dir1/d2/sl_dotdot_no_such_target"|L|"../no_such_target"
           "/test_dir_link___link_nonempty_dir2__d2__sl_f3.txt___nonempty_dir1__d2__sl_no_such_target__/nonempty_dir1/d2/sl_no_such_target"|L|"no_such_target"
           "/test_dir_link___link_nonempty_dir2__d2__sl_f3.txt___nonempty_dir1__d2__sl_no_such_target__/nonempty_dir1/d2/d3"|D|11202
           "/test_dir_link___link_nonempty_dir2__d2__sl_f3.txt___nonempty_dir1__d2__sl_no_such_target__/nonempty_dir2"|D|11209
           "/test_dir_link___link_nonempty_dir2__d2__sl_f3.txt___nonempty_dir1__d2__sl_no_such_target__/nonempty_dir2/f1.txt"|F|11211|0|"da39a3ee5e6b4b0d3255bfef95601890afd80709"
           "/test_dir_link___link_nonempty_dir2__d2__sl_f3.txt___nonempty_dir1__d2__sl_no_such_target__/nonempty_dir2/f2.txt"|F|11213|167|"d09f4e47c22373e56c2369633ac3dcb71d598601"
           "/test_dir_link___link_nonempty_dir2__d2__sl_f3.txt___nonempty_dir1__d2__sl_no_such_target__/nonempty_dir2/d2"|D|11214
           "/test_dir_link___link_nonempty_dir2__d2__sl_f3.txt___nonempty_dir1__d2__sl_no_such_target__/nonempty_dir2/d2/sl_f3.txt"|L|"../../nonempty_dir1/d2/f3.txt"
           "/test_dir_link___link_nonempty_dir2__d2__sl_f3.txt___nonempty_dir1__d2__sl_no_such_target__/nonempty_dir2/d2/d3"|D|11215
        end dump-result

Error:     83: dump-result "/test_dir_link___link_nonempty_dir2__d2__sl_f3.txt___nonempty_dir1__d2__sl_no_such_target__"
           "/test_dir_link___link_nonempty_dir2__d2__sl_f3.txt___nonempty_dir1__d2__sl_no_such_target__"|D|11196
           "/test_dir_link___link_nonempty_dir2__d2__sl_f3.txt___nonempty_dir1__d2__sl_no_such_target__/empty_dir1"|D|11197
           "/test_dir_link___link_nonempty_dir2__d2__sl_f3.txt___nonempty_dir1__d2__sl_no_such_target__/empty_dir2"|D|11198
           "/test_dir_link___link_nonempty_dir2__d2__sl_f3.txt___nonempty_dir1__d2__sl_no_such_target__/nonempty_dir1"|D|11199
           "/test_dir_link___link_nonempty_dir2__d2__sl_f3.txt___nonempty_dir1__d2__sl_no_such_target__/nonempty_dir1/f1.txt"|F|11207|0|"da39a3ee5e6b4b0d3255bfef95601890afd80709"
           "/test_dir_link___link_nonempty_dir2__d2__sl_f3.txt___nonempty_dir1__d2__sl_no_such_target__/nonempty_dir1/sl_f1.txt"|L|"f1.txt"
           "/test_dir_link___link_nonempty_dir2__d2__sl_f3.txt___nonempty_dir1__d2__sl_no_such_target__/nonempty_dir1/d2"|D|11200
           "/test_dir_link___link_nonempty_dir2__d2__sl_f3.txt___nonempty_dir1__d2__sl_no_such_target__/nonempty_dir1/d2/f3.txt"|F|11201|83|"4b535f836f6006423fc132a59e78dfcc4fe6292f"
           "/test_dir_link___link_nonempty_dir2__d2__sl_f3.txt___nonempty_dir1__d2__sl_no_such_target__/nonempty_dir1/d2/no_such_target"|F|11201|83|"4b535f836f6006423fc132a59e78dfcc4fe6292f"
           "/test_dir_link___link_nonempty_dir2__d2__sl_f3.txt___nonempty_dir1__d2__sl_no_such_target__/nonempty_dir1/d2/sl_dotdot_d2"|L|"../d2"
           "/test_dir_link___link_nonempty_dir2__d2__sl_f3.txt___nonempty_dir1__d2__sl_no_such_target__/nonempty_dir1/d2/sl_dotdot_f1.txt"|L|"../f1.txt"
           "/test_dir_link___link_nonempty_dir2__d2__sl_f3.txt___nonempty_dir1__d2__sl_no_such_target__/nonempty_dir1/d2/sl_dotdot_no_such_target"|L|"../no_such_target"
           "/test_dir_link___link_nonempty_dir2__d2__sl_f3.txt___nonempty_dir1__d2__sl_no_such_target__/nonempty_dir1/d2/sl_no_such_target"|L|"no_such_target"
           "/test_dir_link___link_nonempty_dir2__d2__sl_f3.txt___nonempty_dir1__d2__sl_no_such_target__/nonempty_dir1/d2/d3"|D|11202
           "/test_dir_link___link_nonempty_dir2__d2__sl_f3.txt___nonempty_dir1__d2__sl_no_such_target__/nonempty_dir2"|D|11209
           "/test_dir_link___link_nonempty_dir2__d2__sl_f3.txt___nonempty_dir1__d2__sl_no_such_target__/nonempty_dir2/f1.txt"|F|11211|0|"da39a3ee5e6b4b0d3255bfef95601890afd80709"
           "/test_dir_link___link_nonempty_dir2__d2__sl_f3.txt___nonempty_dir1__d2__sl_no_such_target__/nonempty_dir2/f2.txt"|F|11213|167|"d09f4e47c22373e56c2369633ac3dcb71d598601"
           "/test_dir_link___link_nonempty_dir2__d2__sl_f3.txt___nonempty_dir1__d2__sl_no_such_target__/nonempty_dir2/d2"|D|11214
           "/test_dir_link___link_nonempty_dir2__d2__sl_f3.txt___nonempty_dir1__d2__sl_no_such_target__/nonempty_dir2/d2/sl_f3.txt"|L|"../../nonempty_dir1/d2/f3.txt"
           "/test_dir_link___link_nonempty_dir2__d2__sl_f3.txt___nonempty_dir1__d2__sl_no_such_target__/nonempty_dir2/d2/d3"|D|11215
        end dump-result
   
   comparison of dump-results failed:
      unexpected entry: /test_dir_link___link_nonempty_dir2__d2__sl_f3.txt___nonempty_dir1__d2__sl_no_such_target__/nonempty_dir1/d2/no_such_target







# trace not accepted
# processing file 'exec_link___link_nonempty_dir2__d2__sl_f3.txt___nonempty_dir1__d2__sl_no_such_target__-int.trace' failed
