        ######################################
        ## Test open___open_nonexist_dir__nonexist2_____O_DIRECTORY__O_EXCL__O_NOFOLLOW__O_WRONLY___none___close_3
        ######################################
        mkdir /test_dir_open___open_nonexist_dir__nonexist2_____O_DIRECTORY__O_EXCL__O_NOFOLLOW__O_WRONLY___none___close_3 0o777
        Tau
        RV_none

        chdir /test_dir_open___open_nonexist_dir__nonexist2_____O_DIRECTORY__O_EXCL__O_NOFOLLOW__O_WRONLY___none___close_3
        Tau
        RV_none

        mkdir empty_dir 0o777
        Tau
        RV_none

        mkdir nonempty_dir 0o777
        Tau
        RV_none

        open_close nonempty_dir/f1.txt [O_CREAT;O_WRONLY] 0o666
        Tau
        RV_none

        open nonempty_dir/f2.txt [O_CREAT;O_WRONLY] 0o666
        Tau
        RV_num(3)

        write! (FD 3) "Lorem ipsum dolor sit amet, co" 30
        Tau
        RV_num(30)

        close (FD 3)
        Tau
        RV_none

        symlink nonempty_dir/f2.txt f3_sl.txt
        Tau
        RV_none

        symlink broken broken_sl
        Tau
        RV_none

        link nonempty_dir/f4.txt f4_link.txt
        Tau
        ENOENT

        link nonempty_dir dir_link
        Tau
        EPERM


        open nonexist_dir/nonexist2/ [O_NOFOLLOW;O_EXCL;O_DIRECTORY;O_WRONLY]
        Tau
        ENOENT

        close (FD 3)
        Tau
        EBADF


        dump-result /test_dir_open___open_nonexist_dir__nonexist2_____O_DIRECTORY__O_EXCL__O_NOFOLLOW__O_WRONLY___none___close_3
           /test_dir_open___open_nonexist_dir__nonexist2_____O_DIRECTORY__O_EXCL__O_NOFOLLOW__O_WRONLY___none___close_3|D|32642
           /test_dir_open___open_nonexist_dir__nonexist2_____O_DIRECTORY__O_EXCL__O_NOFOLLOW__O_WRONLY___none___close_3/broken_sl|L|broken
           /test_dir_open___open_nonexist_dir__nonexist2_____O_DIRECTORY__O_EXCL__O_NOFOLLOW__O_WRONLY___none___close_3/f3_sl.txt|L|nonempty_dir/f2.txt
           /test_dir_open___open_nonexist_dir__nonexist2_____O_DIRECTORY__O_EXCL__O_NOFOLLOW__O_WRONLY___none___close_3/empty_dir|D|32643
           /test_dir_open___open_nonexist_dir__nonexist2_____O_DIRECTORY__O_EXCL__O_NOFOLLOW__O_WRONLY___none___close_3/nonempty_dir|D|32644
           /test_dir_open___open_nonexist_dir__nonexist2_____O_DIRECTORY__O_EXCL__O_NOFOLLOW__O_WRONLY___none___close_3/nonempty_dir/f1.txt|F|32645|0|da39a3ee5e6b4b0d3255bfef95601890afd80709
           /test_dir_open___open_nonexist_dir__nonexist2_____O_DIRECTORY__O_EXCL__O_NOFOLLOW__O_WRONLY___none___close_3/nonempty_dir/f2.txt|F|32646|30|e88ee12dedd1a9c6d9e9e5dea1a43e510dede7d5
        end dump-result


