
Error:    122: rename empty_dir1 nonempty_dir1
               Tau
               EPERM
   unexpected results: EPERM
   allowed are only: ENOTEMPTY, EEXIST
   continuing execution with ENOTEMPTY, EEXIST

Error:    147: rename empty_dir1 nonempty_dir1/
               Tau
               EPERM
   unexpected results: EPERM
   allowed are only: ENOTEMPTY, EEXIST
   continuing execution with ENOTEMPTY, EEXIST

Error:    172: rename empty_dir1 nonempty_dir1/d2
               Tau
               EPERM
   unexpected results: EPERM
   allowed are only: ENOTEMPTY, EEXIST
   continuing execution with ENOTEMPTY, EEXIST

Error:    197: rename empty_dir1 nonempty_dir1/d2/
               Tau
               EPERM
   unexpected results: EPERM
   allowed are only: ENOTEMPTY, EEXIST
   continuing execution with ENOTEMPTY, EEXIST

Error:    522: rename empty_dir1 nonempty_dir2
               Tau
               EPERM
   unexpected results: EPERM
   allowed are only: ENOTEMPTY, EEXIST
   continuing execution with ENOTEMPTY, EEXIST

Error:    547: rename empty_dir1 nonempty_dir2/
               Tau
               EPERM
   unexpected results: EPERM
   allowed are only: ENOTEMPTY, EEXIST
   continuing execution with ENOTEMPTY, EEXIST

Error:    572: rename empty_dir1 nonempty_dir2/d2
               Tau
               EPERM
   unexpected results: EPERM
   allowed are only: ENOTEMPTY, EEXIST
   continuing execution with ENOTEMPTY, EEXIST

Error:    597: rename empty_dir1 nonempty_dir2/d2/
               Tau
               EPERM
   unexpected results: EPERM
   allowed are only: ENOTEMPTY, EEXIST
   continuing execution with ENOTEMPTY, EEXIST

Error:   1022: rename empty_dir1/ nonempty_dir1
               Tau
               EPERM
   unexpected results: EPERM
   allowed are only: ENOTEMPTY, EEXIST
   continuing execution with ENOTEMPTY, EEXIST

Error:   1047: rename empty_dir1/ nonempty_dir1/
               Tau
               EPERM
   unexpected results: EPERM
   allowed are only: ENOTEMPTY, EEXIST
   continuing execution with ENOTEMPTY, EEXIST

Error:   1072: rename empty_dir1/ nonempty_dir1/d2
               Tau
               EPERM
   unexpected results: EPERM
   allowed are only: ENOTEMPTY, EEXIST
   continuing execution with ENOTEMPTY, EEXIST

Error:   1097: rename empty_dir1/ nonempty_dir1/d2/
               Tau
               EPERM
   unexpected results: EPERM
   allowed are only: ENOTEMPTY, EEXIST
   continuing execution with ENOTEMPTY, EEXIST

Error:   1422: rename empty_dir1/ nonempty_dir2
               Tau
               EPERM
   unexpected results: EPERM
   allowed are only: ENOTEMPTY, EEXIST
   continuing execution with ENOTEMPTY, EEXIST

Error:   1447: rename empty_dir1/ nonempty_dir2/
               Tau
               EPERM
   unexpected results: EPERM
   allowed are only: ENOTEMPTY, EEXIST
   continuing execution with ENOTEMPTY, EEXIST

Error:   1472: rename empty_dir1/ nonempty_dir2/d2
               Tau
               EPERM
   unexpected results: EPERM
   allowed are only: ENOTEMPTY, EEXIST
   continuing execution with ENOTEMPTY, EEXIST

Error:   1497: rename empty_dir1/ nonempty_dir2/d2/
               Tau
               EPERM
   unexpected results: EPERM
   allowed are only: ENOTEMPTY, EEXIST
   continuing execution with ENOTEMPTY, EEXIST

Error:   1922: rename empty_dir2 nonempty_dir1
               Tau
               EPERM
   unexpected results: EPERM
   allowed are only: ENOTEMPTY, EEXIST
   continuing execution with ENOTEMPTY, EEXIST

Error:   1947: rename empty_dir2 nonempty_dir1/
               Tau
               EPERM
   unexpected results: EPERM
   allowed are only: ENOTEMPTY, EEXIST
   continuing execution with ENOTEMPTY, EEXIST

Error:   1972: rename empty_dir2 nonempty_dir1/d2
               Tau
               EPERM
   unexpected results: EPERM
   allowed are only: ENOTEMPTY, EEXIST
   continuing execution with ENOTEMPTY, EEXIST

Error:   1997: rename empty_dir2 nonempty_dir1/d2/
               Tau
               EPERM
   unexpected results: EPERM
   allowed are only: ENOTEMPTY, EEXIST
   continuing execution with ENOTEMPTY, EEXIST

Error:   2322: rename empty_dir2 nonempty_dir2
               Tau
               EPERM
   unexpected results: EPERM
   allowed are only: ENOTEMPTY, EEXIST
   continuing execution with ENOTEMPTY, EEXIST

Error:   2347: rename empty_dir2 nonempty_dir2/
               Tau
               EPERM
   unexpected results: EPERM
   allowed are only: ENOTEMPTY, EEXIST
   continuing execution with ENOTEMPTY, EEXIST

Error:   2372: rename empty_dir2 nonempty_dir2/d2
               Tau
               EPERM
   unexpected results: EPERM
   allowed are only: ENOTEMPTY, EEXIST
   continuing execution with ENOTEMPTY, EEXIST

Error:   2397: rename empty_dir2 nonempty_dir2/d2/
               Tau
               EPERM
   unexpected results: EPERM
   allowed are only: ENOTEMPTY, EEXIST
   continuing execution with ENOTEMPTY, EEXIST

Error:   2822: rename empty_dir2/ nonempty_dir1
               Tau
               EPERM
   unexpected results: EPERM
   allowed are only: ENOTEMPTY, EEXIST
   continuing execution with ENOTEMPTY, EEXIST

Error:   2847: rename empty_dir2/ nonempty_dir1/
               Tau
               EPERM
   unexpected results: EPERM
   allowed are only: ENOTEMPTY, EEXIST
   continuing execution with ENOTEMPTY, EEXIST

Error:   2872: rename empty_dir2/ nonempty_dir1/d2
               Tau
               EPERM
   unexpected results: EPERM
   allowed are only: ENOTEMPTY, EEXIST
   continuing execution with ENOTEMPTY, EEXIST

Error:   2897: rename empty_dir2/ nonempty_dir1/d2/
               Tau
               EPERM
   unexpected results: EPERM
   allowed are only: ENOTEMPTY, EEXIST
   continuing execution with ENOTEMPTY, EEXIST

Error:   3222: rename empty_dir2/ nonempty_dir2
               Tau
               EPERM
   unexpected results: EPERM
   allowed are only: ENOTEMPTY, EEXIST
   continuing execution with ENOTEMPTY, EEXIST

Error:   3247: rename empty_dir2/ nonempty_dir2/
               Tau
               EPERM
   unexpected results: EPERM
   allowed are only: ENOTEMPTY, EEXIST
   continuing execution with ENOTEMPTY, EEXIST

Error:   3272: rename empty_dir2/ nonempty_dir2/d2
               Tau
               EPERM
   unexpected results: EPERM
   allowed are only: ENOTEMPTY, EEXIST
   continuing execution with ENOTEMPTY, EEXIST

Error:   3297: rename empty_dir2/ nonempty_dir2/d2/
               Tau
               EPERM
   unexpected results: EPERM
   allowed are only: ENOTEMPTY, EEXIST
   continuing execution with ENOTEMPTY, EEXIST

Error:   4122: rename nonempty_dir1 nonempty_dir2
               Tau
               EPERM
   unexpected results: EPERM
   allowed are only: ENOTEMPTY, EEXIST
   continuing execution with ENOTEMPTY, EEXIST

Error:   4147: rename nonempty_dir1 nonempty_dir2/
               Tau
               EPERM
   unexpected results: EPERM
   allowed are only: ENOTEMPTY, EEXIST
   continuing execution with ENOTEMPTY, EEXIST

Error:   4172: rename nonempty_dir1 nonempty_dir2/d2
               Tau
               EPERM
   unexpected results: EPERM
   allowed are only: ENOTEMPTY, EEXIST
   continuing execution with ENOTEMPTY, EEXIST

Error:   4197: rename nonempty_dir1 nonempty_dir2/d2/
               Tau
               EPERM
   unexpected results: EPERM
   allowed are only: ENOTEMPTY, EEXIST
   continuing execution with ENOTEMPTY, EEXIST

Error:   5022: rename nonempty_dir1/ nonempty_dir2
               Tau
               EPERM
   unexpected results: EPERM
   allowed are only: ENOTEMPTY, EEXIST
   continuing execution with ENOTEMPTY, EEXIST

Error:   5047: rename nonempty_dir1/ nonempty_dir2/
               Tau
               EPERM
   unexpected results: EPERM
   allowed are only: ENOTEMPTY, EEXIST
   continuing execution with ENOTEMPTY, EEXIST

Error:   5072: rename nonempty_dir1/ nonempty_dir2/d2
               Tau
               EPERM
   unexpected results: EPERM
   allowed are only: ENOTEMPTY, EEXIST
   continuing execution with ENOTEMPTY, EEXIST

Error:   5097: rename nonempty_dir1/ nonempty_dir2/d2/
               Tau
               EPERM
   unexpected results: EPERM
   allowed are only: ENOTEMPTY, EEXIST
   continuing execution with ENOTEMPTY, EEXIST

Error:   5922: rename nonempty_dir1/d2 nonempty_dir2
               Tau
               EPERM
   unexpected results: EPERM
   allowed are only: ENOTEMPTY, EEXIST
   continuing execution with ENOTEMPTY, EEXIST

Error:   5947: rename nonempty_dir1/d2 nonempty_dir2/
               Tau
               EPERM
   unexpected results: EPERM
   allowed are only: ENOTEMPTY, EEXIST
   continuing execution with ENOTEMPTY, EEXIST

Error:   5972: rename nonempty_dir1/d2 nonempty_dir2/d2
               Tau
               EPERM
   unexpected results: EPERM
   allowed are only: ENOTEMPTY, EEXIST
   continuing execution with ENOTEMPTY, EEXIST

Error:   5997: rename nonempty_dir1/d2 nonempty_dir2/d2/
               Tau
               EPERM
   unexpected results: EPERM
   allowed are only: ENOTEMPTY, EEXIST
   continuing execution with ENOTEMPTY, EEXIST

Error:   6822: rename nonempty_dir1/d2/ nonempty_dir2
               Tau
               EPERM
   unexpected results: EPERM
   allowed are only: ENOTEMPTY, EEXIST
   continuing execution with ENOTEMPTY, EEXIST

Error:   6847: rename nonempty_dir1/d2/ nonempty_dir2/
               Tau
               EPERM
   unexpected results: EPERM
   allowed are only: ENOTEMPTY, EEXIST
   continuing execution with ENOTEMPTY, EEXIST

Error:   6872: rename nonempty_dir1/d2/ nonempty_dir2/d2
               Tau
               EPERM
   unexpected results: EPERM
   allowed are only: ENOTEMPTY, EEXIST
   continuing execution with ENOTEMPTY, EEXIST

Error:   6897: rename nonempty_dir1/d2/ nonempty_dir2/d2/
               Tau
               EPERM
   unexpected results: EPERM
   allowed are only: ENOTEMPTY, EEXIST
   continuing execution with ENOTEMPTY, EEXIST

Error:   9522: rename nonempty_dir1/d2/d3 nonempty_dir2
               Tau
               EPERM
   unexpected results: EPERM
   allowed are only: ENOTEMPTY, EEXIST
   continuing execution with ENOTEMPTY, EEXIST

Error:   9547: rename nonempty_dir1/d2/d3 nonempty_dir2/
               Tau
               EPERM
   unexpected results: EPERM
   allowed are only: ENOTEMPTY, EEXIST
   continuing execution with ENOTEMPTY, EEXIST

Error:   9572: rename nonempty_dir1/d2/d3 nonempty_dir2/d2
               Tau
               EPERM
   unexpected results: EPERM
   allowed are only: ENOTEMPTY, EEXIST
   continuing execution with ENOTEMPTY, EEXIST

Error:   9597: rename nonempty_dir1/d2/d3 nonempty_dir2/d2/
               Tau
               EPERM
   unexpected results: EPERM
   allowed are only: ENOTEMPTY, EEXIST
   continuing execution with ENOTEMPTY, EEXIST

Error:  10422: rename nonempty_dir1/d2/d3/ nonempty_dir2
               Tau
               EPERM
   unexpected results: EPERM
   allowed are only: ENOTEMPTY, EEXIST
   continuing execution with ENOTEMPTY, EEXIST

Error:  10447: rename nonempty_dir1/d2/d3/ nonempty_dir2/
               Tau
               EPERM
   unexpected results: EPERM
   allowed are only: ENOTEMPTY, EEXIST
   continuing execution with ENOTEMPTY, EEXIST

Error:  10472: rename nonempty_dir1/d2/d3/ nonempty_dir2/d2
               Tau
               EPERM
   unexpected results: EPERM
   allowed are only: ENOTEMPTY, EEXIST
   continuing execution with ENOTEMPTY, EEXIST

Error:  10497: rename nonempty_dir1/d2/d3/ nonempty_dir2/d2/
               Tau
               EPERM
   unexpected results: EPERM
   allowed are only: ENOTEMPTY, EEXIST
   continuing execution with ENOTEMPTY, EEXIST

Error:  18122: rename nonempty_dir2 nonempty_dir1
               Tau
               EPERM
   unexpected results: EPERM
   allowed are only: ENOTEMPTY, EEXIST
   continuing execution with ENOTEMPTY, EEXIST

Error:  18147: rename nonempty_dir2 nonempty_dir1/
               Tau
               EPERM
   unexpected results: EPERM
   allowed are only: ENOTEMPTY, EEXIST
   continuing execution with ENOTEMPTY, EEXIST

Error:  18172: rename nonempty_dir2 nonempty_dir1/d2
               Tau
               EPERM
   unexpected results: EPERM
   allowed are only: ENOTEMPTY, EEXIST
   continuing execution with ENOTEMPTY, EEXIST

Error:  18197: rename nonempty_dir2 nonempty_dir1/d2/
               Tau
               EPERM
   unexpected results: EPERM
   allowed are only: ENOTEMPTY, EEXIST
   continuing execution with ENOTEMPTY, EEXIST

Error:  19022: rename nonempty_dir2/ nonempty_dir1
               Tau
               EPERM
   unexpected results: EPERM
   allowed are only: ENOTEMPTY, EEXIST
   continuing execution with ENOTEMPTY, EEXIST

Error:  19047: rename nonempty_dir2/ nonempty_dir1/
               Tau
               EPERM
   unexpected results: EPERM
   allowed are only: ENOTEMPTY, EEXIST
   continuing execution with ENOTEMPTY, EEXIST

Error:  19072: rename nonempty_dir2/ nonempty_dir1/d2
               Tau
               EPERM
   unexpected results: EPERM
   allowed are only: ENOTEMPTY, EEXIST
   continuing execution with ENOTEMPTY, EEXIST

Error:  19097: rename nonempty_dir2/ nonempty_dir1/d2/
               Tau
               EPERM
   unexpected results: EPERM
   allowed are only: ENOTEMPTY, EEXIST
   continuing execution with ENOTEMPTY, EEXIST

Error:  19922: rename nonempty_dir2/d2 nonempty_dir1
               Tau
               EPERM
   unexpected results: EPERM
   allowed are only: ENOTEMPTY, EEXIST
   continuing execution with ENOTEMPTY, EEXIST

Error:  19947: rename nonempty_dir2/d2 nonempty_dir1/
               Tau
               EPERM
   unexpected results: EPERM
   allowed are only: ENOTEMPTY, EEXIST
   continuing execution with ENOTEMPTY, EEXIST

Error:  19972: rename nonempty_dir2/d2 nonempty_dir1/d2
               Tau
               EPERM
   unexpected results: EPERM
   allowed are only: ENOTEMPTY, EEXIST
   continuing execution with ENOTEMPTY, EEXIST

Error:  19997: rename nonempty_dir2/d2 nonempty_dir1/d2/
               Tau
               EPERM
   unexpected results: EPERM
   allowed are only: ENOTEMPTY, EEXIST
   continuing execution with ENOTEMPTY, EEXIST

Error:  20822: rename nonempty_dir2/d2/ nonempty_dir1
               Tau
               EPERM
   unexpected results: EPERM
   allowed are only: ENOTEMPTY, EEXIST
   continuing execution with ENOTEMPTY, EEXIST

Error:  20847: rename nonempty_dir2/d2/ nonempty_dir1/
               Tau
               EPERM
   unexpected results: EPERM
   allowed are only: ENOTEMPTY, EEXIST
   continuing execution with ENOTEMPTY, EEXIST

Error:  20872: rename nonempty_dir2/d2/ nonempty_dir1/d2
               Tau
               EPERM
   unexpected results: EPERM
   allowed are only: ENOTEMPTY, EEXIST
   continuing execution with ENOTEMPTY, EEXIST

Error:  20897: rename nonempty_dir2/d2/ nonempty_dir1/d2/
               Tau
               EPERM
   unexpected results: EPERM
   allowed are only: ENOTEMPTY, EEXIST
   continuing execution with ENOTEMPTY, EEXIST

Error:  21722: rename nonempty_dir2/d2/d3 nonempty_dir1
               Tau
               EPERM
   unexpected results: EPERM
   allowed are only: ENOTEMPTY, EEXIST
   continuing execution with ENOTEMPTY, EEXIST

Error:  21747: rename nonempty_dir2/d2/d3 nonempty_dir1/
               Tau
               EPERM
   unexpected results: EPERM
   allowed are only: ENOTEMPTY, EEXIST
   continuing execution with ENOTEMPTY, EEXIST

Error:  21772: rename nonempty_dir2/d2/d3 nonempty_dir1/d2
               Tau
               EPERM
   unexpected results: EPERM
   allowed are only: ENOTEMPTY, EEXIST
   continuing execution with ENOTEMPTY, EEXIST

Error:  21797: rename nonempty_dir2/d2/d3 nonempty_dir1/d2/
               Tau
               EPERM
   unexpected results: EPERM
   allowed are only: ENOTEMPTY, EEXIST
   continuing execution with ENOTEMPTY, EEXIST

Error:  22622: rename nonempty_dir2/d2/d3/ nonempty_dir1
               Tau
               EPERM
   unexpected results: EPERM
   allowed are only: ENOTEMPTY, EEXIST
   continuing execution with ENOTEMPTY, EEXIST

Error:  22647: rename nonempty_dir2/d2/d3/ nonempty_dir1/
               Tau
               EPERM
   unexpected results: EPERM
   allowed are only: ENOTEMPTY, EEXIST
   continuing execution with ENOTEMPTY, EEXIST

Error:  22672: rename nonempty_dir2/d2/d3/ nonempty_dir1/d2
               Tau
               EPERM
   unexpected results: EPERM
   allowed are only: ENOTEMPTY, EEXIST
   continuing execution with ENOTEMPTY, EEXIST

Error:  22697: rename nonempty_dir2/d2/d3/ nonempty_dir1/d2/
               Tau
               EPERM
   unexpected results: EPERM
   allowed are only: ENOTEMPTY, EEXIST
   continuing execution with ENOTEMPTY, EEXIST
