# processing file 'rename___rename_nonexist_1___nonempty_dir1__d2__d3__-int.trace' ...
        @type trace
        #####################################
        # Test rename___rename_nonexist_1___nonempty_dir1__d2__d3__
        #####################################
     5: mkdir "/test_dir_rename___rename_nonexist_1___nonempty_dir1__d2__d3__" 0o777
        Tau
        RV_none
     6: chdir "/test_dir_rename___rename_nonexist_1___nonempty_dir1__d2__d3__"
        Tau
        RV_none
     7: mkdir "empty_dir1" 0o777
        Tau
        RV_none
     8: mkdir "empty_dir2" 0o777
        Tau
        RV_none
     9: mkdir "nonempty_dir1" 0o777
        Tau
        RV_none
    10: mkdir "nonempty_dir1/d2" 0o777
        Tau
        RV_none
    11: open "nonempty_dir1/d2/f3.txt" [O_CREAT;O_WRONLY] 0o666
        Tau
        RV_num(3)
    12: write! (FD 3) "Lorem ipsum dolor sit amet, consectetur adipisicing elit, sed do eiusmod tempor inc" 83
        Tau
        RV_num(83)
    13: close (FD 3)
        Tau
        RV_none
    14: mkdir "nonempty_dir1/d2/d3" 0o777
        Tau
        RV_none
    15: symlink "../f1.txt" "nonempty_dir1/d2/sl_dotdot_f1.txt"
        Tau
        RV_none
    16: symlink "no_such_target" "nonempty_dir1/d2/sl_no_such_target"
        Tau
        RV_none
    17: symlink "../no_such_target" "nonempty_dir1/d2/sl_dotdot_no_such_target"
        Tau
        RV_none
    18: symlink "../d2" "nonempty_dir1/d2/sl_dotdot_d2"
        Tau
        RV_none
    19: open_close "nonempty_dir1/f1.txt" [O_CREAT;O_WRONLY] 0o666
        Tau
        RV_none
    20: symlink "f1.txt" "nonempty_dir1/sl_f1.txt"
        Tau
        RV_none
    21: mkdir "nonempty_dir2" 0o777
        Tau
        RV_none
    22: open_close "nonempty_dir2/f1.txt" [O_CREAT;O_WRONLY] 0o666
        Tau
        RV_none
    23: open "nonempty_dir2/f2.txt" [O_CREAT;O_WRONLY] 0o666
        Tau
        RV_num(3)
    24: write! (FD 3) "Lorem ipsum dolor sit amet, consectetur adipisicing elit, sed do eiusmod tempor incididunt ut labore et dolore magna aliqua. Ut enim ad minim veniam, quis nostrud exer" 167
        Tau
        RV_num(167)
    25: close (FD 3)
        Tau
        RV_none
    26: mkdir "nonempty_dir2/d2" 0o777
        Tau
        RV_none
    27: mkdir "nonempty_dir2/d2/d3" 0o777
        Tau
        RV_none
    28: symlink "../../nonempty_dir1/d2/f3.txt" "nonempty_dir2/d2/sl_f3.txt"
        Tau
        RV_none

    30: rename "nonexist_1" "nonempty_dir1/d2/d3/"
        Tau
        ENOENT

    32: dump-result "/test_dir_rename___rename_nonexist_1___nonempty_dir1__d2__d3__"
           "/test_dir_rename___rename_nonexist_1___nonempty_dir1__d2__d3__"|D|65700|"1418235763.67"|"1418235763.67"|"1418235763.67"
           "/test_dir_rename___rename_nonexist_1___nonempty_dir1__d2__d3__/empty_dir1"|D|65703|"1418235763.67"|"1418235763.67"|"1418235763.67"
           "/test_dir_rename___rename_nonexist_1___nonempty_dir1__d2__d3__/empty_dir2"|D|65705|"1418235763.67"|"1418235763.67"|"1418235763.67"
           "/test_dir_rename___rename_nonexist_1___nonempty_dir1__d2__d3__/nonempty_dir1"|D|65708|"1418235763.67"|"1418235763.67"|"1418235763.67"
           "/test_dir_rename___rename_nonexist_1___nonempty_dir1__d2__d3__/nonempty_dir1/f1.txt"|F|65726|0|"da39a3ee5e6b4b0d3255bfef95601890afd80709"|"1418235763.67"|"1418235763.67"|"1418235763.67"
           "/test_dir_rename___rename_nonexist_1___nonempty_dir1__d2__d3__/nonempty_dir1/sl_f1.txt"|L|"f1.txt"|"1418235763.67"|"1418235763.67"|"1418235763.67"
           "/test_dir_rename___rename_nonexist_1___nonempty_dir1__d2__d3__/nonempty_dir1/d2"|D|65711|"1418235763.67"|"1418235763.67"|"1418235763.67"
           "/test_dir_rename___rename_nonexist_1___nonempty_dir1__d2__d3__/nonempty_dir1/d2/f3.txt"|F|65714|83|"4b535f836f6006423fc132a59e78dfcc4fe6292f"|"1418235763.67"|"1418235763.67"|"1418235763.67"
           "/test_dir_rename___rename_nonexist_1___nonempty_dir1__d2__d3__/nonempty_dir1/d2/sl_dotdot_d2"|L|"../d2"|"1418235763.67"|"1418235763.67"|"1418235763.67"
           "/test_dir_rename___rename_nonexist_1___nonempty_dir1__d2__d3__/nonempty_dir1/d2/sl_dotdot_f1.txt"|L|"../f1.txt"|"1418235763.67"|"1418235763.67"|"1418235763.67"
           "/test_dir_rename___rename_nonexist_1___nonempty_dir1__d2__d3__/nonempty_dir1/d2/sl_dotdot_no_such_target"|L|"../no_such_target"|"1418235763.67"|"1418235763.67"|"1418235763.67"
           "/test_dir_rename___rename_nonexist_1___nonempty_dir1__d2__d3__/nonempty_dir1/d2/sl_no_such_target"|L|"no_such_target"|"1418235763.67"|"1418235763.67"|"1418235763.67"
           "/test_dir_rename___rename_nonexist_1___nonempty_dir1__d2__d3__/nonempty_dir1/d2/d3"|D|65721|"1418235763.67"|"1418235763.67"|"1418235763.67"
           "/test_dir_rename___rename_nonexist_1___nonempty_dir1__d2__d3__/nonempty_dir2"|D|65704|"1418235763.67"|"1418235763.67"|"1418235763.67"
           "/test_dir_rename___rename_nonexist_1___nonempty_dir1__d2__d3__/nonempty_dir2/f1.txt"|F|65701|0|"da39a3ee5e6b4b0d3255bfef95601890afd80709"|"1418235763.67"|"1418235763.67"|"1418235763.67"
           "/test_dir_rename___rename_nonexist_1___nonempty_dir1__d2__d3__/nonempty_dir2/f2.txt"|F|65697|167|"d09f4e47c22373e56c2369633ac3dcb71d598601"|"1418235763.67"|"1418235763.67"|"1418235763.67"
           "/test_dir_rename___rename_nonexist_1___nonempty_dir1__d2__d3__/nonempty_dir2/d2"|D|65694|"1418235763.67"|"1418235763.67"|"1418235763.67"
           "/test_dir_rename___rename_nonexist_1___nonempty_dir1__d2__d3__/nonempty_dir2/d2/sl_f3.txt"|L|"../../nonempty_dir1/d2/f3.txt"|"1418235763.67"|"1418235763.67"|"1418235763.67"
           "/test_dir_rename___rename_nonexist_1___nonempty_dir1__d2__d3__/nonempty_dir2/d2/d3"|D|65696|"1418235763.67"|"1418235763.67"|"1418235763.67"
        end dump-result




