
Error:     55: Pid 2 <- EACCES
   unexpected results: EACCES
   allowed are only: RV_none
   continuing execution with RV_none

Error:     59: Pid 2 <- EACCES
   unexpected results: EACCES
   allowed are only: ENOENT
   continuing execution with ENOENT

Error:     64: Pid 2 <- EACCES
   unexpected results: EACCES
   allowed are only: RV_none
   continuing execution with RV_none

Error:     68: Pid 2 <- EACCES
   unexpected results: EACCES
   allowed are only: RV_none
   continuing execution with RV_none

Error:     71: Pid 2 <- EACCES
   unexpected results: EACCES
   allowed are only: RV_none
   continuing execution with RV_none

Error:     74: Pid 2 <- EACCES
   unexpected results: EACCES
   allowed are only: RV_none
   continuing execution with RV_none

Error:     77: Pid 2 <- EACCES
   unexpected results: EACCES
   allowed are only: RV_none
   continuing execution with RV_none

Error:     80: Pid 2 <- EACCES
   unexpected results: EACCES
   allowed are only: RV_none
   continuing execution with RV_none

Error:     83: Pid 2 <- EACCES
   unexpected results: EACCES
   allowed are only: RV_none
   continuing execution with RV_none

Error:     86: Pid 2 <- EACCES
   unexpected results: EACCES
   allowed are only: RV_none
   continuing execution with RV_none

Error:     91: Pid 2 <- EACCES
   unexpected results: EACCES
   allowed are only: RV_none
   continuing execution with RV_none

Error:     94: Pid 2 <- EACCES
   unexpected results: EACCES
   allowed are only: RV_none
   continuing execution with RV_none

Error:    109: Pid 2 <- EACCES
   unexpected results: EACCES
   allowed are only: RV_none
   continuing execution with RV_none

Error:    117: Pid 2 <- EACCES
   unexpected results: EACCES
   allowed are only: RV_none
   continuing execution with RV_none

Error:    123: Pid 2 <- EACCES
   unexpected results: EACCES
   allowed are only: RV_none
   continuing execution with RV_none

Error:    132: Pid 2 <- EACCES
   unexpected results: EACCES
   allowed are only: RV_none
   continuing execution with RV_none

Error:    138: Pid 2 <- EACCES
   unexpected results: EACCES
   allowed are only: RV_none
   continuing execution with RV_none

Error:    143: Pid 2 <- EACCES
   unexpected results: EACCES
   allowed are only: RV_none
   continuing execution with RV_none

Error:    169: Pid 2 <- EACCES
   unexpected results: EACCES
   allowed are only: RV_none
   continuing execution with RV_none

Error:    172: Pid 2 <- EACCES
   unexpected results: EACCES
   allowed are only: RV_none
   continuing execution with RV_none

Error:    175: Pid 2 <- EACCES
   unexpected results: EACCES
   allowed are only: RV_none
   continuing execution with RV_none

Error:    178: Pid 2 <- EACCES
   unexpected results: EACCES
   allowed are only: RV_none
   continuing execution with RV_none

Error:    181: Pid 2 <- EACCES
   unexpected results: EACCES
   allowed are only: RV_none
   continuing execution with RV_none

Error:    184: Pid 2 <- EACCES
   unexpected results: EACCES
   allowed are only: RV_none
   continuing execution with RV_none

Error:    187: Pid 2 <- EACCES
   unexpected results: EACCES
   allowed are only: RV_none
   continuing execution with RV_none

Error:    190: Pid 2 <- EACCES
   unexpected results: EACCES
   allowed are only: RV_none
   continuing execution with RV_none

Error:    199: Pid 2 <- EACCES
   unexpected results: EACCES
   allowed are only: RV_none
   continuing execution with RV_none

Error:    203: Pid 3 <- EACCES
   unexpected results: EACCES
   allowed are only: ENOENT
   continuing execution with ENOENT

Error:    208: Pid 2 <- EACCES
   unexpected results: EACCES
   allowed are only: RV_none
   continuing execution with RV_none

Error:    212: Pid 3 <- EACCES
   unexpected results: EACCES
   allowed are only: RV_none
   continuing execution with RV_none

Error:    215: Pid 3 <- EACCES
   unexpected results: EACCES
   allowed are only: RV_none
   continuing execution with RV_none

Error:    218: Pid 3 <- EACCES
   unexpected results: EACCES
   allowed are only: RV_none
   continuing execution with RV_none

Error:    221: Pid 3 <- EACCES
   unexpected results: EACCES
   allowed are only: RV_none
   continuing execution with RV_none

Error:    224: Pid 3 <- EACCES
   unexpected results: EACCES
   allowed are only: RV_none
   continuing execution with RV_none

Error:    227: Pid 3 <- EACCES
   unexpected results: EACCES
   allowed are only: RV_none
   continuing execution with RV_none

Error:    230: Pid 3 <- EACCES
   unexpected results: EACCES
   allowed are only: RV_none
   continuing execution with RV_none

Error:    235: Pid 2 <- EACCES
   unexpected results: EACCES
   allowed are only: RV_none
   continuing execution with RV_none

Error:    238: Pid 3 <- EACCES
   unexpected results: EACCES
   allowed are only: RV_none
   continuing execution with RV_none

Error:    253: Pid 3 <- EACCES
   unexpected results: EACCES
   allowed are only: RV_none
   continuing execution with RV_none

Error:    261: Pid 2 <- EACCES
   unexpected results: EACCES
   allowed are only: RV_none
   continuing execution with RV_none

Error:    267: Pid 3 <- EACCES
   unexpected results: EACCES
   allowed are only: RV_none
   continuing execution with RV_none

Error:    276: Pid 3 <- EACCES
   unexpected results: EACCES
   allowed are only: RV_none
   continuing execution with RV_none

Error:    282: Pid 3 <- EACCES
   unexpected results: EACCES
   allowed are only: RV_none
   continuing execution with RV_none

Error:    287: Pid 2 <- EACCES
   unexpected results: EACCES
   allowed are only: RV_none
   continuing execution with RV_none

Error:    313: Pid 2 <- EACCES
   unexpected results: EACCES
   allowed are only: RV_none
   continuing execution with RV_none

Error:    316: Pid 3 <- EACCES
   unexpected results: EACCES
   allowed are only: RV_none
   continuing execution with RV_none

Error:    319: Pid 3 <- EACCES
   unexpected results: EACCES
   allowed are only: RV_none
   continuing execution with RV_none

Error:    322: Pid 3 <- EACCES
   unexpected results: EACCES
   allowed are only: RV_none
   continuing execution with RV_none

Error:    325: Pid 3 <- EACCES
   unexpected results: EACCES
   allowed are only: RV_none
   continuing execution with RV_none

Error:    328: Pid 3 <- EACCES
   unexpected results: EACCES
   allowed are only: RV_none
   continuing execution with RV_none

Error:    331: Pid 3 <- EACCES
   unexpected results: EACCES
   allowed are only: RV_none
   continuing execution with RV_none

Error:    334: Pid 3 <- EACCES
   unexpected results: EACCES
   allowed are only: RV_none
   continuing execution with RV_none

Error:    344: Pid 2 <- EACCES
   unexpected results: EACCES
   allowed are only: RV_none
   continuing execution with RV_none

Error:    347: Pid 4 <- EACCES
   unexpected results: EACCES
   allowed are only: ENOENT
   continuing execution with ENOENT

Error:    352: Pid 2 <- EACCES
   unexpected results: EACCES
   allowed are only: RV_none
   continuing execution with RV_none

Error:    356: Pid 4 <- EACCES
   unexpected results: EACCES
   allowed are only: RV_none
   continuing execution with RV_none

Error:    359: Pid 4 <- EACCES
   unexpected results: EACCES
   allowed are only: RV_none
   continuing execution with RV_none

Error:    362: Pid 4 <- EACCES
   unexpected results: EACCES
   allowed are only: RV_none
   continuing execution with RV_none

Error:    365: Pid 4 <- EACCES
   unexpected results: EACCES
   allowed are only: RV_none
   continuing execution with RV_none

Error:    368: Pid 4 <- EACCES
   unexpected results: EACCES
   allowed are only: RV_none
   continuing execution with RV_none

Error:    371: Pid 4 <- EACCES
   unexpected results: EACCES
   allowed are only: RV_none
   continuing execution with RV_none

Error:    374: Pid 4 <- EACCES
   unexpected results: EACCES
   allowed are only: RV_none
   continuing execution with RV_none

Error:    379: Pid 2 <- EACCES
   unexpected results: EACCES
   allowed are only: RV_none
   continuing execution with RV_none

Error:    382: Pid 4 <- EACCES
   unexpected results: EACCES
   allowed are only: RV_none
   continuing execution with RV_none

Error:    397: Pid 4 <- EACCES
   unexpected results: EACCES
   allowed are only: RV_none
   continuing execution with RV_none

Error:    405: Pid 2 <- EACCES
   unexpected results: EACCES
   allowed are only: RV_none
   continuing execution with RV_none

Error:    411: Pid 4 <- EACCES
   unexpected results: EACCES
   allowed are only: RV_none
   continuing execution with RV_none

Error:    420: Pid 4 <- EACCES
   unexpected results: EACCES
   allowed are only: RV_none
   continuing execution with RV_none

Error:    426: Pid 4 <- EACCES
   unexpected results: EACCES
   allowed are only: RV_none
   continuing execution with RV_none

Error:    431: Pid 2 <- EACCES
   unexpected results: EACCES
   allowed are only: RV_none
   continuing execution with RV_none

Error:    457: Pid 2 <- EACCES
   unexpected results: EACCES
   allowed are only: RV_none
   continuing execution with RV_none

Error:    460: Pid 4 <- EACCES
   unexpected results: EACCES
   allowed are only: RV_none
   continuing execution with RV_none

Error:    463: Pid 4 <- EACCES
   unexpected results: EACCES
   allowed are only: RV_none
   continuing execution with RV_none

Error:    466: Pid 4 <- EACCES
   unexpected results: EACCES
   allowed are only: RV_none
   continuing execution with RV_none

Error:    469: Pid 4 <- EACCES
   unexpected results: EACCES
   allowed are only: RV_none
   continuing execution with RV_none

Error:    472: Pid 4 <- EACCES
   unexpected results: EACCES
   allowed are only: RV_none
   continuing execution with RV_none

Error:    475: Pid 4 <- EACCES
   unexpected results: EACCES
   allowed are only: RV_none
   continuing execution with RV_none

Error:    478: Pid 4 <- EACCES
   unexpected results: EACCES
   allowed are only: RV_none
   continuing execution with RV_none

        "/"|D|0
        "/dir_g"|D|7
        "/dir_g/f_r.txt"|F|9|0|"da39a3ee5e6b4b0d3255bfef95601890afd80709"
        "/dir_g/f_rw.txt"|F|12|0|"da39a3ee5e6b4b0d3255bfef95601890afd80709"
        "/dir_g/f_rwx.txt"|F|8|0|"da39a3ee5e6b4b0d3255bfef95601890afd80709"
        "/dir_g/f_w.txt"|F|10|0|"da39a3ee5e6b4b0d3255bfef95601890afd80709"
        "/dir_g/f_x.txt"|F|11|0|"da39a3ee5e6b4b0d3255bfef95601890afd80709"
        "/dir_o"|D|13
        "/dir_o/f_r.txt"|F|15|0|"da39a3ee5e6b4b0d3255bfef95601890afd80709"
        "/dir_o/f_rw.txt"|F|18|0|"da39a3ee5e6b4b0d3255bfef95601890afd80709"
        "/dir_o/f_rwx.txt"|F|14|0|"da39a3ee5e6b4b0d3255bfef95601890afd80709"
        "/dir_o/f_w.txt"|F|16|0|"da39a3ee5e6b4b0d3255bfef95601890afd80709"
        "/dir_o/f_x.txt"|F|17|0|"da39a3ee5e6b4b0d3255bfef95601890afd80709"
        "/dir_u"|D|1
        "/dir_u/f_r.txt"|F|3|0|"da39a3ee5e6b4b0d3255bfef95601890afd80709"
        "/dir_u/f_rw.txt"|F|6|0|"da39a3ee5e6b4b0d3255bfef95601890afd80709"
        "/dir_u/f_rwx.txt"|F|2|0|"da39a3ee5e6b4b0d3255bfef95601890afd80709"
        "/dir_u/f_w.txt"|F|4|0|"da39a3ee5e6b4b0d3255bfef95601890afd80709"
        "/dir_u/f_x.txt"|F|5|0|"da39a3ee5e6b4b0d3255bfef95601890afd80709"


Error:    481: dump-result "/"
           "/"|D|97923
        end dump-result
   
   comparison of dump-results failed:
      missing entry: /dir_u/f_x.txt
      missing entry: /dir_u/f_w.txt
      missing entry: /dir_u/f_rwx.txt
      missing entry: /dir_u/f_rw.txt
      missing entry: /dir_u/f_r.txt
      missing entry: /dir_u
      missing entry: /dir_o/f_x.txt
      missing entry: /dir_o/f_w.txt
      missing entry: /dir_o/f_rwx.txt
      missing entry: /dir_o/f_rw.txt
      missing entry: /dir_o/f_r.txt
      missing entry: /dir_o
      missing entry: /dir_g/f_x.txt
      missing entry: /dir_g/f_w.txt
      missing entry: /dir_g/f_rwx.txt
      missing entry: /dir_g/f_rw.txt
      missing entry: /dir_g/f_r.txt
      missing entry: /dir_g


