
Error:     59: Pid 2 <- EACCES
   unexpected results: EACCES
   allowed are only: RV_none
   continuing execution with RV_none

Error:     62: Pid 2 <- EACCES
   unexpected results: EACCES
   allowed are only: RV_none
   continuing execution with RV_none

Error:     65: Pid 3 <- EACCES
   unexpected results: EACCES
   allowed are only: RV_none
   continuing execution with RV_none

Error:     68: Pid 2 <- EACCES
   unexpected results: EACCES
   allowed are only: RV_none
   continuing execution with RV_none

Error:     71: Pid 2 <- EACCES
   unexpected results: EACCES
   allowed are only: RV_none
   continuing execution with RV_none

Error:     74: Pid 2 <- EACCES
   unexpected results: EACCES
   allowed are only: RV_none
   continuing execution with RV_none

Error:     77: Pid 2 <- EACCES
   unexpected results: EACCES
   allowed are only: RV_none
   continuing execution with RV_none

Error:     80: Pid 2 <- EACCES
   unexpected results: EACCES
   allowed are only: RV_none
   continuing execution with RV_none

Error:     84: Pid 3 <- EACCES
   unexpected results: EACCES
   allowed are only: RV_none
   continuing execution with RV_none

Error:     87: Pid 3 <- EACCES
   unexpected results: EACCES
   allowed are only: EEXIST
   continuing execution with EEXIST

Error:     90: Pid 3 <- EACCES
   unexpected results: EACCES
   allowed are only: RV_none
   continuing execution with RV_none

Error:     93: Pid 3 <- EACCES
   unexpected results: EACCES
   allowed are only: EEXIST
   continuing execution with EEXIST

Error:     96: Pid 3 <- EACCES
   unexpected results: EACCES
   allowed are only: RV_none
   continuing execution with RV_none

Error:     99: Pid 3 <- EACCES
   unexpected results: EACCES
   allowed are only: EEXIST
   continuing execution with EEXIST

Error:    102: Pid 3 <- EACCES
   unexpected results: EACCES
   allowed are only: RV_none
   continuing execution with RV_none

Error:    105: Pid 3 <- EACCES
   unexpected results: EACCES
   allowed are only: EEXIST
   continuing execution with EEXIST

Error:    111: Pid 2 <- EACCES
   unexpected results: EACCES
   allowed are only: RV_none
   continuing execution with RV_none

Error:    114: Pid 2 <- EACCES
   unexpected results: EACCES
   allowed are only: RV_none
   continuing execution with RV_none

Error:    117: Pid 3 <- EACCES
   unexpected results: EACCES
   allowed are only: RV_none
   continuing execution with RV_none

Error:    120: Pid 2 <- EACCES
   unexpected results: EACCES
   allowed are only: RV_none
   continuing execution with RV_none

Error:    123: Pid 2 <- EACCES
   unexpected results: EACCES
   allowed are only: RV_none
   continuing execution with RV_none

Error:    126: Pid 2 <- EACCES
   unexpected results: EACCES
   allowed are only: RV_none
   continuing execution with RV_none

Error:    129: Pid 2 <- EACCES
   unexpected results: EACCES
   allowed are only: RV_none
   continuing execution with RV_none

Error:    132: Pid 2 <- EACCES
   unexpected results: EACCES
   allowed are only: RV_none
   continuing execution with RV_none

Error:    163: Pid 2 <- EACCES
   unexpected results: EACCES
   allowed are only: RV_none
   continuing execution with RV_none

Error:    166: Pid 2 <- EACCES
   unexpected results: EACCES
   allowed are only: RV_none
   continuing execution with RV_none

Error:    169: Pid 3 <- EACCES
   unexpected results: EACCES
   allowed are only: RV_none
   continuing execution with RV_none

Error:    172: Pid 2 <- EACCES
   unexpected results: EACCES
   allowed are only: RV_none
   continuing execution with RV_none

Error:    175: Pid 2 <- EACCES
   unexpected results: EACCES
   allowed are only: RV_none
   continuing execution with RV_none

Error:    178: Pid 2 <- EACCES
   unexpected results: EACCES
   allowed are only: RV_none
   continuing execution with RV_none

Error:    181: Pid 2 <- EACCES
   unexpected results: EACCES
   allowed are only: RV_none
   continuing execution with RV_none

Error:    184: Pid 2 <- EACCES
   unexpected results: EACCES
   allowed are only: RV_none
   continuing execution with RV_none

Error:    191: Pid 3 <- EACCES
   unexpected results: EACCES
   allowed are only: EEXIST
   continuing execution with EEXIST

Error:    197: Pid 3 <- EACCES
   unexpected results: EACCES
   allowed are only: EEXIST
   continuing execution with EEXIST

Error:    203: Pid 3 <- EACCES
   unexpected results: EACCES
   allowed are only: EEXIST
   continuing execution with EEXIST

Error:    209: Pid 3 <- EACCES
   unexpected results: EACCES
   allowed are only: EEXIST
   continuing execution with EEXIST

Error:    215: Pid 2 <- EACCES
   unexpected results: EACCES
   allowed are only: RV_none
   continuing execution with RV_none

Error:    218: Pid 2 <- EACCES
   unexpected results: EACCES
   allowed are only: RV_none
   continuing execution with RV_none

Error:    221: Pid 3 <- EACCES
   unexpected results: EACCES
   allowed are only: RV_none
   continuing execution with RV_none

Error:    224: Pid 2 <- EACCES
   unexpected results: EACCES
   allowed are only: RV_none
   continuing execution with RV_none

Error:    227: Pid 2 <- EACCES
   unexpected results: EACCES
   allowed are only: RV_none
   continuing execution with RV_none

Error:    230: Pid 2 <- EACCES
   unexpected results: EACCES
   allowed are only: RV_none
   continuing execution with RV_none

Error:    233: Pid 2 <- EACCES
   unexpected results: EACCES
   allowed are only: RV_none
   continuing execution with RV_none

Error:    236: Pid 2 <- EACCES
   unexpected results: EACCES
   allowed are only: RV_none
   continuing execution with RV_none

Error:    268: Pid 2 <- EACCES
   unexpected results: EACCES
   allowed are only: RV_none
   continuing execution with RV_none

Error:    271: Pid 2 <- EACCES
   unexpected results: EACCES
   allowed are only: RV_none
   continuing execution with RV_none

Error:    274: Pid 3 <- EACCES
   unexpected results: EACCES
   allowed are only: RV_none
   continuing execution with RV_none

Error:    277: Pid 2 <- EACCES
   unexpected results: EACCES
   allowed are only: RV_none
   continuing execution with RV_none

Error:    280: Pid 2 <- EACCES
   unexpected results: EACCES
   allowed are only: RV_none
   continuing execution with RV_none

Error:    283: Pid 2 <- EACCES
   unexpected results: EACCES
   allowed are only: RV_none
   continuing execution with RV_none

Error:    286: Pid 2 <- EACCES
   unexpected results: EACCES
   allowed are only: RV_none
   continuing execution with RV_none

Error:    289: Pid 2 <- EACCES
   unexpected results: EACCES
   allowed are only: RV_none
   continuing execution with RV_none

Error:    293: Pid 3 <- EACCES
   unexpected results: EACCES
   allowed are only: RV_none
   continuing execution with RV_none

Error:    296: Pid 3 <- EACCES
   unexpected results: EACCES
   allowed are only: EEXIST
   continuing execution with EEXIST

Error:    299: Pid 3 <- EACCES
   unexpected results: EACCES
   allowed are only: RV_none
   continuing execution with RV_none

Error:    302: Pid 3 <- EACCES
   unexpected results: EACCES
   allowed are only: EEXIST
   continuing execution with EEXIST

Error:    305: Pid 3 <- EACCES
   unexpected results: EACCES
   allowed are only: RV_none
   continuing execution with RV_none

Error:    308: Pid 3 <- EACCES
   unexpected results: EACCES
   allowed are only: EEXIST
   continuing execution with EEXIST

Error:    311: Pid 3 <- EACCES
   unexpected results: EACCES
   allowed are only: RV_none
   continuing execution with RV_none

Error:    314: Pid 3 <- EACCES
   unexpected results: EACCES
   allowed are only: EEXIST
   continuing execution with EEXIST

Error:    321: Pid 2 <- EACCES
   unexpected results: EACCES
   allowed are only: RV_none
   continuing execution with RV_none

Error:    324: Pid 2 <- EACCES
   unexpected results: EACCES
   allowed are only: RV_none
   continuing execution with RV_none

Error:    327: Pid 3 <- EACCES
   unexpected results: EACCES
   allowed are only: RV_none
   continuing execution with RV_none

Error:    330: Pid 2 <- EACCES
   unexpected results: EACCES
   allowed are only: RV_none
   continuing execution with RV_none

Error:    333: Pid 2 <- EACCES
   unexpected results: EACCES
   allowed are only: RV_none
   continuing execution with RV_none

Error:    336: Pid 2 <- EACCES
   unexpected results: EACCES
   allowed are only: RV_none
   continuing execution with RV_none

Error:    339: Pid 2 <- EACCES
   unexpected results: EACCES
   allowed are only: RV_none
   continuing execution with RV_none

Error:    342: Pid 2 <- EACCES
   unexpected results: EACCES
   allowed are only: RV_none
   continuing execution with RV_none

Error:    373: Pid 2 <- EACCES
   unexpected results: EACCES
   allowed are only: RV_none
   continuing execution with RV_none

Error:    376: Pid 2 <- EACCES
   unexpected results: EACCES
   allowed are only: RV_none
   continuing execution with RV_none

Error:    379: Pid 3 <- EACCES
   unexpected results: EACCES
   allowed are only: RV_none
   continuing execution with RV_none

Error:    382: Pid 2 <- EACCES
   unexpected results: EACCES
   allowed are only: RV_none
   continuing execution with RV_none

Error:    385: Pid 2 <- EACCES
   unexpected results: EACCES
   allowed are only: RV_none
   continuing execution with RV_none

Error:    388: Pid 2 <- EACCES
   unexpected results: EACCES
   allowed are only: RV_none
   continuing execution with RV_none

Error:    391: Pid 2 <- EACCES
   unexpected results: EACCES
   allowed are only: RV_none
   continuing execution with RV_none

Error:    394: Pid 2 <- EACCES
   unexpected results: EACCES
   allowed are only: RV_none
   continuing execution with RV_none

Error:    401: Pid 3 <- EACCES
   unexpected results: EACCES
   allowed are only: EEXIST
   continuing execution with EEXIST

Error:    407: Pid 3 <- EACCES
   unexpected results: EACCES
   allowed are only: EEXIST
   continuing execution with EEXIST

Error:    413: Pid 3 <- EACCES
   unexpected results: EACCES
   allowed are only: EEXIST
   continuing execution with EEXIST

Error:    419: Pid 3 <- EACCES
   unexpected results: EACCES
   allowed are only: EEXIST
   continuing execution with EEXIST

Error:    425: Pid 2 <- EACCES
   unexpected results: EACCES
   allowed are only: RV_none
   continuing execution with RV_none

Error:    428: Pid 2 <- EACCES
   unexpected results: EACCES
   allowed are only: RV_none
   continuing execution with RV_none

Error:    431: Pid 3 <- EACCES
   unexpected results: EACCES
   allowed are only: RV_none
   continuing execution with RV_none

Error:    434: Pid 2 <- EACCES
   unexpected results: EACCES
   allowed are only: RV_none
   continuing execution with RV_none

Error:    437: Pid 2 <- EACCES
   unexpected results: EACCES
   allowed are only: RV_none
   continuing execution with RV_none

Error:    440: Pid 2 <- EACCES
   unexpected results: EACCES
   allowed are only: RV_none
   continuing execution with RV_none

Error:    443: Pid 2 <- EACCES
   unexpected results: EACCES
   allowed are only: RV_none
   continuing execution with RV_none

Error:    446: Pid 2 <- EACCES
   unexpected results: EACCES
   allowed are only: RV_none
   continuing execution with RV_none
