# processing file 'adhoc_open-int.trace' ...
        @type trace
        ##################################################
        # Testing open with various flags and permissions
        #
        # This tests user and other permissions and 
        # therefore needs root access
        ##################################################

        ###################################
        # Initialising processes and users
        ###################################

        # Pid 1 runs as root, we need 3 more processes that run 
        # as non-superusers. The idea is to have 
        #
        # - Pid 2 : creates and owns the files
        # - Pid 3 : tries to access the files while 
        #           being in the right group but not the owner
        # - Pid 4 : tries to access the files while 
        #           not being a group member and not the owner

    22: Pid 2 -> create (User_id 1) (Group_id 1)
    23: add_user_to_group (User_id 1) (Group_id 1)
