# processing file 'exec_adhoc_open-int.trace' ...
        # processing file 'adhoc_open-int.trace' ...
        @type trace
        ##################################################
        # Testing open with various flags and permissions
        ##################################################

     7: mkdir "/tmp_dir_uwx/" 0o300
     8: Tau
     9: RV_none

        # non-existent
    12: open "/tmp_dir_uw/f-nonexist.txt" [O_RDONLY]
    13: Tau
    14: ENOENT

        # rwx
    17: open_close "/tmp_dir_uwx/f_rwx.txt" [O_CREAT;O_RDWR] 0o700
    18: Tau
    19: RV_none
    20: open_close "/tmp_dir_uwx/f_rwx.txt" [O_RDONLY]
    21: Tau
    22: RV_none
    23: open_close "/tmp_dir_uwx/f_rwx.txt" [O_WRONLY]
    24: Tau
    25: RV_none
    26: open_close "/tmp_dir_uwx/f_rwx.txt" [O_RDWR]
    27: Tau
    28: RV_none
    29: open_close "/tmp_dir_uwx/f_rwx.txt" [O_TRUNC;O_RDONLY]
    30: Tau

Fatal error:     30: Tau
   special states found:
     - OS_special (Undefined, "open: O_TRUNC, no O_RDWR or O_WRONLY, posix/open.md O_TRUNC:4")
   no normal result states

# trace not accepted
# processing file 'exec_adhoc_open-int.trace' failed
