< id -u -n
< id -g -n
< uname -s
+ mkdir "-p" "/tmp/fs_test"
$ Acquired lock /tmp/fs_test/pw.lock
? dscl "localhost" "-list" "/Local/Default/Users/fs_user_0"
? dscl "localhost" "-list" "/Local/Default/Users/fs_user_1"
<dscl_cmd> DS Error: -14009 (eDSUnknownNodeName)
list: Invalid Path
+ dscl "localhost" "-create" "/Local/Default/Users/fs_user_1"
< dscl localhost -list /Local/Default/Users UniqueID | awk '{print $2}' | sort -ug | tail -1
+ dscl "localhost" "-create" "/Local/Default/Users/fs_user_1" "UniqueID" "513"
+ dscl "localhost" "-create" "/Local/Default/Users/fs_user_1" "UserShell" "/usr/bin/false"
+ dscl "localhost" "-create" "/Local/Default/Users/fs_user_1" "RealName" "fs_user_1"
+ dscl "localhost" "-create" "/Local/Default/Users/fs_user_1" "PrimaryGroupID" "20"
$ Released lock /tmp/fs_test/pw.lock
$ Acquired lock /tmp/fs_test/pw.lock
? dscl "localhost" "-list" "/Local/Default/Groups/fs_group_0"
? dscl "localhost" "-list" "/Local/Default/Groups/fs_group_1"
? dscl "localhost" "-list" "/Local/Default/Groups/fs_group_2"
? dscl "localhost" "-list" "/Local/Default/Groups/fs_group_3"
? dscl "localhost" "-list" "/Local/Default/Groups/fs_group_4"
? dscl "localhost" "-list" "/Local/Default/Groups/fs_group_5"
<dscl_cmd> DS Error: -14009 (eDSUnknownNodeName)
list: Invalid Path
+ dscl "localhost" "-create" "/Local/Default/Groups/fs_group_5"
< dscl localhost -list /Local/Default/Groups PrimaryGroupID | awk '{print $2}' | sort -ug | tail -1
+ dscl "localhost" "-create" "/Local/Default/Groups/fs_group_5" "PrimaryGroupID" "413"
$ Released lock /tmp/fs_test/pw.lock
? dscl "localhost" "-delete" "/Local/Default/Groups/fs_group_5"
? dscl "localhost" "-delete" "/Local/Default/Users/fs_user_1"
