
Error:     45: RV_num(3)
   unexpected results: RV_num(3)
   allowed are only: ENOENT, ENOTDIR
   continuing execution with ENOENT, ENOTDIR

Error:     48: RV_none
   unexpected results: RV_none
   allowed are only: EBADF
   continuing execution with EBADF

        "/test_dir_open___open_broken_sl_____O_CLOEXEC__O_CREAT__O_DIRECTORY__O_NOFOLLOW__O_RDWR__O_TRUNC___0666___close_3"|D|1
        "/test_dir_open___open_broken_sl_____O_CLOEXEC__O_CREAT__O_DIRECTORY__O_NOFOLLOW__O_RDWR__O_TRUNC___0666___close_3/broken_sl"|L|"broken"
        "/test_dir_open___open_broken_sl_____O_CLOEXEC__O_CREAT__O_DIRECTORY__O_NOFOLLOW__O_RDWR__O_TRUNC___0666___close_3/f3_sl.txt"|L|"nonempty_dir/f2.txt"
        "/test_dir_open___open_broken_sl_____O_CLOEXEC__O_CREAT__O_DIRECTORY__O_NOFOLLOW__O_RDWR__O_TRUNC___0666___close_3/empty_dir"|D|2
        "/test_dir_open___open_broken_sl_____O_CLOEXEC__O_CREAT__O_DIRECTORY__O_NOFOLLOW__O_RDWR__O_TRUNC___0666___close_3/nonempty_dir"|D|3
        "/test_dir_open___open_broken_sl_____O_CLOEXEC__O_CREAT__O_DIRECTORY__O_NOFOLLOW__O_RDWR__O_TRUNC___0666___close_3/nonempty_dir/f1.txt"|F|4|0|"da39a3ee5e6b4b0d3255bfef95601890afd80709"
        "/test_dir_open___open_broken_sl_____O_CLOEXEC__O_CREAT__O_DIRECTORY__O_NOFOLLOW__O_RDWR__O_TRUNC___0666___close_3/nonempty_dir/f2.txt"|F|5|30|"e88ee12dedd1a9c6d9e9e5dea1a43e510dede7d5"


Error:     50: dump-result "/test_dir_open___open_broken_sl_____O_CLOEXEC__O_CREAT__O_DIRECTORY__O_NOFOLLOW__O_RDWR__O_TRUNC___0666___close_3"
           "/test_dir_open___open_broken_sl_____O_CLOEXEC__O_CREAT__O_DIRECTORY__O_NOFOLLOW__O_RDWR__O_TRUNC___0666___close_3"|D|250305
           "/test_dir_open___open_broken_sl_____O_CLOEXEC__O_CREAT__O_DIRECTORY__O_NOFOLLOW__O_RDWR__O_TRUNC___0666___close_3/broken"|F|250312|0|"da39a3ee5e6b4b0d3255bfef95601890afd80709"
           "/test_dir_open___open_broken_sl_____O_CLOEXEC__O_CREAT__O_DIRECTORY__O_NOFOLLOW__O_RDWR__O_TRUNC___0666___close_3/broken_sl"|L|"broken"
           "/test_dir_open___open_broken_sl_____O_CLOEXEC__O_CREAT__O_DIRECTORY__O_NOFOLLOW__O_RDWR__O_TRUNC___0666___close_3/f3_sl.txt"|L|"nonempty_dir/f2.txt"
           "/test_dir_open___open_broken_sl_____O_CLOEXEC__O_CREAT__O_DIRECTORY__O_NOFOLLOW__O_RDWR__O_TRUNC___0666___close_3/empty_dir"|D|250306
           "/test_dir_open___open_broken_sl_____O_CLOEXEC__O_CREAT__O_DIRECTORY__O_NOFOLLOW__O_RDWR__O_TRUNC___0666___close_3/nonempty_dir"|D|250307
           "/test_dir_open___open_broken_sl_____O_CLOEXEC__O_CREAT__O_DIRECTORY__O_NOFOLLOW__O_RDWR__O_TRUNC___0666___close_3/nonempty_dir/f1.txt"|F|250308|0|"da39a3ee5e6b4b0d3255bfef95601890afd80709"
           "/test_dir_open___open_broken_sl_____O_CLOEXEC__O_CREAT__O_DIRECTORY__O_NOFOLLOW__O_RDWR__O_TRUNC___0666___close_3/nonempty_dir/f2.txt"|F|250309|30|"e88ee12dedd1a9c6d9e9e5dea1a43e510dede7d5"
        end dump-result
   
   comparison of dump-results failed:
      unexpected entry: /test_dir_open___open_broken_sl_____O_CLOEXEC__O_CREAT__O_DIRECTORY__O_NOFOLLOW__O_RDWR__O_TRUNC___0666___close_3/broken


