< uname -s
@ /root/fs/fs_test/./posix.native "-c" "adhoc_chmod-int.trace" "-cpo" "results/posix_results-adhoc_chmod-check.trace" "-cpl" "results/posix_results-adhoc_chmod" "-cl" "results/diff_results-adhoc_chmod" "-tmp" "/root/fs/fs_test/mnt/tmpfs" "-arch" "linux"
< id -u -n
< id -g -n

Error:     21: stat /dir
               Tau
               { st_dev=23; st_ino=1193937; st_kind=S_IFDIR; st_perm=0o755; st_nlink=2; st_uid=0; st_gid=0; st_rdev=0; st_size=40; }
   unexpected results: { st_dev=23; st_ino=1193937; st_kind=S_IFDIR; st_perm=0o755; st_nlink=2; st_uid=0; st_gid=0; st_rdev=0; st_size=40; }
   allowed are only: { st_dev=2049; st_ino=1; st_kind=S_IFDIR; st_perm=0o755; st_nlink=2; st_uid=0; st_gid=0; st_rdev=0; st_size=4096; }
   continuing execution with { st_dev=2049; st_ino=1; st_kind=S_IFDIR; st_perm=0o755; st_nlink=2; st_uid=0; st_gid=0; st_rdev=0; st_size=4096; }

Error:     28: stat /dir
               Tau
               { st_dev=23; st_ino=1193937; st_kind=S_IFDIR; st_perm=0o000; st_nlink=2; st_uid=0; st_gid=0; st_rdev=0; st_size=40; }
   unexpected results: { st_dev=23; st_ino=1193937; st_kind=S_IFDIR; st_perm=0o000; st_nlink=2; st_uid=0; st_gid=0; st_rdev=0; st_size=40; }
   allowed are only: { st_dev=2049; st_ino=1; st_kind=S_IFDIR; st_perm=0o000; st_nlink=2; st_uid=0; st_gid=0; st_rdev=0; st_size=4096; }
   continuing execution with { st_dev=2049; st_ino=1; st_kind=S_IFDIR; st_perm=0o000; st_nlink=2; st_uid=0; st_gid=0; st_rdev=0; st_size=4096; }

Error:     32: stat /dir
               Tau
               { st_dev=23; st_ino=1193937; st_kind=S_IFDIR; st_perm=0o777; st_nlink=2; st_uid=0; st_gid=0; st_rdev=0; st_size=40; }
   unexpected results: { st_dev=23; st_ino=1193937; st_kind=S_IFDIR; st_perm=0o777; st_nlink=2; st_uid=0; st_gid=0; st_rdev=0; st_size=40; }
   allowed are only: { st_dev=2049; st_ino=1; st_kind=S_IFDIR; st_perm=0o777; st_nlink=2; st_uid=0; st_gid=0; st_rdev=0; st_size=4096; }
   continuing execution with { st_dev=2049; st_ino=1; st_kind=S_IFDIR; st_perm=0o777; st_nlink=2; st_uid=0; st_gid=0; st_rdev=0; st_size=4096; }

Error:     36: stat /dir
               Tau
               { st_dev=23; st_ino=1193937; st_kind=S_IFDIR; st_perm=0o755; st_nlink=2; st_uid=0; st_gid=0; st_rdev=0; st_size=40; }
   unexpected results: { st_dev=23; st_ino=1193937; st_kind=S_IFDIR; st_perm=0o755; st_nlink=2; st_uid=0; st_gid=0; st_rdev=0; st_size=40; }
   allowed are only: { st_dev=2049; st_ino=1; st_kind=S_IFDIR; st_perm=0o755; st_nlink=2; st_uid=0; st_gid=0; st_rdev=0; st_size=4096; }
   continuing execution with { st_dev=2049; st_ino=1; st_kind=S_IFDIR; st_perm=0o755; st_nlink=2; st_uid=0; st_gid=0; st_rdev=0; st_size=4096; }

Error:     65: stat /dir
               Tau
               { st_dev=23; st_ino=1193937; st_kind=S_IFDIR; st_perm=0o000; st_nlink=2; st_uid=0; st_gid=0; st_rdev=0; st_size=40; }
   unexpected results: { st_dev=23; st_ino=1193937; st_kind=S_IFDIR; st_perm=0o000; st_nlink=2; st_uid=0; st_gid=0; st_rdev=0; st_size=40; }
   allowed are only: { st_dev=2049; st_ino=1; st_kind=S_IFDIR; st_perm=0o000; st_nlink=2; st_uid=0; st_gid=0; st_rdev=0; st_size=4096; }
   continuing execution with { st_dev=2049; st_ino=1; st_kind=S_IFDIR; st_perm=0o000; st_nlink=2; st_uid=0; st_gid=0; st_rdev=0; st_size=4096; }

Error:     69: stat /dir
               Tau
               { st_dev=23; st_ino=1193937; st_kind=S_IFDIR; st_perm=0o777; st_nlink=2; st_uid=0; st_gid=0; st_rdev=0; st_size=40; }
   unexpected results: { st_dev=23; st_ino=1193937; st_kind=S_IFDIR; st_perm=0o777; st_nlink=2; st_uid=0; st_gid=0; st_rdev=0; st_size=40; }
   allowed are only: { st_dev=2049; st_ino=1; st_kind=S_IFDIR; st_perm=0o777; st_nlink=2; st_uid=0; st_gid=0; st_rdev=0; st_size=4096; }
   continuing execution with { st_dev=2049; st_ino=1; st_kind=S_IFDIR; st_perm=0o777; st_nlink=2; st_uid=0; st_gid=0; st_rdev=0; st_size=4096; }

Error:     73: stat /dir
               Tau
               { st_dev=23; st_ino=1193937; st_kind=S_IFDIR; st_perm=0o755; st_nlink=2; st_uid=0; st_gid=0; st_rdev=0; st_size=40; }
   unexpected results: { st_dev=23; st_ino=1193937; st_kind=S_IFDIR; st_perm=0o755; st_nlink=2; st_uid=0; st_gid=0; st_rdev=0; st_size=40; }
   allowed are only: { st_dev=2049; st_ino=1; st_kind=S_IFDIR; st_perm=0o755; st_nlink=2; st_uid=0; st_gid=0; st_rdev=0; st_size=4096; }
   continuing execution with { st_dev=2049; st_ino=1; st_kind=S_IFDIR; st_perm=0o755; st_nlink=2; st_uid=0; st_gid=0; st_rdev=0; st_size=4096; }
