< uname -s
@ /root/fs/fs_test/./posix.native "-c" "adhoc_resolution-int.trace" "-cpo" "results/posix_results-adhoc_resolution-check.trace" "-cpl" "results/posix_results-adhoc_resolution" "-cl" "results/diff_results-adhoc_resolution" "-tmp" "/root/fs/fs_test/mnt/tmpfs" "-arch" "linux"
< id -u -n
< id -g -n

Error:     40: stat /d1/d2/d3
               Tau
               { st_dev=23; st_ino=1194814; st_kind=S_IFDIR; st_perm=0o755; st_nlink=2; st_uid=0; st_gid=0; st_rdev=0; st_size=60; }
   unexpected results: { st_dev=23; st_ino=1194814; st_kind=S_IFDIR; st_perm=0o755; st_nlink=2; st_uid=0; st_gid=0; st_rdev=0; st_size=60; }
   allowed are only: { st_dev=2049; st_ino=3; st_kind=S_IFDIR; st_perm=0o755; st_nlink=2; st_uid=0; st_gid=0; st_rdev=0; st_size=4096; }
   continuing execution with { st_dev=2049; st_ino=3; st_kind=S_IFDIR; st_perm=0o755; st_nlink=2; st_uid=0; st_gid=0; st_rdev=0; st_size=4096; }

Error:     42: stat /d1/d2//d3
               Tau
               { st_dev=23; st_ino=1194814; st_kind=S_IFDIR; st_perm=0o755; st_nlink=2; st_uid=0; st_gid=0; st_rdev=0; st_size=60; }
   unexpected results: { st_dev=23; st_ino=1194814; st_kind=S_IFDIR; st_perm=0o755; st_nlink=2; st_uid=0; st_gid=0; st_rdev=0; st_size=60; }
   allowed are only: { st_dev=2049; st_ino=3; st_kind=S_IFDIR; st_perm=0o755; st_nlink=2; st_uid=0; st_gid=0; st_rdev=0; st_size=4096; }
   continuing execution with { st_dev=2049; st_ino=3; st_kind=S_IFDIR; st_perm=0o755; st_nlink=2; st_uid=0; st_gid=0; st_rdev=0; st_size=4096; }

Error:     44: stat /d1/d2/./d3
               Tau
               { st_dev=23; st_ino=1194814; st_kind=S_IFDIR; st_perm=0o755; st_nlink=2; st_uid=0; st_gid=0; st_rdev=0; st_size=60; }
   unexpected results: { st_dev=23; st_ino=1194814; st_kind=S_IFDIR; st_perm=0o755; st_nlink=2; st_uid=0; st_gid=0; st_rdev=0; st_size=60; }
   allowed are only: { st_dev=2049; st_ino=3; st_kind=S_IFDIR; st_perm=0o755; st_nlink=2; st_uid=0; st_gid=0; st_rdev=0; st_size=4096; }
   continuing execution with { st_dev=2049; st_ino=3; st_kind=S_IFDIR; st_perm=0o755; st_nlink=2; st_uid=0; st_gid=0; st_rdev=0; st_size=4096; }

Error:     59: stat /d1
               Tau
               { st_dev=23; st_ino=1194812; st_kind=S_IFDIR; st_perm=0o755; st_nlink=3; st_uid=0; st_gid=0; st_rdev=0; st_size=80; }
   unexpected results: { st_dev=23; st_ino=1194812; st_kind=S_IFDIR; st_perm=0o755; st_nlink=3; st_uid=0; st_gid=0; st_rdev=0; st_size=80; }
   allowed are only: { st_dev=2049; st_ino=1; st_kind=S_IFDIR; st_perm=0o755; st_nlink=2; st_uid=0; st_gid=0; st_rdev=0; st_size=4096; }
   continuing execution with { st_dev=2049; st_ino=1; st_kind=S_IFDIR; st_perm=0o755; st_nlink=2; st_uid=0; st_gid=0; st_rdev=0; st_size=4096; }

Error:     60: stat /d1/d2
               Tau
               { st_dev=23; st_ino=1194813; st_kind=S_IFDIR; st_perm=0o500; st_nlink=3; st_uid=0; st_gid=0; st_rdev=0; st_size=80; }
   unexpected results: { st_dev=23; st_ino=1194813; st_kind=S_IFDIR; st_perm=0o500; st_nlink=3; st_uid=0; st_gid=0; st_rdev=0; st_size=80; }
   allowed are only: { st_dev=2049; st_ino=2; st_kind=S_IFDIR; st_perm=0o500; st_nlink=2; st_uid=0; st_gid=0; st_rdev=0; st_size=4096; }
   continuing execution with { st_dev=2049; st_ino=2; st_kind=S_IFDIR; st_perm=0o500; st_nlink=2; st_uid=0; st_gid=0; st_rdev=0; st_size=4096; }

Error:     61: stat /d1/d2/
               Tau
               { st_dev=23; st_ino=1194813; st_kind=S_IFDIR; st_perm=0o500; st_nlink=3; st_uid=0; st_gid=0; st_rdev=0; st_size=80; }
   unexpected results: { st_dev=23; st_ino=1194813; st_kind=S_IFDIR; st_perm=0o500; st_nlink=3; st_uid=0; st_gid=0; st_rdev=0; st_size=80; }
   allowed are only: { st_dev=2049; st_ino=2; st_kind=S_IFDIR; st_perm=0o500; st_nlink=2; st_uid=0; st_gid=0; st_rdev=0; st_size=4096; }
   continuing execution with { st_dev=2049; st_ino=2; st_kind=S_IFDIR; st_perm=0o500; st_nlink=2; st_uid=0; st_gid=0; st_rdev=0; st_size=4096; }

Error:     62: stat /d1/d2/d3
               Tau
               { st_dev=23; st_ino=1194814; st_kind=S_IFDIR; st_perm=0o755; st_nlink=2; st_uid=0; st_gid=0; st_rdev=0; st_size=60; }
   unexpected results: { st_dev=23; st_ino=1194814; st_kind=S_IFDIR; st_perm=0o755; st_nlink=2; st_uid=0; st_gid=0; st_rdev=0; st_size=60; }
   allowed are only: { st_dev=2049; st_ino=3; st_kind=S_IFDIR; st_perm=0o755; st_nlink=2; st_uid=0; st_gid=0; st_rdev=0; st_size=4096; }
   continuing execution with { st_dev=2049; st_ino=3; st_kind=S_IFDIR; st_perm=0o755; st_nlink=2; st_uid=0; st_gid=0; st_rdev=0; st_size=4096; }

Error:     64: stat /d1/d2//d3
               Tau
               { st_dev=23; st_ino=1194814; st_kind=S_IFDIR; st_perm=0o755; st_nlink=2; st_uid=0; st_gid=0; st_rdev=0; st_size=60; }
   unexpected results: { st_dev=23; st_ino=1194814; st_kind=S_IFDIR; st_perm=0o755; st_nlink=2; st_uid=0; st_gid=0; st_rdev=0; st_size=60; }
   allowed are only: { st_dev=2049; st_ino=3; st_kind=S_IFDIR; st_perm=0o755; st_nlink=2; st_uid=0; st_gid=0; st_rdev=0; st_size=4096; }
   continuing execution with { st_dev=2049; st_ino=3; st_kind=S_IFDIR; st_perm=0o755; st_nlink=2; st_uid=0; st_gid=0; st_rdev=0; st_size=4096; }

Error:     66: stat /d1/d2/./d3
               Tau
               { st_dev=23; st_ino=1194814; st_kind=S_IFDIR; st_perm=0o755; st_nlink=2; st_uid=0; st_gid=0; st_rdev=0; st_size=60; }
   unexpected results: { st_dev=23; st_ino=1194814; st_kind=S_IFDIR; st_perm=0o755; st_nlink=2; st_uid=0; st_gid=0; st_rdev=0; st_size=60; }
   allowed are only: { st_dev=2049; st_ino=3; st_kind=S_IFDIR; st_perm=0o755; st_nlink=2; st_uid=0; st_gid=0; st_rdev=0; st_size=4096; }
   continuing execution with { st_dev=2049; st_ino=3; st_kind=S_IFDIR; st_perm=0o755; st_nlink=2; st_uid=0; st_gid=0; st_rdev=0; st_size=4096; }

Error:     81: stat /d1
               Tau
               { st_dev=23; st_ino=1194812; st_kind=S_IFDIR; st_perm=0o755; st_nlink=3; st_uid=0; st_gid=0; st_rdev=0; st_size=80; }
   unexpected results: { st_dev=23; st_ino=1194812; st_kind=S_IFDIR; st_perm=0o755; st_nlink=3; st_uid=0; st_gid=0; st_rdev=0; st_size=80; }
   allowed are only: { st_dev=2049; st_ino=1; st_kind=S_IFDIR; st_perm=0o755; st_nlink=2; st_uid=0; st_gid=0; st_rdev=0; st_size=4096; }
   continuing execution with { st_dev=2049; st_ino=1; st_kind=S_IFDIR; st_perm=0o755; st_nlink=2; st_uid=0; st_gid=0; st_rdev=0; st_size=4096; }

Error:     82: stat /d1/d2
               Tau
               { st_dev=23; st_ino=1194813; st_kind=S_IFDIR; st_perm=0o100; st_nlink=3; st_uid=0; st_gid=0; st_rdev=0; st_size=80; }
   unexpected results: { st_dev=23; st_ino=1194813; st_kind=S_IFDIR; st_perm=0o100; st_nlink=3; st_uid=0; st_gid=0; st_rdev=0; st_size=80; }
   allowed are only: { st_dev=2049; st_ino=2; st_kind=S_IFDIR; st_perm=0o100; st_nlink=2; st_uid=0; st_gid=0; st_rdev=0; st_size=4096; }
   continuing execution with { st_dev=2049; st_ino=2; st_kind=S_IFDIR; st_perm=0o100; st_nlink=2; st_uid=0; st_gid=0; st_rdev=0; st_size=4096; }

Error:     83: stat /d1/d2/
               Tau
               { st_dev=23; st_ino=1194813; st_kind=S_IFDIR; st_perm=0o100; st_nlink=3; st_uid=0; st_gid=0; st_rdev=0; st_size=80; }
   unexpected results: { st_dev=23; st_ino=1194813; st_kind=S_IFDIR; st_perm=0o100; st_nlink=3; st_uid=0; st_gid=0; st_rdev=0; st_size=80; }
   allowed are only: { st_dev=2049; st_ino=2; st_kind=S_IFDIR; st_perm=0o100; st_nlink=2; st_uid=0; st_gid=0; st_rdev=0; st_size=4096; }
   continuing execution with { st_dev=2049; st_ino=2; st_kind=S_IFDIR; st_perm=0o100; st_nlink=2; st_uid=0; st_gid=0; st_rdev=0; st_size=4096; }

Error:     84: stat /d1/d2/d3
               Tau
               { st_dev=23; st_ino=1194814; st_kind=S_IFDIR; st_perm=0o755; st_nlink=2; st_uid=0; st_gid=0; st_rdev=0; st_size=60; }
   unexpected results: { st_dev=23; st_ino=1194814; st_kind=S_IFDIR; st_perm=0o755; st_nlink=2; st_uid=0; st_gid=0; st_rdev=0; st_size=60; }
   allowed are only: { st_dev=2049; st_ino=3; st_kind=S_IFDIR; st_perm=0o755; st_nlink=2; st_uid=0; st_gid=0; st_rdev=0; st_size=4096; }
   continuing execution with { st_dev=2049; st_ino=3; st_kind=S_IFDIR; st_perm=0o755; st_nlink=2; st_uid=0; st_gid=0; st_rdev=0; st_size=4096; }

Error:     86: stat /d1/d2//d3
               Tau
               { st_dev=23; st_ino=1194814; st_kind=S_IFDIR; st_perm=0o755; st_nlink=2; st_uid=0; st_gid=0; st_rdev=0; st_size=60; }
   unexpected results: { st_dev=23; st_ino=1194814; st_kind=S_IFDIR; st_perm=0o755; st_nlink=2; st_uid=0; st_gid=0; st_rdev=0; st_size=60; }
   allowed are only: { st_dev=2049; st_ino=3; st_kind=S_IFDIR; st_perm=0o755; st_nlink=2; st_uid=0; st_gid=0; st_rdev=0; st_size=4096; }
   continuing execution with { st_dev=2049; st_ino=3; st_kind=S_IFDIR; st_perm=0o755; st_nlink=2; st_uid=0; st_gid=0; st_rdev=0; st_size=4096; }

Error:     88: stat /d1/d2/./d3
               Tau
               { st_dev=23; st_ino=1194814; st_kind=S_IFDIR; st_perm=0o755; st_nlink=2; st_uid=0; st_gid=0; st_rdev=0; st_size=60; }
   unexpected results: { st_dev=23; st_ino=1194814; st_kind=S_IFDIR; st_perm=0o755; st_nlink=2; st_uid=0; st_gid=0; st_rdev=0; st_size=60; }
   allowed are only: { st_dev=2049; st_ino=3; st_kind=S_IFDIR; st_perm=0o755; st_nlink=2; st_uid=0; st_gid=0; st_rdev=0; st_size=4096; }
   continuing execution with { st_dev=2049; st_ino=3; st_kind=S_IFDIR; st_perm=0o755; st_nlink=2; st_uid=0; st_gid=0; st_rdev=0; st_size=4096; }

Error:    102: stat /d1
               Tau
               { st_dev=23; st_ino=1194812; st_kind=S_IFDIR; st_perm=0o755; st_nlink=3; st_uid=0; st_gid=0; st_rdev=0; st_size=80; }
   unexpected results: { st_dev=23; st_ino=1194812; st_kind=S_IFDIR; st_perm=0o755; st_nlink=3; st_uid=0; st_gid=0; st_rdev=0; st_size=80; }
   allowed are only: { st_dev=2049; st_ino=1; st_kind=S_IFDIR; st_perm=0o755; st_nlink=2; st_uid=0; st_gid=0; st_rdev=0; st_size=4096; }
   continuing execution with { st_dev=2049; st_ino=1; st_kind=S_IFDIR; st_perm=0o755; st_nlink=2; st_uid=0; st_gid=0; st_rdev=0; st_size=4096; }

Error:    103: stat /d1/d2
               Tau
               { st_dev=23; st_ino=1194813; st_kind=S_IFDIR; st_perm=0o400; st_nlink=3; st_uid=0; st_gid=0; st_rdev=0; st_size=80; }
   unexpected results: { st_dev=23; st_ino=1194813; st_kind=S_IFDIR; st_perm=0o400; st_nlink=3; st_uid=0; st_gid=0; st_rdev=0; st_size=80; }
   allowed are only: { st_dev=2049; st_ino=2; st_kind=S_IFDIR; st_perm=0o400; st_nlink=2; st_uid=0; st_gid=0; st_rdev=0; st_size=4096; }
   continuing execution with { st_dev=2049; st_ino=2; st_kind=S_IFDIR; st_perm=0o400; st_nlink=2; st_uid=0; st_gid=0; st_rdev=0; st_size=4096; }

Error:    104: stat /d1/d2/
               Tau
               { st_dev=23; st_ino=1194813; st_kind=S_IFDIR; st_perm=0o400; st_nlink=3; st_uid=0; st_gid=0; st_rdev=0; st_size=80; }
   unexpected results: { st_dev=23; st_ino=1194813; st_kind=S_IFDIR; st_perm=0o400; st_nlink=3; st_uid=0; st_gid=0; st_rdev=0; st_size=80; }
   allowed are only: { st_dev=2049; st_ino=2; st_kind=S_IFDIR; st_perm=0o400; st_nlink=2; st_uid=0; st_gid=0; st_rdev=0; st_size=4096; }
   continuing execution with { st_dev=2049; st_ino=2; st_kind=S_IFDIR; st_perm=0o400; st_nlink=2; st_uid=0; st_gid=0; st_rdev=0; st_size=4096; }

Error:    105: stat /d1/d2/d3
               Tau
               { st_dev=23; st_ino=1194814; st_kind=S_IFDIR; st_perm=0o755; st_nlink=2; st_uid=0; st_gid=0; st_rdev=0; st_size=60; }
   unexpected results: { st_dev=23; st_ino=1194814; st_kind=S_IFDIR; st_perm=0o755; st_nlink=2; st_uid=0; st_gid=0; st_rdev=0; st_size=60; }
   allowed are only: { st_dev=2049; st_ino=3; st_kind=S_IFDIR; st_perm=0o755; st_nlink=2; st_uid=0; st_gid=0; st_rdev=0; st_size=4096; }
   continuing execution with { st_dev=2049; st_ino=3; st_kind=S_IFDIR; st_perm=0o755; st_nlink=2; st_uid=0; st_gid=0; st_rdev=0; st_size=4096; }

Error:    107: stat /d1/d2//d3
               Tau
               { st_dev=23; st_ino=1194814; st_kind=S_IFDIR; st_perm=0o755; st_nlink=2; st_uid=0; st_gid=0; st_rdev=0; st_size=60; }
   unexpected results: { st_dev=23; st_ino=1194814; st_kind=S_IFDIR; st_perm=0o755; st_nlink=2; st_uid=0; st_gid=0; st_rdev=0; st_size=60; }
   allowed are only: { st_dev=2049; st_ino=3; st_kind=S_IFDIR; st_perm=0o755; st_nlink=2; st_uid=0; st_gid=0; st_rdev=0; st_size=4096; }
   continuing execution with { st_dev=2049; st_ino=3; st_kind=S_IFDIR; st_perm=0o755; st_nlink=2; st_uid=0; st_gid=0; st_rdev=0; st_size=4096; }

Error:    109: stat /d1/d2/./d3
               Tau
               { st_dev=23; st_ino=1194814; st_kind=S_IFDIR; st_perm=0o755; st_nlink=2; st_uid=0; st_gid=0; st_rdev=0; st_size=60; }
   unexpected results: { st_dev=23; st_ino=1194814; st_kind=S_IFDIR; st_perm=0o755; st_nlink=2; st_uid=0; st_gid=0; st_rdev=0; st_size=60; }
   allowed are only: { st_dev=2049; st_ino=3; st_kind=S_IFDIR; st_perm=0o755; st_nlink=2; st_uid=0; st_gid=0; st_rdev=0; st_size=4096; }
   continuing execution with { st_dev=2049; st_ino=3; st_kind=S_IFDIR; st_perm=0o755; st_nlink=2; st_uid=0; st_gid=0; st_rdev=0; st_size=4096; }

Error:    131: stat .
               Tau
               { st_dev=23; st_ino=1194812; st_kind=S_IFDIR; st_perm=0o755; st_nlink=3; st_uid=0; st_gid=0; st_rdev=0; st_size=80; }
   unexpected results: { st_dev=23; st_ino=1194812; st_kind=S_IFDIR; st_perm=0o755; st_nlink=3; st_uid=0; st_gid=0; st_rdev=0; st_size=80; }
   allowed are only: { st_dev=2049; st_ino=1; st_kind=S_IFDIR; st_perm=0o755; st_nlink=2; st_uid=0; st_gid=0; st_rdev=0; st_size=4096; }
   continuing execution with { st_dev=2049; st_ino=1; st_kind=S_IFDIR; st_perm=0o755; st_nlink=2; st_uid=0; st_gid=0; st_rdev=0; st_size=4096; }

Error:    132: stat d2
               Tau
               { st_dev=23; st_ino=1194813; st_kind=S_IFDIR; st_perm=0o700; st_nlink=3; st_uid=0; st_gid=0; st_rdev=0; st_size=80; }
   unexpected results: { st_dev=23; st_ino=1194813; st_kind=S_IFDIR; st_perm=0o700; st_nlink=3; st_uid=0; st_gid=0; st_rdev=0; st_size=80; }
   allowed are only: { st_dev=2049; st_ino=2; st_kind=S_IFDIR; st_perm=0o700; st_nlink=2; st_uid=0; st_gid=0; st_rdev=0; st_size=4096; }
   continuing execution with { st_dev=2049; st_ino=2; st_kind=S_IFDIR; st_perm=0o700; st_nlink=2; st_uid=0; st_gid=0; st_rdev=0; st_size=4096; }

Error:    133: stat d2/
               Tau
               { st_dev=23; st_ino=1194813; st_kind=S_IFDIR; st_perm=0o700; st_nlink=3; st_uid=0; st_gid=0; st_rdev=0; st_size=80; }
   unexpected results: { st_dev=23; st_ino=1194813; st_kind=S_IFDIR; st_perm=0o700; st_nlink=3; st_uid=0; st_gid=0; st_rdev=0; st_size=80; }
   allowed are only: { st_dev=2049; st_ino=2; st_kind=S_IFDIR; st_perm=0o700; st_nlink=2; st_uid=0; st_gid=0; st_rdev=0; st_size=4096; }
   continuing execution with { st_dev=2049; st_ino=2; st_kind=S_IFDIR; st_perm=0o700; st_nlink=2; st_uid=0; st_gid=0; st_rdev=0; st_size=4096; }

Error:    134: stat d2/d3
               Tau
               { st_dev=23; st_ino=1194814; st_kind=S_IFDIR; st_perm=0o755; st_nlink=2; st_uid=0; st_gid=0; st_rdev=0; st_size=60; }
   unexpected results: { st_dev=23; st_ino=1194814; st_kind=S_IFDIR; st_perm=0o755; st_nlink=2; st_uid=0; st_gid=0; st_rdev=0; st_size=60; }
   allowed are only: { st_dev=2049; st_ino=3; st_kind=S_IFDIR; st_perm=0o755; st_nlink=2; st_uid=0; st_gid=0; st_rdev=0; st_size=4096; }
   continuing execution with { st_dev=2049; st_ino=3; st_kind=S_IFDIR; st_perm=0o755; st_nlink=2; st_uid=0; st_gid=0; st_rdev=0; st_size=4096; }

Error:    136: stat d2//d3
               Tau
               { st_dev=23; st_ino=1194814; st_kind=S_IFDIR; st_perm=0o755; st_nlink=2; st_uid=0; st_gid=0; st_rdev=0; st_size=60; }
   unexpected results: { st_dev=23; st_ino=1194814; st_kind=S_IFDIR; st_perm=0o755; st_nlink=2; st_uid=0; st_gid=0; st_rdev=0; st_size=60; }
   allowed are only: { st_dev=2049; st_ino=3; st_kind=S_IFDIR; st_perm=0o755; st_nlink=2; st_uid=0; st_gid=0; st_rdev=0; st_size=4096; }
   continuing execution with { st_dev=2049; st_ino=3; st_kind=S_IFDIR; st_perm=0o755; st_nlink=2; st_uid=0; st_gid=0; st_rdev=0; st_size=4096; }

Error:    138: stat d2/./d3
               Tau
               { st_dev=23; st_ino=1194814; st_kind=S_IFDIR; st_perm=0o755; st_nlink=2; st_uid=0; st_gid=0; st_rdev=0; st_size=60; }
   unexpected results: { st_dev=23; st_ino=1194814; st_kind=S_IFDIR; st_perm=0o755; st_nlink=2; st_uid=0; st_gid=0; st_rdev=0; st_size=60; }
   allowed are only: { st_dev=2049; st_ino=3; st_kind=S_IFDIR; st_perm=0o755; st_nlink=2; st_uid=0; st_gid=0; st_rdev=0; st_size=4096; }
   continuing execution with { st_dev=2049; st_ino=3; st_kind=S_IFDIR; st_perm=0o755; st_nlink=2; st_uid=0; st_gid=0; st_rdev=0; st_size=4096; }

Error:    153: stat .
               Tau
               { st_dev=23; st_ino=1194812; st_kind=S_IFDIR; st_perm=0o755; st_nlink=3; st_uid=0; st_gid=0; st_rdev=0; st_size=80; }
   unexpected results: { st_dev=23; st_ino=1194812; st_kind=S_IFDIR; st_perm=0o755; st_nlink=3; st_uid=0; st_gid=0; st_rdev=0; st_size=80; }
   allowed are only: { st_dev=2049; st_ino=1; st_kind=S_IFDIR; st_perm=0o755; st_nlink=2; st_uid=0; st_gid=0; st_rdev=0; st_size=4096; }
   continuing execution with { st_dev=2049; st_ino=1; st_kind=S_IFDIR; st_perm=0o755; st_nlink=2; st_uid=0; st_gid=0; st_rdev=0; st_size=4096; }

Error:    154: stat d2
               Tau
               { st_dev=23; st_ino=1194813; st_kind=S_IFDIR; st_perm=0o500; st_nlink=3; st_uid=0; st_gid=0; st_rdev=0; st_size=80; }
   unexpected results: { st_dev=23; st_ino=1194813; st_kind=S_IFDIR; st_perm=0o500; st_nlink=3; st_uid=0; st_gid=0; st_rdev=0; st_size=80; }
   allowed are only: { st_dev=2049; st_ino=2; st_kind=S_IFDIR; st_perm=0o500; st_nlink=2; st_uid=0; st_gid=0; st_rdev=0; st_size=4096; }
   continuing execution with { st_dev=2049; st_ino=2; st_kind=S_IFDIR; st_perm=0o500; st_nlink=2; st_uid=0; st_gid=0; st_rdev=0; st_size=4096; }

Error:    155: stat d2/
               Tau
               { st_dev=23; st_ino=1194813; st_kind=S_IFDIR; st_perm=0o500; st_nlink=3; st_uid=0; st_gid=0; st_rdev=0; st_size=80; }
   unexpected results: { st_dev=23; st_ino=1194813; st_kind=S_IFDIR; st_perm=0o500; st_nlink=3; st_uid=0; st_gid=0; st_rdev=0; st_size=80; }
   allowed are only: { st_dev=2049; st_ino=2; st_kind=S_IFDIR; st_perm=0o500; st_nlink=2; st_uid=0; st_gid=0; st_rdev=0; st_size=4096; }
   continuing execution with { st_dev=2049; st_ino=2; st_kind=S_IFDIR; st_perm=0o500; st_nlink=2; st_uid=0; st_gid=0; st_rdev=0; st_size=4096; }

Error:    156: stat d2/d3
               Tau
               { st_dev=23; st_ino=1194814; st_kind=S_IFDIR; st_perm=0o755; st_nlink=2; st_uid=0; st_gid=0; st_rdev=0; st_size=60; }
   unexpected results: { st_dev=23; st_ino=1194814; st_kind=S_IFDIR; st_perm=0o755; st_nlink=2; st_uid=0; st_gid=0; st_rdev=0; st_size=60; }
   allowed are only: { st_dev=2049; st_ino=3; st_kind=S_IFDIR; st_perm=0o755; st_nlink=2; st_uid=0; st_gid=0; st_rdev=0; st_size=4096; }
   continuing execution with { st_dev=2049; st_ino=3; st_kind=S_IFDIR; st_perm=0o755; st_nlink=2; st_uid=0; st_gid=0; st_rdev=0; st_size=4096; }

Error:    158: stat d2//d3
               Tau
               { st_dev=23; st_ino=1194814; st_kind=S_IFDIR; st_perm=0o755; st_nlink=2; st_uid=0; st_gid=0; st_rdev=0; st_size=60; }
   unexpected results: { st_dev=23; st_ino=1194814; st_kind=S_IFDIR; st_perm=0o755; st_nlink=2; st_uid=0; st_gid=0; st_rdev=0; st_size=60; }
   allowed are only: { st_dev=2049; st_ino=3; st_kind=S_IFDIR; st_perm=0o755; st_nlink=2; st_uid=0; st_gid=0; st_rdev=0; st_size=4096; }
   continuing execution with { st_dev=2049; st_ino=3; st_kind=S_IFDIR; st_perm=0o755; st_nlink=2; st_uid=0; st_gid=0; st_rdev=0; st_size=4096; }

Error:    160: stat d2/./d3
               Tau
               { st_dev=23; st_ino=1194814; st_kind=S_IFDIR; st_perm=0o755; st_nlink=2; st_uid=0; st_gid=0; st_rdev=0; st_size=60; }
   unexpected results: { st_dev=23; st_ino=1194814; st_kind=S_IFDIR; st_perm=0o755; st_nlink=2; st_uid=0; st_gid=0; st_rdev=0; st_size=60; }
   allowed are only: { st_dev=2049; st_ino=3; st_kind=S_IFDIR; st_perm=0o755; st_nlink=2; st_uid=0; st_gid=0; st_rdev=0; st_size=4096; }
   continuing execution with { st_dev=2049; st_ino=3; st_kind=S_IFDIR; st_perm=0o755; st_nlink=2; st_uid=0; st_gid=0; st_rdev=0; st_size=4096; }

Error:    175: stat .
               Tau
               { st_dev=23; st_ino=1194812; st_kind=S_IFDIR; st_perm=0o755; st_nlink=3; st_uid=0; st_gid=0; st_rdev=0; st_size=80; }
   unexpected results: { st_dev=23; st_ino=1194812; st_kind=S_IFDIR; st_perm=0o755; st_nlink=3; st_uid=0; st_gid=0; st_rdev=0; st_size=80; }
   allowed are only: { st_dev=2049; st_ino=1; st_kind=S_IFDIR; st_perm=0o755; st_nlink=2; st_uid=0; st_gid=0; st_rdev=0; st_size=4096; }
   continuing execution with { st_dev=2049; st_ino=1; st_kind=S_IFDIR; st_perm=0o755; st_nlink=2; st_uid=0; st_gid=0; st_rdev=0; st_size=4096; }

Error:    176: stat d2
               Tau
               { st_dev=23; st_ino=1194813; st_kind=S_IFDIR; st_perm=0o100; st_nlink=3; st_uid=0; st_gid=0; st_rdev=0; st_size=80; }
   unexpected results: { st_dev=23; st_ino=1194813; st_kind=S_IFDIR; st_perm=0o100; st_nlink=3; st_uid=0; st_gid=0; st_rdev=0; st_size=80; }
   allowed are only: { st_dev=2049; st_ino=2; st_kind=S_IFDIR; st_perm=0o100; st_nlink=2; st_uid=0; st_gid=0; st_rdev=0; st_size=4096; }
   continuing execution with { st_dev=2049; st_ino=2; st_kind=S_IFDIR; st_perm=0o100; st_nlink=2; st_uid=0; st_gid=0; st_rdev=0; st_size=4096; }

Error:    177: stat d2/
               Tau
               { st_dev=23; st_ino=1194813; st_kind=S_IFDIR; st_perm=0o100; st_nlink=3; st_uid=0; st_gid=0; st_rdev=0; st_size=80; }
   unexpected results: { st_dev=23; st_ino=1194813; st_kind=S_IFDIR; st_perm=0o100; st_nlink=3; st_uid=0; st_gid=0; st_rdev=0; st_size=80; }
   allowed are only: { st_dev=2049; st_ino=2; st_kind=S_IFDIR; st_perm=0o100; st_nlink=2; st_uid=0; st_gid=0; st_rdev=0; st_size=4096; }
   continuing execution with { st_dev=2049; st_ino=2; st_kind=S_IFDIR; st_perm=0o100; st_nlink=2; st_uid=0; st_gid=0; st_rdev=0; st_size=4096; }

Error:    178: stat d2/d3
               Tau
               { st_dev=23; st_ino=1194814; st_kind=S_IFDIR; st_perm=0o755; st_nlink=2; st_uid=0; st_gid=0; st_rdev=0; st_size=60; }
   unexpected results: { st_dev=23; st_ino=1194814; st_kind=S_IFDIR; st_perm=0o755; st_nlink=2; st_uid=0; st_gid=0; st_rdev=0; st_size=60; }
   allowed are only: { st_dev=2049; st_ino=3; st_kind=S_IFDIR; st_perm=0o755; st_nlink=2; st_uid=0; st_gid=0; st_rdev=0; st_size=4096; }
   continuing execution with { st_dev=2049; st_ino=3; st_kind=S_IFDIR; st_perm=0o755; st_nlink=2; st_uid=0; st_gid=0; st_rdev=0; st_size=4096; }

Error:    180: stat d2//d3
               Tau
               { st_dev=23; st_ino=1194814; st_kind=S_IFDIR; st_perm=0o755; st_nlink=2; st_uid=0; st_gid=0; st_rdev=0; st_size=60; }
   unexpected results: { st_dev=23; st_ino=1194814; st_kind=S_IFDIR; st_perm=0o755; st_nlink=2; st_uid=0; st_gid=0; st_rdev=0; st_size=60; }
   allowed are only: { st_dev=2049; st_ino=3; st_kind=S_IFDIR; st_perm=0o755; st_nlink=2; st_uid=0; st_gid=0; st_rdev=0; st_size=4096; }
   continuing execution with { st_dev=2049; st_ino=3; st_kind=S_IFDIR; st_perm=0o755; st_nlink=2; st_uid=0; st_gid=0; st_rdev=0; st_size=4096; }

Error:    182: stat d2/./d3
               Tau
               { st_dev=23; st_ino=1194814; st_kind=S_IFDIR; st_perm=0o755; st_nlink=2; st_uid=0; st_gid=0; st_rdev=0; st_size=60; }
   unexpected results: { st_dev=23; st_ino=1194814; st_kind=S_IFDIR; st_perm=0o755; st_nlink=2; st_uid=0; st_gid=0; st_rdev=0; st_size=60; }
   allowed are only: { st_dev=2049; st_ino=3; st_kind=S_IFDIR; st_perm=0o755; st_nlink=2; st_uid=0; st_gid=0; st_rdev=0; st_size=4096; }
   continuing execution with { st_dev=2049; st_ino=3; st_kind=S_IFDIR; st_perm=0o755; st_nlink=2; st_uid=0; st_gid=0; st_rdev=0; st_size=4096; }

Error:    197: stat .
               Tau
               { st_dev=23; st_ino=1194812; st_kind=S_IFDIR; st_perm=0o755; st_nlink=3; st_uid=0; st_gid=0; st_rdev=0; st_size=80; }
   unexpected results: { st_dev=23; st_ino=1194812; st_kind=S_IFDIR; st_perm=0o755; st_nlink=3; st_uid=0; st_gid=0; st_rdev=0; st_size=80; }
   allowed are only: { st_dev=2049; st_ino=1; st_kind=S_IFDIR; st_perm=0o755; st_nlink=2; st_uid=0; st_gid=0; st_rdev=0; st_size=4096; }
   continuing execution with { st_dev=2049; st_ino=1; st_kind=S_IFDIR; st_perm=0o755; st_nlink=2; st_uid=0; st_gid=0; st_rdev=0; st_size=4096; }

Error:    198: stat d2
               Tau
               { st_dev=23; st_ino=1194813; st_kind=S_IFDIR; st_perm=0o400; st_nlink=3; st_uid=0; st_gid=0; st_rdev=0; st_size=80; }
   unexpected results: { st_dev=23; st_ino=1194813; st_kind=S_IFDIR; st_perm=0o400; st_nlink=3; st_uid=0; st_gid=0; st_rdev=0; st_size=80; }
   allowed are only: { st_dev=2049; st_ino=2; st_kind=S_IFDIR; st_perm=0o400; st_nlink=2; st_uid=0; st_gid=0; st_rdev=0; st_size=4096; }
   continuing execution with { st_dev=2049; st_ino=2; st_kind=S_IFDIR; st_perm=0o400; st_nlink=2; st_uid=0; st_gid=0; st_rdev=0; st_size=4096; }

Error:    199: stat d2/
               Tau
               { st_dev=23; st_ino=1194813; st_kind=S_IFDIR; st_perm=0o400; st_nlink=3; st_uid=0; st_gid=0; st_rdev=0; st_size=80; }
   unexpected results: { st_dev=23; st_ino=1194813; st_kind=S_IFDIR; st_perm=0o400; st_nlink=3; st_uid=0; st_gid=0; st_rdev=0; st_size=80; }
   allowed are only: { st_dev=2049; st_ino=2; st_kind=S_IFDIR; st_perm=0o400; st_nlink=2; st_uid=0; st_gid=0; st_rdev=0; st_size=4096; }
   continuing execution with { st_dev=2049; st_ino=2; st_kind=S_IFDIR; st_perm=0o400; st_nlink=2; st_uid=0; st_gid=0; st_rdev=0; st_size=4096; }

Error:    200: stat d2/d3
               Tau
               { st_dev=23; st_ino=1194814; st_kind=S_IFDIR; st_perm=0o755; st_nlink=2; st_uid=0; st_gid=0; st_rdev=0; st_size=60; }
   unexpected results: { st_dev=23; st_ino=1194814; st_kind=S_IFDIR; st_perm=0o755; st_nlink=2; st_uid=0; st_gid=0; st_rdev=0; st_size=60; }
   allowed are only: { st_dev=2049; st_ino=3; st_kind=S_IFDIR; st_perm=0o755; st_nlink=2; st_uid=0; st_gid=0; st_rdev=0; st_size=4096; }
   continuing execution with { st_dev=2049; st_ino=3; st_kind=S_IFDIR; st_perm=0o755; st_nlink=2; st_uid=0; st_gid=0; st_rdev=0; st_size=4096; }

Error:    202: stat d2//d3
               Tau
               { st_dev=23; st_ino=1194814; st_kind=S_IFDIR; st_perm=0o755; st_nlink=2; st_uid=0; st_gid=0; st_rdev=0; st_size=60; }
   unexpected results: { st_dev=23; st_ino=1194814; st_kind=S_IFDIR; st_perm=0o755; st_nlink=2; st_uid=0; st_gid=0; st_rdev=0; st_size=60; }
   allowed are only: { st_dev=2049; st_ino=3; st_kind=S_IFDIR; st_perm=0o755; st_nlink=2; st_uid=0; st_gid=0; st_rdev=0; st_size=4096; }
   continuing execution with { st_dev=2049; st_ino=3; st_kind=S_IFDIR; st_perm=0o755; st_nlink=2; st_uid=0; st_gid=0; st_rdev=0; st_size=4096; }

Error:    204: stat d2/./d3
               Tau
               { st_dev=23; st_ino=1194814; st_kind=S_IFDIR; st_perm=0o755; st_nlink=2; st_uid=0; st_gid=0; st_rdev=0; st_size=60; }
   unexpected results: { st_dev=23; st_ino=1194814; st_kind=S_IFDIR; st_perm=0o755; st_nlink=2; st_uid=0; st_gid=0; st_rdev=0; st_size=60; }
   allowed are only: { st_dev=2049; st_ino=3; st_kind=S_IFDIR; st_perm=0o755; st_nlink=2; st_uid=0; st_gid=0; st_rdev=0; st_size=4096; }
   continuing execution with { st_dev=2049; st_ino=3; st_kind=S_IFDIR; st_perm=0o755; st_nlink=2; st_uid=0; st_gid=0; st_rdev=0; st_size=4096; }

Error:    226: stat ..
               Tau
               { st_dev=23; st_ino=1194812; st_kind=S_IFDIR; st_perm=0o755; st_nlink=3; st_uid=0; st_gid=0; st_rdev=0; st_size=80; }
   unexpected results: { st_dev=23; st_ino=1194812; st_kind=S_IFDIR; st_perm=0o755; st_nlink=3; st_uid=0; st_gid=0; st_rdev=0; st_size=80; }
   allowed are only: { st_dev=2049; st_ino=1; st_kind=S_IFDIR; st_perm=0o755; st_nlink=2; st_uid=0; st_gid=0; st_rdev=0; st_size=4096; }
   continuing execution with { st_dev=2049; st_ino=1; st_kind=S_IFDIR; st_perm=0o755; st_nlink=2; st_uid=0; st_gid=0; st_rdev=0; st_size=4096; }

Error:    227: stat .
               Tau
               { st_dev=23; st_ino=1194813; st_kind=S_IFDIR; st_perm=0o700; st_nlink=3; st_uid=0; st_gid=0; st_rdev=0; st_size=80; }
   unexpected results: { st_dev=23; st_ino=1194813; st_kind=S_IFDIR; st_perm=0o700; st_nlink=3; st_uid=0; st_gid=0; st_rdev=0; st_size=80; }
   allowed are only: { st_dev=2049; st_ino=2; st_kind=S_IFDIR; st_perm=0o700; st_nlink=2; st_uid=0; st_gid=0; st_rdev=0; st_size=4096; }
   continuing execution with { st_dev=2049; st_ino=2; st_kind=S_IFDIR; st_perm=0o700; st_nlink=2; st_uid=0; st_gid=0; st_rdev=0; st_size=4096; }

Error:    228: stat ./
               Tau
               { st_dev=23; st_ino=1194813; st_kind=S_IFDIR; st_perm=0o700; st_nlink=3; st_uid=0; st_gid=0; st_rdev=0; st_size=80; }
   unexpected results: { st_dev=23; st_ino=1194813; st_kind=S_IFDIR; st_perm=0o700; st_nlink=3; st_uid=0; st_gid=0; st_rdev=0; st_size=80; }
   allowed are only: { st_dev=2049; st_ino=2; st_kind=S_IFDIR; st_perm=0o700; st_nlink=2; st_uid=0; st_gid=0; st_rdev=0; st_size=4096; }
   continuing execution with { st_dev=2049; st_ino=2; st_kind=S_IFDIR; st_perm=0o700; st_nlink=2; st_uid=0; st_gid=0; st_rdev=0; st_size=4096; }

Error:    229: stat d3
               Tau
               { st_dev=23; st_ino=1194814; st_kind=S_IFDIR; st_perm=0o755; st_nlink=2; st_uid=0; st_gid=0; st_rdev=0; st_size=60; }
   unexpected results: { st_dev=23; st_ino=1194814; st_kind=S_IFDIR; st_perm=0o755; st_nlink=2; st_uid=0; st_gid=0; st_rdev=0; st_size=60; }
   allowed are only: { st_dev=2049; st_ino=3; st_kind=S_IFDIR; st_perm=0o755; st_nlink=2; st_uid=0; st_gid=0; st_rdev=0; st_size=4096; }
   continuing execution with { st_dev=2049; st_ino=3; st_kind=S_IFDIR; st_perm=0o755; st_nlink=2; st_uid=0; st_gid=0; st_rdev=0; st_size=4096; }

Error:    231: stat .//d3
               Tau
               { st_dev=23; st_ino=1194814; st_kind=S_IFDIR; st_perm=0o755; st_nlink=2; st_uid=0; st_gid=0; st_rdev=0; st_size=60; }
   unexpected results: { st_dev=23; st_ino=1194814; st_kind=S_IFDIR; st_perm=0o755; st_nlink=2; st_uid=0; st_gid=0; st_rdev=0; st_size=60; }
   allowed are only: { st_dev=2049; st_ino=3; st_kind=S_IFDIR; st_perm=0o755; st_nlink=2; st_uid=0; st_gid=0; st_rdev=0; st_size=4096; }
   continuing execution with { st_dev=2049; st_ino=3; st_kind=S_IFDIR; st_perm=0o755; st_nlink=2; st_uid=0; st_gid=0; st_rdev=0; st_size=4096; }

Error:    233: stat ./d3
               Tau
               { st_dev=23; st_ino=1194814; st_kind=S_IFDIR; st_perm=0o755; st_nlink=2; st_uid=0; st_gid=0; st_rdev=0; st_size=60; }
   unexpected results: { st_dev=23; st_ino=1194814; st_kind=S_IFDIR; st_perm=0o755; st_nlink=2; st_uid=0; st_gid=0; st_rdev=0; st_size=60; }
   allowed are only: { st_dev=2049; st_ino=3; st_kind=S_IFDIR; st_perm=0o755; st_nlink=2; st_uid=0; st_gid=0; st_rdev=0; st_size=4096; }
   continuing execution with { st_dev=2049; st_ino=3; st_kind=S_IFDIR; st_perm=0o755; st_nlink=2; st_uid=0; st_gid=0; st_rdev=0; st_size=4096; }

Error:    247: stat ..
               Tau
               { st_dev=23; st_ino=1194812; st_kind=S_IFDIR; st_perm=0o755; st_nlink=3; st_uid=0; st_gid=0; st_rdev=0; st_size=80; }
   unexpected results: { st_dev=23; st_ino=1194812; st_kind=S_IFDIR; st_perm=0o755; st_nlink=3; st_uid=0; st_gid=0; st_rdev=0; st_size=80; }
   allowed are only: { st_dev=2049; st_ino=1; st_kind=S_IFDIR; st_perm=0o755; st_nlink=2; st_uid=0; st_gid=0; st_rdev=0; st_size=4096; }
   continuing execution with { st_dev=2049; st_ino=1; st_kind=S_IFDIR; st_perm=0o755; st_nlink=2; st_uid=0; st_gid=0; st_rdev=0; st_size=4096; }

Error:    248: stat .
               Tau
               { st_dev=23; st_ino=1194813; st_kind=S_IFDIR; st_perm=0o500; st_nlink=3; st_uid=0; st_gid=0; st_rdev=0; st_size=80; }
   unexpected results: { st_dev=23; st_ino=1194813; st_kind=S_IFDIR; st_perm=0o500; st_nlink=3; st_uid=0; st_gid=0; st_rdev=0; st_size=80; }
   allowed are only: { st_dev=2049; st_ino=2; st_kind=S_IFDIR; st_perm=0o500; st_nlink=2; st_uid=0; st_gid=0; st_rdev=0; st_size=4096; }
   continuing execution with { st_dev=2049; st_ino=2; st_kind=S_IFDIR; st_perm=0o500; st_nlink=2; st_uid=0; st_gid=0; st_rdev=0; st_size=4096; }

Error:    249: stat ./
               Tau
               { st_dev=23; st_ino=1194813; st_kind=S_IFDIR; st_perm=0o500; st_nlink=3; st_uid=0; st_gid=0; st_rdev=0; st_size=80; }
   unexpected results: { st_dev=23; st_ino=1194813; st_kind=S_IFDIR; st_perm=0o500; st_nlink=3; st_uid=0; st_gid=0; st_rdev=0; st_size=80; }
   allowed are only: { st_dev=2049; st_ino=2; st_kind=S_IFDIR; st_perm=0o500; st_nlink=2; st_uid=0; st_gid=0; st_rdev=0; st_size=4096; }
   continuing execution with { st_dev=2049; st_ino=2; st_kind=S_IFDIR; st_perm=0o500; st_nlink=2; st_uid=0; st_gid=0; st_rdev=0; st_size=4096; }

Error:    250: stat d3
               Tau
               { st_dev=23; st_ino=1194814; st_kind=S_IFDIR; st_perm=0o755; st_nlink=2; st_uid=0; st_gid=0; st_rdev=0; st_size=60; }
   unexpected results: { st_dev=23; st_ino=1194814; st_kind=S_IFDIR; st_perm=0o755; st_nlink=2; st_uid=0; st_gid=0; st_rdev=0; st_size=60; }
   allowed are only: { st_dev=2049; st_ino=3; st_kind=S_IFDIR; st_perm=0o755; st_nlink=2; st_uid=0; st_gid=0; st_rdev=0; st_size=4096; }
   continuing execution with { st_dev=2049; st_ino=3; st_kind=S_IFDIR; st_perm=0o755; st_nlink=2; st_uid=0; st_gid=0; st_rdev=0; st_size=4096; }

Error:    252: stat .//d3
               Tau
               { st_dev=23; st_ino=1194814; st_kind=S_IFDIR; st_perm=0o755; st_nlink=2; st_uid=0; st_gid=0; st_rdev=0; st_size=60; }
   unexpected results: { st_dev=23; st_ino=1194814; st_kind=S_IFDIR; st_perm=0o755; st_nlink=2; st_uid=0; st_gid=0; st_rdev=0; st_size=60; }
   allowed are only: { st_dev=2049; st_ino=3; st_kind=S_IFDIR; st_perm=0o755; st_nlink=2; st_uid=0; st_gid=0; st_rdev=0; st_size=4096; }
   continuing execution with { st_dev=2049; st_ino=3; st_kind=S_IFDIR; st_perm=0o755; st_nlink=2; st_uid=0; st_gid=0; st_rdev=0; st_size=4096; }

Error:    254: stat ./d3
               Tau
               { st_dev=23; st_ino=1194814; st_kind=S_IFDIR; st_perm=0o755; st_nlink=2; st_uid=0; st_gid=0; st_rdev=0; st_size=60; }
   unexpected results: { st_dev=23; st_ino=1194814; st_kind=S_IFDIR; st_perm=0o755; st_nlink=2; st_uid=0; st_gid=0; st_rdev=0; st_size=60; }
   allowed are only: { st_dev=2049; st_ino=3; st_kind=S_IFDIR; st_perm=0o755; st_nlink=2; st_uid=0; st_gid=0; st_rdev=0; st_size=4096; }
   continuing execution with { st_dev=2049; st_ino=3; st_kind=S_IFDIR; st_perm=0o755; st_nlink=2; st_uid=0; st_gid=0; st_rdev=0; st_size=4096; }

Error:    268: stat ..
               Tau
               { st_dev=23; st_ino=1194812; st_kind=S_IFDIR; st_perm=0o755; st_nlink=3; st_uid=0; st_gid=0; st_rdev=0; st_size=80; }
   unexpected results: { st_dev=23; st_ino=1194812; st_kind=S_IFDIR; st_perm=0o755; st_nlink=3; st_uid=0; st_gid=0; st_rdev=0; st_size=80; }
   allowed are only: { st_dev=2049; st_ino=1; st_kind=S_IFDIR; st_perm=0o755; st_nlink=2; st_uid=0; st_gid=0; st_rdev=0; st_size=4096; }
   continuing execution with { st_dev=2049; st_ino=1; st_kind=S_IFDIR; st_perm=0o755; st_nlink=2; st_uid=0; st_gid=0; st_rdev=0; st_size=4096; }

Error:    269: stat .
               Tau
               { st_dev=23; st_ino=1194813; st_kind=S_IFDIR; st_perm=0o100; st_nlink=3; st_uid=0; st_gid=0; st_rdev=0; st_size=80; }
   unexpected results: { st_dev=23; st_ino=1194813; st_kind=S_IFDIR; st_perm=0o100; st_nlink=3; st_uid=0; st_gid=0; st_rdev=0; st_size=80; }
   allowed are only: { st_dev=2049; st_ino=2; st_kind=S_IFDIR; st_perm=0o100; st_nlink=2; st_uid=0; st_gid=0; st_rdev=0; st_size=4096; }
   continuing execution with { st_dev=2049; st_ino=2; st_kind=S_IFDIR; st_perm=0o100; st_nlink=2; st_uid=0; st_gid=0; st_rdev=0; st_size=4096; }

Error:    270: stat ./
               Tau
               { st_dev=23; st_ino=1194813; st_kind=S_IFDIR; st_perm=0o100; st_nlink=3; st_uid=0; st_gid=0; st_rdev=0; st_size=80; }
   unexpected results: { st_dev=23; st_ino=1194813; st_kind=S_IFDIR; st_perm=0o100; st_nlink=3; st_uid=0; st_gid=0; st_rdev=0; st_size=80; }
   allowed are only: { st_dev=2049; st_ino=2; st_kind=S_IFDIR; st_perm=0o100; st_nlink=2; st_uid=0; st_gid=0; st_rdev=0; st_size=4096; }
   continuing execution with { st_dev=2049; st_ino=2; st_kind=S_IFDIR; st_perm=0o100; st_nlink=2; st_uid=0; st_gid=0; st_rdev=0; st_size=4096; }

Error:    271: stat d3
               Tau
               { st_dev=23; st_ino=1194814; st_kind=S_IFDIR; st_perm=0o755; st_nlink=2; st_uid=0; st_gid=0; st_rdev=0; st_size=60; }
   unexpected results: { st_dev=23; st_ino=1194814; st_kind=S_IFDIR; st_perm=0o755; st_nlink=2; st_uid=0; st_gid=0; st_rdev=0; st_size=60; }
   allowed are only: { st_dev=2049; st_ino=3; st_kind=S_IFDIR; st_perm=0o755; st_nlink=2; st_uid=0; st_gid=0; st_rdev=0; st_size=4096; }
   continuing execution with { st_dev=2049; st_ino=3; st_kind=S_IFDIR; st_perm=0o755; st_nlink=2; st_uid=0; st_gid=0; st_rdev=0; st_size=4096; }

Error:    273: stat .//d3
               Tau
               { st_dev=23; st_ino=1194814; st_kind=S_IFDIR; st_perm=0o755; st_nlink=2; st_uid=0; st_gid=0; st_rdev=0; st_size=60; }
   unexpected results: { st_dev=23; st_ino=1194814; st_kind=S_IFDIR; st_perm=0o755; st_nlink=2; st_uid=0; st_gid=0; st_rdev=0; st_size=60; }
   allowed are only: { st_dev=2049; st_ino=3; st_kind=S_IFDIR; st_perm=0o755; st_nlink=2; st_uid=0; st_gid=0; st_rdev=0; st_size=4096; }
   continuing execution with { st_dev=2049; st_ino=3; st_kind=S_IFDIR; st_perm=0o755; st_nlink=2; st_uid=0; st_gid=0; st_rdev=0; st_size=4096; }

Error:    275: stat ./d3
               Tau
               { st_dev=23; st_ino=1194814; st_kind=S_IFDIR; st_perm=0o755; st_nlink=2; st_uid=0; st_gid=0; st_rdev=0; st_size=60; }
   unexpected results: { st_dev=23; st_ino=1194814; st_kind=S_IFDIR; st_perm=0o755; st_nlink=2; st_uid=0; st_gid=0; st_rdev=0; st_size=60; }
   allowed are only: { st_dev=2049; st_ino=3; st_kind=S_IFDIR; st_perm=0o755; st_nlink=2; st_uid=0; st_gid=0; st_rdev=0; st_size=4096; }
   continuing execution with { st_dev=2049; st_ino=3; st_kind=S_IFDIR; st_perm=0o755; st_nlink=2; st_uid=0; st_gid=0; st_rdev=0; st_size=4096; }

Error:    290: stat ..
               Tau
               { st_dev=23; st_ino=1194812; st_kind=S_IFDIR; st_perm=0o755; st_nlink=3; st_uid=0; st_gid=0; st_rdev=0; st_size=80; }
   unexpected results: { st_dev=23; st_ino=1194812; st_kind=S_IFDIR; st_perm=0o755; st_nlink=3; st_uid=0; st_gid=0; st_rdev=0; st_size=80; }
   allowed are only: { st_dev=2049; st_ino=1; st_kind=S_IFDIR; st_perm=0o755; st_nlink=2; st_uid=0; st_gid=0; st_rdev=0; st_size=4096; }
   continuing execution with { st_dev=2049; st_ino=1; st_kind=S_IFDIR; st_perm=0o755; st_nlink=2; st_uid=0; st_gid=0; st_rdev=0; st_size=4096; }

Error:    291: stat .
               Tau
               { st_dev=23; st_ino=1194813; st_kind=S_IFDIR; st_perm=0o400; st_nlink=3; st_uid=0; st_gid=0; st_rdev=0; st_size=80; }
   unexpected results: { st_dev=23; st_ino=1194813; st_kind=S_IFDIR; st_perm=0o400; st_nlink=3; st_uid=0; st_gid=0; st_rdev=0; st_size=80; }
   allowed are only: { st_dev=2049; st_ino=2; st_kind=S_IFDIR; st_perm=0o400; st_nlink=2; st_uid=0; st_gid=0; st_rdev=0; st_size=4096; }
   continuing execution with { st_dev=2049; st_ino=2; st_kind=S_IFDIR; st_perm=0o400; st_nlink=2; st_uid=0; st_gid=0; st_rdev=0; st_size=4096; }

Error:    292: stat ./
               Tau
               { st_dev=23; st_ino=1194813; st_kind=S_IFDIR; st_perm=0o400; st_nlink=3; st_uid=0; st_gid=0; st_rdev=0; st_size=80; }
   unexpected results: { st_dev=23; st_ino=1194813; st_kind=S_IFDIR; st_perm=0o400; st_nlink=3; st_uid=0; st_gid=0; st_rdev=0; st_size=80; }
   allowed are only: { st_dev=2049; st_ino=2; st_kind=S_IFDIR; st_perm=0o400; st_nlink=2; st_uid=0; st_gid=0; st_rdev=0; st_size=4096; }
   continuing execution with { st_dev=2049; st_ino=2; st_kind=S_IFDIR; st_perm=0o400; st_nlink=2; st_uid=0; st_gid=0; st_rdev=0; st_size=4096; }

Error:    293: stat d3
               Tau
               { st_dev=23; st_ino=1194814; st_kind=S_IFDIR; st_perm=0o755; st_nlink=2; st_uid=0; st_gid=0; st_rdev=0; st_size=60; }
   unexpected results: { st_dev=23; st_ino=1194814; st_kind=S_IFDIR; st_perm=0o755; st_nlink=2; st_uid=0; st_gid=0; st_rdev=0; st_size=60; }
   allowed are only: { st_dev=2049; st_ino=3; st_kind=S_IFDIR; st_perm=0o755; st_nlink=2; st_uid=0; st_gid=0; st_rdev=0; st_size=4096; }
   continuing execution with { st_dev=2049; st_ino=3; st_kind=S_IFDIR; st_perm=0o755; st_nlink=2; st_uid=0; st_gid=0; st_rdev=0; st_size=4096; }

Error:    295: stat .//d3
               Tau
               { st_dev=23; st_ino=1194814; st_kind=S_IFDIR; st_perm=0o755; st_nlink=2; st_uid=0; st_gid=0; st_rdev=0; st_size=60; }
   unexpected results: { st_dev=23; st_ino=1194814; st_kind=S_IFDIR; st_perm=0o755; st_nlink=2; st_uid=0; st_gid=0; st_rdev=0; st_size=60; }
   allowed are only: { st_dev=2049; st_ino=3; st_kind=S_IFDIR; st_perm=0o755; st_nlink=2; st_uid=0; st_gid=0; st_rdev=0; st_size=4096; }
   continuing execution with { st_dev=2049; st_ino=3; st_kind=S_IFDIR; st_perm=0o755; st_nlink=2; st_uid=0; st_gid=0; st_rdev=0; st_size=4096; }

Error:    297: stat ./d3
               Tau
               { st_dev=23; st_ino=1194814; st_kind=S_IFDIR; st_perm=0o755; st_nlink=2; st_uid=0; st_gid=0; st_rdev=0; st_size=60; }
   unexpected results: { st_dev=23; st_ino=1194814; st_kind=S_IFDIR; st_perm=0o755; st_nlink=2; st_uid=0; st_gid=0; st_rdev=0; st_size=60; }
   allowed are only: { st_dev=2049; st_ino=3; st_kind=S_IFDIR; st_perm=0o755; st_nlink=2; st_uid=0; st_gid=0; st_rdev=0; st_size=4096; }
   continuing execution with { st_dev=2049; st_ino=3; st_kind=S_IFDIR; st_perm=0o755; st_nlink=2; st_uid=0; st_gid=0; st_rdev=0; st_size=4096; }

Error:    319: stat ../d3
               Tau
               { st_dev=23; st_ino=1194814; st_kind=S_IFDIR; st_perm=0o755; st_nlink=2; st_uid=0; st_gid=0; st_rdev=0; st_size=60; }
   unexpected results: { st_dev=23; st_ino=1194814; st_kind=S_IFDIR; st_perm=0o755; st_nlink=2; st_uid=0; st_gid=0; st_rdev=0; st_size=60; }
   allowed are only: { st_dev=2049; st_ino=3; st_kind=S_IFDIR; st_perm=0o755; st_nlink=2; st_uid=0; st_gid=0; st_rdev=0; st_size=4096; }
   continuing execution with { st_dev=2049; st_ino=3; st_kind=S_IFDIR; st_perm=0o755; st_nlink=2; st_uid=0; st_gid=0; st_rdev=0; st_size=4096; }

Error:    321: stat ..//d3
               Tau
               { st_dev=23; st_ino=1194814; st_kind=S_IFDIR; st_perm=0o755; st_nlink=2; st_uid=0; st_gid=0; st_rdev=0; st_size=60; }
   unexpected results: { st_dev=23; st_ino=1194814; st_kind=S_IFDIR; st_perm=0o755; st_nlink=2; st_uid=0; st_gid=0; st_rdev=0; st_size=60; }
   allowed are only: { st_dev=2049; st_ino=3; st_kind=S_IFDIR; st_perm=0o755; st_nlink=2; st_uid=0; st_gid=0; st_rdev=0; st_size=4096; }
   continuing execution with { st_dev=2049; st_ino=3; st_kind=S_IFDIR; st_perm=0o755; st_nlink=2; st_uid=0; st_gid=0; st_rdev=0; st_size=4096; }

Error:    323: stat .././d3
               Tau
               { st_dev=23; st_ino=1194814; st_kind=S_IFDIR; st_perm=0o755; st_nlink=2; st_uid=0; st_gid=0; st_rdev=0; st_size=60; }
   unexpected results: { st_dev=23; st_ino=1194814; st_kind=S_IFDIR; st_perm=0o755; st_nlink=2; st_uid=0; st_gid=0; st_rdev=0; st_size=60; }
   allowed are only: { st_dev=2049; st_ino=3; st_kind=S_IFDIR; st_perm=0o755; st_nlink=2; st_uid=0; st_gid=0; st_rdev=0; st_size=4096; }
   continuing execution with { st_dev=2049; st_ino=3; st_kind=S_IFDIR; st_perm=0o755; st_nlink=2; st_uid=0; st_gid=0; st_rdev=0; st_size=4096; }

Error:    325: stat ../d3/../d3
               Tau
               { st_dev=23; st_ino=1194814; st_kind=S_IFDIR; st_perm=0o755; st_nlink=2; st_uid=0; st_gid=0; st_rdev=0; st_size=60; }
   unexpected results: { st_dev=23; st_ino=1194814; st_kind=S_IFDIR; st_perm=0o755; st_nlink=2; st_uid=0; st_gid=0; st_rdev=0; st_size=60; }
   allowed are only: { st_dev=2049; st_ino=3; st_kind=S_IFDIR; st_perm=0o755; st_nlink=2; st_uid=0; st_gid=0; st_rdev=0; st_size=4096; }
   continuing execution with { st_dev=2049; st_ino=3; st_kind=S_IFDIR; st_perm=0o755; st_nlink=2; st_uid=0; st_gid=0; st_rdev=0; st_size=4096; }

Error:    342: stat ../..
               Tau
               { st_dev=23; st_ino=1194812; st_kind=S_IFDIR; st_perm=0o755; st_nlink=3; st_uid=0; st_gid=0; st_rdev=0; st_size=80; }
   unexpected results: { st_dev=23; st_ino=1194812; st_kind=S_IFDIR; st_perm=0o755; st_nlink=3; st_uid=0; st_gid=0; st_rdev=0; st_size=80; }
   allowed are only: { st_dev=2049; st_ino=1; st_kind=S_IFDIR; st_perm=0o755; st_nlink=2; st_uid=0; st_gid=0; st_rdev=0; st_size=4096; }
   continuing execution with { st_dev=2049; st_ino=1; st_kind=S_IFDIR; st_perm=0o755; st_nlink=2; st_uid=0; st_gid=0; st_rdev=0; st_size=4096; }

Error:    343: stat ..
               Tau
               { st_dev=23; st_ino=1194813; st_kind=S_IFDIR; st_perm=0o500; st_nlink=3; st_uid=0; st_gid=0; st_rdev=0; st_size=80; }
   unexpected results: { st_dev=23; st_ino=1194813; st_kind=S_IFDIR; st_perm=0o500; st_nlink=3; st_uid=0; st_gid=0; st_rdev=0; st_size=80; }
   allowed are only: { st_dev=2049; st_ino=2; st_kind=S_IFDIR; st_perm=0o500; st_nlink=2; st_uid=0; st_gid=0; st_rdev=0; st_size=4096; }
   continuing execution with { st_dev=2049; st_ino=2; st_kind=S_IFDIR; st_perm=0o500; st_nlink=2; st_uid=0; st_gid=0; st_rdev=0; st_size=4096; }

Error:    344: stat ../
               Tau
               { st_dev=23; st_ino=1194813; st_kind=S_IFDIR; st_perm=0o500; st_nlink=3; st_uid=0; st_gid=0; st_rdev=0; st_size=80; }
   unexpected results: { st_dev=23; st_ino=1194813; st_kind=S_IFDIR; st_perm=0o500; st_nlink=3; st_uid=0; st_gid=0; st_rdev=0; st_size=80; }
   allowed are only: { st_dev=2049; st_ino=2; st_kind=S_IFDIR; st_perm=0o500; st_nlink=2; st_uid=0; st_gid=0; st_rdev=0; st_size=4096; }
   continuing execution with { st_dev=2049; st_ino=2; st_kind=S_IFDIR; st_perm=0o500; st_nlink=2; st_uid=0; st_gid=0; st_rdev=0; st_size=4096; }

Error:    345: stat .
               Tau
               { st_dev=23; st_ino=1194814; st_kind=S_IFDIR; st_perm=0o755; st_nlink=2; st_uid=0; st_gid=0; st_rdev=0; st_size=60; }
   unexpected results: { st_dev=23; st_ino=1194814; st_kind=S_IFDIR; st_perm=0o755; st_nlink=2; st_uid=0; st_gid=0; st_rdev=0; st_size=60; }
   allowed are only: { st_dev=2049; st_ino=3; st_kind=S_IFDIR; st_perm=0o755; st_nlink=2; st_uid=0; st_gid=0; st_rdev=0; st_size=4096; }
   continuing execution with { st_dev=2049; st_ino=3; st_kind=S_IFDIR; st_perm=0o755; st_nlink=2; st_uid=0; st_gid=0; st_rdev=0; st_size=4096; }

Error:    346: stat ../d3
               Tau
               { st_dev=23; st_ino=1194814; st_kind=S_IFDIR; st_perm=0o755; st_nlink=2; st_uid=0; st_gid=0; st_rdev=0; st_size=60; }
   unexpected results: { st_dev=23; st_ino=1194814; st_kind=S_IFDIR; st_perm=0o755; st_nlink=2; st_uid=0; st_gid=0; st_rdev=0; st_size=60; }
   allowed are only: { st_dev=2049; st_ino=3; st_kind=S_IFDIR; st_perm=0o755; st_nlink=2; st_uid=0; st_gid=0; st_rdev=0; st_size=4096; }
   continuing execution with { st_dev=2049; st_ino=3; st_kind=S_IFDIR; st_perm=0o755; st_nlink=2; st_uid=0; st_gid=0; st_rdev=0; st_size=4096; }

Error:    348: stat ..//d3
               Tau
               { st_dev=23; st_ino=1194814; st_kind=S_IFDIR; st_perm=0o755; st_nlink=2; st_uid=0; st_gid=0; st_rdev=0; st_size=60; }
   unexpected results: { st_dev=23; st_ino=1194814; st_kind=S_IFDIR; st_perm=0o755; st_nlink=2; st_uid=0; st_gid=0; st_rdev=0; st_size=60; }
   allowed are only: { st_dev=2049; st_ino=3; st_kind=S_IFDIR; st_perm=0o755; st_nlink=2; st_uid=0; st_gid=0; st_rdev=0; st_size=4096; }
   continuing execution with { st_dev=2049; st_ino=3; st_kind=S_IFDIR; st_perm=0o755; st_nlink=2; st_uid=0; st_gid=0; st_rdev=0; st_size=4096; }

Error:    350: stat .././d3
               Tau
               { st_dev=23; st_ino=1194814; st_kind=S_IFDIR; st_perm=0o755; st_nlink=2; st_uid=0; st_gid=0; st_rdev=0; st_size=60; }
   unexpected results: { st_dev=23; st_ino=1194814; st_kind=S_IFDIR; st_perm=0o755; st_nlink=2; st_uid=0; st_gid=0; st_rdev=0; st_size=60; }
   allowed are only: { st_dev=2049; st_ino=3; st_kind=S_IFDIR; st_perm=0o755; st_nlink=2; st_uid=0; st_gid=0; st_rdev=0; st_size=4096; }
   continuing execution with { st_dev=2049; st_ino=3; st_kind=S_IFDIR; st_perm=0o755; st_nlink=2; st_uid=0; st_gid=0; st_rdev=0; st_size=4096; }

Error:    352: stat ../d3/../d3
               Tau
               { st_dev=23; st_ino=1194814; st_kind=S_IFDIR; st_perm=0o755; st_nlink=2; st_uid=0; st_gid=0; st_rdev=0; st_size=60; }
   unexpected results: { st_dev=23; st_ino=1194814; st_kind=S_IFDIR; st_perm=0o755; st_nlink=2; st_uid=0; st_gid=0; st_rdev=0; st_size=60; }
   allowed are only: { st_dev=2049; st_ino=3; st_kind=S_IFDIR; st_perm=0o755; st_nlink=2; st_uid=0; st_gid=0; st_rdev=0; st_size=4096; }
   continuing execution with { st_dev=2049; st_ino=3; st_kind=S_IFDIR; st_perm=0o755; st_nlink=2; st_uid=0; st_gid=0; st_rdev=0; st_size=4096; }

Error:    369: stat ../..
               Tau
               { st_dev=23; st_ino=1194812; st_kind=S_IFDIR; st_perm=0o755; st_nlink=3; st_uid=0; st_gid=0; st_rdev=0; st_size=80; }
   unexpected results: { st_dev=23; st_ino=1194812; st_kind=S_IFDIR; st_perm=0o755; st_nlink=3; st_uid=0; st_gid=0; st_rdev=0; st_size=80; }
   allowed are only: { st_dev=2049; st_ino=1; st_kind=S_IFDIR; st_perm=0o755; st_nlink=2; st_uid=0; st_gid=0; st_rdev=0; st_size=4096; }
   continuing execution with { st_dev=2049; st_ino=1; st_kind=S_IFDIR; st_perm=0o755; st_nlink=2; st_uid=0; st_gid=0; st_rdev=0; st_size=4096; }

Error:    370: stat ..
               Tau
               { st_dev=23; st_ino=1194813; st_kind=S_IFDIR; st_perm=0o100; st_nlink=3; st_uid=0; st_gid=0; st_rdev=0; st_size=80; }
   unexpected results: { st_dev=23; st_ino=1194813; st_kind=S_IFDIR; st_perm=0o100; st_nlink=3; st_uid=0; st_gid=0; st_rdev=0; st_size=80; }
   allowed are only: { st_dev=2049; st_ino=2; st_kind=S_IFDIR; st_perm=0o100; st_nlink=2; st_uid=0; st_gid=0; st_rdev=0; st_size=4096; }
   continuing execution with { st_dev=2049; st_ino=2; st_kind=S_IFDIR; st_perm=0o100; st_nlink=2; st_uid=0; st_gid=0; st_rdev=0; st_size=4096; }

Error:    371: stat ../
               Tau
               { st_dev=23; st_ino=1194813; st_kind=S_IFDIR; st_perm=0o100; st_nlink=3; st_uid=0; st_gid=0; st_rdev=0; st_size=80; }
   unexpected results: { st_dev=23; st_ino=1194813; st_kind=S_IFDIR; st_perm=0o100; st_nlink=3; st_uid=0; st_gid=0; st_rdev=0; st_size=80; }
   allowed are only: { st_dev=2049; st_ino=2; st_kind=S_IFDIR; st_perm=0o100; st_nlink=2; st_uid=0; st_gid=0; st_rdev=0; st_size=4096; }
   continuing execution with { st_dev=2049; st_ino=2; st_kind=S_IFDIR; st_perm=0o100; st_nlink=2; st_uid=0; st_gid=0; st_rdev=0; st_size=4096; }

Error:    372: stat .
               Tau
               { st_dev=23; st_ino=1194814; st_kind=S_IFDIR; st_perm=0o755; st_nlink=2; st_uid=0; st_gid=0; st_rdev=0; st_size=60; }
   unexpected results: { st_dev=23; st_ino=1194814; st_kind=S_IFDIR; st_perm=0o755; st_nlink=2; st_uid=0; st_gid=0; st_rdev=0; st_size=60; }
   allowed are only: { st_dev=2049; st_ino=3; st_kind=S_IFDIR; st_perm=0o755; st_nlink=2; st_uid=0; st_gid=0; st_rdev=0; st_size=4096; }
   continuing execution with { st_dev=2049; st_ino=3; st_kind=S_IFDIR; st_perm=0o755; st_nlink=2; st_uid=0; st_gid=0; st_rdev=0; st_size=4096; }

Error:    373: stat ../d3
               Tau
               { st_dev=23; st_ino=1194814; st_kind=S_IFDIR; st_perm=0o755; st_nlink=2; st_uid=0; st_gid=0; st_rdev=0; st_size=60; }
   unexpected results: { st_dev=23; st_ino=1194814; st_kind=S_IFDIR; st_perm=0o755; st_nlink=2; st_uid=0; st_gid=0; st_rdev=0; st_size=60; }
   allowed are only: { st_dev=2049; st_ino=3; st_kind=S_IFDIR; st_perm=0o755; st_nlink=2; st_uid=0; st_gid=0; st_rdev=0; st_size=4096; }
   continuing execution with { st_dev=2049; st_ino=3; st_kind=S_IFDIR; st_perm=0o755; st_nlink=2; st_uid=0; st_gid=0; st_rdev=0; st_size=4096; }

Error:    375: stat ..//d3
               Tau
               { st_dev=23; st_ino=1194814; st_kind=S_IFDIR; st_perm=0o755; st_nlink=2; st_uid=0; st_gid=0; st_rdev=0; st_size=60; }
   unexpected results: { st_dev=23; st_ino=1194814; st_kind=S_IFDIR; st_perm=0o755; st_nlink=2; st_uid=0; st_gid=0; st_rdev=0; st_size=60; }
   allowed are only: { st_dev=2049; st_ino=3; st_kind=S_IFDIR; st_perm=0o755; st_nlink=2; st_uid=0; st_gid=0; st_rdev=0; st_size=4096; }
   continuing execution with { st_dev=2049; st_ino=3; st_kind=S_IFDIR; st_perm=0o755; st_nlink=2; st_uid=0; st_gid=0; st_rdev=0; st_size=4096; }

Error:    377: stat .././d3
               Tau
               { st_dev=23; st_ino=1194814; st_kind=S_IFDIR; st_perm=0o755; st_nlink=2; st_uid=0; st_gid=0; st_rdev=0; st_size=60; }
   unexpected results: { st_dev=23; st_ino=1194814; st_kind=S_IFDIR; st_perm=0o755; st_nlink=2; st_uid=0; st_gid=0; st_rdev=0; st_size=60; }
   allowed are only: { st_dev=2049; st_ino=3; st_kind=S_IFDIR; st_perm=0o755; st_nlink=2; st_uid=0; st_gid=0; st_rdev=0; st_size=4096; }
   continuing execution with { st_dev=2049; st_ino=3; st_kind=S_IFDIR; st_perm=0o755; st_nlink=2; st_uid=0; st_gid=0; st_rdev=0; st_size=4096; }

Error:    379: stat ../d3/../d3
               Tau
               { st_dev=23; st_ino=1194814; st_kind=S_IFDIR; st_perm=0o755; st_nlink=2; st_uid=0; st_gid=0; st_rdev=0; st_size=60; }
   unexpected results: { st_dev=23; st_ino=1194814; st_kind=S_IFDIR; st_perm=0o755; st_nlink=2; st_uid=0; st_gid=0; st_rdev=0; st_size=60; }
   allowed are only: { st_dev=2049; st_ino=3; st_kind=S_IFDIR; st_perm=0o755; st_nlink=2; st_uid=0; st_gid=0; st_rdev=0; st_size=4096; }
   continuing execution with { st_dev=2049; st_ino=3; st_kind=S_IFDIR; st_perm=0o755; st_nlink=2; st_uid=0; st_gid=0; st_rdev=0; st_size=4096; }

Error:    397: stat ../..
               Tau
               { st_dev=23; st_ino=1194812; st_kind=S_IFDIR; st_perm=0o755; st_nlink=3; st_uid=0; st_gid=0; st_rdev=0; st_size=80; }
   unexpected results: { st_dev=23; st_ino=1194812; st_kind=S_IFDIR; st_perm=0o755; st_nlink=3; st_uid=0; st_gid=0; st_rdev=0; st_size=80; }
   allowed are only: { st_dev=2049; st_ino=1; st_kind=S_IFDIR; st_perm=0o755; st_nlink=2; st_uid=0; st_gid=0; st_rdev=0; st_size=4096; }
   continuing execution with { st_dev=2049; st_ino=1; st_kind=S_IFDIR; st_perm=0o755; st_nlink=2; st_uid=0; st_gid=0; st_rdev=0; st_size=4096; }

Error:    398: stat ..
               Tau
               { st_dev=23; st_ino=1194813; st_kind=S_IFDIR; st_perm=0o400; st_nlink=3; st_uid=0; st_gid=0; st_rdev=0; st_size=80; }
   unexpected results: { st_dev=23; st_ino=1194813; st_kind=S_IFDIR; st_perm=0o400; st_nlink=3; st_uid=0; st_gid=0; st_rdev=0; st_size=80; }
   allowed are only: { st_dev=2049; st_ino=2; st_kind=S_IFDIR; st_perm=0o400; st_nlink=2; st_uid=0; st_gid=0; st_rdev=0; st_size=4096; }
   continuing execution with { st_dev=2049; st_ino=2; st_kind=S_IFDIR; st_perm=0o400; st_nlink=2; st_uid=0; st_gid=0; st_rdev=0; st_size=4096; }

Error:    399: stat ../
               Tau
               { st_dev=23; st_ino=1194813; st_kind=S_IFDIR; st_perm=0o400; st_nlink=3; st_uid=0; st_gid=0; st_rdev=0; st_size=80; }
   unexpected results: { st_dev=23; st_ino=1194813; st_kind=S_IFDIR; st_perm=0o400; st_nlink=3; st_uid=0; st_gid=0; st_rdev=0; st_size=80; }
   allowed are only: { st_dev=2049; st_ino=2; st_kind=S_IFDIR; st_perm=0o400; st_nlink=2; st_uid=0; st_gid=0; st_rdev=0; st_size=4096; }
   continuing execution with { st_dev=2049; st_ino=2; st_kind=S_IFDIR; st_perm=0o400; st_nlink=2; st_uid=0; st_gid=0; st_rdev=0; st_size=4096; }

Error:    400: stat .
               Tau
               { st_dev=23; st_ino=1194814; st_kind=S_IFDIR; st_perm=0o755; st_nlink=2; st_uid=0; st_gid=0; st_rdev=0; st_size=60; }
   unexpected results: { st_dev=23; st_ino=1194814; st_kind=S_IFDIR; st_perm=0o755; st_nlink=2; st_uid=0; st_gid=0; st_rdev=0; st_size=60; }
   allowed are only: { st_dev=2049; st_ino=3; st_kind=S_IFDIR; st_perm=0o755; st_nlink=2; st_uid=0; st_gid=0; st_rdev=0; st_size=4096; }
   continuing execution with { st_dev=2049; st_ino=3; st_kind=S_IFDIR; st_perm=0o755; st_nlink=2; st_uid=0; st_gid=0; st_rdev=0; st_size=4096; }

Error:    401: stat ../d3
               Tau
               { st_dev=23; st_ino=1194814; st_kind=S_IFDIR; st_perm=0o755; st_nlink=2; st_uid=0; st_gid=0; st_rdev=0; st_size=60; }
   unexpected results: { st_dev=23; st_ino=1194814; st_kind=S_IFDIR; st_perm=0o755; st_nlink=2; st_uid=0; st_gid=0; st_rdev=0; st_size=60; }
   allowed are only: { st_dev=2049; st_ino=3; st_kind=S_IFDIR; st_perm=0o755; st_nlink=2; st_uid=0; st_gid=0; st_rdev=0; st_size=4096; }
   continuing execution with { st_dev=2049; st_ino=3; st_kind=S_IFDIR; st_perm=0o755; st_nlink=2; st_uid=0; st_gid=0; st_rdev=0; st_size=4096; }

Error:    403: stat ..//d3
               Tau
               { st_dev=23; st_ino=1194814; st_kind=S_IFDIR; st_perm=0o755; st_nlink=2; st_uid=0; st_gid=0; st_rdev=0; st_size=60; }
   unexpected results: { st_dev=23; st_ino=1194814; st_kind=S_IFDIR; st_perm=0o755; st_nlink=2; st_uid=0; st_gid=0; st_rdev=0; st_size=60; }
   allowed are only: { st_dev=2049; st_ino=3; st_kind=S_IFDIR; st_perm=0o755; st_nlink=2; st_uid=0; st_gid=0; st_rdev=0; st_size=4096; }
   continuing execution with { st_dev=2049; st_ino=3; st_kind=S_IFDIR; st_perm=0o755; st_nlink=2; st_uid=0; st_gid=0; st_rdev=0; st_size=4096; }

Error:    405: stat .././d3
               Tau
               { st_dev=23; st_ino=1194814; st_kind=S_IFDIR; st_perm=0o755; st_nlink=2; st_uid=0; st_gid=0; st_rdev=0; st_size=60; }
   unexpected results: { st_dev=23; st_ino=1194814; st_kind=S_IFDIR; st_perm=0o755; st_nlink=2; st_uid=0; st_gid=0; st_rdev=0; st_size=60; }
   allowed are only: { st_dev=2049; st_ino=3; st_kind=S_IFDIR; st_perm=0o755; st_nlink=2; st_uid=0; st_gid=0; st_rdev=0; st_size=4096; }
   continuing execution with { st_dev=2049; st_ino=3; st_kind=S_IFDIR; st_perm=0o755; st_nlink=2; st_uid=0; st_gid=0; st_rdev=0; st_size=4096; }

Error:    407: stat ../d3/../d3
               Tau
               { st_dev=23; st_ino=1194814; st_kind=S_IFDIR; st_perm=0o755; st_nlink=2; st_uid=0; st_gid=0; st_rdev=0; st_size=60; }
   unexpected results: { st_dev=23; st_ino=1194814; st_kind=S_IFDIR; st_perm=0o755; st_nlink=2; st_uid=0; st_gid=0; st_rdev=0; st_size=60; }
   allowed are only: { st_dev=2049; st_ino=3; st_kind=S_IFDIR; st_perm=0o755; st_nlink=2; st_uid=0; st_gid=0; st_rdev=0; st_size=4096; }
   continuing execution with { st_dev=2049; st_ino=3; st_kind=S_IFDIR; st_perm=0o755; st_nlink=2; st_uid=0; st_gid=0; st_rdev=0; st_size=4096; }
