< uname -s
@ /root/fs/fs_test/./posix.native "-c" "adhoc_umask-int.trace" "-cpo" "results/posix_results-adhoc_umask-check.trace" "-cpl" "results/posix_results-adhoc_umask" "-cl" "results/diff_results-adhoc_umask" "-tmp" "/root/fs/fs_test/mnt/tmpfs" "-arch" "linux"
< id -u -n
< id -g -n

Error:     49: stat dir_777
               Tau
               { st_dev=23; st_ino=1194784; st_kind=S_IFDIR; st_perm=0o755; st_nlink=2; st_uid=0; st_gid=0; st_rdev=0; st_size=40; }
   unexpected results: { st_dev=23; st_ino=1194784; st_kind=S_IFDIR; st_perm=0o755; st_nlink=2; st_uid=0; st_gid=0; st_rdev=0; st_size=40; }
   allowed are only: { st_dev=2049; st_ino=7; st_kind=S_IFDIR; st_perm=0o755; st_nlink=2; st_uid=0; st_gid=0; st_rdev=0; st_size=4096; }
   continuing execution with { st_dev=2049; st_ino=7; st_kind=S_IFDIR; st_perm=0o755; st_nlink=2; st_uid=0; st_gid=0; st_rdev=0; st_size=4096; }

Error:     52: stat dir_444
               Tau
               { st_dev=23; st_ino=1194785; st_kind=S_IFDIR; st_perm=0o444; st_nlink=2; st_uid=0; st_gid=0; st_rdev=0; st_size=40; }
   unexpected results: { st_dev=23; st_ino=1194785; st_kind=S_IFDIR; st_perm=0o444; st_nlink=2; st_uid=0; st_gid=0; st_rdev=0; st_size=40; }
   allowed are only: { st_dev=2049; st_ino=8; st_kind=S_IFDIR; st_perm=0o444; st_nlink=2; st_uid=0; st_gid=0; st_rdev=0; st_size=4096; }
   continuing execution with { st_dev=2049; st_ino=8; st_kind=S_IFDIR; st_perm=0o444; st_nlink=2; st_uid=0; st_gid=0; st_rdev=0; st_size=4096; }

Error:     55: stat dir_322
               Tau
               { st_dev=23; st_ino=1194786; st_kind=S_IFDIR; st_perm=0o300; st_nlink=2; st_uid=0; st_gid=0; st_rdev=0; st_size=40; }
   unexpected results: { st_dev=23; st_ino=1194786; st_kind=S_IFDIR; st_perm=0o300; st_nlink=2; st_uid=0; st_gid=0; st_rdev=0; st_size=40; }
   allowed are only: { st_dev=2049; st_ino=9; st_kind=S_IFDIR; st_perm=0o300; st_nlink=2; st_uid=0; st_gid=0; st_rdev=0; st_size=4096; }
   continuing execution with { st_dev=2049; st_ino=9; st_kind=S_IFDIR; st_perm=0o300; st_nlink=2; st_uid=0; st_gid=0; st_rdev=0; st_size=4096; }

Error:     68: stat f_777.txt
               Tau
               { st_dev=23; st_ino=1194787; st_kind=S_IFREG; st_perm=0o777; st_nlink=1; st_uid=0; st_gid=0; st_rdev=0; st_size=0; }
   unexpected results: { st_dev=23; st_ino=1194787; st_kind=S_IFREG; st_perm=0o777; st_nlink=1; st_uid=0; st_gid=0; st_rdev=0; st_size=0; }
   allowed are only: { st_dev=2049; st_ino=10; st_kind=S_IFREG; st_perm=0o755; st_nlink=2; st_uid=0; st_gid=0; st_rdev=0; st_size=0; }
   continuing execution with { st_dev=2049; st_ino=10; st_kind=S_IFREG; st_perm=0o755; st_nlink=2; st_uid=0; st_gid=0; st_rdev=0; st_size=0; }

Error:     76: stat f_322.txt
               Tau
               { st_dev=23; st_ino=1194789; st_kind=S_IFREG; st_perm=0o322; st_nlink=1; st_uid=0; st_gid=0; st_rdev=0; st_size=0; }
   unexpected results: { st_dev=23; st_ino=1194789; st_kind=S_IFREG; st_perm=0o322; st_nlink=1; st_uid=0; st_gid=0; st_rdev=0; st_size=0; }
   allowed are only: { st_dev=2049; st_ino=12; st_kind=S_IFREG; st_perm=0o300; st_nlink=2; st_uid=0; st_gid=0; st_rdev=0; st_size=0; }
   continuing execution with { st_dev=2049; st_ino=12; st_kind=S_IFREG; st_perm=0o300; st_nlink=2; st_uid=0; st_gid=0; st_rdev=0; st_size=0; }

Error:     79: stat dir_777
               Tau
               { st_dev=23; st_ino=1194790; st_kind=S_IFDIR; st_perm=0o777; st_nlink=2; st_uid=0; st_gid=0; st_rdev=0; st_size=40; }
   unexpected results: { st_dev=23; st_ino=1194790; st_kind=S_IFDIR; st_perm=0o777; st_nlink=2; st_uid=0; st_gid=0; st_rdev=0; st_size=40; }
   allowed are only: { st_dev=2049; st_ino=13; st_kind=S_IFDIR; st_perm=0o755; st_nlink=2; st_uid=0; st_gid=0; st_rdev=0; st_size=4096; }
   continuing execution with { st_dev=2049; st_ino=13; st_kind=S_IFDIR; st_perm=0o755; st_nlink=2; st_uid=0; st_gid=0; st_rdev=0; st_size=4096; }

Error:     82: stat dir_444
               Tau
               { st_dev=23; st_ino=1194791; st_kind=S_IFDIR; st_perm=0o444; st_nlink=2; st_uid=0; st_gid=0; st_rdev=0; st_size=40; }
   unexpected results: { st_dev=23; st_ino=1194791; st_kind=S_IFDIR; st_perm=0o444; st_nlink=2; st_uid=0; st_gid=0; st_rdev=0; st_size=40; }
   allowed are only: { st_dev=2049; st_ino=14; st_kind=S_IFDIR; st_perm=0o444; st_nlink=2; st_uid=0; st_gid=0; st_rdev=0; st_size=4096; }
   continuing execution with { st_dev=2049; st_ino=14; st_kind=S_IFDIR; st_perm=0o444; st_nlink=2; st_uid=0; st_gid=0; st_rdev=0; st_size=4096; }

Error:     85: stat dir_322
               Tau
               { st_dev=23; st_ino=1194792; st_kind=S_IFDIR; st_perm=0o322; st_nlink=2; st_uid=0; st_gid=0; st_rdev=0; st_size=40; }
   unexpected results: { st_dev=23; st_ino=1194792; st_kind=S_IFDIR; st_perm=0o322; st_nlink=2; st_uid=0; st_gid=0; st_rdev=0; st_size=40; }
   allowed are only: { st_dev=2049; st_ino=15; st_kind=S_IFDIR; st_perm=0o300; st_nlink=2; st_uid=0; st_gid=0; st_rdev=0; st_size=4096; }
   continuing execution with { st_dev=2049; st_ino=15; st_kind=S_IFDIR; st_perm=0o300; st_nlink=2; st_uid=0; st_gid=0; st_rdev=0; st_size=4096; }

Error:     99: stat f_777.txt
               Tau
               { st_dev=23; st_ino=1194793; st_kind=S_IFREG; st_perm=0o333; st_nlink=1; st_uid=0; st_gid=0; st_rdev=0; st_size=0; }
   unexpected results: { st_dev=23; st_ino=1194793; st_kind=S_IFREG; st_perm=0o333; st_nlink=1; st_uid=0; st_gid=0; st_rdev=0; st_size=0; }
   allowed are only: { st_dev=2049; st_ino=16; st_kind=S_IFREG; st_perm=0o755; st_nlink=2; st_uid=0; st_gid=0; st_rdev=0; st_size=0; }
   continuing execution with { st_dev=2049; st_ino=16; st_kind=S_IFREG; st_perm=0o755; st_nlink=2; st_uid=0; st_gid=0; st_rdev=0; st_size=0; }

Error:    103: stat f_444.txt
               Tau
               { st_dev=23; st_ino=1194794; st_kind=S_IFREG; st_perm=0o000; st_nlink=1; st_uid=0; st_gid=0; st_rdev=0; st_size=0; }
   unexpected results: { st_dev=23; st_ino=1194794; st_kind=S_IFREG; st_perm=0o000; st_nlink=1; st_uid=0; st_gid=0; st_rdev=0; st_size=0; }
   allowed are only: { st_dev=2049; st_ino=17; st_kind=S_IFREG; st_perm=0o444; st_nlink=2; st_uid=0; st_gid=0; st_rdev=0; st_size=0; }
   continuing execution with { st_dev=2049; st_ino=17; st_kind=S_IFREG; st_perm=0o444; st_nlink=2; st_uid=0; st_gid=0; st_rdev=0; st_size=0; }

Error:    107: stat f_322.txt
               Tau
               { st_dev=23; st_ino=1194795; st_kind=S_IFREG; st_perm=0o322; st_nlink=1; st_uid=0; st_gid=0; st_rdev=0; st_size=0; }
   unexpected results: { st_dev=23; st_ino=1194795; st_kind=S_IFREG; st_perm=0o322; st_nlink=1; st_uid=0; st_gid=0; st_rdev=0; st_size=0; }
   allowed are only: { st_dev=2049; st_ino=18; st_kind=S_IFREG; st_perm=0o300; st_nlink=2; st_uid=0; st_gid=0; st_rdev=0; st_size=0; }
   continuing execution with { st_dev=2049; st_ino=18; st_kind=S_IFREG; st_perm=0o300; st_nlink=2; st_uid=0; st_gid=0; st_rdev=0; st_size=0; }

Error:    110: stat dir_777
               Tau
               { st_dev=23; st_ino=1194796; st_kind=S_IFDIR; st_perm=0o333; st_nlink=2; st_uid=0; st_gid=0; st_rdev=0; st_size=40; }
   unexpected results: { st_dev=23; st_ino=1194796; st_kind=S_IFDIR; st_perm=0o333; st_nlink=2; st_uid=0; st_gid=0; st_rdev=0; st_size=40; }
   allowed are only: { st_dev=2049; st_ino=19; st_kind=S_IFDIR; st_perm=0o755; st_nlink=2; st_uid=0; st_gid=0; st_rdev=0; st_size=4096; }
   continuing execution with { st_dev=2049; st_ino=19; st_kind=S_IFDIR; st_perm=0o755; st_nlink=2; st_uid=0; st_gid=0; st_rdev=0; st_size=4096; }

Error:    113: stat dir_444
               Tau
               { st_dev=23; st_ino=1194797; st_kind=S_IFDIR; st_perm=0o000; st_nlink=2; st_uid=0; st_gid=0; st_rdev=0; st_size=40; }
   unexpected results: { st_dev=23; st_ino=1194797; st_kind=S_IFDIR; st_perm=0o000; st_nlink=2; st_uid=0; st_gid=0; st_rdev=0; st_size=40; }
   allowed are only: { st_dev=2049; st_ino=20; st_kind=S_IFDIR; st_perm=0o444; st_nlink=2; st_uid=0; st_gid=0; st_rdev=0; st_size=4096; }
   continuing execution with { st_dev=2049; st_ino=20; st_kind=S_IFDIR; st_perm=0o444; st_nlink=2; st_uid=0; st_gid=0; st_rdev=0; st_size=4096; }

Error:    116: stat dir_322
               Tau
               { st_dev=23; st_ino=1194798; st_kind=S_IFDIR; st_perm=0o322; st_nlink=2; st_uid=0; st_gid=0; st_rdev=0; st_size=40; }
   unexpected results: { st_dev=23; st_ino=1194798; st_kind=S_IFDIR; st_perm=0o322; st_nlink=2; st_uid=0; st_gid=0; st_rdev=0; st_size=40; }
   allowed are only: { st_dev=2049; st_ino=21; st_kind=S_IFDIR; st_perm=0o300; st_nlink=2; st_uid=0; st_gid=0; st_rdev=0; st_size=4096; }
   continuing execution with { st_dev=2049; st_ino=21; st_kind=S_IFDIR; st_perm=0o300; st_nlink=2; st_uid=0; st_gid=0; st_rdev=0; st_size=4096; }
