#####################################
# Test 1
#####################################
mkdir /test_dir_0001 0o777
Tau
RV_none

chdir /test_dir_0001
Tau
RV_none

mkdir empty_dir1 0o777
Tau
RV_none

mkdir empty_dir2 0o777
Tau
RV_none

mkdir nonempty_dir1 0o777
Tau
RV_none

open_close nonempty_dir1/f1.txt [O_WRONLY;O_CREAT] 0o666
Tau
RV_none

mkdir nonempty_dir1/d2 0o777
Tau
RV_none

open nonempty_dir1/d2/f3.txt [O_WRONLY;O_CREAT] 0o666
Tau
RV_num(3)

write! (FD 3) "Lorem ipsum dolor sit amet, consectetur adipisicing elit, sed do eiusmod tempor inc" 83
Tau
RV_num(83)

close (FD 3)
Tau
RV_none

mkdir nonempty_dir1/d2/d3 0o777
Tau
RV_none

mkdir nonempty_dir2 0o777
Tau
RV_none

open_close nonempty_dir2/f1.txt [O_WRONLY;O_CREAT] 0o666
Tau
RV_none

open nonempty_dir2/f2.txt [O_WRONLY;O_CREAT] 0o666
Tau
RV_num(3)

write! (FD 3) "Lorem ipsum dolor sit amet, consectetur adipisicing elit, sed do eiusmod tempor incididunt ut labore et dolore magna aliqua. Ut enim ad minim veniam, quis nostrud exer" 167
Tau
RV_num(167)

close (FD 3)
Tau
RV_none

mkdir nonempty_dir2/d2 0o777
Tau
RV_none

mkdir nonempty_dir2/d2/d3 0o777
Tau
RV_none

rmdir empty_dir1
Tau
RV_none

dump-result /test_dir_0001
   /test_dir_0001|D|234
   /test_dir_0001/empty_dir2|D|238
   /test_dir_0001/nonempty_dir1|D|243
   /test_dir_0001/nonempty_dir2|D|258
   /test_dir_0001/nonempty_dir1/d2|D|248
   /test_dir_0001/nonempty_dir1/f1.txt|F|245|0|da39a3ee5e6b4b0d3255bfef95601890afd80709
   /test_dir_0001/nonempty_dir1/d2/d3|D|254
   /test_dir_0001/nonempty_dir1/d2/f3.txt|F|250|83|4b535f836f6006423fc132a59e78dfcc4fe6292f
   /test_dir_0001/nonempty_dir2/d2|D|273
   /test_dir_0001/nonempty_dir2/f1.txt|F|263|0|da39a3ee5e6b4b0d3255bfef95601890afd80709
   /test_dir_0001/nonempty_dir2/f2.txt|F|269|167|d09f4e47c22373e56c2369633ac3dcb71d598601
   /test_dir_0001/nonempty_dir2/d2/d3|D|277
end dump-result


#####################################
# Test 2
#####################################
mkdir /test_dir_0002 0o777
Tau
RV_none

chdir /test_dir_0002
Tau
RV_none

mkdir empty_dir1 0o777
Tau
RV_none

mkdir empty_dir2 0o777
Tau
RV_none

mkdir nonempty_dir1 0o777
Tau
RV_none

open_close nonempty_dir1/f1.txt [O_WRONLY;O_CREAT] 0o666
Tau
RV_none

mkdir nonempty_dir1/d2 0o777
Tau
RV_none

open nonempty_dir1/d2/f3.txt [O_WRONLY;O_CREAT] 0o666
Tau
RV_num(3)

write! (FD 3) "Lorem ipsum dolor sit amet, consectetur adipisicing elit, sed do eiusmod tempor inc" 83
Tau
RV_num(83)

close (FD 3)
Tau
RV_none

mkdir nonempty_dir1/d2/d3 0o777
Tau
RV_none

mkdir nonempty_dir2 0o777
Tau
RV_none

open_close nonempty_dir2/f1.txt [O_WRONLY;O_CREAT] 0o666
Tau
RV_none

open nonempty_dir2/f2.txt [O_WRONLY;O_CREAT] 0o666
Tau
RV_num(3)

write! (FD 3) "Lorem ipsum dolor sit amet, consectetur adipisicing elit, sed do eiusmod tempor incididunt ut labore et dolore magna aliqua. Ut enim ad minim veniam, quis nostrud exer" 167
Tau
RV_num(167)

close (FD 3)
Tau
RV_none

mkdir nonempty_dir2/d2 0o777
Tau
RV_none

mkdir nonempty_dir2/d2/d3 0o777
Tau
RV_none

rmdir empty_dir1/
Tau
RV_none

dump-result /test_dir_0002
   /test_dir_0002|D|304
   /test_dir_0002/empty_dir2|D|308
   /test_dir_0002/nonempty_dir1|D|310
   /test_dir_0002/nonempty_dir2|D|328
   /test_dir_0002/nonempty_dir1/d2|D|316
   /test_dir_0002/nonempty_dir1/f1.txt|F|312|0|da39a3ee5e6b4b0d3255bfef95601890afd80709
   /test_dir_0002/nonempty_dir1/d2/d3|D|325
   /test_dir_0002/nonempty_dir1/d2/f3.txt|F|319|83|4b535f836f6006423fc132a59e78dfcc4fe6292f
   /test_dir_0002/nonempty_dir2/d2|D|346
   /test_dir_0002/nonempty_dir2/f1.txt|F|333|0|da39a3ee5e6b4b0d3255bfef95601890afd80709
   /test_dir_0002/nonempty_dir2/f2.txt|F|340|167|d09f4e47c22373e56c2369633ac3dcb71d598601
   /test_dir_0002/nonempty_dir2/d2/d3|D|351
end dump-result


#####################################
# Test 3
#####################################
mkdir /test_dir_0003 0o777
Tau
RV_none

chdir /test_dir_0003
Tau
RV_none

mkdir empty_dir1 0o777
Tau
RV_none

mkdir empty_dir2 0o777
Tau
RV_none

mkdir nonempty_dir1 0o777
Tau
RV_none

open_close nonempty_dir1/f1.txt [O_WRONLY;O_CREAT] 0o666
Tau
RV_none

mkdir nonempty_dir1/d2 0o777
Tau
RV_none

open nonempty_dir1/d2/f3.txt [O_WRONLY;O_CREAT] 0o666
Tau
RV_num(3)

write! (FD 3) "Lorem ipsum dolor sit amet, consectetur adipisicing elit, sed do eiusmod tempor inc" 83
Tau
RV_num(83)

close (FD 3)
Tau
RV_none

mkdir nonempty_dir1/d2/d3 0o777
Tau
RV_none

mkdir nonempty_dir2 0o777
Tau
RV_none

open_close nonempty_dir2/f1.txt [O_WRONLY;O_CREAT] 0o666
Tau
RV_none

open nonempty_dir2/f2.txt [O_WRONLY;O_CREAT] 0o666
Tau
RV_num(3)

write! (FD 3) "Lorem ipsum dolor sit amet, consectetur adipisicing elit, sed do eiusmod tempor incididunt ut labore et dolore magna aliqua. Ut enim ad minim veniam, quis nostrud exer" 167
Tau
RV_num(167)

close (FD 3)
Tau
RV_none

mkdir nonempty_dir2/d2 0o777
Tau
RV_none

mkdir nonempty_dir2/d2/d3 0o777
Tau
RV_none

rmdir empty_dir2
Tau
RV_none

dump-result /test_dir_0003
   /test_dir_0003|D|397
   /test_dir_0003/empty_dir1|D|399
   /test_dir_0003/nonempty_dir1|D|403
   /test_dir_0003/nonempty_dir2|D|416
   /test_dir_0003/nonempty_dir1/d2|D|407
   /test_dir_0003/nonempty_dir1/f1.txt|F|405|0|da39a3ee5e6b4b0d3255bfef95601890afd80709
   /test_dir_0003/nonempty_dir1/d2/d3|D|412
   /test_dir_0003/nonempty_dir1/d2/f3.txt|F|409|83|4b535f836f6006423fc132a59e78dfcc4fe6292f
   /test_dir_0003/nonempty_dir2/d2|D|434
   /test_dir_0003/nonempty_dir2/f1.txt|F|421|0|da39a3ee5e6b4b0d3255bfef95601890afd80709
   /test_dir_0003/nonempty_dir2/f2.txt|F|427|167|d09f4e47c22373e56c2369633ac3dcb71d598601
   /test_dir_0003/nonempty_dir2/d2/d3|D|439
end dump-result


#####################################
# Test 4
#####################################
mkdir /test_dir_0004 0o777
Tau
RV_none

chdir /test_dir_0004
Tau
RV_none

mkdir empty_dir1 0o777
Tau
RV_none

mkdir empty_dir2 0o777
Tau
RV_none

mkdir nonempty_dir1 0o777
Tau
RV_none

open_close nonempty_dir1/f1.txt [O_WRONLY;O_CREAT] 0o666
Tau
RV_none

mkdir nonempty_dir1/d2 0o777
Tau
RV_none

open nonempty_dir1/d2/f3.txt [O_WRONLY;O_CREAT] 0o666
Tau
RV_num(3)

write! (FD 3) "Lorem ipsum dolor sit amet, consectetur adipisicing elit, sed do eiusmod tempor inc" 83
Tau
RV_num(83)

close (FD 3)
Tau
RV_none

mkdir nonempty_dir1/d2/d3 0o777
Tau
RV_none

mkdir nonempty_dir2 0o777
Tau
RV_none

open_close nonempty_dir2/f1.txt [O_WRONLY;O_CREAT] 0o666
Tau
RV_none

open nonempty_dir2/f2.txt [O_WRONLY;O_CREAT] 0o666
Tau
RV_num(3)

write! (FD 3) "Lorem ipsum dolor sit amet, consectetur adipisicing elit, sed do eiusmod tempor incididunt ut labore et dolore magna aliqua. Ut enim ad minim veniam, quis nostrud exer" 167
Tau
RV_num(167)

close (FD 3)
Tau
RV_none

mkdir nonempty_dir2/d2 0o777
Tau
RV_none

mkdir nonempty_dir2/d2/d3 0o777
Tau
RV_none

rmdir empty_dir2/
Tau
RV_none

dump-result /test_dir_0004
   /test_dir_0004|D|487
   /test_dir_0004/empty_dir1|D|489
   /test_dir_0004/nonempty_dir1|D|493
   /test_dir_0004/nonempty_dir2|D|508
   /test_dir_0004/nonempty_dir1/d2|D|498
   /test_dir_0004/nonempty_dir1/f1.txt|F|496|0|da39a3ee5e6b4b0d3255bfef95601890afd80709
   /test_dir_0004/nonempty_dir1/d2/d3|D|503
   /test_dir_0004/nonempty_dir1/d2/f3.txt|F|499|83|4b535f836f6006423fc132a59e78dfcc4fe6292f
   /test_dir_0004/nonempty_dir2/d2|D|525
   /test_dir_0004/nonempty_dir2/f1.txt|F|513|0|da39a3ee5e6b4b0d3255bfef95601890afd80709
   /test_dir_0004/nonempty_dir2/f2.txt|F|519|167|d09f4e47c22373e56c2369633ac3dcb71d598601
   /test_dir_0004/nonempty_dir2/d2/d3|D|530
end dump-result


#####################################
# Test 5
#####################################
mkdir /test_dir_0005 0o777
Tau
RV_none

chdir /test_dir_0005
Tau
RV_none

mkdir empty_dir1 0o777
Tau
RV_none

mkdir empty_dir2 0o777
Tau
RV_none

mkdir nonempty_dir1 0o777
Tau
RV_none

open_close nonempty_dir1/f1.txt [O_WRONLY;O_CREAT] 0o666
Tau
RV_none

mkdir nonempty_dir1/d2 0o777
Tau
RV_none

open nonempty_dir1/d2/f3.txt [O_WRONLY;O_CREAT] 0o666
Tau
RV_num(3)

write! (FD 3) "Lorem ipsum dolor sit amet, consectetur adipisicing elit, sed do eiusmod tempor inc" 83
Tau
RV_num(83)

close (FD 3)
Tau
RV_none

mkdir nonempty_dir1/d2/d3 0o777
Tau
RV_none

mkdir nonempty_dir2 0o777
Tau
RV_none

open_close nonempty_dir2/f1.txt [O_WRONLY;O_CREAT] 0o666
Tau
RV_none

open nonempty_dir2/f2.txt [O_WRONLY;O_CREAT] 0o666
Tau
RV_num(3)

write! (FD 3) "Lorem ipsum dolor sit amet, consectetur adipisicing elit, sed do eiusmod tempor incididunt ut labore et dolore magna aliqua. Ut enim ad minim veniam, quis nostrud exer" 167
Tau
RV_num(167)

close (FD 3)
Tau
RV_none

mkdir nonempty_dir2/d2 0o777
Tau
RV_none

mkdir nonempty_dir2/d2/d3 0o777
Tau
RV_none

rmdir nonempty_dir1
Tau
EPERM

dump-result /test_dir_0005
   /test_dir_0005|D|582
   /test_dir_0005/empty_dir1|D|584
   /test_dir_0005/empty_dir2|D|586
   /test_dir_0005/nonempty_dir1|D|632
   /test_dir_0005/nonempty_dir2|D|602
   /test_dir_0005/nonempty_dir1/d2|D|648
   /test_dir_0005/nonempty_dir1/f1.txt|F|649|0|da39a3ee5e6b4b0d3255bfef95601890afd80709
   /test_dir_0005/nonempty_dir1/d2/d3|D|657
   /test_dir_0005/nonempty_dir1/d2/f3.txt|F|662|83|4b535f836f6006423fc132a59e78dfcc4fe6292f
   /test_dir_0005/nonempty_dir2/d2|D|618
   /test_dir_0005/nonempty_dir2/f1.txt|F|607|0|da39a3ee5e6b4b0d3255bfef95601890afd80709
   /test_dir_0005/nonempty_dir2/f2.txt|F|611|167|d09f4e47c22373e56c2369633ac3dcb71d598601
   /test_dir_0005/nonempty_dir2/d2/d3|D|622
end dump-result


#####################################
# Test 6
#####################################
mkdir /test_dir_0006 0o777
Tau
RV_none

chdir /test_dir_0006
Tau
RV_none

mkdir empty_dir1 0o777
Tau
RV_none

mkdir empty_dir2 0o777
Tau
RV_none

mkdir nonempty_dir1 0o777
Tau
RV_none

open_close nonempty_dir1/f1.txt [O_WRONLY;O_CREAT] 0o666
Tau
RV_none

mkdir nonempty_dir1/d2 0o777
Tau
RV_none

open nonempty_dir1/d2/f3.txt [O_WRONLY;O_CREAT] 0o666
Tau
RV_num(3)

write! (FD 3) "Lorem ipsum dolor sit amet, consectetur adipisicing elit, sed do eiusmod tempor inc" 83
Tau
RV_num(83)

close (FD 3)
Tau
RV_none

mkdir nonempty_dir1/d2/d3 0o777
Tau
RV_none

mkdir nonempty_dir2 0o777
Tau
RV_none

open_close nonempty_dir2/f1.txt [O_WRONLY;O_CREAT] 0o666
Tau
RV_none

open nonempty_dir2/f2.txt [O_WRONLY;O_CREAT] 0o666
Tau
RV_num(3)

write! (FD 3) "Lorem ipsum dolor sit amet, consectetur adipisicing elit, sed do eiusmod tempor incididunt ut labore et dolore magna aliqua. Ut enim ad minim veniam, quis nostrud exer" 167
Tau
RV_num(167)

close (FD 3)
Tau
RV_none

mkdir nonempty_dir2/d2 0o777
Tau
RV_none

mkdir nonempty_dir2/d2/d3 0o777
Tau
RV_none

rmdir nonempty_dir1/
Tau
EPERM

dump-result /test_dir_0006
   /test_dir_0006|D|682
   /test_dir_0006/empty_dir1|D|683
   /test_dir_0006/empty_dir2|D|685
   /test_dir_0006/nonempty_dir1|D|734
   /test_dir_0006/nonempty_dir2|D|701
   /test_dir_0006/nonempty_dir1/d2|D|750
   /test_dir_0006/nonempty_dir1/f1.txt|F|751|0|da39a3ee5e6b4b0d3255bfef95601890afd80709
   /test_dir_0006/nonempty_dir1/d2/d3|D|759
   /test_dir_0006/nonempty_dir1/d2/f3.txt|F|761|83|4b535f836f6006423fc132a59e78dfcc4fe6292f
   /test_dir_0006/nonempty_dir2/d2|D|720
   /test_dir_0006/nonempty_dir2/f1.txt|F|706|0|da39a3ee5e6b4b0d3255bfef95601890afd80709
   /test_dir_0006/nonempty_dir2/f2.txt|F|711|167|d09f4e47c22373e56c2369633ac3dcb71d598601
   /test_dir_0006/nonempty_dir2/d2/d3|D|726
end dump-result


#####################################
# Test 7
#####################################
mkdir /test_dir_0007 0o777
Tau
RV_none

chdir /test_dir_0007
Tau
RV_none

mkdir empty_dir1 0o777
Tau
RV_none

mkdir empty_dir2 0o777
Tau
RV_none

mkdir nonempty_dir1 0o777
Tau
RV_none

open_close nonempty_dir1/f1.txt [O_WRONLY;O_CREAT] 0o666
Tau
RV_none

mkdir nonempty_dir1/d2 0o777
Tau
RV_none

open nonempty_dir1/d2/f3.txt [O_WRONLY;O_CREAT] 0o666
Tau
RV_num(3)

write! (FD 3) "Lorem ipsum dolor sit amet, consectetur adipisicing elit, sed do eiusmod tempor inc" 83
Tau
RV_num(83)

close (FD 3)
Tau
RV_none

mkdir nonempty_dir1/d2/d3 0o777
Tau
RV_none

mkdir nonempty_dir2 0o777
Tau
RV_none

open_close nonempty_dir2/f1.txt [O_WRONLY;O_CREAT] 0o666
Tau
RV_none

open nonempty_dir2/f2.txt [O_WRONLY;O_CREAT] 0o666
Tau
RV_num(3)

write! (FD 3) "Lorem ipsum dolor sit amet, consectetur adipisicing elit, sed do eiusmod tempor incididunt ut labore et dolore magna aliqua. Ut enim ad minim veniam, quis nostrud exer" 167
Tau
RV_num(167)

close (FD 3)
Tau
RV_none

mkdir nonempty_dir2/d2 0o777
Tau
RV_none

mkdir nonempty_dir2/d2/d3 0o777
Tau
RV_none

rmdir nonempty_dir1/d2
Tau
EPERM

dump-result /test_dir_0007
   /test_dir_0007|D|781
   /test_dir_0007/empty_dir1|D|784
   /test_dir_0007/empty_dir2|D|786
   /test_dir_0007/nonempty_dir1|D|788
   /test_dir_0007/nonempty_dir2|D|805
   /test_dir_0007/nonempty_dir1/d2|D|854
   /test_dir_0007/nonempty_dir1/f1.txt|F|789|0|da39a3ee5e6b4b0d3255bfef95601890afd80709
   /test_dir_0007/nonempty_dir1/d2/d3|D|862
   /test_dir_0007/nonempty_dir1/d2/f3.txt|F|864|83|4b535f836f6006423fc132a59e78dfcc4fe6292f
   /test_dir_0007/nonempty_dir2/d2|D|821
   /test_dir_0007/nonempty_dir2/f1.txt|F|810|0|da39a3ee5e6b4b0d3255bfef95601890afd80709
   /test_dir_0007/nonempty_dir2/f2.txt|F|813|167|d09f4e47c22373e56c2369633ac3dcb71d598601
   /test_dir_0007/nonempty_dir2/d2/d3|D|826
end dump-result


#####################################
# Test 8
#####################################
mkdir /test_dir_0008 0o777
Tau
RV_none

chdir /test_dir_0008
Tau
RV_none

mkdir empty_dir1 0o777
Tau
RV_none

mkdir empty_dir2 0o777
Tau
RV_none

mkdir nonempty_dir1 0o777
Tau
RV_none

open_close nonempty_dir1/f1.txt [O_WRONLY;O_CREAT] 0o666
Tau
RV_none

mkdir nonempty_dir1/d2 0o777
Tau
RV_none

open nonempty_dir1/d2/f3.txt [O_WRONLY;O_CREAT] 0o666
Tau
RV_num(3)

write! (FD 3) "Lorem ipsum dolor sit amet, consectetur adipisicing elit, sed do eiusmod tempor inc" 83
Tau
RV_num(83)

close (FD 3)
Tau
RV_none

mkdir nonempty_dir1/d2/d3 0o777
Tau
RV_none

mkdir nonempty_dir2 0o777
Tau
RV_none

open_close nonempty_dir2/f1.txt [O_WRONLY;O_CREAT] 0o666
Tau
RV_none

open nonempty_dir2/f2.txt [O_WRONLY;O_CREAT] 0o666
Tau
RV_num(3)

write! (FD 3) "Lorem ipsum dolor sit amet, consectetur adipisicing elit, sed do eiusmod tempor incididunt ut labore et dolore magna aliqua. Ut enim ad minim veniam, quis nostrud exer" 167
Tau
RV_num(167)

close (FD 3)
Tau
RV_none

mkdir nonempty_dir2/d2 0o777
Tau
RV_none

mkdir nonempty_dir2/d2/d3 0o777
Tau
RV_none

rmdir nonempty_dir1/d2/
Tau
EPERM

dump-result /test_dir_0008
   /test_dir_0008|D|877
   /test_dir_0008/empty_dir1|D|879
   /test_dir_0008/empty_dir2|D|881
   /test_dir_0008/nonempty_dir1|D|883
   /test_dir_0008/nonempty_dir2|D|907
   /test_dir_0008/nonempty_dir1/d2|D|951
   /test_dir_0008/nonempty_dir1/f1.txt|F|885|0|da39a3ee5e6b4b0d3255bfef95601890afd80709
   /test_dir_0008/nonempty_dir1/d2/d3|D|956
   /test_dir_0008/nonempty_dir1/d2/f3.txt|F|957|83|4b535f836f6006423fc132a59e78dfcc4fe6292f
   /test_dir_0008/nonempty_dir2/d2|D|925
   /test_dir_0008/nonempty_dir2/f1.txt|F|913|0|da39a3ee5e6b4b0d3255bfef95601890afd80709
   /test_dir_0008/nonempty_dir2/f2.txt|F|918|167|d09f4e47c22373e56c2369633ac3dcb71d598601
   /test_dir_0008/nonempty_dir2/d2/d3|D|930
end dump-result


#####################################
# Test 9
#####################################
mkdir /test_dir_0009 0o777
Tau
RV_none

chdir /test_dir_0009
Tau
RV_none

mkdir empty_dir1 0o777
Tau
RV_none

mkdir empty_dir2 0o777
Tau
RV_none

mkdir nonempty_dir1 0o777
Tau
RV_none

open_close nonempty_dir1/f1.txt [O_WRONLY;O_CREAT] 0o666
Tau
RV_none

mkdir nonempty_dir1/d2 0o777
Tau
RV_none

open nonempty_dir1/d2/f3.txt [O_WRONLY;O_CREAT] 0o666
Tau
RV_num(3)

write! (FD 3) "Lorem ipsum dolor sit amet, consectetur adipisicing elit, sed do eiusmod tempor inc" 83
Tau
RV_num(83)

close (FD 3)
Tau
RV_none

mkdir nonempty_dir1/d2/d3 0o777
Tau
RV_none

mkdir nonempty_dir2 0o777
Tau
RV_none

open_close nonempty_dir2/f1.txt [O_WRONLY;O_CREAT] 0o666
Tau
RV_none

open nonempty_dir2/f2.txt [O_WRONLY;O_CREAT] 0o666
Tau
RV_num(3)

write! (FD 3) "Lorem ipsum dolor sit amet, consectetur adipisicing elit, sed do eiusmod tempor incididunt ut labore et dolore magna aliqua. Ut enim ad minim veniam, quis nostrud exer" 167
Tau
RV_num(167)

close (FD 3)
Tau
RV_none

mkdir nonempty_dir2/d2 0o777
Tau
RV_none

mkdir nonempty_dir2/d2/d3 0o777
Tau
RV_none

rmdir nonempty_dir1/d2/broken_sl/nonexist_6
Tau
ENOENT

dump-result /test_dir_0009
   /test_dir_0009|D|972
   /test_dir_0009/empty_dir1|D|974
   /test_dir_0009/empty_dir2|D|976
   /test_dir_0009/nonempty_dir1|D|978
   /test_dir_0009/nonempty_dir2|D|1004
   /test_dir_0009/nonempty_dir1/d2|D|986
   /test_dir_0009/nonempty_dir1/f1.txt|F|981|0|da39a3ee5e6b4b0d3255bfef95601890afd80709
   /test_dir_0009/nonempty_dir1/d2/d3|D|998
   /test_dir_0009/nonempty_dir1/d2/f3.txt|F|990|83|4b535f836f6006423fc132a59e78dfcc4fe6292f
   /test_dir_0009/nonempty_dir2/d2|D|1022
   /test_dir_0009/nonempty_dir2/f1.txt|F|1010|0|da39a3ee5e6b4b0d3255bfef95601890afd80709
   /test_dir_0009/nonempty_dir2/f2.txt|F|1015|167|d09f4e47c22373e56c2369633ac3dcb71d598601
   /test_dir_0009/nonempty_dir2/d2/d3|D|1028
end dump-result


#####################################
# Test 10
#####################################
mkdir /test_dir_0010 0o777
Tau
RV_none

chdir /test_dir_0010
Tau
RV_none

mkdir empty_dir1 0o777
Tau
RV_none

mkdir empty_dir2 0o777
Tau
RV_none

mkdir nonempty_dir1 0o777
Tau
RV_none

open_close nonempty_dir1/f1.txt [O_WRONLY;O_CREAT] 0o666
Tau
RV_none

mkdir nonempty_dir1/d2 0o777
Tau
RV_none

open nonempty_dir1/d2/f3.txt [O_WRONLY;O_CREAT] 0o666
Tau
RV_num(3)

write! (FD 3) "Lorem ipsum dolor sit amet, consectetur adipisicing elit, sed do eiusmod tempor inc" 83
Tau
RV_num(83)

close (FD 3)
Tau
RV_none

mkdir nonempty_dir1/d2/d3 0o777
Tau
RV_none

mkdir nonempty_dir2 0o777
Tau
RV_none

open_close nonempty_dir2/f1.txt [O_WRONLY;O_CREAT] 0o666
Tau
RV_none

open nonempty_dir2/f2.txt [O_WRONLY;O_CREAT] 0o666
Tau
RV_num(3)

write! (FD 3) "Lorem ipsum dolor sit amet, consectetur adipisicing elit, sed do eiusmod tempor incididunt ut labore et dolore magna aliqua. Ut enim ad minim veniam, quis nostrud exer" 167
Tau
RV_num(167)

close (FD 3)
Tau
RV_none

mkdir nonempty_dir2/d2 0o777
Tau
RV_none

mkdir nonempty_dir2/d2/d3 0o777
Tau
RV_none

rmdir nonempty_dir1/d2/broken_sl/nonexist_6/
Tau
ENOENT

dump-result /test_dir_0010
   /test_dir_0010|D|1064
   /test_dir_0010/empty_dir1|D|1066
   /test_dir_0010/empty_dir2|D|1068
   /test_dir_0010/nonempty_dir1|D|1072
   /test_dir_0010/nonempty_dir2|D|1098
   /test_dir_0010/nonempty_dir1/d2|D|1079
   /test_dir_0010/nonempty_dir1/f1.txt|F|1075|0|da39a3ee5e6b4b0d3255bfef95601890afd80709
   /test_dir_0010/nonempty_dir1/d2/d3|D|1092
   /test_dir_0010/nonempty_dir1/d2/f3.txt|F|1084|83|4b535f836f6006423fc132a59e78dfcc4fe6292f
   /test_dir_0010/nonempty_dir2/d2|D|1117
   /test_dir_0010/nonempty_dir2/f1.txt|F|1103|0|da39a3ee5e6b4b0d3255bfef95601890afd80709
   /test_dir_0010/nonempty_dir2/f2.txt|F|1111|167|d09f4e47c22373e56c2369633ac3dcb71d598601
   /test_dir_0010/nonempty_dir2/d2/d3|D|1123
end dump-result


#####################################
# Test 11
#####################################
mkdir /test_dir_0011 0o777
Tau
RV_none

chdir /test_dir_0011
Tau
RV_none

mkdir empty_dir1 0o777
Tau
RV_none

mkdir empty_dir2 0o777
Tau
RV_none

mkdir nonempty_dir1 0o777
Tau
RV_none

open_close nonempty_dir1/f1.txt [O_WRONLY;O_CREAT] 0o666
Tau
RV_none

mkdir nonempty_dir1/d2 0o777
Tau
RV_none

open nonempty_dir1/d2/f3.txt [O_WRONLY;O_CREAT] 0o666
Tau
RV_num(3)

write! (FD 3) "Lorem ipsum dolor sit amet, consectetur adipisicing elit, sed do eiusmod tempor inc" 83
Tau
RV_num(83)

close (FD 3)
Tau
RV_none

mkdir nonempty_dir1/d2/d3 0o777
Tau
RV_none

mkdir nonempty_dir2 0o777
Tau
RV_none

open_close nonempty_dir2/f1.txt [O_WRONLY;O_CREAT] 0o666
Tau
RV_none

open nonempty_dir2/f2.txt [O_WRONLY;O_CREAT] 0o666
Tau
RV_num(3)

write! (FD 3) "Lorem ipsum dolor sit amet, consectetur adipisicing elit, sed do eiusmod tempor incididunt ut labore et dolore magna aliqua. Ut enim ad minim veniam, quis nostrud exer" 167
Tau
RV_num(167)

close (FD 3)
Tau
RV_none

mkdir nonempty_dir2/d2 0o777
Tau
RV_none

mkdir nonempty_dir2/d2/d3 0o777
Tau
RV_none

rmdir nonempty_dir1/d2/d3
Tau
RV_none

dump-result /test_dir_0011
   /test_dir_0011|D|1157
   /test_dir_0011/empty_dir1|D|1159
   /test_dir_0011/empty_dir2|D|1161
   /test_dir_0011/nonempty_dir1|D|1163
   /test_dir_0011/nonempty_dir2|D|1189
   /test_dir_0011/nonempty_dir1/d2|D|1171
   /test_dir_0011/nonempty_dir1/f1.txt|F|1166|0|da39a3ee5e6b4b0d3255bfef95601890afd80709
   /test_dir_0011/nonempty_dir1/d2/f3.txt|F|1177|83|4b535f836f6006423fc132a59e78dfcc4fe6292f
   /test_dir_0011/nonempty_dir2/d2|D|1207
   /test_dir_0011/nonempty_dir2/f1.txt|F|1195|0|da39a3ee5e6b4b0d3255bfef95601890afd80709
   /test_dir_0011/nonempty_dir2/f2.txt|F|1201|167|d09f4e47c22373e56c2369633ac3dcb71d598601
   /test_dir_0011/nonempty_dir2/d2/d3|D|1213
end dump-result


#####################################
# Test 12
#####################################
mkdir /test_dir_0012 0o777
Tau
RV_none

chdir /test_dir_0012
Tau
RV_none

mkdir empty_dir1 0o777
Tau
RV_none

mkdir empty_dir2 0o777
Tau
RV_none

mkdir nonempty_dir1 0o777
Tau
RV_none

open_close nonempty_dir1/f1.txt [O_WRONLY;O_CREAT] 0o666
Tau
RV_none

mkdir nonempty_dir1/d2 0o777
Tau
RV_none

open nonempty_dir1/d2/f3.txt [O_WRONLY;O_CREAT] 0o666
Tau
RV_num(3)

write! (FD 3) "Lorem ipsum dolor sit amet, consectetur adipisicing elit, sed do eiusmod tempor inc" 83
Tau
RV_num(83)

close (FD 3)
Tau
RV_none

mkdir nonempty_dir1/d2/d3 0o777
Tau
RV_none

mkdir nonempty_dir2 0o777
Tau
RV_none

open_close nonempty_dir2/f1.txt [O_WRONLY;O_CREAT] 0o666
Tau
RV_none

open nonempty_dir2/f2.txt [O_WRONLY;O_CREAT] 0o666
Tau
RV_num(3)

write! (FD 3) "Lorem ipsum dolor sit amet, consectetur adipisicing elit, sed do eiusmod tempor incididunt ut labore et dolore magna aliqua. Ut enim ad minim veniam, quis nostrud exer" 167
Tau
RV_num(167)

close (FD 3)
Tau
RV_none

mkdir nonempty_dir2/d2 0o777
Tau
RV_none

mkdir nonempty_dir2/d2/d3 0o777
Tau
RV_none

rmdir nonempty_dir1/d2/d3/
Tau
RV_none

dump-result /test_dir_0012
   /test_dir_0012|D|1249
   /test_dir_0012/empty_dir1|D|1251
   /test_dir_0012/empty_dir2|D|1252
   /test_dir_0012/nonempty_dir1|D|1254
   /test_dir_0012/nonempty_dir2|D|1280
   /test_dir_0012/nonempty_dir1/d2|D|1261
   /test_dir_0012/nonempty_dir1/f1.txt|F|1257|0|da39a3ee5e6b4b0d3255bfef95601890afd80709
   /test_dir_0012/nonempty_dir1/d2/f3.txt|F|1266|83|4b535f836f6006423fc132a59e78dfcc4fe6292f
   /test_dir_0012/nonempty_dir2/d2|D|1297
   /test_dir_0012/nonempty_dir2/f1.txt|F|1285|0|da39a3ee5e6b4b0d3255bfef95601890afd80709
   /test_dir_0012/nonempty_dir2/f2.txt|F|1291|167|d09f4e47c22373e56c2369633ac3dcb71d598601
   /test_dir_0012/nonempty_dir2/d2/d3|D|1303
end dump-result


#####################################
# Test 13
#####################################
mkdir /test_dir_0013 0o777
Tau
RV_none

chdir /test_dir_0013
Tau
RV_none

mkdir empty_dir1 0o777
Tau
RV_none

mkdir empty_dir2 0o777
Tau
RV_none

mkdir nonempty_dir1 0o777
Tau
RV_none

open_close nonempty_dir1/f1.txt [O_WRONLY;O_CREAT] 0o666
Tau
RV_none

mkdir nonempty_dir1/d2 0o777
Tau
RV_none

open nonempty_dir1/d2/f3.txt [O_WRONLY;O_CREAT] 0o666
Tau
RV_num(3)

write! (FD 3) "Lorem ipsum dolor sit amet, consectetur adipisicing elit, sed do eiusmod tempor inc" 83
Tau
RV_num(83)

close (FD 3)
Tau
RV_none

mkdir nonempty_dir1/d2/d3 0o777
Tau
RV_none

mkdir nonempty_dir2 0o777
Tau
RV_none

open_close nonempty_dir2/f1.txt [O_WRONLY;O_CREAT] 0o666
Tau
RV_none

open nonempty_dir2/f2.txt [O_WRONLY;O_CREAT] 0o666
Tau
RV_num(3)

write! (FD 3) "Lorem ipsum dolor sit amet, consectetur adipisicing elit, sed do eiusmod tempor incididunt ut labore et dolore magna aliqua. Ut enim ad minim veniam, quis nostrud exer" 167
Tau
RV_num(167)

close (FD 3)
Tau
RV_none

mkdir nonempty_dir2/d2 0o777
Tau
RV_none

mkdir nonempty_dir2/d2/d3 0o777
Tau
RV_none

rmdir nonempty_dir1/d2/f3.txt
Tau
ENOTDIR

dump-result /test_dir_0013
   /test_dir_0013|D|1338
   /test_dir_0013/empty_dir1|D|1340
   /test_dir_0013/empty_dir2|D|1342
   /test_dir_0013/nonempty_dir1|D|1344
   /test_dir_0013/nonempty_dir2|D|1372
   /test_dir_0013/nonempty_dir1/d2|D|1352
   /test_dir_0013/nonempty_dir1/f1.txt|F|1347|0|da39a3ee5e6b4b0d3255bfef95601890afd80709
   /test_dir_0013/nonempty_dir1/d2/d3|D|1366
   /test_dir_0013/nonempty_dir1/d2/f3.txt|F|1358|83|4b535f836f6006423fc132a59e78dfcc4fe6292f
   /test_dir_0013/nonempty_dir2/d2|D|1391
   /test_dir_0013/nonempty_dir2/f1.txt|F|1378|0|da39a3ee5e6b4b0d3255bfef95601890afd80709
   /test_dir_0013/nonempty_dir2/f2.txt|F|1384|167|d09f4e47c22373e56c2369633ac3dcb71d598601
   /test_dir_0013/nonempty_dir2/d2/d3|D|1397
end dump-result


#####################################
# Test 14
#####################################
mkdir /test_dir_0014 0o777
Tau
RV_none

chdir /test_dir_0014
Tau
RV_none

mkdir empty_dir1 0o777
Tau
RV_none

mkdir empty_dir2 0o777
Tau
RV_none

mkdir nonempty_dir1 0o777
Tau
RV_none

open_close nonempty_dir1/f1.txt [O_WRONLY;O_CREAT] 0o666
Tau
RV_none

mkdir nonempty_dir1/d2 0o777
Tau
RV_none

open nonempty_dir1/d2/f3.txt [O_WRONLY;O_CREAT] 0o666
Tau
RV_num(3)

write! (FD 3) "Lorem ipsum dolor sit amet, consectetur adipisicing elit, sed do eiusmod tempor inc" 83
Tau
RV_num(83)

close (FD 3)
Tau
RV_none

mkdir nonempty_dir1/d2/d3 0o777
Tau
RV_none

mkdir nonempty_dir2 0o777
Tau
RV_none

open_close nonempty_dir2/f1.txt [O_WRONLY;O_CREAT] 0o666
Tau
RV_none

open nonempty_dir2/f2.txt [O_WRONLY;O_CREAT] 0o666
Tau
RV_num(3)

write! (FD 3) "Lorem ipsum dolor sit amet, consectetur adipisicing elit, sed do eiusmod tempor incididunt ut labore et dolore magna aliqua. Ut enim ad minim veniam, quis nostrud exer" 167
Tau
RV_num(167)

close (FD 3)
Tau
RV_none

mkdir nonempty_dir2/d2 0o777
Tau
RV_none

mkdir nonempty_dir2/d2/d3 0o777
Tau
RV_none

rmdir nonempty_dir1/d2/f3.txt/
Tau
ENOTDIR

dump-result /test_dir_0014
   /test_dir_0014|D|1429
   /test_dir_0014/empty_dir1|D|1431
   /test_dir_0014/empty_dir2|D|1433
   /test_dir_0014/nonempty_dir1|D|1435
   /test_dir_0014/nonempty_dir2|D|1462
   /test_dir_0014/nonempty_dir1/d2|D|1442
   /test_dir_0014/nonempty_dir1/f1.txt|F|1438|0|da39a3ee5e6b4b0d3255bfef95601890afd80709
   /test_dir_0014/nonempty_dir1/d2/d3|D|1456
   /test_dir_0014/nonempty_dir1/d2/f3.txt|F|1447|83|4b535f836f6006423fc132a59e78dfcc4fe6292f
   /test_dir_0014/nonempty_dir2/d2|D|1479
   /test_dir_0014/nonempty_dir2/f1.txt|F|1468|0|da39a3ee5e6b4b0d3255bfef95601890afd80709
   /test_dir_0014/nonempty_dir2/f2.txt|F|1472|167|d09f4e47c22373e56c2369633ac3dcb71d598601
   /test_dir_0014/nonempty_dir2/d2/d3|D|1485
end dump-result


#####################################
# Test 15
#####################################
mkdir /test_dir_0015 0o777
Tau
RV_none

chdir /test_dir_0015
Tau
RV_none

mkdir empty_dir1 0o777
Tau
RV_none

mkdir empty_dir2 0o777
Tau
RV_none

mkdir nonempty_dir1 0o777
Tau
RV_none

open_close nonempty_dir1/f1.txt [O_WRONLY;O_CREAT] 0o666
Tau
RV_none

mkdir nonempty_dir1/d2 0o777
Tau
RV_none

open nonempty_dir1/d2/f3.txt [O_WRONLY;O_CREAT] 0o666
Tau
RV_num(3)

write! (FD 3) "Lorem ipsum dolor sit amet, consectetur adipisicing elit, sed do eiusmod tempor inc" 83
Tau
RV_num(83)

close (FD 3)
Tau
RV_none

mkdir nonempty_dir1/d2/d3 0o777
Tau
RV_none

mkdir nonempty_dir2 0o777
Tau
RV_none

open_close nonempty_dir2/f1.txt [O_WRONLY;O_CREAT] 0o666
Tau
RV_none

open nonempty_dir2/f2.txt [O_WRONLY;O_CREAT] 0o666
Tau
RV_num(3)

write! (FD 3) "Lorem ipsum dolor sit amet, consectetur adipisicing elit, sed do eiusmod tempor incididunt ut labore et dolore magna aliqua. Ut enim ad minim veniam, quis nostrud exer" 167
Tau
RV_num(167)

close (FD 3)
Tau
RV_none

mkdir nonempty_dir2/d2 0o777
Tau
RV_none

mkdir nonempty_dir2/d2/d3 0o777
Tau
RV_none

rmdir nonempty_dir1/f1.txt
Tau
ENOTDIR

dump-result /test_dir_0015
   /test_dir_0015|D|1520
   /test_dir_0015/empty_dir1|D|1522
   /test_dir_0015/empty_dir2|D|1524
   /test_dir_0015/nonempty_dir1|D|1526
   /test_dir_0015/nonempty_dir2|D|1551
   /test_dir_0015/nonempty_dir1/d2|D|1534
   /test_dir_0015/nonempty_dir1/f1.txt|F|1530|0|da39a3ee5e6b4b0d3255bfef95601890afd80709
   /test_dir_0015/nonempty_dir1/d2/d3|D|1545
   /test_dir_0015/nonempty_dir1/d2/f3.txt|F|1539|83|4b535f836f6006423fc132a59e78dfcc4fe6292f
   /test_dir_0015/nonempty_dir2/d2|D|1570
   /test_dir_0015/nonempty_dir2/f1.txt|F|1556|0|da39a3ee5e6b4b0d3255bfef95601890afd80709
   /test_dir_0015/nonempty_dir2/f2.txt|F|1563|167|d09f4e47c22373e56c2369633ac3dcb71d598601
   /test_dir_0015/nonempty_dir2/d2/d3|D|1576
end dump-result


#####################################
# Test 16
#####################################
mkdir /test_dir_0016 0o777
Tau
RV_none

chdir /test_dir_0016
Tau
RV_none

mkdir empty_dir1 0o777
Tau
RV_none

mkdir empty_dir2 0o777
Tau
RV_none

mkdir nonempty_dir1 0o777
Tau
RV_none

open_close nonempty_dir1/f1.txt [O_WRONLY;O_CREAT] 0o666
Tau
RV_none

mkdir nonempty_dir1/d2 0o777
Tau
RV_none

open nonempty_dir1/d2/f3.txt [O_WRONLY;O_CREAT] 0o666
Tau
RV_num(3)

write! (FD 3) "Lorem ipsum dolor sit amet, consectetur adipisicing elit, sed do eiusmod tempor inc" 83
Tau
RV_num(83)

close (FD 3)
Tau
RV_none

mkdir nonempty_dir1/d2/d3 0o777
Tau
RV_none

mkdir nonempty_dir2 0o777
Tau
RV_none

open_close nonempty_dir2/f1.txt [O_WRONLY;O_CREAT] 0o666
Tau
RV_none

open nonempty_dir2/f2.txt [O_WRONLY;O_CREAT] 0o666
Tau
RV_num(3)

write! (FD 3) "Lorem ipsum dolor sit amet, consectetur adipisicing elit, sed do eiusmod tempor incididunt ut labore et dolore magna aliqua. Ut enim ad minim veniam, quis nostrud exer" 167
Tau
RV_num(167)

close (FD 3)
Tau
RV_none

mkdir nonempty_dir2/d2 0o777
Tau
RV_none

mkdir nonempty_dir2/d2/d3 0o777
Tau
RV_none

rmdir nonempty_dir1/f1.txt/
Tau
ENOTDIR

dump-result /test_dir_0016
   /test_dir_0016|D|1611
   /test_dir_0016/empty_dir1|D|1613
   /test_dir_0016/empty_dir2|D|1615
   /test_dir_0016/nonempty_dir1|D|1617
   /test_dir_0016/nonempty_dir2|D|1642
   /test_dir_0016/nonempty_dir1/d2|D|1624
   /test_dir_0016/nonempty_dir1/f1.txt|F|1619|0|da39a3ee5e6b4b0d3255bfef95601890afd80709
   /test_dir_0016/nonempty_dir1/d2/d3|D|1636
   /test_dir_0016/nonempty_dir1/d2/f3.txt|F|1629|83|4b535f836f6006423fc132a59e78dfcc4fe6292f
   /test_dir_0016/nonempty_dir2/d2|D|1660
   /test_dir_0016/nonempty_dir2/f1.txt|F|1647|0|da39a3ee5e6b4b0d3255bfef95601890afd80709
   /test_dir_0016/nonempty_dir2/f2.txt|F|1654|167|d09f4e47c22373e56c2369633ac3dcb71d598601
   /test_dir_0016/nonempty_dir2/d2/d3|D|1667
end dump-result


#####################################
# Test 17
#####################################
mkdir /test_dir_0017 0o777
Tau
RV_none

chdir /test_dir_0017
Tau
RV_none

mkdir empty_dir1 0o777
Tau
RV_none

mkdir empty_dir2 0o777
Tau
RV_none

mkdir nonempty_dir1 0o777
Tau
RV_none

open_close nonempty_dir1/f1.txt [O_WRONLY;O_CREAT] 0o666
Tau
RV_none

mkdir nonempty_dir1/d2 0o777
Tau
RV_none

open nonempty_dir1/d2/f3.txt [O_WRONLY;O_CREAT] 0o666
Tau
RV_num(3)

write! (FD 3) "Lorem ipsum dolor sit amet, consectetur adipisicing elit, sed do eiusmod tempor inc" 83
Tau
RV_num(83)

close (FD 3)
Tau
RV_none

mkdir nonempty_dir1/d2/d3 0o777
Tau
RV_none

mkdir nonempty_dir2 0o777
Tau
RV_none

open_close nonempty_dir2/f1.txt [O_WRONLY;O_CREAT] 0o666
Tau
RV_none

open nonempty_dir2/f2.txt [O_WRONLY;O_CREAT] 0o666
Tau
RV_num(3)

write! (FD 3) "Lorem ipsum dolor sit amet, consectetur adipisicing elit, sed do eiusmod tempor incididunt ut labore et dolore magna aliqua. Ut enim ad minim veniam, quis nostrud exer" 167
Tau
RV_num(167)

close (FD 3)
Tau
RV_none

mkdir nonempty_dir2/d2 0o777
Tau
RV_none

mkdir nonempty_dir2/d2/d3 0o777
Tau
RV_none

rmdir nonempty_dir1/f1.txt/nonexist_5
Tau
ENOTDIR

dump-result /test_dir_0017
   /test_dir_0017|D|1702
   /test_dir_0017/empty_dir1|D|1704
   /test_dir_0017/empty_dir2|D|1706
   /test_dir_0017/nonempty_dir1|D|1708
   /test_dir_0017/nonempty_dir2|D|1733
   /test_dir_0017/nonempty_dir1/d2|D|1714
   /test_dir_0017/nonempty_dir1/f1.txt|F|1710|0|da39a3ee5e6b4b0d3255bfef95601890afd80709
   /test_dir_0017/nonempty_dir1/d2/d3|D|1727
   /test_dir_0017/nonempty_dir1/d2/f3.txt|F|1718|83|4b535f836f6006423fc132a59e78dfcc4fe6292f
   /test_dir_0017/nonempty_dir2/d2|D|1750
   /test_dir_0017/nonempty_dir2/f1.txt|F|1738|0|da39a3ee5e6b4b0d3255bfef95601890afd80709
   /test_dir_0017/nonempty_dir2/f2.txt|F|1743|167|d09f4e47c22373e56c2369633ac3dcb71d598601
   /test_dir_0017/nonempty_dir2/d2/d3|D|1755
end dump-result


#####################################
# Test 18
#####################################
mkdir /test_dir_0018 0o777
Tau
RV_none

chdir /test_dir_0018
Tau
RV_none

mkdir empty_dir1 0o777
Tau
RV_none

mkdir empty_dir2 0o777
Tau
RV_none

mkdir nonempty_dir1 0o777
Tau
RV_none

open_close nonempty_dir1/f1.txt [O_WRONLY;O_CREAT] 0o666
Tau
RV_none

mkdir nonempty_dir1/d2 0o777
Tau
RV_none

open nonempty_dir1/d2/f3.txt [O_WRONLY;O_CREAT] 0o666
Tau
RV_num(3)

write! (FD 3) "Lorem ipsum dolor sit amet, consectetur adipisicing elit, sed do eiusmod tempor inc" 83
Tau
RV_num(83)

close (FD 3)
Tau
RV_none

mkdir nonempty_dir1/d2/d3 0o777
Tau
RV_none

mkdir nonempty_dir2 0o777
Tau
RV_none

open_close nonempty_dir2/f1.txt [O_WRONLY;O_CREAT] 0o666
Tau
RV_none

open nonempty_dir2/f2.txt [O_WRONLY;O_CREAT] 0o666
Tau
RV_num(3)

write! (FD 3) "Lorem ipsum dolor sit amet, consectetur adipisicing elit, sed do eiusmod tempor incididunt ut labore et dolore magna aliqua. Ut enim ad minim veniam, quis nostrud exer" 167
Tau
RV_num(167)

close (FD 3)
Tau
RV_none

mkdir nonempty_dir2/d2 0o777
Tau
RV_none

mkdir nonempty_dir2/d2/d3 0o777
Tau
RV_none

rmdir nonempty_dir1/f1.txt/nonexist_5/
Tau
ENOTDIR

dump-result /test_dir_0018
   /test_dir_0018|D|1794
   /test_dir_0018/empty_dir1|D|1796
   /test_dir_0018/empty_dir2|D|1797
   /test_dir_0018/nonempty_dir1|D|1799
   /test_dir_0018/nonempty_dir2|D|1825
   /test_dir_0018/nonempty_dir1/d2|D|1807
   /test_dir_0018/nonempty_dir1/f1.txt|F|1801|0|da39a3ee5e6b4b0d3255bfef95601890afd80709
   /test_dir_0018/nonempty_dir1/d2/d3|D|1819
   /test_dir_0018/nonempty_dir1/d2/f3.txt|F|1813|83|4b535f836f6006423fc132a59e78dfcc4fe6292f
   /test_dir_0018/nonempty_dir2/d2|D|1846
   /test_dir_0018/nonempty_dir2/f1.txt|F|1831|0|da39a3ee5e6b4b0d3255bfef95601890afd80709
   /test_dir_0018/nonempty_dir2/f2.txt|F|1838|167|d09f4e47c22373e56c2369633ac3dcb71d598601
   /test_dir_0018/nonempty_dir2/d2/d3|D|1850
end dump-result


#####################################
# Test 19
#####################################
mkdir /test_dir_0019 0o777
Tau
RV_none

chdir /test_dir_0019
Tau
RV_none

mkdir empty_dir1 0o777
Tau
RV_none

mkdir empty_dir2 0o777
Tau
RV_none

mkdir nonempty_dir1 0o777
Tau
RV_none

open_close nonempty_dir1/f1.txt [O_WRONLY;O_CREAT] 0o666
Tau
RV_none

mkdir nonempty_dir1/d2 0o777
Tau
RV_none

open nonempty_dir1/d2/f3.txt [O_WRONLY;O_CREAT] 0o666
Tau
RV_num(3)

write! (FD 3) "Lorem ipsum dolor sit amet, consectetur adipisicing elit, sed do eiusmod tempor inc" 83
Tau
RV_num(83)

close (FD 3)
Tau
RV_none

mkdir nonempty_dir1/d2/d3 0o777
Tau
RV_none

mkdir nonempty_dir2 0o777
Tau
RV_none

open_close nonempty_dir2/f1.txt [O_WRONLY;O_CREAT] 0o666
Tau
RV_none

open nonempty_dir2/f2.txt [O_WRONLY;O_CREAT] 0o666
Tau
RV_num(3)

write! (FD 3) "Lorem ipsum dolor sit amet, consectetur adipisicing elit, sed do eiusmod tempor incididunt ut labore et dolore magna aliqua. Ut enim ad minim veniam, quis nostrud exer" 167
Tau
RV_num(167)

close (FD 3)
Tau
RV_none

mkdir nonempty_dir2/d2 0o777
Tau
RV_none

mkdir nonempty_dir2/d2/d3 0o777
Tau
RV_none

rmdir nonempty_dir1/nonexist_4
Tau
ENOENT

dump-result /test_dir_0019
   /test_dir_0019|D|1883
   /test_dir_0019/empty_dir1|D|1885
   /test_dir_0019/empty_dir2|D|1887
   /test_dir_0019/nonempty_dir1|D|1889
   /test_dir_0019/nonempty_dir2|D|1916
   /test_dir_0019/nonempty_dir1/d2|D|1895
   /test_dir_0019/nonempty_dir1/f1.txt|F|1891|0|da39a3ee5e6b4b0d3255bfef95601890afd80709
   /test_dir_0019/nonempty_dir1/d2/d3|D|1910
   /test_dir_0019/nonempty_dir1/d2/f3.txt|F|1901|83|4b535f836f6006423fc132a59e78dfcc4fe6292f
   /test_dir_0019/nonempty_dir2/d2|D|1935
   /test_dir_0019/nonempty_dir2/f1.txt|F|1922|0|da39a3ee5e6b4b0d3255bfef95601890afd80709
   /test_dir_0019/nonempty_dir2/f2.txt|F|1928|167|d09f4e47c22373e56c2369633ac3dcb71d598601
   /test_dir_0019/nonempty_dir2/d2/d3|D|1942
end dump-result


#####################################
# Test 20
#####################################
mkdir /test_dir_0020 0o777
Tau
RV_none

chdir /test_dir_0020
Tau
RV_none

mkdir empty_dir1 0o777
Tau
RV_none

mkdir empty_dir2 0o777
Tau
RV_none

mkdir nonempty_dir1 0o777
Tau
RV_none

open_close nonempty_dir1/f1.txt [O_WRONLY;O_CREAT] 0o666
Tau
RV_none

mkdir nonempty_dir1/d2 0o777
Tau
RV_none

open nonempty_dir1/d2/f3.txt [O_WRONLY;O_CREAT] 0o666
Tau
RV_num(3)

write! (FD 3) "Lorem ipsum dolor sit amet, consectetur adipisicing elit, sed do eiusmod tempor inc" 83
Tau
RV_num(83)

close (FD 3)
Tau
RV_none

mkdir nonempty_dir1/d2/d3 0o777
Tau
RV_none

mkdir nonempty_dir2 0o777
Tau
RV_none

open_close nonempty_dir2/f1.txt [O_WRONLY;O_CREAT] 0o666
Tau
RV_none

open nonempty_dir2/f2.txt [O_WRONLY;O_CREAT] 0o666
Tau
RV_num(3)

write! (FD 3) "Lorem ipsum dolor sit amet, consectetur adipisicing elit, sed do eiusmod tempor incididunt ut labore et dolore magna aliqua. Ut enim ad minim veniam, quis nostrud exer" 167
Tau
RV_num(167)

close (FD 3)
Tau
RV_none

mkdir nonempty_dir2/d2 0o777
Tau
RV_none

mkdir nonempty_dir2/d2/d3 0o777
Tau
RV_none

rmdir nonempty_dir1/nonexist_4/
Tau
ENOENT

dump-result /test_dir_0020
   /test_dir_0020|D|1973
   /test_dir_0020/empty_dir1|D|1975
   /test_dir_0020/empty_dir2|D|1977
   /test_dir_0020/nonempty_dir1|D|1979
   /test_dir_0020/nonempty_dir2|D|2007
   /test_dir_0020/nonempty_dir1/d2|D|1987
   /test_dir_0020/nonempty_dir1/f1.txt|F|1982|0|da39a3ee5e6b4b0d3255bfef95601890afd80709
   /test_dir_0020/nonempty_dir1/d2/d3|D|2001
   /test_dir_0020/nonempty_dir1/d2/f3.txt|F|1993|83|4b535f836f6006423fc132a59e78dfcc4fe6292f
   /test_dir_0020/nonempty_dir2/d2|D|2027
   /test_dir_0020/nonempty_dir2/f1.txt|F|2013|0|da39a3ee5e6b4b0d3255bfef95601890afd80709
   /test_dir_0020/nonempty_dir2/f2.txt|F|2019|167|d09f4e47c22373e56c2369633ac3dcb71d598601
   /test_dir_0020/nonempty_dir2/d2/d3|D|2033
end dump-result


#####################################
# Test 21
#####################################
mkdir /test_dir_0021 0o777
Tau
RV_none

chdir /test_dir_0021
Tau
RV_none

mkdir empty_dir1 0o777
Tau
RV_none

mkdir empty_dir2 0o777
Tau
RV_none

mkdir nonempty_dir1 0o777
Tau
RV_none

open_close nonempty_dir1/f1.txt [O_WRONLY;O_CREAT] 0o666
Tau
RV_none

mkdir nonempty_dir1/d2 0o777
Tau
RV_none

open nonempty_dir1/d2/f3.txt [O_WRONLY;O_CREAT] 0o666
Tau
RV_num(3)

write! (FD 3) "Lorem ipsum dolor sit amet, consectetur adipisicing elit, sed do eiusmod tempor inc" 83
Tau
RV_num(83)

close (FD 3)
Tau
RV_none

mkdir nonempty_dir1/d2/d3 0o777
Tau
RV_none

mkdir nonempty_dir2 0o777
Tau
RV_none

open_close nonempty_dir2/f1.txt [O_WRONLY;O_CREAT] 0o666
Tau
RV_none

open nonempty_dir2/f2.txt [O_WRONLY;O_CREAT] 0o666
Tau
RV_num(3)

write! (FD 3) "Lorem ipsum dolor sit amet, consectetur adipisicing elit, sed do eiusmod tempor incididunt ut labore et dolore magna aliqua. Ut enim ad minim veniam, quis nostrud exer" 167
Tau
RV_num(167)

close (FD 3)
Tau
RV_none

mkdir nonempty_dir2/d2 0o777
Tau
RV_none

mkdir nonempty_dir2/d2/d3 0o777
Tau
RV_none

rmdir nonempty_dir2
Tau
EPERM

dump-result /test_dir_0021
   /test_dir_0021|D|2068
   /test_dir_0021/empty_dir1|D|2069
   /test_dir_0021/empty_dir2|D|2070
   /test_dir_0021/nonempty_dir1|D|2072
   /test_dir_0021/nonempty_dir2|D|2136
   /test_dir_0021/nonempty_dir1/d2|D|2081
   /test_dir_0021/nonempty_dir1/f1.txt|F|2074|0|da39a3ee5e6b4b0d3255bfef95601890afd80709
   /test_dir_0021/nonempty_dir1/d2/d3|D|2094
   /test_dir_0021/nonempty_dir1/d2/f3.txt|F|2087|83|4b535f836f6006423fc132a59e78dfcc4fe6292f
   /test_dir_0021/nonempty_dir2/d2|D|2157
   /test_dir_0021/nonempty_dir2/f1.txt|F|2158|0|da39a3ee5e6b4b0d3255bfef95601890afd80709
   /test_dir_0021/nonempty_dir2/f2.txt|F|2159|167|d09f4e47c22373e56c2369633ac3dcb71d598601
   /test_dir_0021/nonempty_dir2/d2/d3|D|2161
end dump-result


#####################################
# Test 22
#####################################
mkdir /test_dir_0022 0o777
Tau
RV_none

chdir /test_dir_0022
Tau
RV_none

mkdir empty_dir1 0o777
Tau
RV_none

mkdir empty_dir2 0o777
Tau
RV_none

mkdir nonempty_dir1 0o777
Tau
RV_none

open_close nonempty_dir1/f1.txt [O_WRONLY;O_CREAT] 0o666
Tau
RV_none

mkdir nonempty_dir1/d2 0o777
Tau
RV_none

open nonempty_dir1/d2/f3.txt [O_WRONLY;O_CREAT] 0o666
Tau
RV_num(3)

write! (FD 3) "Lorem ipsum dolor sit amet, consectetur adipisicing elit, sed do eiusmod tempor inc" 83
Tau
RV_num(83)

close (FD 3)
Tau
RV_none

mkdir nonempty_dir1/d2/d3 0o777
Tau
RV_none

mkdir nonempty_dir2 0o777
Tau
RV_none

open_close nonempty_dir2/f1.txt [O_WRONLY;O_CREAT] 0o666
Tau
RV_none

open nonempty_dir2/f2.txt [O_WRONLY;O_CREAT] 0o666
Tau
RV_num(3)

write! (FD 3) "Lorem ipsum dolor sit amet, consectetur adipisicing elit, sed do eiusmod tempor incididunt ut labore et dolore magna aliqua. Ut enim ad minim veniam, quis nostrud exer" 167
Tau
RV_num(167)

close (FD 3)
Tau
RV_none

mkdir nonempty_dir2/d2 0o777
Tau
RV_none

mkdir nonempty_dir2/d2/d3 0o777
Tau
RV_none

rmdir nonempty_dir2/
Tau
EPERM

dump-result /test_dir_0022
   /test_dir_0022|D|2168
   /test_dir_0022/empty_dir1|D|2169
   /test_dir_0022/empty_dir2|D|2170
   /test_dir_0022/nonempty_dir1|D|2171
   /test_dir_0022/nonempty_dir2|D|2230
   /test_dir_0022/nonempty_dir1/d2|D|2174
   /test_dir_0022/nonempty_dir1/f1.txt|F|2172|0|da39a3ee5e6b4b0d3255bfef95601890afd80709
   /test_dir_0022/nonempty_dir1/d2/d3|D|2188
   /test_dir_0022/nonempty_dir1/d2/f3.txt|F|2179|83|4b535f836f6006423fc132a59e78dfcc4fe6292f
   /test_dir_0022/nonempty_dir2/d2|D|2257
   /test_dir_0022/nonempty_dir2/f1.txt|F|2258|0|da39a3ee5e6b4b0d3255bfef95601890afd80709
   /test_dir_0022/nonempty_dir2/f2.txt|F|2259|167|d09f4e47c22373e56c2369633ac3dcb71d598601
   /test_dir_0022/nonempty_dir2/d2/d3|D|2261
end dump-result


#####################################
# Test 23
#####################################
mkdir /test_dir_0023 0o777
Tau
RV_none

chdir /test_dir_0023
Tau
RV_none

mkdir empty_dir1 0o777
Tau
RV_none

mkdir empty_dir2 0o777
Tau
RV_none

mkdir nonempty_dir1 0o777
Tau
RV_none

open_close nonempty_dir1/f1.txt [O_WRONLY;O_CREAT] 0o666
Tau
RV_none

mkdir nonempty_dir1/d2 0o777
Tau
RV_none

open nonempty_dir1/d2/f3.txt [O_WRONLY;O_CREAT] 0o666
Tau
RV_num(3)

write! (FD 3) "Lorem ipsum dolor sit amet, consectetur adipisicing elit, sed do eiusmod tempor inc" 83
Tau
RV_num(83)

close (FD 3)
Tau
RV_none

mkdir nonempty_dir1/d2/d3 0o777
Tau
RV_none

mkdir nonempty_dir2 0o777
Tau
RV_none

open_close nonempty_dir2/f1.txt [O_WRONLY;O_CREAT] 0o666
Tau
RV_none

open nonempty_dir2/f2.txt [O_WRONLY;O_CREAT] 0o666
Tau
RV_num(3)

write! (FD 3) "Lorem ipsum dolor sit amet, consectetur adipisicing elit, sed do eiusmod tempor incididunt ut labore et dolore magna aliqua. Ut enim ad minim veniam, quis nostrud exer" 167
Tau
RV_num(167)

close (FD 3)
Tau
RV_none

mkdir nonempty_dir2/d2 0o777
Tau
RV_none

mkdir nonempty_dir2/d2/d3 0o777
Tau
RV_none

rmdir nonempty_dir2/d2
Tau
EPERM

dump-result /test_dir_0023
   /test_dir_0023|D|2265
   /test_dir_0023/empty_dir1|D|2266
   /test_dir_0023/empty_dir2|D|2267
   /test_dir_0023/nonempty_dir1|D|2268
   /test_dir_0023/nonempty_dir2|D|2294
   /test_dir_0023/nonempty_dir1/d2|D|2274
   /test_dir_0023/nonempty_dir1/f1.txt|F|2270|0|da39a3ee5e6b4b0d3255bfef95601890afd80709
   /test_dir_0023/nonempty_dir1/d2/d3|D|2288
   /test_dir_0023/nonempty_dir1/d2/f3.txt|F|2279|83|4b535f836f6006423fc132a59e78dfcc4fe6292f
   /test_dir_0023/nonempty_dir2/d2|D|2355
   /test_dir_0023/nonempty_dir2/f1.txt|F|2300|0|da39a3ee5e6b4b0d3255bfef95601890afd80709
   /test_dir_0023/nonempty_dir2/f2.txt|F|2307|167|d09f4e47c22373e56c2369633ac3dcb71d598601
   /test_dir_0023/nonempty_dir2/d2/d3|D|2357
end dump-result


#####################################
# Test 24
#####################################
mkdir /test_dir_0024 0o777
Tau
RV_none

chdir /test_dir_0024
Tau
RV_none

mkdir empty_dir1 0o777
Tau
RV_none

mkdir empty_dir2 0o777
Tau
RV_none

mkdir nonempty_dir1 0o777
Tau
RV_none

open_close nonempty_dir1/f1.txt [O_WRONLY;O_CREAT] 0o666
Tau
RV_none

mkdir nonempty_dir1/d2 0o777
Tau
RV_none

open nonempty_dir1/d2/f3.txt [O_WRONLY;O_CREAT] 0o666
Tau
RV_num(3)

write! (FD 3) "Lorem ipsum dolor sit amet, consectetur adipisicing elit, sed do eiusmod tempor inc" 83
Tau
RV_num(83)

close (FD 3)
Tau
RV_none

mkdir nonempty_dir1/d2/d3 0o777
Tau
RV_none

mkdir nonempty_dir2 0o777
Tau
RV_none

open_close nonempty_dir2/f1.txt [O_WRONLY;O_CREAT] 0o666
Tau
RV_none

open nonempty_dir2/f2.txt [O_WRONLY;O_CREAT] 0o666
Tau
RV_num(3)

write! (FD 3) "Lorem ipsum dolor sit amet, consectetur adipisicing elit, sed do eiusmod tempor incididunt ut labore et dolore magna aliqua. Ut enim ad minim veniam, quis nostrud exer" 167
Tau
RV_num(167)

close (FD 3)
Tau
RV_none

mkdir nonempty_dir2/d2 0o777
Tau
RV_none

mkdir nonempty_dir2/d2/d3 0o777
Tau
RV_none

rmdir nonempty_dir2/d2/
Tau
EPERM

dump-result /test_dir_0024
   /test_dir_0024|D|2358
   /test_dir_0024/empty_dir1|D|2360
   /test_dir_0024/empty_dir2|D|2361
   /test_dir_0024/nonempty_dir1|D|2362
   /test_dir_0024/nonempty_dir2|D|2385
   /test_dir_0024/nonempty_dir1/d2|D|2366
   /test_dir_0024/nonempty_dir1/f1.txt|F|2363|0|da39a3ee5e6b4b0d3255bfef95601890afd80709
   /test_dir_0024/nonempty_dir1/d2/d3|D|2379
   /test_dir_0024/nonempty_dir1/d2/f3.txt|F|2371|83|4b535f836f6006423fc132a59e78dfcc4fe6292f
   /test_dir_0024/nonempty_dir2/d2|D|2449
   /test_dir_0024/nonempty_dir2/f1.txt|F|2391|0|da39a3ee5e6b4b0d3255bfef95601890afd80709
   /test_dir_0024/nonempty_dir2/f2.txt|F|2399|167|d09f4e47c22373e56c2369633ac3dcb71d598601
   /test_dir_0024/nonempty_dir2/d2/d3|D|2450
end dump-result


#####################################
# Test 25
#####################################
mkdir /test_dir_0025 0o777
Tau
RV_none

chdir /test_dir_0025
Tau
RV_none

mkdir empty_dir1 0o777
Tau
RV_none

mkdir empty_dir2 0o777
Tau
RV_none

mkdir nonempty_dir1 0o777
Tau
RV_none

open_close nonempty_dir1/f1.txt [O_WRONLY;O_CREAT] 0o666
Tau
RV_none

mkdir nonempty_dir1/d2 0o777
Tau
RV_none

open nonempty_dir1/d2/f3.txt [O_WRONLY;O_CREAT] 0o666
Tau
RV_num(3)

write! (FD 3) "Lorem ipsum dolor sit amet, consectetur adipisicing elit, sed do eiusmod tempor inc" 83
Tau
RV_num(83)

close (FD 3)
Tau
RV_none

mkdir nonempty_dir1/d2/d3 0o777
Tau
RV_none

mkdir nonempty_dir2 0o777
Tau
RV_none

open_close nonempty_dir2/f1.txt [O_WRONLY;O_CREAT] 0o666
Tau
RV_none

open nonempty_dir2/f2.txt [O_WRONLY;O_CREAT] 0o666
Tau
RV_num(3)

write! (FD 3) "Lorem ipsum dolor sit amet, consectetur adipisicing elit, sed do eiusmod tempor incididunt ut labore et dolore magna aliqua. Ut enim ad minim veniam, quis nostrud exer" 167
Tau
RV_num(167)

close (FD 3)
Tau
RV_none

mkdir nonempty_dir2/d2 0o777
Tau
RV_none

mkdir nonempty_dir2/d2/d3 0o777
Tau
RV_none

rmdir nonempty_dir2/d2/d3
Tau
RV_none

dump-result /test_dir_0025
   /test_dir_0025|D|2452
   /test_dir_0025/empty_dir1|D|2453
   /test_dir_0025/empty_dir2|D|2454
   /test_dir_0025/nonempty_dir1|D|2455
   /test_dir_0025/nonempty_dir2|D|2479
   /test_dir_0025/nonempty_dir1/d2|D|2460
   /test_dir_0025/nonempty_dir1/f1.txt|F|2456|0|da39a3ee5e6b4b0d3255bfef95601890afd80709
   /test_dir_0025/nonempty_dir1/d2/d3|D|2472
   /test_dir_0025/nonempty_dir1/d2/f3.txt|F|2465|83|4b535f836f6006423fc132a59e78dfcc4fe6292f
   /test_dir_0025/nonempty_dir2/d2|D|2500
   /test_dir_0025/nonempty_dir2/f1.txt|F|2486|0|da39a3ee5e6b4b0d3255bfef95601890afd80709
   /test_dir_0025/nonempty_dir2/f2.txt|F|2493|167|d09f4e47c22373e56c2369633ac3dcb71d598601
end dump-result


#####################################
# Test 26
#####################################
mkdir /test_dir_0026 0o777
Tau
RV_none

chdir /test_dir_0026
Tau
RV_none

mkdir empty_dir1 0o777
Tau
RV_none

mkdir empty_dir2 0o777
Tau
RV_none

mkdir nonempty_dir1 0o777
Tau
RV_none

open_close nonempty_dir1/f1.txt [O_WRONLY;O_CREAT] 0o666
Tau
RV_none

mkdir nonempty_dir1/d2 0o777
Tau
RV_none

open nonempty_dir1/d2/f3.txt [O_WRONLY;O_CREAT] 0o666
Tau
RV_num(3)

write! (FD 3) "Lorem ipsum dolor sit amet, consectetur adipisicing elit, sed do eiusmod tempor inc" 83
Tau
RV_num(83)

close (FD 3)
Tau
RV_none

mkdir nonempty_dir1/d2/d3 0o777
Tau
RV_none

mkdir nonempty_dir2 0o777
Tau
RV_none

open_close nonempty_dir2/f1.txt [O_WRONLY;O_CREAT] 0o666
Tau
RV_none

open nonempty_dir2/f2.txt [O_WRONLY;O_CREAT] 0o666
Tau
RV_num(3)

write! (FD 3) "Lorem ipsum dolor sit amet, consectetur adipisicing elit, sed do eiusmod tempor incididunt ut labore et dolore magna aliqua. Ut enim ad minim veniam, quis nostrud exer" 167
Tau
RV_num(167)

close (FD 3)
Tau
RV_none

mkdir nonempty_dir2/d2 0o777
Tau
RV_none

mkdir nonempty_dir2/d2/d3 0o777
Tau
RV_none

rmdir nonempty_dir2/d2/d3/
Tau
RV_none

dump-result /test_dir_0026
   /test_dir_0026|D|2543
   /test_dir_0026/empty_dir1|D|2544
   /test_dir_0026/empty_dir2|D|2545
   /test_dir_0026/nonempty_dir1|D|2546
   /test_dir_0026/nonempty_dir2|D|2562
   /test_dir_0026/nonempty_dir1/d2|D|2548
   /test_dir_0026/nonempty_dir1/f1.txt|F|2547|0|da39a3ee5e6b4b0d3255bfef95601890afd80709
   /test_dir_0026/nonempty_dir1/d2/d3|D|2557
   /test_dir_0026/nonempty_dir1/d2/f3.txt|F|2551|83|4b535f836f6006423fc132a59e78dfcc4fe6292f
   /test_dir_0026/nonempty_dir2/d2|D|2583
   /test_dir_0026/nonempty_dir2/f1.txt|F|2569|0|da39a3ee5e6b4b0d3255bfef95601890afd80709
   /test_dir_0026/nonempty_dir2/f2.txt|F|2575|167|d09f4e47c22373e56c2369633ac3dcb71d598601
end dump-result


#####################################
# Test 27
#####################################
mkdir /test_dir_0027 0o777
Tau
RV_none

chdir /test_dir_0027
Tau
RV_none

mkdir empty_dir1 0o777
Tau
RV_none

mkdir empty_dir2 0o777
Tau
RV_none

mkdir nonempty_dir1 0o777
Tau
RV_none

open_close nonempty_dir1/f1.txt [O_WRONLY;O_CREAT] 0o666
Tau
RV_none

mkdir nonempty_dir1/d2 0o777
Tau
RV_none

open nonempty_dir1/d2/f3.txt [O_WRONLY;O_CREAT] 0o666
Tau
RV_num(3)

write! (FD 3) "Lorem ipsum dolor sit amet, consectetur adipisicing elit, sed do eiusmod tempor inc" 83
Tau
RV_num(83)

close (FD 3)
Tau
RV_none

mkdir nonempty_dir1/d2/d3 0o777
Tau
RV_none

mkdir nonempty_dir2 0o777
Tau
RV_none

open_close nonempty_dir2/f1.txt [O_WRONLY;O_CREAT] 0o666
Tau
RV_none

open nonempty_dir2/f2.txt [O_WRONLY;O_CREAT] 0o666
Tau
RV_num(3)

write! (FD 3) "Lorem ipsum dolor sit amet, consectetur adipisicing elit, sed do eiusmod tempor incididunt ut labore et dolore magna aliqua. Ut enim ad minim veniam, quis nostrud exer" 167
Tau
RV_num(167)

close (FD 3)
Tau
RV_none

mkdir nonempty_dir2/d2 0o777
Tau
RV_none

mkdir nonempty_dir2/d2/d3 0o777
Tau
RV_none

rmdir nonempty_dir2/f1.txt
Tau
ENOTDIR

dump-result /test_dir_0027
   /test_dir_0027|D|2635
   /test_dir_0027/empty_dir1|D|2636
   /test_dir_0027/empty_dir2|D|2637
   /test_dir_0027/nonempty_dir1|D|2638
   /test_dir_0027/nonempty_dir2|D|2653
   /test_dir_0027/nonempty_dir1/d2|D|2640
   /test_dir_0027/nonempty_dir1/f1.txt|F|2639|0|da39a3ee5e6b4b0d3255bfef95601890afd80709
   /test_dir_0027/nonempty_dir1/d2/d3|D|2648
   /test_dir_0027/nonempty_dir1/d2/f3.txt|F|2642|83|4b535f836f6006423fc132a59e78dfcc4fe6292f
   /test_dir_0027/nonempty_dir2/d2|D|2675
   /test_dir_0027/nonempty_dir2/f1.txt|F|2658|0|da39a3ee5e6b4b0d3255bfef95601890afd80709
   /test_dir_0027/nonempty_dir2/f2.txt|F|2667|167|d09f4e47c22373e56c2369633ac3dcb71d598601
   /test_dir_0027/nonempty_dir2/d2/d3|D|2682
end dump-result


#####################################
# Test 28
#####################################
mkdir /test_dir_0028 0o777
Tau
RV_none

chdir /test_dir_0028
Tau
RV_none

mkdir empty_dir1 0o777
Tau
RV_none

mkdir empty_dir2 0o777
Tau
RV_none

mkdir nonempty_dir1 0o777
Tau
RV_none

open_close nonempty_dir1/f1.txt [O_WRONLY;O_CREAT] 0o666
Tau
RV_none

mkdir nonempty_dir1/d2 0o777
Tau
RV_none

open nonempty_dir1/d2/f3.txt [O_WRONLY;O_CREAT] 0o666
Tau
RV_num(3)

write! (FD 3) "Lorem ipsum dolor sit amet, consectetur adipisicing elit, sed do eiusmod tempor inc" 83
Tau
RV_num(83)

close (FD 3)
Tau
RV_none

mkdir nonempty_dir1/d2/d3 0o777
Tau
RV_none

mkdir nonempty_dir2 0o777
Tau
RV_none

open_close nonempty_dir2/f1.txt [O_WRONLY;O_CREAT] 0o666
Tau
RV_none

open nonempty_dir2/f2.txt [O_WRONLY;O_CREAT] 0o666
Tau
RV_num(3)

write! (FD 3) "Lorem ipsum dolor sit amet, consectetur adipisicing elit, sed do eiusmod tempor incididunt ut labore et dolore magna aliqua. Ut enim ad minim veniam, quis nostrud exer" 167
Tau
RV_num(167)

close (FD 3)
Tau
RV_none

mkdir nonempty_dir2/d2 0o777
Tau
RV_none

mkdir nonempty_dir2/d2/d3 0o777
Tau
RV_none

rmdir nonempty_dir2/f1.txt/
Tau
ENOTDIR

dump-result /test_dir_0028
   /test_dir_0028|D|2727
   /test_dir_0028/empty_dir1|D|2728
   /test_dir_0028/empty_dir2|D|2729
   /test_dir_0028/nonempty_dir1|D|2730
   /test_dir_0028/nonempty_dir2|D|2749
   /test_dir_0028/nonempty_dir1/d2|D|2734
   /test_dir_0028/nonempty_dir1/f1.txt|F|2731|0|da39a3ee5e6b4b0d3255bfef95601890afd80709
   /test_dir_0028/nonempty_dir1/d2/d3|D|2744
   /test_dir_0028/nonempty_dir1/d2/f3.txt|F|2738|83|4b535f836f6006423fc132a59e78dfcc4fe6292f
   /test_dir_0028/nonempty_dir2/d2|D|2770
   /test_dir_0028/nonempty_dir2/f1.txt|F|2755|0|da39a3ee5e6b4b0d3255bfef95601890afd80709
   /test_dir_0028/nonempty_dir2/f2.txt|F|2761|167|d09f4e47c22373e56c2369633ac3dcb71d598601
   /test_dir_0028/nonempty_dir2/d2/d3|D|2777
end dump-result


#####################################
# Test 29
#####################################
mkdir /test_dir_0029 0o777
Tau
RV_none

chdir /test_dir_0029
Tau
RV_none

mkdir empty_dir1 0o777
Tau
RV_none

mkdir empty_dir2 0o777
Tau
RV_none

mkdir nonempty_dir1 0o777
Tau
RV_none

open_close nonempty_dir1/f1.txt [O_WRONLY;O_CREAT] 0o666
Tau
RV_none

mkdir nonempty_dir1/d2 0o777
Tau
RV_none

open nonempty_dir1/d2/f3.txt [O_WRONLY;O_CREAT] 0o666
Tau
RV_num(3)

write! (FD 3) "Lorem ipsum dolor sit amet, consectetur adipisicing elit, sed do eiusmod tempor inc" 83
Tau
RV_num(83)

close (FD 3)
Tau
RV_none

mkdir nonempty_dir1/d2/d3 0o777
Tau
RV_none

mkdir nonempty_dir2 0o777
Tau
RV_none

open_close nonempty_dir2/f1.txt [O_WRONLY;O_CREAT] 0o666
Tau
RV_none

open nonempty_dir2/f2.txt [O_WRONLY;O_CREAT] 0o666
Tau
RV_num(3)

write! (FD 3) "Lorem ipsum dolor sit amet, consectetur adipisicing elit, sed do eiusmod tempor incididunt ut labore et dolore magna aliqua. Ut enim ad minim veniam, quis nostrud exer" 167
Tau
RV_num(167)

close (FD 3)
Tau
RV_none

mkdir nonempty_dir2/d2 0o777
Tau
RV_none

mkdir nonempty_dir2/d2/d3 0o777
Tau
RV_none

rmdir nonempty_dir2/f2.txt
Tau
ENOTDIR

dump-result /test_dir_0029
   /test_dir_0029|D|2819
   /test_dir_0029/empty_dir1|D|2820
   /test_dir_0029/empty_dir2|D|2821
   /test_dir_0029/nonempty_dir1|D|2823
   /test_dir_0029/nonempty_dir2|D|2854
   /test_dir_0029/nonempty_dir1/d2|D|2833
   /test_dir_0029/nonempty_dir1/f1.txt|F|2828|0|da39a3ee5e6b4b0d3255bfef95601890afd80709
   /test_dir_0029/nonempty_dir1/d2/d3|D|2848
   /test_dir_0029/nonempty_dir1/d2/f3.txt|F|2839|83|4b535f836f6006423fc132a59e78dfcc4fe6292f
   /test_dir_0029/nonempty_dir2/d2|D|2877
   /test_dir_0029/nonempty_dir2/f1.txt|F|2861|0|da39a3ee5e6b4b0d3255bfef95601890afd80709
   /test_dir_0029/nonempty_dir2/f2.txt|F|2868|167|d09f4e47c22373e56c2369633ac3dcb71d598601
   /test_dir_0029/nonempty_dir2/d2/d3|D|2883
end dump-result


#####################################
# Test 30
#####################################
mkdir /test_dir_0030 0o777
Tau
RV_none

chdir /test_dir_0030
Tau
RV_none

mkdir empty_dir1 0o777
Tau
RV_none

mkdir empty_dir2 0o777
Tau
RV_none

mkdir nonempty_dir1 0o777
Tau
RV_none

open_close nonempty_dir1/f1.txt [O_WRONLY;O_CREAT] 0o666
Tau
RV_none

mkdir nonempty_dir1/d2 0o777
Tau
RV_none

open nonempty_dir1/d2/f3.txt [O_WRONLY;O_CREAT] 0o666
Tau
RV_num(3)

write! (FD 3) "Lorem ipsum dolor sit amet, consectetur adipisicing elit, sed do eiusmod tempor inc" 83
Tau
RV_num(83)

close (FD 3)
Tau
RV_none

mkdir nonempty_dir1/d2/d3 0o777
Tau
RV_none

mkdir nonempty_dir2 0o777
Tau
RV_none

open_close nonempty_dir2/f1.txt [O_WRONLY;O_CREAT] 0o666
Tau
RV_none

open nonempty_dir2/f2.txt [O_WRONLY;O_CREAT] 0o666
Tau
RV_num(3)

write! (FD 3) "Lorem ipsum dolor sit amet, consectetur adipisicing elit, sed do eiusmod tempor incididunt ut labore et dolore magna aliqua. Ut enim ad minim veniam, quis nostrud exer" 167
Tau
RV_num(167)

close (FD 3)
Tau
RV_none

mkdir nonempty_dir2/d2 0o777
Tau
RV_none

mkdir nonempty_dir2/d2/d3 0o777
Tau
RV_none

rmdir nonempty_dir2/f2.txt/
Tau
ENOTDIR

dump-result /test_dir_0030
   /test_dir_0030|D|2911
   /test_dir_0030/empty_dir1|D|2912
   /test_dir_0030/empty_dir2|D|2913
   /test_dir_0030/nonempty_dir1|D|2914
   /test_dir_0030/nonempty_dir2|D|2942
   /test_dir_0030/nonempty_dir1/d2|D|2924
   /test_dir_0030/nonempty_dir1/f1.txt|F|2919|0|da39a3ee5e6b4b0d3255bfef95601890afd80709
   /test_dir_0030/nonempty_dir1/d2/d3|D|2936
   /test_dir_0030/nonempty_dir1/d2/f3.txt|F|2930|83|4b535f836f6006423fc132a59e78dfcc4fe6292f
   /test_dir_0030/nonempty_dir2/d2|D|2963
   /test_dir_0030/nonempty_dir2/f1.txt|F|2948|0|da39a3ee5e6b4b0d3255bfef95601890afd80709
   /test_dir_0030/nonempty_dir2/f2.txt|F|2955|167|d09f4e47c22373e56c2369633ac3dcb71d598601
   /test_dir_0030/nonempty_dir2/d2/d3|D|2969
end dump-result


#####################################
# Test 31
#####################################
mkdir /test_dir_0031 0o777
Tau
RV_none

chdir /test_dir_0031
Tau
RV_none

mkdir empty_dir1 0o777
Tau
RV_none

mkdir empty_dir2 0o777
Tau
RV_none

mkdir nonempty_dir1 0o777
Tau
RV_none

open_close nonempty_dir1/f1.txt [O_WRONLY;O_CREAT] 0o666
Tau
RV_none

mkdir nonempty_dir1/d2 0o777
Tau
RV_none

open nonempty_dir1/d2/f3.txt [O_WRONLY;O_CREAT] 0o666
Tau
RV_num(3)

write! (FD 3) "Lorem ipsum dolor sit amet, consectetur adipisicing elit, sed do eiusmod tempor inc" 83
Tau
RV_num(83)

close (FD 3)
Tau
RV_none

mkdir nonempty_dir1/d2/d3 0o777
Tau
RV_none

mkdir nonempty_dir2 0o777
Tau
RV_none

open_close nonempty_dir2/f1.txt [O_WRONLY;O_CREAT] 0o666
Tau
RV_none

open nonempty_dir2/f2.txt [O_WRONLY;O_CREAT] 0o666
Tau
RV_num(3)

write! (FD 3) "Lorem ipsum dolor sit amet, consectetur adipisicing elit, sed do eiusmod tempor incididunt ut labore et dolore magna aliqua. Ut enim ad minim veniam, quis nostrud exer" 167
Tau
RV_num(167)

close (FD 3)
Tau
RV_none

mkdir nonempty_dir2/d2 0o777
Tau
RV_none

mkdir nonempty_dir2/d2/d3 0o777
Tau
RV_none

rmdir nonexist_1
Tau
ENOENT

dump-result /test_dir_0031
   /test_dir_0031|D|3002
   /test_dir_0031/empty_dir1|D|3003
   /test_dir_0031/empty_dir2|D|3004
   /test_dir_0031/nonempty_dir1|D|3006
   /test_dir_0031/nonempty_dir2|D|3035
   /test_dir_0031/nonempty_dir1/d2|D|3016
   /test_dir_0031/nonempty_dir1/f1.txt|F|3009|0|da39a3ee5e6b4b0d3255bfef95601890afd80709
   /test_dir_0031/nonempty_dir1/d2/d3|D|3029
   /test_dir_0031/nonempty_dir1/d2/f3.txt|F|3021|83|4b535f836f6006423fc132a59e78dfcc4fe6292f
   /test_dir_0031/nonempty_dir2/d2|D|3055
   /test_dir_0031/nonempty_dir2/f1.txt|F|3040|0|da39a3ee5e6b4b0d3255bfef95601890afd80709
   /test_dir_0031/nonempty_dir2/f2.txt|F|3047|167|d09f4e47c22373e56c2369633ac3dcb71d598601
   /test_dir_0031/nonempty_dir2/d2/d3|D|3062
end dump-result


#####################################
# Test 32
#####################################
mkdir /test_dir_0032 0o777
Tau
RV_none

chdir /test_dir_0032
Tau
RV_none

mkdir empty_dir1 0o777
Tau
RV_none

mkdir empty_dir2 0o777
Tau
RV_none

mkdir nonempty_dir1 0o777
Tau
RV_none

open_close nonempty_dir1/f1.txt [O_WRONLY;O_CREAT] 0o666
Tau
RV_none

mkdir nonempty_dir1/d2 0o777
Tau
RV_none

open nonempty_dir1/d2/f3.txt [O_WRONLY;O_CREAT] 0o666
Tau
RV_num(3)

write! (FD 3) "Lorem ipsum dolor sit amet, consectetur adipisicing elit, sed do eiusmod tempor inc" 83
Tau
RV_num(83)

close (FD 3)
Tau
RV_none

mkdir nonempty_dir1/d2/d3 0o777
Tau
RV_none

mkdir nonempty_dir2 0o777
Tau
RV_none

open_close nonempty_dir2/f1.txt [O_WRONLY;O_CREAT] 0o666
Tau
RV_none

open nonempty_dir2/f2.txt [O_WRONLY;O_CREAT] 0o666
Tau
RV_num(3)

write! (FD 3) "Lorem ipsum dolor sit amet, consectetur adipisicing elit, sed do eiusmod tempor incididunt ut labore et dolore magna aliqua. Ut enim ad minim veniam, quis nostrud exer" 167
Tau
RV_num(167)

close (FD 3)
Tau
RV_none

mkdir nonempty_dir2/d2 0o777
Tau
RV_none

mkdir nonempty_dir2/d2/d3 0o777
Tau
RV_none

rmdir nonexist_1/
Tau
ENOENT

dump-result /test_dir_0032
   /test_dir_0032|D|3093
   /test_dir_0032/empty_dir1|D|3094
   /test_dir_0032/empty_dir2|D|3097
   /test_dir_0032/nonempty_dir1|D|3102
   /test_dir_0032/nonempty_dir2|D|3130
   /test_dir_0032/nonempty_dir1/d2|D|3114
   /test_dir_0032/nonempty_dir1/f1.txt|F|3108|0|da39a3ee5e6b4b0d3255bfef95601890afd80709
   /test_dir_0032/nonempty_dir1/d2/d3|D|3126
   /test_dir_0032/nonempty_dir1/d2/f3.txt|F|3120|83|4b535f836f6006423fc132a59e78dfcc4fe6292f
   /test_dir_0032/nonempty_dir2/d2|D|3136
   /test_dir_0032/nonempty_dir2/f1.txt|F|3132|0|da39a3ee5e6b4b0d3255bfef95601890afd80709
   /test_dir_0032/nonempty_dir2/f2.txt|F|3134|167|d09f4e47c22373e56c2369633ac3dcb71d598601
   /test_dir_0032/nonempty_dir2/d2/d3|D|3138
end dump-result


#####################################
# Test 33
#####################################
mkdir /test_dir_0033 0o777
Tau
RV_none

chdir /test_dir_0033
Tau
RV_none

mkdir empty_dir1 0o777
Tau
RV_none

mkdir empty_dir2 0o777
Tau
RV_none

mkdir nonempty_dir1 0o777
Tau
RV_none

open_close nonempty_dir1/f1.txt [O_WRONLY;O_CREAT] 0o666
Tau
RV_none

mkdir nonempty_dir1/d2 0o777
Tau
RV_none

open nonempty_dir1/d2/f3.txt [O_WRONLY;O_CREAT] 0o666
Tau
RV_num(3)

write! (FD 3) "Lorem ipsum dolor sit amet, consectetur adipisicing elit, sed do eiusmod tempor inc" 83
Tau
RV_num(83)

close (FD 3)
Tau
RV_none

mkdir nonempty_dir1/d2/d3 0o777
Tau
RV_none

mkdir nonempty_dir2 0o777
Tau
RV_none

open_close nonempty_dir2/f1.txt [O_WRONLY;O_CREAT] 0o666
Tau
RV_none

open nonempty_dir2/f2.txt [O_WRONLY;O_CREAT] 0o666
Tau
RV_num(3)

write! (FD 3) "Lorem ipsum dolor sit amet, consectetur adipisicing elit, sed do eiusmod tempor incididunt ut labore et dolore magna aliqua. Ut enim ad minim veniam, quis nostrud exer" 167
Tau
RV_num(167)

close (FD 3)
Tau
RV_none

mkdir nonempty_dir2/d2 0o777
Tau
RV_none

mkdir nonempty_dir2/d2/d3 0o777
Tau
RV_none

rmdir nonexist_2
Tau
ENOENT

dump-result /test_dir_0033
   /test_dir_0033|D|3171
   /test_dir_0033/empty_dir1|D|3172
   /test_dir_0033/empty_dir2|D|3173
   /test_dir_0033/nonempty_dir1|D|3175
   /test_dir_0033/nonempty_dir2|D|3190
   /test_dir_0033/nonempty_dir1/d2|D|3179
   /test_dir_0033/nonempty_dir1/f1.txt|F|3177|0|da39a3ee5e6b4b0d3255bfef95601890afd80709
   /test_dir_0033/nonempty_dir1/d2/d3|D|3186
   /test_dir_0033/nonempty_dir1/d2/f3.txt|F|3181|83|4b535f836f6006423fc132a59e78dfcc4fe6292f
   /test_dir_0033/nonempty_dir2/d2|D|3208
   /test_dir_0033/nonempty_dir2/f1.txt|F|3196|0|da39a3ee5e6b4b0d3255bfef95601890afd80709
   /test_dir_0033/nonempty_dir2/f2.txt|F|3202|167|d09f4e47c22373e56c2369633ac3dcb71d598601
   /test_dir_0033/nonempty_dir2/d2/d3|D|3216
end dump-result


#####################################
# Test 34
#####################################
mkdir /test_dir_0034 0o777
Tau
RV_none

chdir /test_dir_0034
Tau
RV_none

mkdir empty_dir1 0o777
Tau
RV_none

mkdir empty_dir2 0o777
Tau
RV_none

mkdir nonempty_dir1 0o777
Tau
RV_none

open_close nonempty_dir1/f1.txt [O_WRONLY;O_CREAT] 0o666
Tau
RV_none

mkdir nonempty_dir1/d2 0o777
Tau
RV_none

open nonempty_dir1/d2/f3.txt [O_WRONLY;O_CREAT] 0o666
Tau
RV_num(3)

write! (FD 3) "Lorem ipsum dolor sit amet, consectetur adipisicing elit, sed do eiusmod tempor inc" 83
Tau
RV_num(83)

close (FD 3)
Tau
RV_none

mkdir nonempty_dir1/d2/d3 0o777
Tau
RV_none

mkdir nonempty_dir2 0o777
Tau
RV_none

open_close nonempty_dir2/f1.txt [O_WRONLY;O_CREAT] 0o666
Tau
RV_none

open nonempty_dir2/f2.txt [O_WRONLY;O_CREAT] 0o666
Tau
RV_num(3)

write! (FD 3) "Lorem ipsum dolor sit amet, consectetur adipisicing elit, sed do eiusmod tempor incididunt ut labore et dolore magna aliqua. Ut enim ad minim veniam, quis nostrud exer" 167
Tau
RV_num(167)

close (FD 3)
Tau
RV_none

mkdir nonempty_dir2/d2 0o777
Tau
RV_none

mkdir nonempty_dir2/d2/d3 0o777
Tau
RV_none

rmdir nonexist_2/
Tau
ENOENT

dump-result /test_dir_0034
   /test_dir_0034|D|3249
   /test_dir_0034/empty_dir1|D|3250
   /test_dir_0034/empty_dir2|D|3252
   /test_dir_0034/nonempty_dir1|D|3254
   /test_dir_0034/nonempty_dir2|D|3269
   /test_dir_0034/nonempty_dir1/d2|D|3258
   /test_dir_0034/nonempty_dir1/f1.txt|F|3256|0|da39a3ee5e6b4b0d3255bfef95601890afd80709
   /test_dir_0034/nonempty_dir1/d2/d3|D|3264
   /test_dir_0034/nonempty_dir1/d2/f3.txt|F|3260|83|4b535f836f6006423fc132a59e78dfcc4fe6292f
   /test_dir_0034/nonempty_dir2/d2|D|3290
   /test_dir_0034/nonempty_dir2/f1.txt|F|3276|0|da39a3ee5e6b4b0d3255bfef95601890afd80709
   /test_dir_0034/nonempty_dir2/f2.txt|F|3283|167|d09f4e47c22373e56c2369633ac3dcb71d598601
   /test_dir_0034/nonempty_dir2/d2/d3|D|3296
end dump-result


#####################################
# Test 35
#####################################
mkdir /test_dir_0035 0o777
Tau
RV_none

chdir /test_dir_0035
Tau
RV_none

mkdir empty_dir1 0o777
Tau
RV_none

mkdir empty_dir2 0o777
Tau
RV_none

mkdir nonempty_dir1 0o777
Tau
RV_none

open_close nonempty_dir1/f1.txt [O_WRONLY;O_CREAT] 0o666
Tau
RV_none

mkdir nonempty_dir1/d2 0o777
Tau
RV_none

open nonempty_dir1/d2/f3.txt [O_WRONLY;O_CREAT] 0o666
Tau
RV_num(3)

write! (FD 3) "Lorem ipsum dolor sit amet, consectetur adipisicing elit, sed do eiusmod tempor inc" 83
Tau
RV_num(83)

close (FD 3)
Tau
RV_none

mkdir nonempty_dir1/d2/d3 0o777
Tau
RV_none

mkdir nonempty_dir2 0o777
Tau
RV_none

open_close nonempty_dir2/f1.txt [O_WRONLY;O_CREAT] 0o666
Tau
RV_none

open nonempty_dir2/f2.txt [O_WRONLY;O_CREAT] 0o666
Tau
RV_num(3)

write! (FD 3) "Lorem ipsum dolor sit amet, consectetur adipisicing elit, sed do eiusmod tempor incididunt ut labore et dolore magna aliqua. Ut enim ad minim veniam, quis nostrud exer" 167
Tau
RV_num(167)

close (FD 3)
Tau
RV_none

mkdir nonempty_dir2/d2 0o777
Tau
RV_none

mkdir nonempty_dir2/d2/d3 0o777
Tau
RV_none

rmdir nonexist_dir/nonexist_3
Tau
ENOENT

dump-result /test_dir_0035
   /test_dir_0035|D|3327
   /test_dir_0035/empty_dir1|D|3328
   /test_dir_0035/empty_dir2|D|3330
   /test_dir_0035/nonempty_dir1|D|3332
   /test_dir_0035/nonempty_dir2|D|3350
   /test_dir_0035/nonempty_dir1/d2|D|3336
   /test_dir_0035/nonempty_dir1/f1.txt|F|3333|0|da39a3ee5e6b4b0d3255bfef95601890afd80709
   /test_dir_0035/nonempty_dir1/d2/d3|D|3345
   /test_dir_0035/nonempty_dir1/d2/f3.txt|F|3340|83|4b535f836f6006423fc132a59e78dfcc4fe6292f
   /test_dir_0035/nonempty_dir2/d2|D|3369
   /test_dir_0035/nonempty_dir2/f1.txt|F|3355|0|da39a3ee5e6b4b0d3255bfef95601890afd80709
   /test_dir_0035/nonempty_dir2/f2.txt|F|3361|167|d09f4e47c22373e56c2369633ac3dcb71d598601
   /test_dir_0035/nonempty_dir2/d2/d3|D|3374
end dump-result


#####################################
# Test 36
#####################################
mkdir /test_dir_0036 0o777
Tau
RV_none

chdir /test_dir_0036
Tau
RV_none

mkdir empty_dir1 0o777
Tau
RV_none

mkdir empty_dir2 0o777
Tau
RV_none

mkdir nonempty_dir1 0o777
Tau
RV_none

open_close nonempty_dir1/f1.txt [O_WRONLY;O_CREAT] 0o666
Tau
RV_none

mkdir nonempty_dir1/d2 0o777
Tau
RV_none

open nonempty_dir1/d2/f3.txt [O_WRONLY;O_CREAT] 0o666
Tau
RV_num(3)

write! (FD 3) "Lorem ipsum dolor sit amet, consectetur adipisicing elit, sed do eiusmod tempor inc" 83
Tau
RV_num(83)

close (FD 3)
Tau
RV_none

mkdir nonempty_dir1/d2/d3 0o777
Tau
RV_none

mkdir nonempty_dir2 0o777
Tau
RV_none

open_close nonempty_dir2/f1.txt [O_WRONLY;O_CREAT] 0o666
Tau
RV_none

open nonempty_dir2/f2.txt [O_WRONLY;O_CREAT] 0o666
Tau
RV_num(3)

write! (FD 3) "Lorem ipsum dolor sit amet, consectetur adipisicing elit, sed do eiusmod tempor incididunt ut labore et dolore magna aliqua. Ut enim ad minim veniam, quis nostrud exer" 167
Tau
RV_num(167)

close (FD 3)
Tau
RV_none

mkdir nonempty_dir2/d2 0o777
Tau
RV_none

mkdir nonempty_dir2/d2/d3 0o777
Tau
RV_none

rmdir nonexist_dir/nonexist_3/
Tau
ENOENT

dump-result /test_dir_0036
   /test_dir_0036|D|3405
   /test_dir_0036/empty_dir1|D|3406
   /test_dir_0036/empty_dir2|D|3408
   /test_dir_0036/nonempty_dir1|D|3409
   /test_dir_0036/nonempty_dir2|D|3428
   /test_dir_0036/nonempty_dir1/d2|D|3414
   /test_dir_0036/nonempty_dir1/f1.txt|F|3412|0|da39a3ee5e6b4b0d3255bfef95601890afd80709
   /test_dir_0036/nonempty_dir1/d2/d3|D|3422
   /test_dir_0036/nonempty_dir1/d2/f3.txt|F|3417|83|4b535f836f6006423fc132a59e78dfcc4fe6292f
   /test_dir_0036/nonempty_dir2/d2|D|3446
   /test_dir_0036/nonempty_dir2/f1.txt|F|3434|0|da39a3ee5e6b4b0d3255bfef95601890afd80709
   /test_dir_0036/nonempty_dir2/f2.txt|F|3438|167|d09f4e47c22373e56c2369633ac3dcb71d598601
   /test_dir_0036/nonempty_dir2/d2/d3|D|3452
end dump-result


