
Error:    122: rmdir nonempty_dir1
               Tau
               EPERM
   unexpected results: EPERM
   allowed are only: ENOTEMPTY, EEXIST
   continuing execution with ENOTEMPTY, EEXIST

Error:    147: rmdir nonempty_dir1/
               Tau
               EPERM
   unexpected results: EPERM
   allowed are only: ENOTEMPTY, EEXIST
   continuing execution with ENOTEMPTY, EEXIST

Error:    172: rmdir nonempty_dir1/d2
               Tau
               EPERM
   unexpected results: EPERM
   allowed are only: ENOTEMPTY, EEXIST
   continuing execution with ENOTEMPTY, EEXIST

Error:    197: rmdir nonempty_dir1/d2/
               Tau
               EPERM
   unexpected results: EPERM
   allowed are only: ENOTEMPTY, EEXIST
   continuing execution with ENOTEMPTY, EEXIST

Error:    522: rmdir nonempty_dir2
               Tau
               EPERM
   unexpected results: EPERM
   allowed are only: ENOTEMPTY, EEXIST
   continuing execution with ENOTEMPTY, EEXIST

Error:    547: rmdir nonempty_dir2/
               Tau
               EPERM
   unexpected results: EPERM
   allowed are only: ENOTEMPTY, EEXIST
   continuing execution with ENOTEMPTY, EEXIST

Error:    572: rmdir nonempty_dir2/d2
               Tau
               EPERM
   unexpected results: EPERM
   allowed are only: ENOTEMPTY, EEXIST
   continuing execution with ENOTEMPTY, EEXIST

Error:    597: rmdir nonempty_dir2/d2/
               Tau
               EPERM
   unexpected results: EPERM
   allowed are only: ENOTEMPTY, EEXIST
   continuing execution with ENOTEMPTY, EEXIST
