        ######################################
        ## Test rename___rename_nonempty_dir1__d2__sl_no_such_target_____nonempty_dir1__f1.txt__nonexist_5
        ######################################
        mkdir /test_dir_rename___rename_nonempty_dir1__d2__sl_no_such_target_____nonempty_dir1__f1.txt__nonexist_5 0o777
        Tau
        RV_none

        chdir /test_dir_rename___rename_nonempty_dir1__d2__sl_no_such_target_____nonempty_dir1__f1.txt__nonexist_5
        Tau
        RV_none

        mkdir empty_dir1 0o777
        Tau
        RV_none

        mkdir empty_dir2 0o777
        Tau
        RV_none

        mkdir nonempty_dir1 0o777
        Tau
        RV_none

        mkdir nonempty_dir1/d2 0o777
        Tau
        RV_none

        open nonempty_dir1/d2/f3.txt [O_CREAT;O_WRONLY] 0o666
        Tau
        RV_num(3)

        write! (FD 3) "Lorem ipsum dolor sit amet, consectetur adipisicing elit, sed do eiusmod tempor inc" 83
        Tau
        RV_num(83)

        close (FD 3)
        Tau
        RV_none

        mkdir nonempty_dir1/d2/d3 0o777
        Tau
        RV_none

        symlink ../f1.txt nonempty_dir1/d2/sl_dotdot_f1.txt
        Tau
        RV_none

        symlink no_such_target nonempty_dir1/d2/sl_no_such_target
        Tau
        RV_none

        symlink ../no_such_target nonempty_dir1/d2/sl_dotdot_no_such_target
        Tau
        RV_none

        symlink ../d2 nonempty_dir1/d2/sl_dotdot_d2
        Tau
        RV_none

        open_close nonempty_dir1/f1.txt [O_CREAT;O_WRONLY] 0o666
        Tau
        RV_none

        symlink f1.txt nonempty_dir1/sl_f1.txt
        Tau
        RV_none

        mkdir nonempty_dir2 0o777
        Tau
        RV_none

        open_close nonempty_dir2/f1.txt [O_CREAT;O_WRONLY] 0o666
        Tau
        RV_none

        open nonempty_dir2/f2.txt [O_CREAT;O_WRONLY] 0o666
        Tau
        RV_num(3)

        write! (FD 3) "Lorem ipsum dolor sit amet, consectetur adipisicing elit, sed do eiusmod tempor incididunt ut labore et dolore magna aliqua. Ut enim ad minim veniam, quis nostrud exer" 167
        Tau
        RV_num(167)

        close (FD 3)
        Tau
        RV_none

        mkdir nonempty_dir2/d2 0o777
        Tau
        RV_none

        mkdir nonempty_dir2/d2/d3 0o777
        Tau
        RV_none

        symlink ../../nonempty_dir1/d2/f3.txt nonempty_dir2/d2/sl_f3.txt
        Tau
        RV_none


        rename nonempty_dir1/d2/sl_no_such_target/ nonempty_dir1/f1.txt/nonexist_5
        Tau
        ENOTDIR


        dump-result /test_dir_rename___rename_nonempty_dir1__d2__sl_no_such_target_____nonempty_dir1__f1.txt__nonexist_5
           /test_dir_rename___rename_nonempty_dir1__d2__sl_no_such_target_____nonempty_dir1__f1.txt__nonexist_5|D|33151
           /test_dir_rename___rename_nonempty_dir1__d2__sl_no_such_target_____nonempty_dir1__f1.txt__nonexist_5/empty_dir1|D|33152
           /test_dir_rename___rename_nonempty_dir1__d2__sl_no_such_target_____nonempty_dir1__f1.txt__nonexist_5/empty_dir2|D|33154
           /test_dir_rename___rename_nonempty_dir1__d2__sl_no_such_target_____nonempty_dir1__f1.txt__nonexist_5/nonempty_dir1|D|33155
           /test_dir_rename___rename_nonempty_dir1__d2__sl_no_such_target_____nonempty_dir1__f1.txt__nonexist_5/nonempty_dir1/f1.txt|F|33163|0|da39a3ee5e6b4b0d3255bfef95601890afd80709
           /test_dir_rename___rename_nonempty_dir1__d2__sl_no_such_target_____nonempty_dir1__f1.txt__nonexist_5/nonempty_dir1/sl_f1.txt|L|f1.txt
           /test_dir_rename___rename_nonempty_dir1__d2__sl_no_such_target_____nonempty_dir1__f1.txt__nonexist_5/nonempty_dir1/d2|D|33156
           /test_dir_rename___rename_nonempty_dir1__d2__sl_no_such_target_____nonempty_dir1__f1.txt__nonexist_5/nonempty_dir1/d2/f3.txt|F|33157|83|4b535f836f6006423fc132a59e78dfcc4fe6292f
           /test_dir_rename___rename_nonempty_dir1__d2__sl_no_such_target_____nonempty_dir1__f1.txt__nonexist_5/nonempty_dir1/d2/sl_dotdot_d2|L|../d2
           /test_dir_rename___rename_nonempty_dir1__d2__sl_no_such_target_____nonempty_dir1__f1.txt__nonexist_5/nonempty_dir1/d2/sl_dotdot_f1.txt|L|../f1.txt
           /test_dir_rename___rename_nonempty_dir1__d2__sl_no_such_target_____nonempty_dir1__f1.txt__nonexist_5/nonempty_dir1/d2/sl_dotdot_no_such_target|L|../no_such_target
           /test_dir_rename___rename_nonempty_dir1__d2__sl_no_such_target_____nonempty_dir1__f1.txt__nonexist_5/nonempty_dir1/d2/sl_no_such_target|L|no_such_target
           /test_dir_rename___rename_nonempty_dir1__d2__sl_no_such_target_____nonempty_dir1__f1.txt__nonexist_5/nonempty_dir1/d2/d3|D|33158
           /test_dir_rename___rename_nonempty_dir1__d2__sl_no_such_target_____nonempty_dir1__f1.txt__nonexist_5/nonempty_dir2|D|33165
           /test_dir_rename___rename_nonempty_dir1__d2__sl_no_such_target_____nonempty_dir1__f1.txt__nonexist_5/nonempty_dir2/f1.txt|F|33166|0|da39a3ee5e6b4b0d3255bfef95601890afd80709
           /test_dir_rename___rename_nonempty_dir1__d2__sl_no_such_target_____nonempty_dir1__f1.txt__nonexist_5/nonempty_dir2/f2.txt|F|33167|167|d09f4e47c22373e56c2369633ac3dcb71d598601
           /test_dir_rename___rename_nonempty_dir1__d2__sl_no_such_target_____nonempty_dir1__f1.txt__nonexist_5/nonempty_dir2/d2|D|33168
           /test_dir_rename___rename_nonempty_dir1__d2__sl_no_such_target_____nonempty_dir1__f1.txt__nonexist_5/nonempty_dir2/d2/sl_f3.txt|L|../../nonempty_dir1/d2/f3.txt
           /test_dir_rename___rename_nonempty_dir1__d2__sl_no_such_target_____nonempty_dir1__f1.txt__nonexist_5/nonempty_dir2/d2/d3|D|33169
        end dump-result


