
Error:    597: mkdir nonempty_dir1/d2/sl_no_such_target/ 0o777
               Tau
               RV_none
   unexpected results: RV_none
   allowed are only: EEXIST
   continuing execution with EEXIST

        /test_dir_0020|D|343
        /test_dir_0020/empty_dir1|D|344
        /test_dir_0020/empty_dir2|D|345
        /test_dir_0020/nonempty_dir1|D|346
        /test_dir_0020/nonempty_dir2|D|351
        /test_dir_0020/nonempty_dir1/d2|D|348
        /test_dir_0020/nonempty_dir1/f1.txt|F|347|0|da39a3ee5e6b4b0d3255bfef95601890afd80709
        /test_dir_0020/nonempty_dir1/sl_f1.txt|L|f1.txt
        /test_dir_0020/nonempty_dir1/d2/d3|D|350
        /test_dir_0020/nonempty_dir1/d2/f3.txt|F|349|83|4b535f836f6006423fc132a59e78dfcc4fe6292f
        /test_dir_0020/nonempty_dir1/d2/sl_dotdot_d2|L|../d2
        /test_dir_0020/nonempty_dir1/d2/sl_dotdot_f1.txt|L|../f1.txt
        /test_dir_0020/nonempty_dir1/d2/sl_no_such_target|L|no_such_target
        /test_dir_0020/nonempty_dir2/d2|D|354
        /test_dir_0020/nonempty_dir2/f1.txt|F|352|0|da39a3ee5e6b4b0d3255bfef95601890afd80709
        /test_dir_0020/nonempty_dir2/f2.txt|F|353|167|d09f4e47c22373e56c2369633ac3dcb71d598601
        /test_dir_0020/nonempty_dir2/d2/d3|D|355
        /test_dir_0020/nonempty_dir2/d2/sl_f3.txt|L|../../nonempty_dir1/d2/f3.txt


Error:    598: dump-result /test_dir_0020
           /test_dir_0020|D|1186
           /test_dir_0020/empty_dir1|D|1188
           /test_dir_0020/empty_dir2|D|1190
           /test_dir_0020/nonempty_dir1|D|1192
           /test_dir_0020/nonempty_dir2|D|1201
           /test_dir_0020/nonempty_dir1/d2|D|1195
           /test_dir_0020/nonempty_dir1/f1.txt|F|1193|0|da39a3ee5e6b4b0d3255bfef95601890afd80709
           /test_dir_0020/nonempty_dir1/sl_f1.txt|L|f1.txt
           /test_dir_0020/nonempty_dir1/d2/d3|D|1200
           /test_dir_0020/nonempty_dir1/d2/f3.txt|F|1197|83|4b535f836f6006423fc132a59e78dfcc4fe6292f
           /test_dir_0020/nonempty_dir1/d2/no_such_target|D|1218
           /test_dir_0020/nonempty_dir1/d2/sl_dotdot_d2|L|../d2
           /test_dir_0020/nonempty_dir1/d2/sl_dotdot_f1.txt|L|../f1.txt
           /test_dir_0020/nonempty_dir1/d2/sl_no_such_target|L|no_such_target
           /test_dir_0020/nonempty_dir2/d2|D|1206
           /test_dir_0020/nonempty_dir2/f1.txt|F|1202|0|da39a3ee5e6b4b0d3255bfef95601890afd80709
           /test_dir_0020/nonempty_dir2/f2.txt|F|1203|167|d09f4e47c22373e56c2369633ac3dcb71d598601
           /test_dir_0020/nonempty_dir2/d2/d3|D|1208
           /test_dir_0020/nonempty_dir2/d2/sl_f3.txt|L|../../nonempty_dir1/d2/f3.txt
        end dump-result
   
   comparison of dump-results failed:
      unexpected entry: /test_dir_0020/nonempty_dir1/d2/no_such_target

