
Error:    537: truncate nonempty_dir1/d2/sl_dotdot_f1.txt/ 0
               Tau
               RV_none
   unexpected results: RV_none
   allowed are only: ENOTDIR
   continuing execution with ENOTDIR

Error:    837: truncate nonempty_dir1/sl_f1.txt/ 0
               Tau
               RV_none
   unexpected results: RV_none
   allowed are only: ENOTDIR
   continuing execution with ENOTDIR

Error:   1077: truncate nonempty_dir2/d2/sl_f3.txt/ 0
               Tau
               RV_none
   unexpected results: RV_none
   allowed are only: ENOTDIR
   continuing execution with ENOTDIR

        /test_dir_0036|D|631
        /test_dir_0036/empty_dir1|D|632
        /test_dir_0036/empty_dir2|D|633
        /test_dir_0036/nonempty_dir1|D|634
        /test_dir_0036/nonempty_dir2|D|639
        /test_dir_0036/nonempty_dir1/d2|D|636
        /test_dir_0036/nonempty_dir1/f1.txt|F|635|0|da39a3ee5e6b4b0d3255bfef95601890afd80709
        /test_dir_0036/nonempty_dir1/sl_f1.txt|L|f1.txt
        /test_dir_0036/nonempty_dir1/d2/d3|D|638
        /test_dir_0036/nonempty_dir1/d2/f3.txt|F|637|83|4b535f836f6006423fc132a59e78dfcc4fe6292f
        /test_dir_0036/nonempty_dir1/d2/sl_dotdot_d2|L|../d2
        /test_dir_0036/nonempty_dir1/d2/sl_dotdot_f1.txt|L|../f1.txt
        /test_dir_0036/nonempty_dir1/d2/sl_no_such_target|L|no_such_target
        /test_dir_0036/nonempty_dir2/d2|D|642
        /test_dir_0036/nonempty_dir2/f1.txt|F|640|0|da39a3ee5e6b4b0d3255bfef95601890afd80709
        /test_dir_0036/nonempty_dir2/f2.txt|F|641|167|d09f4e47c22373e56c2369633ac3dcb71d598601
        /test_dir_0036/nonempty_dir2/d2/d3|D|643
        /test_dir_0036/nonempty_dir2/d2/sl_f3.txt|L|../../nonempty_dir1/d2/f3.txt


Error:   1078: dump-result /test_dir_0036
           /test_dir_0036|D|5296
           /test_dir_0036/empty_dir1|D|5304
           /test_dir_0036/empty_dir2|D|5307
           /test_dir_0036/nonempty_dir1|D|529
           /test_dir_0036/nonempty_dir2|D|5316
           /test_dir_0036/nonempty_dir1/d2|D|5311
           /test_dir_0036/nonempty_dir1/f1.txt|F|5308|0|da39a3ee5e6b4b0d3255bfef95601890afd80709
           /test_dir_0036/nonempty_dir1/sl_f1.txt|L|f1.txt
           /test_dir_0036/nonempty_dir1/d2/d3|D|5314
           /test_dir_0036/nonempty_dir1/d2/f3.txt|F|542|0|da39a3ee5e6b4b0d3255bfef95601890afd80709
           /test_dir_0036/nonempty_dir1/d2/sl_dotdot_d2|L|../d2
           /test_dir_0036/nonempty_dir1/d2/sl_dotdot_f1.txt|L|../f1.txt
           /test_dir_0036/nonempty_dir1/d2/sl_no_such_target|L|no_such_target
           /test_dir_0036/nonempty_dir2/d2|D|5322
           /test_dir_0036/nonempty_dir2/f1.txt|F|5318|0|da39a3ee5e6b4b0d3255bfef95601890afd80709
           /test_dir_0036/nonempty_dir2/f2.txt|F|5320|167|d09f4e47c22373e56c2369633ac3dcb71d598601
           /test_dir_0036/nonempty_dir2/d2/d3|D|521
           /test_dir_0036/nonempty_dir2/d2/sl_f3.txt|L|../../nonempty_dir1/d2/f3.txt
        end dump-result
   
   comparison of dump-results failed:
      differing entry: /test_dir_0036/nonempty_dir1/d2/f3.txt


Error:   1917: truncate nonempty_dir1/d2/sl_dotdot_f1.txt/ 10
               Tau
               RV_none
   unexpected results: RV_none
   allowed are only: ENOTDIR
   continuing execution with ENOTDIR

        /test_dir_0018|D|307
        /test_dir_0018/empty_dir1|D|308
        /test_dir_0018/empty_dir2|D|309
        /test_dir_0018/nonempty_dir1|D|310
        /test_dir_0018/nonempty_dir2|D|315
        /test_dir_0018/nonempty_dir1/d2|D|312
        /test_dir_0018/nonempty_dir1/f1.txt|F|311|0|da39a3ee5e6b4b0d3255bfef95601890afd80709
        /test_dir_0018/nonempty_dir1/sl_f1.txt|L|f1.txt
        /test_dir_0018/nonempty_dir1/d2/d3|D|314
        /test_dir_0018/nonempty_dir1/d2/f3.txt|F|313|83|4b535f836f6006423fc132a59e78dfcc4fe6292f
        /test_dir_0018/nonempty_dir1/d2/sl_dotdot_d2|L|../d2
        /test_dir_0018/nonempty_dir1/d2/sl_dotdot_f1.txt|L|../f1.txt
        /test_dir_0018/nonempty_dir1/d2/sl_no_such_target|L|no_such_target
        /test_dir_0018/nonempty_dir2/d2|D|318
        /test_dir_0018/nonempty_dir2/f1.txt|F|316|0|da39a3ee5e6b4b0d3255bfef95601890afd80709
        /test_dir_0018/nonempty_dir2/f2.txt|F|317|167|d09f4e47c22373e56c2369633ac3dcb71d598601
        /test_dir_0018/nonempty_dir2/d2/d3|D|319
        /test_dir_0018/nonempty_dir2/d2/sl_f3.txt|L|../../nonempty_dir1/d2/f3.txt


Error:   1918: dump-result /test_dir_0018
           /test_dir_0018|D|3507
           /test_dir_0018/empty_dir1|D|3517
           /test_dir_0018/empty_dir2|D|3521
           /test_dir_0018/nonempty_dir1|D|3525
           /test_dir_0018/nonempty_dir2|D|3484
           /test_dir_0018/nonempty_dir1/d2|D|3535
           /test_dir_0018/nonempty_dir1/f1.txt|F|3531|10|9694c4ebd673a5e2fd26e4b2e64f92e914ebd95f
           /test_dir_0018/nonempty_dir1/sl_f1.txt|L|f1.txt
           /test_dir_0018/nonempty_dir1/d2/d3|D|3544
           /test_dir_0018/nonempty_dir1/d2/f3.txt|F|3539|83|4b535f836f6006423fc132a59e78dfcc4fe6292f
           /test_dir_0018/nonempty_dir1/d2/sl_dotdot_d2|L|../d2
           /test_dir_0018/nonempty_dir1/d2/sl_dotdot_f1.txt|L|../f1.txt
           /test_dir_0018/nonempty_dir1/d2/sl_no_such_target|L|no_such_target
           /test_dir_0018/nonempty_dir2/d2|D|3562
           /test_dir_0018/nonempty_dir2/f1.txt|F|3552|0|da39a3ee5e6b4b0d3255bfef95601890afd80709
           /test_dir_0018/nonempty_dir2/f2.txt|F|3556|167|d09f4e47c22373e56c2369633ac3dcb71d598601
           /test_dir_0018/nonempty_dir2/d2/d3|D|3565
           /test_dir_0018/nonempty_dir2/d2/sl_f3.txt|L|../../nonempty_dir1/d2/f3.txt
        end dump-result
   
   comparison of dump-results failed:
      differing entry: /test_dir_0018/nonempty_dir1/f1.txt


Error:   2217: truncate nonempty_dir1/sl_f1.txt/ 10
               Tau
               RV_none
   unexpected results: RV_none
   allowed are only: ENOTDIR
   continuing execution with ENOTDIR

        /test_dir_0028|D|487
        /test_dir_0028/empty_dir1|D|488
        /test_dir_0028/empty_dir2|D|489
        /test_dir_0028/nonempty_dir1|D|490
        /test_dir_0028/nonempty_dir2|D|495
        /test_dir_0028/nonempty_dir1/d2|D|492
        /test_dir_0028/nonempty_dir1/f1.txt|F|491|0|da39a3ee5e6b4b0d3255bfef95601890afd80709
        /test_dir_0028/nonempty_dir1/sl_f1.txt|L|f1.txt
        /test_dir_0028/nonempty_dir1/d2/d3|D|494
        /test_dir_0028/nonempty_dir1/d2/f3.txt|F|493|83|4b535f836f6006423fc132a59e78dfcc4fe6292f
        /test_dir_0028/nonempty_dir1/d2/sl_dotdot_d2|L|../d2
        /test_dir_0028/nonempty_dir1/d2/sl_dotdot_f1.txt|L|../f1.txt
        /test_dir_0028/nonempty_dir1/d2/sl_no_such_target|L|no_such_target
        /test_dir_0028/nonempty_dir2/d2|D|498
        /test_dir_0028/nonempty_dir2/f1.txt|F|496|0|da39a3ee5e6b4b0d3255bfef95601890afd80709
        /test_dir_0028/nonempty_dir2/f2.txt|F|497|167|d09f4e47c22373e56c2369633ac3dcb71d598601
        /test_dir_0028/nonempty_dir2/d2/d3|D|499
        /test_dir_0028/nonempty_dir2/d2/sl_f3.txt|L|../../nonempty_dir1/d2/f3.txt


Error:   2218: dump-result /test_dir_0028
           /test_dir_0028|D|4669
           /test_dir_0028/empty_dir1|D|4679
           /test_dir_0028/empty_dir2|D|4682
           /test_dir_0028/nonempty_dir1|D|4684
           /test_dir_0028/nonempty_dir2|D|4697
           /test_dir_0028/nonempty_dir1/d2|D|4691
           /test_dir_0028/nonempty_dir1/f1.txt|F|4689|10|9694c4ebd673a5e2fd26e4b2e64f92e914ebd95f
           /test_dir_0028/nonempty_dir1/sl_f1.txt|L|f1.txt
           /test_dir_0028/nonempty_dir1/d2/d3|D|4695
           /test_dir_0028/nonempty_dir1/d2/f3.txt|F|4693|83|4b535f836f6006423fc132a59e78dfcc4fe6292f
           /test_dir_0028/nonempty_dir1/d2/sl_dotdot_d2|L|../d2
           /test_dir_0028/nonempty_dir1/d2/sl_dotdot_f1.txt|L|../f1.txt
           /test_dir_0028/nonempty_dir1/d2/sl_no_such_target|L|no_such_target
           /test_dir_0028/nonempty_dir2/d2|D|4704
           /test_dir_0028/nonempty_dir2/f1.txt|F|4699|0|da39a3ee5e6b4b0d3255bfef95601890afd80709
           /test_dir_0028/nonempty_dir2/f2.txt|F|4701|167|d09f4e47c22373e56c2369633ac3dcb71d598601
           /test_dir_0028/nonempty_dir2/d2/d3|D|4705
           /test_dir_0028/nonempty_dir2/d2/sl_f3.txt|L|../../nonempty_dir1/d2/f3.txt
        end dump-result
   
   comparison of dump-results failed:
      differing entry: /test_dir_0028/nonempty_dir1/f1.txt


Error:   2457: truncate nonempty_dir2/d2/sl_f3.txt/ 10
               Tau
               RV_none
   unexpected results: RV_none
   allowed are only: ENOTDIR
   continuing execution with ENOTDIR

        /test_dir_0036|D|631
        /test_dir_0036/empty_dir1|D|632
        /test_dir_0036/empty_dir2|D|633
        /test_dir_0036/nonempty_dir1|D|634
        /test_dir_0036/nonempty_dir2|D|639
        /test_dir_0036/nonempty_dir1/d2|D|636
        /test_dir_0036/nonempty_dir1/f1.txt|F|635|0|da39a3ee5e6b4b0d3255bfef95601890afd80709
        /test_dir_0036/nonempty_dir1/sl_f1.txt|L|f1.txt
        /test_dir_0036/nonempty_dir1/d2/d3|D|638
        /test_dir_0036/nonempty_dir1/d2/f3.txt|F|637|83|4b535f836f6006423fc132a59e78dfcc4fe6292f
        /test_dir_0036/nonempty_dir1/d2/sl_dotdot_d2|L|../d2
        /test_dir_0036/nonempty_dir1/d2/sl_dotdot_f1.txt|L|../f1.txt
        /test_dir_0036/nonempty_dir1/d2/sl_no_such_target|L|no_such_target
        /test_dir_0036/nonempty_dir2/d2|D|642
        /test_dir_0036/nonempty_dir2/f1.txt|F|640|0|da39a3ee5e6b4b0d3255bfef95601890afd80709
        /test_dir_0036/nonempty_dir2/f2.txt|F|641|167|d09f4e47c22373e56c2369633ac3dcb71d598601
        /test_dir_0036/nonempty_dir2/d2/d3|D|643
        /test_dir_0036/nonempty_dir2/d2/sl_f3.txt|L|../../nonempty_dir1/d2/f3.txt


Error:   2458: dump-result /test_dir_0036
           /test_dir_0036|D|5296
           /test_dir_0036/empty_dir1|D|5304
           /test_dir_0036/empty_dir2|D|5307
           /test_dir_0036/nonempty_dir1|D|529
           /test_dir_0036/nonempty_dir2|D|5316
           /test_dir_0036/nonempty_dir1/d2|D|5311
           /test_dir_0036/nonempty_dir1/f1.txt|F|5308|0|da39a3ee5e6b4b0d3255bfef95601890afd80709
           /test_dir_0036/nonempty_dir1/sl_f1.txt|L|f1.txt
           /test_dir_0036/nonempty_dir1/d2/d3|D|5314
           /test_dir_0036/nonempty_dir1/d2/f3.txt|F|542|10|cb091ce81530253707a6fa79e266f6285cf8c79b
           /test_dir_0036/nonempty_dir1/d2/sl_dotdot_d2|L|../d2
           /test_dir_0036/nonempty_dir1/d2/sl_dotdot_f1.txt|L|../f1.txt
           /test_dir_0036/nonempty_dir1/d2/sl_no_such_target|L|no_such_target
           /test_dir_0036/nonempty_dir2/d2|D|5322
           /test_dir_0036/nonempty_dir2/f1.txt|F|5318|0|da39a3ee5e6b4b0d3255bfef95601890afd80709
           /test_dir_0036/nonempty_dir2/f2.txt|F|5320|167|d09f4e47c22373e56c2369633ac3dcb71d598601
           /test_dir_0036/nonempty_dir2/d2/d3|D|521
           /test_dir_0036/nonempty_dir2/d2/sl_f3.txt|L|../../nonempty_dir1/d2/f3.txt
        end dump-result
   
   comparison of dump-results failed:
      differing entry: /test_dir_0036/nonempty_dir1/d2/f3.txt


Error:   3297: truncate nonempty_dir1/d2/sl_dotdot_f1.txt/ 100
               Tau
               RV_none
   unexpected results: RV_none
   allowed are only: ENOTDIR
   continuing execution with ENOTDIR

        /test_dir_0018|D|307
        /test_dir_0018/empty_dir1|D|308
        /test_dir_0018/empty_dir2|D|309
        /test_dir_0018/nonempty_dir1|D|310
        /test_dir_0018/nonempty_dir2|D|315
        /test_dir_0018/nonempty_dir1/d2|D|312
        /test_dir_0018/nonempty_dir1/f1.txt|F|311|0|da39a3ee5e6b4b0d3255bfef95601890afd80709
        /test_dir_0018/nonempty_dir1/sl_f1.txt|L|f1.txt
        /test_dir_0018/nonempty_dir1/d2/d3|D|314
        /test_dir_0018/nonempty_dir1/d2/f3.txt|F|313|83|4b535f836f6006423fc132a59e78dfcc4fe6292f
        /test_dir_0018/nonempty_dir1/d2/sl_dotdot_d2|L|../d2
        /test_dir_0018/nonempty_dir1/d2/sl_dotdot_f1.txt|L|../f1.txt
        /test_dir_0018/nonempty_dir1/d2/sl_no_such_target|L|no_such_target
        /test_dir_0018/nonempty_dir2/d2|D|318
        /test_dir_0018/nonempty_dir2/f1.txt|F|316|0|da39a3ee5e6b4b0d3255bfef95601890afd80709
        /test_dir_0018/nonempty_dir2/f2.txt|F|317|167|d09f4e47c22373e56c2369633ac3dcb71d598601
        /test_dir_0018/nonempty_dir2/d2/d3|D|319
        /test_dir_0018/nonempty_dir2/d2/sl_f3.txt|L|../../nonempty_dir1/d2/f3.txt


Error:   3298: dump-result /test_dir_0018
           /test_dir_0018|D|3507
           /test_dir_0018/empty_dir1|D|3517
           /test_dir_0018/empty_dir2|D|3521
           /test_dir_0018/nonempty_dir1|D|3525
           /test_dir_0018/nonempty_dir2|D|3484
           /test_dir_0018/nonempty_dir1/d2|D|3535
           /test_dir_0018/nonempty_dir1/f1.txt|F|3531|100|ed4a77d1b56a118938788fc53037759b6c501e3d
           /test_dir_0018/nonempty_dir1/sl_f1.txt|L|f1.txt
           /test_dir_0018/nonempty_dir1/d2/d3|D|3544
           /test_dir_0018/nonempty_dir1/d2/f3.txt|F|3539|83|4b535f836f6006423fc132a59e78dfcc4fe6292f
           /test_dir_0018/nonempty_dir1/d2/sl_dotdot_d2|L|../d2
           /test_dir_0018/nonempty_dir1/d2/sl_dotdot_f1.txt|L|../f1.txt
           /test_dir_0018/nonempty_dir1/d2/sl_no_such_target|L|no_such_target
           /test_dir_0018/nonempty_dir2/d2|D|3562
           /test_dir_0018/nonempty_dir2/f1.txt|F|3552|0|da39a3ee5e6b4b0d3255bfef95601890afd80709
           /test_dir_0018/nonempty_dir2/f2.txt|F|3556|167|d09f4e47c22373e56c2369633ac3dcb71d598601
           /test_dir_0018/nonempty_dir2/d2/d3|D|3565
           /test_dir_0018/nonempty_dir2/d2/sl_f3.txt|L|../../nonempty_dir1/d2/f3.txt
        end dump-result
   
   comparison of dump-results failed:
      differing entry: /test_dir_0018/nonempty_dir1/f1.txt


Error:   3597: truncate nonempty_dir1/sl_f1.txt/ 100
               Tau
               RV_none
   unexpected results: RV_none
   allowed are only: ENOTDIR
   continuing execution with ENOTDIR

        /test_dir_0028|D|487
        /test_dir_0028/empty_dir1|D|488
        /test_dir_0028/empty_dir2|D|489
        /test_dir_0028/nonempty_dir1|D|490
        /test_dir_0028/nonempty_dir2|D|495
        /test_dir_0028/nonempty_dir1/d2|D|492
        /test_dir_0028/nonempty_dir1/f1.txt|F|491|0|da39a3ee5e6b4b0d3255bfef95601890afd80709
        /test_dir_0028/nonempty_dir1/sl_f1.txt|L|f1.txt
        /test_dir_0028/nonempty_dir1/d2/d3|D|494
        /test_dir_0028/nonempty_dir1/d2/f3.txt|F|493|83|4b535f836f6006423fc132a59e78dfcc4fe6292f
        /test_dir_0028/nonempty_dir1/d2/sl_dotdot_d2|L|../d2
        /test_dir_0028/nonempty_dir1/d2/sl_dotdot_f1.txt|L|../f1.txt
        /test_dir_0028/nonempty_dir1/d2/sl_no_such_target|L|no_such_target
        /test_dir_0028/nonempty_dir2/d2|D|498
        /test_dir_0028/nonempty_dir2/f1.txt|F|496|0|da39a3ee5e6b4b0d3255bfef95601890afd80709
        /test_dir_0028/nonempty_dir2/f2.txt|F|497|167|d09f4e47c22373e56c2369633ac3dcb71d598601
        /test_dir_0028/nonempty_dir2/d2/d3|D|499
        /test_dir_0028/nonempty_dir2/d2/sl_f3.txt|L|../../nonempty_dir1/d2/f3.txt


Error:   3598: dump-result /test_dir_0028
           /test_dir_0028|D|4669
           /test_dir_0028/empty_dir1|D|4679
           /test_dir_0028/empty_dir2|D|4682
           /test_dir_0028/nonempty_dir1|D|4684
           /test_dir_0028/nonempty_dir2|D|4697
           /test_dir_0028/nonempty_dir1/d2|D|4691
           /test_dir_0028/nonempty_dir1/f1.txt|F|4689|100|ed4a77d1b56a118938788fc53037759b6c501e3d
           /test_dir_0028/nonempty_dir1/sl_f1.txt|L|f1.txt
           /test_dir_0028/nonempty_dir1/d2/d3|D|4695
           /test_dir_0028/nonempty_dir1/d2/f3.txt|F|4693|83|4b535f836f6006423fc132a59e78dfcc4fe6292f
           /test_dir_0028/nonempty_dir1/d2/sl_dotdot_d2|L|../d2
           /test_dir_0028/nonempty_dir1/d2/sl_dotdot_f1.txt|L|../f1.txt
           /test_dir_0028/nonempty_dir1/d2/sl_no_such_target|L|no_such_target
           /test_dir_0028/nonempty_dir2/d2|D|4704
           /test_dir_0028/nonempty_dir2/f1.txt|F|4699|0|da39a3ee5e6b4b0d3255bfef95601890afd80709
           /test_dir_0028/nonempty_dir2/f2.txt|F|4701|167|d09f4e47c22373e56c2369633ac3dcb71d598601
           /test_dir_0028/nonempty_dir2/d2/d3|D|4705
           /test_dir_0028/nonempty_dir2/d2/sl_f3.txt|L|../../nonempty_dir1/d2/f3.txt
        end dump-result
   
   comparison of dump-results failed:
      differing entry: /test_dir_0028/nonempty_dir1/f1.txt


Error:   3837: truncate nonempty_dir2/d2/sl_f3.txt/ 100
               Tau
               RV_none
   unexpected results: RV_none
   allowed are only: ENOTDIR
   continuing execution with ENOTDIR

        /test_dir_0036|D|631
        /test_dir_0036/empty_dir1|D|632
        /test_dir_0036/empty_dir2|D|633
        /test_dir_0036/nonempty_dir1|D|634
        /test_dir_0036/nonempty_dir2|D|639
        /test_dir_0036/nonempty_dir1/d2|D|636
        /test_dir_0036/nonempty_dir1/f1.txt|F|635|0|da39a3ee5e6b4b0d3255bfef95601890afd80709
        /test_dir_0036/nonempty_dir1/sl_f1.txt|L|f1.txt
        /test_dir_0036/nonempty_dir1/d2/d3|D|638
        /test_dir_0036/nonempty_dir1/d2/f3.txt|F|637|83|4b535f836f6006423fc132a59e78dfcc4fe6292f
        /test_dir_0036/nonempty_dir1/d2/sl_dotdot_d2|L|../d2
        /test_dir_0036/nonempty_dir1/d2/sl_dotdot_f1.txt|L|../f1.txt
        /test_dir_0036/nonempty_dir1/d2/sl_no_such_target|L|no_such_target
        /test_dir_0036/nonempty_dir2/d2|D|642
        /test_dir_0036/nonempty_dir2/f1.txt|F|640|0|da39a3ee5e6b4b0d3255bfef95601890afd80709
        /test_dir_0036/nonempty_dir2/f2.txt|F|641|167|d09f4e47c22373e56c2369633ac3dcb71d598601
        /test_dir_0036/nonempty_dir2/d2/d3|D|643
        /test_dir_0036/nonempty_dir2/d2/sl_f3.txt|L|../../nonempty_dir1/d2/f3.txt


Error:   3838: dump-result /test_dir_0036
           /test_dir_0036|D|5296
           /test_dir_0036/empty_dir1|D|5304
           /test_dir_0036/empty_dir2|D|5307
           /test_dir_0036/nonempty_dir1|D|529
           /test_dir_0036/nonempty_dir2|D|5316
           /test_dir_0036/nonempty_dir1/d2|D|5311
           /test_dir_0036/nonempty_dir1/f1.txt|F|5308|0|da39a3ee5e6b4b0d3255bfef95601890afd80709
           /test_dir_0036/nonempty_dir1/sl_f1.txt|L|f1.txt
           /test_dir_0036/nonempty_dir1/d2/d3|D|5314
           /test_dir_0036/nonempty_dir1/d2/f3.txt|F|542|100|75e892f461f9d4c8e96d6963996b0b6b87a75782
           /test_dir_0036/nonempty_dir1/d2/sl_dotdot_d2|L|../d2
           /test_dir_0036/nonempty_dir1/d2/sl_dotdot_f1.txt|L|../f1.txt
           /test_dir_0036/nonempty_dir1/d2/sl_no_such_target|L|no_such_target
           /test_dir_0036/nonempty_dir2/d2|D|5322
           /test_dir_0036/nonempty_dir2/f1.txt|F|5318|0|da39a3ee5e6b4b0d3255bfef95601890afd80709
           /test_dir_0036/nonempty_dir2/f2.txt|F|5320|167|d09f4e47c22373e56c2369633ac3dcb71d598601
           /test_dir_0036/nonempty_dir2/d2/d3|D|521
           /test_dir_0036/nonempty_dir2/d2/sl_f3.txt|L|../../nonempty_dir1/d2/f3.txt
        end dump-result
   
   comparison of dump-results failed:
      differing entry: /test_dir_0036/nonempty_dir1/d2/f3.txt


Error:   4677: truncate nonempty_dir1/d2/sl_dotdot_f1.txt/ 1000
               Tau
               RV_none
   unexpected results: RV_none
   allowed are only: ENOTDIR
   continuing execution with ENOTDIR

        /test_dir_0018|D|307
        /test_dir_0018/empty_dir1|D|308
        /test_dir_0018/empty_dir2|D|309
        /test_dir_0018/nonempty_dir1|D|310
        /test_dir_0018/nonempty_dir2|D|315
        /test_dir_0018/nonempty_dir1/d2|D|312
        /test_dir_0018/nonempty_dir1/f1.txt|F|311|0|da39a3ee5e6b4b0d3255bfef95601890afd80709
        /test_dir_0018/nonempty_dir1/sl_f1.txt|L|f1.txt
        /test_dir_0018/nonempty_dir1/d2/d3|D|314
        /test_dir_0018/nonempty_dir1/d2/f3.txt|F|313|83|4b535f836f6006423fc132a59e78dfcc4fe6292f
        /test_dir_0018/nonempty_dir1/d2/sl_dotdot_d2|L|../d2
        /test_dir_0018/nonempty_dir1/d2/sl_dotdot_f1.txt|L|../f1.txt
        /test_dir_0018/nonempty_dir1/d2/sl_no_such_target|L|no_such_target
        /test_dir_0018/nonempty_dir2/d2|D|318
        /test_dir_0018/nonempty_dir2/f1.txt|F|316|0|da39a3ee5e6b4b0d3255bfef95601890afd80709
        /test_dir_0018/nonempty_dir2/f2.txt|F|317|167|d09f4e47c22373e56c2369633ac3dcb71d598601
        /test_dir_0018/nonempty_dir2/d2/d3|D|319
        /test_dir_0018/nonempty_dir2/d2/sl_f3.txt|L|../../nonempty_dir1/d2/f3.txt


Error:   4678: dump-result /test_dir_0018
           /test_dir_0018|D|3507
           /test_dir_0018/empty_dir1|D|3517
           /test_dir_0018/empty_dir2|D|3521
           /test_dir_0018/nonempty_dir1|D|3525
           /test_dir_0018/nonempty_dir2|D|3484
           /test_dir_0018/nonempty_dir1/d2|D|3535
           /test_dir_0018/nonempty_dir1/f1.txt|F|3531|1000|c577f7a37657053275f3e3ecc06ec22e6b909366
           /test_dir_0018/nonempty_dir1/sl_f1.txt|L|f1.txt
           /test_dir_0018/nonempty_dir1/d2/d3|D|3544
           /test_dir_0018/nonempty_dir1/d2/f3.txt|F|3539|83|4b535f836f6006423fc132a59e78dfcc4fe6292f
           /test_dir_0018/nonempty_dir1/d2/sl_dotdot_d2|L|../d2
           /test_dir_0018/nonempty_dir1/d2/sl_dotdot_f1.txt|L|../f1.txt
           /test_dir_0018/nonempty_dir1/d2/sl_no_such_target|L|no_such_target
           /test_dir_0018/nonempty_dir2/d2|D|3562
           /test_dir_0018/nonempty_dir2/f1.txt|F|3552|0|da39a3ee5e6b4b0d3255bfef95601890afd80709
           /test_dir_0018/nonempty_dir2/f2.txt|F|3556|167|d09f4e47c22373e56c2369633ac3dcb71d598601
           /test_dir_0018/nonempty_dir2/d2/d3|D|3565
           /test_dir_0018/nonempty_dir2/d2/sl_f3.txt|L|../../nonempty_dir1/d2/f3.txt
        end dump-result
   
   comparison of dump-results failed:
      differing entry: /test_dir_0018/nonempty_dir1/f1.txt


Error:   4977: truncate nonempty_dir1/sl_f1.txt/ 1000
               Tau
               RV_none
   unexpected results: RV_none
   allowed are only: ENOTDIR
   continuing execution with ENOTDIR

        /test_dir_0028|D|487
        /test_dir_0028/empty_dir1|D|488
        /test_dir_0028/empty_dir2|D|489
        /test_dir_0028/nonempty_dir1|D|490
        /test_dir_0028/nonempty_dir2|D|495
        /test_dir_0028/nonempty_dir1/d2|D|492
        /test_dir_0028/nonempty_dir1/f1.txt|F|491|0|da39a3ee5e6b4b0d3255bfef95601890afd80709
        /test_dir_0028/nonempty_dir1/sl_f1.txt|L|f1.txt
        /test_dir_0028/nonempty_dir1/d2/d3|D|494
        /test_dir_0028/nonempty_dir1/d2/f3.txt|F|493|83|4b535f836f6006423fc132a59e78dfcc4fe6292f
        /test_dir_0028/nonempty_dir1/d2/sl_dotdot_d2|L|../d2
        /test_dir_0028/nonempty_dir1/d2/sl_dotdot_f1.txt|L|../f1.txt
        /test_dir_0028/nonempty_dir1/d2/sl_no_such_target|L|no_such_target
        /test_dir_0028/nonempty_dir2/d2|D|498
        /test_dir_0028/nonempty_dir2/f1.txt|F|496|0|da39a3ee5e6b4b0d3255bfef95601890afd80709
        /test_dir_0028/nonempty_dir2/f2.txt|F|497|167|d09f4e47c22373e56c2369633ac3dcb71d598601
        /test_dir_0028/nonempty_dir2/d2/d3|D|499
        /test_dir_0028/nonempty_dir2/d2/sl_f3.txt|L|../../nonempty_dir1/d2/f3.txt


Error:   4978: dump-result /test_dir_0028
           /test_dir_0028|D|4669
           /test_dir_0028/empty_dir1|D|4679
           /test_dir_0028/empty_dir2|D|4682
           /test_dir_0028/nonempty_dir1|D|4684
           /test_dir_0028/nonempty_dir2|D|4697
           /test_dir_0028/nonempty_dir1/d2|D|4691
           /test_dir_0028/nonempty_dir1/f1.txt|F|4689|1000|c577f7a37657053275f3e3ecc06ec22e6b909366
           /test_dir_0028/nonempty_dir1/sl_f1.txt|L|f1.txt
           /test_dir_0028/nonempty_dir1/d2/d3|D|4695
           /test_dir_0028/nonempty_dir1/d2/f3.txt|F|4693|83|4b535f836f6006423fc132a59e78dfcc4fe6292f
           /test_dir_0028/nonempty_dir1/d2/sl_dotdot_d2|L|../d2
           /test_dir_0028/nonempty_dir1/d2/sl_dotdot_f1.txt|L|../f1.txt
           /test_dir_0028/nonempty_dir1/d2/sl_no_such_target|L|no_such_target
           /test_dir_0028/nonempty_dir2/d2|D|4704
           /test_dir_0028/nonempty_dir2/f1.txt|F|4699|0|da39a3ee5e6b4b0d3255bfef95601890afd80709
           /test_dir_0028/nonempty_dir2/f2.txt|F|4701|167|d09f4e47c22373e56c2369633ac3dcb71d598601
           /test_dir_0028/nonempty_dir2/d2/d3|D|4705
           /test_dir_0028/nonempty_dir2/d2/sl_f3.txt|L|../../nonempty_dir1/d2/f3.txt
        end dump-result
   
   comparison of dump-results failed:
      differing entry: /test_dir_0028/nonempty_dir1/f1.txt


Error:   5217: truncate nonempty_dir2/d2/sl_f3.txt/ 1000
               Tau
               RV_none
   unexpected results: RV_none
   allowed are only: ENOTDIR
   continuing execution with ENOTDIR

        /test_dir_0036|D|631
        /test_dir_0036/empty_dir1|D|632
        /test_dir_0036/empty_dir2|D|633
        /test_dir_0036/nonempty_dir1|D|634
        /test_dir_0036/nonempty_dir2|D|639
        /test_dir_0036/nonempty_dir1/d2|D|636
        /test_dir_0036/nonempty_dir1/f1.txt|F|635|0|da39a3ee5e6b4b0d3255bfef95601890afd80709
        /test_dir_0036/nonempty_dir1/sl_f1.txt|L|f1.txt
        /test_dir_0036/nonempty_dir1/d2/d3|D|638
        /test_dir_0036/nonempty_dir1/d2/f3.txt|F|637|83|4b535f836f6006423fc132a59e78dfcc4fe6292f
        /test_dir_0036/nonempty_dir1/d2/sl_dotdot_d2|L|../d2
        /test_dir_0036/nonempty_dir1/d2/sl_dotdot_f1.txt|L|../f1.txt
        /test_dir_0036/nonempty_dir1/d2/sl_no_such_target|L|no_such_target
        /test_dir_0036/nonempty_dir2/d2|D|642
        /test_dir_0036/nonempty_dir2/f1.txt|F|640|0|da39a3ee5e6b4b0d3255bfef95601890afd80709
        /test_dir_0036/nonempty_dir2/f2.txt|F|641|167|d09f4e47c22373e56c2369633ac3dcb71d598601
        /test_dir_0036/nonempty_dir2/d2/d3|D|643
        /test_dir_0036/nonempty_dir2/d2/sl_f3.txt|L|../../nonempty_dir1/d2/f3.txt


Error:   5218: dump-result /test_dir_0036
           /test_dir_0036|D|5296
           /test_dir_0036/empty_dir1|D|5304
           /test_dir_0036/empty_dir2|D|5307
           /test_dir_0036/nonempty_dir1|D|529
           /test_dir_0036/nonempty_dir2|D|5316
           /test_dir_0036/nonempty_dir1/d2|D|5311
           /test_dir_0036/nonempty_dir1/f1.txt|F|5308|0|da39a3ee5e6b4b0d3255bfef95601890afd80709
           /test_dir_0036/nonempty_dir1/sl_f1.txt|L|f1.txt
           /test_dir_0036/nonempty_dir1/d2/d3|D|5314
           /test_dir_0036/nonempty_dir1/d2/f3.txt|F|542|1000|f7421938baaac6a3fd7e5e340397873bba5c4382
           /test_dir_0036/nonempty_dir1/d2/sl_dotdot_d2|L|../d2
           /test_dir_0036/nonempty_dir1/d2/sl_dotdot_f1.txt|L|../f1.txt
           /test_dir_0036/nonempty_dir1/d2/sl_no_such_target|L|no_such_target
           /test_dir_0036/nonempty_dir2/d2|D|5322
           /test_dir_0036/nonempty_dir2/f1.txt|F|5318|0|da39a3ee5e6b4b0d3255bfef95601890afd80709
           /test_dir_0036/nonempty_dir2/f2.txt|F|5320|167|d09f4e47c22373e56c2369633ac3dcb71d598601
           /test_dir_0036/nonempty_dir2/d2/d3|D|521
           /test_dir_0036/nonempty_dir2/d2/sl_f3.txt|L|../../nonempty_dir1/d2/f3.txt
        end dump-result
   
   comparison of dump-results failed:
      differing entry: /test_dir_0036/nonempty_dir1/d2/f3.txt


        /test_dir_0018|D|307
        /test_dir_0018/empty_dir1|D|308
        /test_dir_0018/empty_dir2|D|309
        /test_dir_0018/nonempty_dir1|D|310
        /test_dir_0018/nonempty_dir2|D|315
        /test_dir_0018/nonempty_dir1/d2|D|312
        /test_dir_0018/nonempty_dir1/f1.txt|F|311|0|da39a3ee5e6b4b0d3255bfef95601890afd80709
        /test_dir_0018/nonempty_dir1/sl_f1.txt|L|f1.txt
        /test_dir_0018/nonempty_dir1/d2/d3|D|314
        /test_dir_0018/nonempty_dir1/d2/f3.txt|F|313|83|4b535f836f6006423fc132a59e78dfcc4fe6292f
        /test_dir_0018/nonempty_dir1/d2/sl_dotdot_d2|L|../d2
        /test_dir_0018/nonempty_dir1/d2/sl_dotdot_f1.txt|L|../f1.txt
        /test_dir_0018/nonempty_dir1/d2/sl_no_such_target|L|no_such_target
        /test_dir_0018/nonempty_dir2/d2|D|318
        /test_dir_0018/nonempty_dir2/f1.txt|F|316|0|da39a3ee5e6b4b0d3255bfef95601890afd80709
        /test_dir_0018/nonempty_dir2/f2.txt|F|317|167|d09f4e47c22373e56c2369633ac3dcb71d598601
        /test_dir_0018/nonempty_dir2/d2/d3|D|319
        /test_dir_0018/nonempty_dir2/d2/sl_f3.txt|L|../../nonempty_dir1/d2/f3.txt


Error:   6058: dump-result /test_dir_0018
           /test_dir_0018|D|3507
           /test_dir_0018/empty_dir1|D|3517
           /test_dir_0018/empty_dir2|D|3521
           /test_dir_0018/nonempty_dir1|D|3525
           /test_dir_0018/nonempty_dir2|D|3484
           /test_dir_0018/nonempty_dir1/d2|D|3535
           /test_dir_0018/nonempty_dir1/f1.txt|F|3531|1000|c577f7a37657053275f3e3ecc06ec22e6b909366
           /test_dir_0018/nonempty_dir1/sl_f1.txt|L|f1.txt
           /test_dir_0018/nonempty_dir1/d2/d3|D|3544
           /test_dir_0018/nonempty_dir1/d2/f3.txt|F|3539|83|4b535f836f6006423fc132a59e78dfcc4fe6292f
           /test_dir_0018/nonempty_dir1/d2/sl_dotdot_d2|L|../d2
           /test_dir_0018/nonempty_dir1/d2/sl_dotdot_f1.txt|L|../f1.txt
           /test_dir_0018/nonempty_dir1/d2/sl_no_such_target|L|no_such_target
           /test_dir_0018/nonempty_dir2/d2|D|3562
           /test_dir_0018/nonempty_dir2/f1.txt|F|3552|0|da39a3ee5e6b4b0d3255bfef95601890afd80709
           /test_dir_0018/nonempty_dir2/f2.txt|F|3556|167|d09f4e47c22373e56c2369633ac3dcb71d598601
           /test_dir_0018/nonempty_dir2/d2/d3|D|3565
           /test_dir_0018/nonempty_dir2/d2/sl_f3.txt|L|../../nonempty_dir1/d2/f3.txt
        end dump-result
   
   comparison of dump-results failed:
      differing entry: /test_dir_0018/nonempty_dir1/f1.txt


        /test_dir_0028|D|487
        /test_dir_0028/empty_dir1|D|488
        /test_dir_0028/empty_dir2|D|489
        /test_dir_0028/nonempty_dir1|D|490
        /test_dir_0028/nonempty_dir2|D|495
        /test_dir_0028/nonempty_dir1/d2|D|492
        /test_dir_0028/nonempty_dir1/f1.txt|F|491|0|da39a3ee5e6b4b0d3255bfef95601890afd80709
        /test_dir_0028/nonempty_dir1/sl_f1.txt|L|f1.txt
        /test_dir_0028/nonempty_dir1/d2/d3|D|494
        /test_dir_0028/nonempty_dir1/d2/f3.txt|F|493|83|4b535f836f6006423fc132a59e78dfcc4fe6292f
        /test_dir_0028/nonempty_dir1/d2/sl_dotdot_d2|L|../d2
        /test_dir_0028/nonempty_dir1/d2/sl_dotdot_f1.txt|L|../f1.txt
        /test_dir_0028/nonempty_dir1/d2/sl_no_such_target|L|no_such_target
        /test_dir_0028/nonempty_dir2/d2|D|498
        /test_dir_0028/nonempty_dir2/f1.txt|F|496|0|da39a3ee5e6b4b0d3255bfef95601890afd80709
        /test_dir_0028/nonempty_dir2/f2.txt|F|497|167|d09f4e47c22373e56c2369633ac3dcb71d598601
        /test_dir_0028/nonempty_dir2/d2/d3|D|499
        /test_dir_0028/nonempty_dir2/d2/sl_f3.txt|L|../../nonempty_dir1/d2/f3.txt


Error:   6358: dump-result /test_dir_0028
           /test_dir_0028|D|4669
           /test_dir_0028/empty_dir1|D|4679
           /test_dir_0028/empty_dir2|D|4682
           /test_dir_0028/nonempty_dir1|D|4684
           /test_dir_0028/nonempty_dir2|D|4697
           /test_dir_0028/nonempty_dir1/d2|D|4691
           /test_dir_0028/nonempty_dir1/f1.txt|F|4689|1000|c577f7a37657053275f3e3ecc06ec22e6b909366
           /test_dir_0028/nonempty_dir1/sl_f1.txt|L|f1.txt
           /test_dir_0028/nonempty_dir1/d2/d3|D|4695
           /test_dir_0028/nonempty_dir1/d2/f3.txt|F|4693|83|4b535f836f6006423fc132a59e78dfcc4fe6292f
           /test_dir_0028/nonempty_dir1/d2/sl_dotdot_d2|L|../d2
           /test_dir_0028/nonempty_dir1/d2/sl_dotdot_f1.txt|L|../f1.txt
           /test_dir_0028/nonempty_dir1/d2/sl_no_such_target|L|no_such_target
           /test_dir_0028/nonempty_dir2/d2|D|4704
           /test_dir_0028/nonempty_dir2/f1.txt|F|4699|0|da39a3ee5e6b4b0d3255bfef95601890afd80709
           /test_dir_0028/nonempty_dir2/f2.txt|F|4701|167|d09f4e47c22373e56c2369633ac3dcb71d598601
           /test_dir_0028/nonempty_dir2/d2/d3|D|4705
           /test_dir_0028/nonempty_dir2/d2/sl_f3.txt|L|../../nonempty_dir1/d2/f3.txt
        end dump-result
   
   comparison of dump-results failed:
      differing entry: /test_dir_0028/nonempty_dir1/f1.txt


        /test_dir_0036|D|631
        /test_dir_0036/empty_dir1|D|632
        /test_dir_0036/empty_dir2|D|633
        /test_dir_0036/nonempty_dir1|D|634
        /test_dir_0036/nonempty_dir2|D|639
        /test_dir_0036/nonempty_dir1/d2|D|636
        /test_dir_0036/nonempty_dir1/f1.txt|F|635|0|da39a3ee5e6b4b0d3255bfef95601890afd80709
        /test_dir_0036/nonempty_dir1/sl_f1.txt|L|f1.txt
        /test_dir_0036/nonempty_dir1/d2/d3|D|638
        /test_dir_0036/nonempty_dir1/d2/f3.txt|F|637|83|4b535f836f6006423fc132a59e78dfcc4fe6292f
        /test_dir_0036/nonempty_dir1/d2/sl_dotdot_d2|L|../d2
        /test_dir_0036/nonempty_dir1/d2/sl_dotdot_f1.txt|L|../f1.txt
        /test_dir_0036/nonempty_dir1/d2/sl_no_such_target|L|no_such_target
        /test_dir_0036/nonempty_dir2/d2|D|642
        /test_dir_0036/nonempty_dir2/f1.txt|F|640|0|da39a3ee5e6b4b0d3255bfef95601890afd80709
        /test_dir_0036/nonempty_dir2/f2.txt|F|641|167|d09f4e47c22373e56c2369633ac3dcb71d598601
        /test_dir_0036/nonempty_dir2/d2/d3|D|643
        /test_dir_0036/nonempty_dir2/d2/sl_f3.txt|L|../../nonempty_dir1/d2/f3.txt


Error:   6598: dump-result /test_dir_0036
           /test_dir_0036|D|5296
           /test_dir_0036/empty_dir1|D|5304
           /test_dir_0036/empty_dir2|D|5307
           /test_dir_0036/nonempty_dir1|D|529
           /test_dir_0036/nonempty_dir2|D|5316
           /test_dir_0036/nonempty_dir1/d2|D|5311
           /test_dir_0036/nonempty_dir1/f1.txt|F|5308|0|da39a3ee5e6b4b0d3255bfef95601890afd80709
           /test_dir_0036/nonempty_dir1/sl_f1.txt|L|f1.txt
           /test_dir_0036/nonempty_dir1/d2/d3|D|5314
           /test_dir_0036/nonempty_dir1/d2/f3.txt|F|542|1000|f7421938baaac6a3fd7e5e340397873bba5c4382
           /test_dir_0036/nonempty_dir1/d2/sl_dotdot_d2|L|../d2
           /test_dir_0036/nonempty_dir1/d2/sl_dotdot_f1.txt|L|../f1.txt
           /test_dir_0036/nonempty_dir1/d2/sl_no_such_target|L|no_such_target
           /test_dir_0036/nonempty_dir2/d2|D|5322
           /test_dir_0036/nonempty_dir2/f1.txt|F|5318|0|da39a3ee5e6b4b0d3255bfef95601890afd80709
           /test_dir_0036/nonempty_dir2/f2.txt|F|5320|167|d09f4e47c22373e56c2369633ac3dcb71d598601
           /test_dir_0036/nonempty_dir2/d2/d3|D|521
           /test_dir_0036/nonempty_dir2/d2/sl_f3.txt|L|../../nonempty_dir1/d2/f3.txt
        end dump-result
   
   comparison of dump-results failed:
      differing entry: /test_dir_0036/nonempty_dir1/d2/f3.txt

