
Error:     22: stat empty_dir1
               Tau
               { st_dev=21; st_ino=425; st_kind=S_IFDIR; st_perm=0o777; st_nlink=1; st_uid=0; st_gid=0; st_rdev=0; st_size=0; }
   unexpected results: { st_dev=21; st_ino=425; st_kind=S_IFDIR; st_perm=0o777; st_nlink=1; st_uid=0; st_gid=0; st_rdev=0; st_size=0; }
   allowed are only: { st_dev=2049; st_ino=2; st_kind=S_IFDIR; st_perm=0o755; st_nlink=2; st_uid=0; st_gid=0; st_rdev=0; st_size=4096; }
   continuing execution with { st_dev=2049; st_ino=2; st_kind=S_IFDIR; st_perm=0o755; st_nlink=2; st_uid=0; st_gid=0; st_rdev=0; st_size=4096; }

Error:     47: stat empty_dir1/
               Tau
               { st_dev=21; st_ino=501; st_kind=S_IFDIR; st_perm=0o777; st_nlink=1; st_uid=0; st_gid=0; st_rdev=0; st_size=0; }
   unexpected results: { st_dev=21; st_ino=501; st_kind=S_IFDIR; st_perm=0o777; st_nlink=1; st_uid=0; st_gid=0; st_rdev=0; st_size=0; }
   allowed are only: { st_dev=2049; st_ino=15; st_kind=S_IFDIR; st_perm=0o755; st_nlink=2; st_uid=0; st_gid=0; st_rdev=0; st_size=4096; }
   continuing execution with { st_dev=2049; st_ino=15; st_kind=S_IFDIR; st_perm=0o755; st_nlink=2; st_uid=0; st_gid=0; st_rdev=0; st_size=4096; }

Error:     72: stat empty_dir2
               Tau
               { st_dev=21; st_ino=598; st_kind=S_IFDIR; st_perm=0o777; st_nlink=1; st_uid=0; st_gid=0; st_rdev=0; st_size=0; }
   unexpected results: { st_dev=21; st_ino=598; st_kind=S_IFDIR; st_perm=0o777; st_nlink=1; st_uid=0; st_gid=0; st_rdev=0; st_size=0; }
   allowed are only: { st_dev=2049; st_ino=29; st_kind=S_IFDIR; st_perm=0o755; st_nlink=2; st_uid=0; st_gid=0; st_rdev=0; st_size=4096; }
   continuing execution with { st_dev=2049; st_ino=29; st_kind=S_IFDIR; st_perm=0o755; st_nlink=2; st_uid=0; st_gid=0; st_rdev=0; st_size=4096; }

Error:     97: stat empty_dir2/
               Tau
               { st_dev=21; st_ino=690; st_kind=S_IFDIR; st_perm=0o777; st_nlink=1; st_uid=0; st_gid=0; st_rdev=0; st_size=0; }
   unexpected results: { st_dev=21; st_ino=690; st_kind=S_IFDIR; st_perm=0o777; st_nlink=1; st_uid=0; st_gid=0; st_rdev=0; st_size=0; }
   allowed are only: { st_dev=2049; st_ino=42; st_kind=S_IFDIR; st_perm=0o755; st_nlink=2; st_uid=0; st_gid=0; st_rdev=0; st_size=4096; }
   continuing execution with { st_dev=2049; st_ino=42; st_kind=S_IFDIR; st_perm=0o755; st_nlink=2; st_uid=0; st_gid=0; st_rdev=0; st_size=4096; }

Error:    122: stat nonempty_dir1
               Tau
               { st_dev=21; st_ino=784; st_kind=S_IFDIR; st_perm=0o777; st_nlink=1; st_uid=0; st_gid=0; st_rdev=0; st_size=232; }
   unexpected results: { st_dev=21; st_ino=784; st_kind=S_IFDIR; st_perm=0o777; st_nlink=1; st_uid=0; st_gid=0; st_rdev=0; st_size=232; }
   allowed are only: { st_dev=2049; st_ino=56; st_kind=S_IFDIR; st_perm=0o755; st_nlink=2; st_uid=0; st_gid=0; st_rdev=0; st_size=4096; }
   continuing execution with { st_dev=2049; st_ino=56; st_kind=S_IFDIR; st_perm=0o755; st_nlink=2; st_uid=0; st_gid=0; st_rdev=0; st_size=4096; }

Error:    147: stat nonempty_dir1/
               Tau
               { st_dev=21; st_ino=875; st_kind=S_IFDIR; st_perm=0o777; st_nlink=1; st_uid=0; st_gid=0; st_rdev=0; st_size=0; }
   unexpected results: { st_dev=21; st_ino=875; st_kind=S_IFDIR; st_perm=0o777; st_nlink=1; st_uid=0; st_gid=0; st_rdev=0; st_size=0; }
   allowed are only: { st_dev=2049; st_ino=69; st_kind=S_IFDIR; st_perm=0o755; st_nlink=2; st_uid=0; st_gid=0; st_rdev=0; st_size=4096; }
   continuing execution with { st_dev=2049; st_ino=69; st_kind=S_IFDIR; st_perm=0o755; st_nlink=2; st_uid=0; st_gid=0; st_rdev=0; st_size=4096; }

Error:    172: stat nonempty_dir1/d2
               Tau
               { st_dev=21; st_ino=972; st_kind=S_IFDIR; st_perm=0o777; st_nlink=1; st_uid=0; st_gid=0; st_rdev=0; st_size=232; }
   unexpected results: { st_dev=21; st_ino=972; st_kind=S_IFDIR; st_perm=0o777; st_nlink=1; st_uid=0; st_gid=0; st_rdev=0; st_size=232; }
   allowed are only: { st_dev=2049; st_ino=84; st_kind=S_IFDIR; st_perm=0o755; st_nlink=2; st_uid=0; st_gid=0; st_rdev=0; st_size=4096; }
   continuing execution with { st_dev=2049; st_ino=84; st_kind=S_IFDIR; st_perm=0o755; st_nlink=2; st_uid=0; st_gid=0; st_rdev=0; st_size=4096; }

Error:    197: stat nonempty_dir1/d2/
               Tau
               { st_dev=21; st_ino=1062; st_kind=S_IFDIR; st_perm=0o777; st_nlink=1; st_uid=0; st_gid=0; st_rdev=0; st_size=232; }
   unexpected results: { st_dev=21; st_ino=1062; st_kind=S_IFDIR; st_perm=0o777; st_nlink=1; st_uid=0; st_gid=0; st_rdev=0; st_size=232; }
   allowed are only: { st_dev=2049; st_ino=97; st_kind=S_IFDIR; st_perm=0o755; st_nlink=2; st_uid=0; st_gid=0; st_rdev=0; st_size=4096; }
   continuing execution with { st_dev=2049; st_ino=97; st_kind=S_IFDIR; st_perm=0o755; st_nlink=2; st_uid=0; st_gid=0; st_rdev=0; st_size=4096; }

Error:    272: stat nonempty_dir1/d2/d3
               Tau
               { st_dev=21; st_ino=1356; st_kind=S_IFDIR; st_perm=0o777; st_nlink=1; st_uid=0; st_gid=0; st_rdev=0; st_size=0; }
   unexpected results: { st_dev=21; st_ino=1356; st_kind=S_IFDIR; st_perm=0o777; st_nlink=1; st_uid=0; st_gid=0; st_rdev=0; st_size=0; }
   allowed are only: { st_dev=2049; st_ino=138; st_kind=S_IFDIR; st_perm=0o755; st_nlink=2; st_uid=0; st_gid=0; st_rdev=0; st_size=4096; }
   continuing execution with { st_dev=2049; st_ino=138; st_kind=S_IFDIR; st_perm=0o755; st_nlink=2; st_uid=0; st_gid=0; st_rdev=0; st_size=4096; }

Error:    297: stat nonempty_dir1/d2/d3/
               Tau
               { st_dev=21; st_ino=1455; st_kind=S_IFDIR; st_perm=0o777; st_nlink=1; st_uid=0; st_gid=0; st_rdev=0; st_size=0; }
   unexpected results: { st_dev=21; st_ino=1455; st_kind=S_IFDIR; st_perm=0o777; st_nlink=1; st_uid=0; st_gid=0; st_rdev=0; st_size=0; }
   allowed are only: { st_dev=2049; st_ino=151; st_kind=S_IFDIR; st_perm=0o755; st_nlink=2; st_uid=0; st_gid=0; st_rdev=0; st_size=4096; }
   continuing execution with { st_dev=2049; st_ino=151; st_kind=S_IFDIR; st_perm=0o755; st_nlink=2; st_uid=0; st_gid=0; st_rdev=0; st_size=4096; }

Error:    322: stat nonempty_dir1/d2/f3.txt
               Tau
               { st_dev=21; st_ino=1543; st_kind=S_IFREG; st_perm=0o777; st_nlink=1; st_uid=0; st_gid=0; st_rdev=0; st_size=83; }
   unexpected results: { st_dev=21; st_ino=1543; st_kind=S_IFREG; st_perm=0o777; st_nlink=1; st_uid=0; st_gid=0; st_rdev=0; st_size=83; }
   allowed are only: { st_dev=2049; st_ino=163; st_kind=S_IFREG; st_perm=0o644; st_nlink=2; st_uid=0; st_gid=0; st_rdev=0; st_size=83; }
   continuing execution with { st_dev=2049; st_ino=163; st_kind=S_IFREG; st_perm=0o644; st_nlink=2; st_uid=0; st_gid=0; st_rdev=0; st_size=83; }

Error:    372: stat nonempty_dir1/f1.txt
               Tau
               { st_dev=21; st_ino=1727; st_kind=S_IFREG; st_perm=0o777; st_nlink=1; st_uid=0; st_gid=0; st_rdev=0; st_size=0; }
   unexpected results: { st_dev=21; st_ino=1727; st_kind=S_IFREG; st_perm=0o777; st_nlink=1; st_uid=0; st_gid=0; st_rdev=0; st_size=0; }
   allowed are only: { st_dev=2049; st_ino=187; st_kind=S_IFREG; st_perm=0o644; st_nlink=2; st_uid=0; st_gid=0; st_rdev=0; st_size=0; }
   continuing execution with { st_dev=2049; st_ino=187; st_kind=S_IFREG; st_perm=0o644; st_nlink=2; st_uid=0; st_gid=0; st_rdev=0; st_size=0; }

Error:    522: stat nonempty_dir2
               Tau
               { st_dev=21; st_ino=2301; st_kind=S_IFDIR; st_perm=0o777; st_nlink=1; st_uid=0; st_gid=0; st_rdev=0; st_size=328; }
   unexpected results: { st_dev=21; st_ino=2301; st_kind=S_IFDIR; st_perm=0o777; st_nlink=1; st_uid=0; st_gid=0; st_rdev=0; st_size=328; }
   allowed are only: { st_dev=2049; st_ino=269; st_kind=S_IFDIR; st_perm=0o755; st_nlink=2; st_uid=0; st_gid=0; st_rdev=0; st_size=4096; }
   continuing execution with { st_dev=2049; st_ino=269; st_kind=S_IFDIR; st_perm=0o755; st_nlink=2; st_uid=0; st_gid=0; st_rdev=0; st_size=4096; }

Error:    547: stat nonempty_dir2/
               Tau
               { st_dev=21; st_ino=2392; st_kind=S_IFDIR; st_perm=0o777; st_nlink=1; st_uid=0; st_gid=0; st_rdev=0; st_size=328; }
   unexpected results: { st_dev=21; st_ino=2392; st_kind=S_IFDIR; st_perm=0o777; st_nlink=1; st_uid=0; st_gid=0; st_rdev=0; st_size=328; }
   allowed are only: { st_dev=2049; st_ino=282; st_kind=S_IFDIR; st_perm=0o755; st_nlink=2; st_uid=0; st_gid=0; st_rdev=0; st_size=4096; }
   continuing execution with { st_dev=2049; st_ino=282; st_kind=S_IFDIR; st_perm=0o755; st_nlink=2; st_uid=0; st_gid=0; st_rdev=0; st_size=4096; }

Error:    572: stat nonempty_dir2/d2
               Tau
               { st_dev=21; st_ino=2495; st_kind=S_IFDIR; st_perm=0o777; st_nlink=1; st_uid=0; st_gid=0; st_rdev=0; st_size=136; }
   unexpected results: { st_dev=21; st_ino=2495; st_kind=S_IFDIR; st_perm=0o777; st_nlink=1; st_uid=0; st_gid=0; st_rdev=0; st_size=136; }
   allowed are only: { st_dev=2049; st_ino=298; st_kind=S_IFDIR; st_perm=0o755; st_nlink=2; st_uid=0; st_gid=0; st_rdev=0; st_size=4096; }
   continuing execution with { st_dev=2049; st_ino=298; st_kind=S_IFDIR; st_perm=0o755; st_nlink=2; st_uid=0; st_gid=0; st_rdev=0; st_size=4096; }

Error:    597: stat nonempty_dir2/d2/
               Tau
               { st_dev=21; st_ino=2588; st_kind=S_IFDIR; st_perm=0o777; st_nlink=1; st_uid=0; st_gid=0; st_rdev=0; st_size=136; }
   unexpected results: { st_dev=21; st_ino=2588; st_kind=S_IFDIR; st_perm=0o777; st_nlink=1; st_uid=0; st_gid=0; st_rdev=0; st_size=136; }
   allowed are only: { st_dev=2049; st_ino=311; st_kind=S_IFDIR; st_perm=0o755; st_nlink=2; st_uid=0; st_gid=0; st_rdev=0; st_size=4096; }
   continuing execution with { st_dev=2049; st_ino=311; st_kind=S_IFDIR; st_perm=0o755; st_nlink=2; st_uid=0; st_gid=0; st_rdev=0; st_size=4096; }

Error:    622: stat nonempty_dir2/d2/d3
               Tau
               { st_dev=21; st_ino=2685; st_kind=S_IFDIR; st_perm=0o777; st_nlink=1; st_uid=0; st_gid=0; st_rdev=0; st_size=0; }
   unexpected results: { st_dev=21; st_ino=2685; st_kind=S_IFDIR; st_perm=0o777; st_nlink=1; st_uid=0; st_gid=0; st_rdev=0; st_size=0; }
   allowed are only: { st_dev=2049; st_ino=325; st_kind=S_IFDIR; st_perm=0o755; st_nlink=2; st_uid=0; st_gid=0; st_rdev=0; st_size=4096; }
   continuing execution with { st_dev=2049; st_ino=325; st_kind=S_IFDIR; st_perm=0o755; st_nlink=2; st_uid=0; st_gid=0; st_rdev=0; st_size=4096; }

Error:    647: stat nonempty_dir2/d2/d3/
               Tau
               { st_dev=21; st_ino=2778; st_kind=S_IFDIR; st_perm=0o777; st_nlink=1; st_uid=0; st_gid=0; st_rdev=0; st_size=0; }
   unexpected results: { st_dev=21; st_ino=2778; st_kind=S_IFDIR; st_perm=0o777; st_nlink=1; st_uid=0; st_gid=0; st_rdev=0; st_size=0; }
   allowed are only: { st_dev=2049; st_ino=338; st_kind=S_IFDIR; st_perm=0o755; st_nlink=2; st_uid=0; st_gid=0; st_rdev=0; st_size=4096; }
   continuing execution with { st_dev=2049; st_ino=338; st_kind=S_IFDIR; st_perm=0o755; st_nlink=2; st_uid=0; st_gid=0; st_rdev=0; st_size=4096; }

Error:    672: stat nonempty_dir2/f1.txt
               Tau
               { st_dev=21; st_ino=2847; st_kind=S_IFREG; st_perm=0o777; st_nlink=1; st_uid=0; st_gid=0; st_rdev=0; st_size=0; }
   unexpected results: { st_dev=21; st_ino=2847; st_kind=S_IFREG; st_perm=0o777; st_nlink=1; st_uid=0; st_gid=0; st_rdev=0; st_size=0; }
   allowed are only: { st_dev=2049; st_ino=348; st_kind=S_IFREG; st_perm=0o644; st_nlink=2; st_uid=0; st_gid=0; st_rdev=0; st_size=0; }
   continuing execution with { st_dev=2049; st_ino=348; st_kind=S_IFREG; st_perm=0o644; st_nlink=2; st_uid=0; st_gid=0; st_rdev=0; st_size=0; }

Error:    722: stat nonempty_dir2/f2.txt
               Tau
               { st_dev=21; st_ino=3007; st_kind=S_IFREG; st_perm=0o777; st_nlink=1; st_uid=0; st_gid=0; st_rdev=0; st_size=167; }
   unexpected results: { st_dev=21; st_ino=3007; st_kind=S_IFREG; st_perm=0o777; st_nlink=1; st_uid=0; st_gid=0; st_rdev=0; st_size=167; }
   allowed are only: { st_dev=2049; st_ino=375; st_kind=S_IFREG; st_perm=0o644; st_nlink=2; st_uid=0; st_gid=0; st_rdev=0; st_size=167; }
   continuing execution with { st_dev=2049; st_ino=375; st_kind=S_IFREG; st_perm=0o644; st_nlink=2; st_uid=0; st_gid=0; st_rdev=0; st_size=167; }
