        ######################################
        ## Test link___link_nonempty_dir2__d2___nonexist_2__
        ######################################
        mkdir /test_dir_link___link_nonempty_dir2__d2___nonexist_2__ 0o777
        Tau
        RV_none

        chdir /test_dir_link___link_nonempty_dir2__d2___nonexist_2__
        Tau
        RV_none

        mkdir empty_dir1 0o777
        Tau
        RV_none

        mkdir empty_dir2 0o777
        Tau
        RV_none

        mkdir nonempty_dir1 0o777
        Tau
        RV_none

        mkdir nonempty_dir1/d2 0o777
        Tau
        RV_none

        open nonempty_dir1/d2/f3.txt [O_CREAT;O_WRONLY] 0o666
        Tau
        RV_num(3)

        write! (FD 3) "Lorem ipsum dolor sit amet, consectetur adipisicing elit, sed do eiusmod tempor inc" 83
        Tau
        RV_num(83)

        close (FD 3)
        Tau
        RV_none

        mkdir nonempty_dir1/d2/d3 0o777
        Tau
        RV_none

        symlink ../f1.txt nonempty_dir1/d2/sl_dotdot_f1.txt
        Tau
        RV_none

        symlink no_such_target nonempty_dir1/d2/sl_no_such_target
        Tau
        RV_none

        symlink ../no_such_target nonempty_dir1/d2/sl_dotdot_no_such_target
        Tau
        RV_none

        symlink ../d2 nonempty_dir1/d2/sl_dotdot_d2
        Tau
        RV_none

        open_close nonempty_dir1/f1.txt [O_CREAT;O_WRONLY] 0o666
        Tau
        RV_none

        symlink f1.txt nonempty_dir1/sl_f1.txt
        Tau
        RV_none

        mkdir nonempty_dir2 0o777
        Tau
        RV_none

        open_close nonempty_dir2/f1.txt [O_CREAT;O_WRONLY] 0o666
        Tau
        RV_none

        open nonempty_dir2/f2.txt [O_CREAT;O_WRONLY] 0o666
        Tau
        RV_num(3)

        write! (FD 3) "Lorem ipsum dolor sit amet, consectetur adipisicing elit, sed do eiusmod tempor incididunt ut labore et dolore magna aliqua. Ut enim ad minim veniam, quis nostrud exer" 167
        Tau
        RV_num(167)

        close (FD 3)
        Tau
        RV_none

        mkdir nonempty_dir2/d2 0o777
        Tau
        RV_none

        mkdir nonempty_dir2/d2/d3 0o777
        Tau
        RV_none

        symlink ../../nonempty_dir1/d2/f3.txt nonempty_dir2/d2/sl_f3.txt
        Tau
        RV_none


        link nonempty_dir2/d2 nonexist_2/
        Tau
        ENOENT


        dump-result /test_dir_link___link_nonempty_dir2__d2___nonexist_2__
           /test_dir_link___link_nonempty_dir2__d2___nonexist_2__|D|65540
           /test_dir_link___link_nonempty_dir2__d2___nonexist_2__/empty_dir1|D|65541
           /test_dir_link___link_nonempty_dir2__d2___nonexist_2__/empty_dir2|D|65542
           /test_dir_link___link_nonempty_dir2__d2___nonexist_2__/nonempty_dir1|D|65543
           /test_dir_link___link_nonempty_dir2__d2___nonexist_2__/nonempty_dir1/f1.txt|F|65551|0|da39a3ee5e6b4b0d3255bfef95601890afd80709
           /test_dir_link___link_nonempty_dir2__d2___nonexist_2__/nonempty_dir1/sl_f1.txt|L|f1.txt
           /test_dir_link___link_nonempty_dir2__d2___nonexist_2__/nonempty_dir1/d2|D|65544
           /test_dir_link___link_nonempty_dir2__d2___nonexist_2__/nonempty_dir1/d2/f3.txt|F|65545|83|4b535f836f6006423fc132a59e78dfcc4fe6292f
           /test_dir_link___link_nonempty_dir2__d2___nonexist_2__/nonempty_dir1/d2/sl_dotdot_d2|L|../d2
           /test_dir_link___link_nonempty_dir2__d2___nonexist_2__/nonempty_dir1/d2/sl_dotdot_f1.txt|L|../f1.txt
           /test_dir_link___link_nonempty_dir2__d2___nonexist_2__/nonempty_dir1/d2/sl_dotdot_no_such_target|L|../no_such_target
           /test_dir_link___link_nonempty_dir2__d2___nonexist_2__/nonempty_dir1/d2/sl_no_such_target|L|no_such_target
           /test_dir_link___link_nonempty_dir2__d2___nonexist_2__/nonempty_dir1/d2/d3|D|65546
           /test_dir_link___link_nonempty_dir2__d2___nonexist_2__/nonempty_dir2|D|65553
           /test_dir_link___link_nonempty_dir2__d2___nonexist_2__/nonempty_dir2/f1.txt|F|65554|0|da39a3ee5e6b4b0d3255bfef95601890afd80709
           /test_dir_link___link_nonempty_dir2__d2___nonexist_2__/nonempty_dir2/f2.txt|F|65555|167|d09f4e47c22373e56c2369633ac3dcb71d598601
           /test_dir_link___link_nonempty_dir2__d2___nonexist_2__/nonempty_dir2/d2|D|65556
           /test_dir_link___link_nonempty_dir2__d2___nonexist_2__/nonempty_dir2/d2/sl_f3.txt|L|../../nonempty_dir1/d2/f3.txt
           /test_dir_link___link_nonempty_dir2__d2___nonexist_2__/nonempty_dir2/d2/d3|D|65557
        end dump-result


