# processing file 'truncate___truncate_nonempty_dir2__d2__sl_f3.txt___100-int.trace' ...
        @type trace
        #####################################
        # Test truncate___truncate_nonempty_dir2__d2__sl_f3.txt___100
        #####################################
     5: mkdir "/test_dir_truncate___truncate_nonempty_dir2__d2__sl_f3.txt___100" 0o777
        Tau
        RV_none
     6: chdir "/test_dir_truncate___truncate_nonempty_dir2__d2__sl_f3.txt___100"
        Tau
        RV_none
     7: mkdir "empty_dir1" 0o777
        Tau
        RV_none
     8: mkdir "empty_dir2" 0o777
        Tau
        RV_none
     9: mkdir "nonempty_dir1" 0o777
        Tau
        RV_none
    10: mkdir "nonempty_dir1/d2" 0o777
        Tau
        RV_none
    11: open "nonempty_dir1/d2/f3.txt" [O_CREAT;O_WRONLY] 0o666
        Tau
        RV_num(3)
    12: write! (FD 3) "Lorem ipsum dolor sit amet, consectetur adipisicing elit, sed do eiusmod tempor inc" 83
        Tau
        RV_num(83)
    13: close (FD 3)
        Tau
        RV_none
    14: mkdir "nonempty_dir1/d2/d3" 0o777
        Tau
        RV_none
    15: symlink "../f1.txt" "nonempty_dir1/d2/sl_dotdot_f1.txt"
        Tau
        RV_none
    16: symlink "no_such_target" "nonempty_dir1/d2/sl_no_such_target"
        Tau
        RV_none
    17: symlink "../no_such_target" "nonempty_dir1/d2/sl_dotdot_no_such_target"
        Tau
        RV_none
    18: symlink "../d2" "nonempty_dir1/d2/sl_dotdot_d2"
        Tau
        RV_none
    19: open_close "nonempty_dir1/f1.txt" [O_CREAT;O_WRONLY] 0o666
        Tau
        RV_none
    20: symlink "f1.txt" "nonempty_dir1/sl_f1.txt"
        Tau
        RV_none
    21: mkdir "nonempty_dir2" 0o777
        Tau
        RV_none
    22: open_close "nonempty_dir2/f1.txt" [O_CREAT;O_WRONLY] 0o666
        Tau
        RV_none
    23: open "nonempty_dir2/f2.txt" [O_CREAT;O_WRONLY] 0o666
        Tau
        RV_num(3)
    24: write! (FD 3) "Lorem ipsum dolor sit amet, consectetur adipisicing elit, sed do eiusmod tempor incididunt ut labore et dolore magna aliqua. Ut enim ad minim veniam, quis nostrud exer" 167
        Tau
        RV_num(167)
    25: close (FD 3)
        Tau
        RV_none
    26: mkdir "nonempty_dir2/d2" 0o777
        Tau
        RV_none
    27: mkdir "nonempty_dir2/d2/d3" 0o777
        Tau
        RV_none
    28: symlink "../../nonempty_dir1/d2/f3.txt" "nonempty_dir2/d2/sl_f3.txt"
        Tau
        RV_none

    30: truncate "nonempty_dir2/d2/sl_f3.txt" 100
        Tau
        RV_none

    32: dump-result "/test_dir_truncate___truncate_nonempty_dir2__d2__sl_f3.txt___100"
           "/test_dir_truncate___truncate_nonempty_dir2__d2__sl_f3.txt___100"|D|13|"1421154203.07"|"1421154203.07"|"1421154203.07"
           "/test_dir_truncate___truncate_nonempty_dir2__d2__sl_f3.txt___100/empty_dir1"|D|14|"1421154203.07"|"1421154203.07"|"1421154203.07"
           "/test_dir_truncate___truncate_nonempty_dir2__d2__sl_f3.txt___100/empty_dir2"|D|15|"1421154203.07"|"1421154203.07"|"1421154203.07"
           "/test_dir_truncate___truncate_nonempty_dir2__d2__sl_f3.txt___100/nonempty_dir1"|D|16|"1421154203.07"|"1421154203.07"|"1421154203.07"
           "/test_dir_truncate___truncate_nonempty_dir2__d2__sl_f3.txt___100/nonempty_dir1/f1.txt"|F|24|0|"da39a3ee5e6b4b0d3255bfef95601890afd80709"|"1421154203.07"|"1421154203.07"|"1421154203.07"
           "/test_dir_truncate___truncate_nonempty_dir2__d2__sl_f3.txt___100/nonempty_dir1/sl_f1.txt"|L|"f1.txt"|"1421154203.07"|"1421154203.07"|"1421154203.07"
           "/test_dir_truncate___truncate_nonempty_dir2__d2__sl_f3.txt___100/nonempty_dir1/d2"|D|17|"1421154203.07"|"1421154203.07"|"1421154203.07"
           "/test_dir_truncate___truncate_nonempty_dir2__d2__sl_f3.txt___100/nonempty_dir1/d2/f3.txt"|F|18|100|"75e892f461f9d4c8e96d6963996b0b6b87a75782"|"1421154203.07"|"1421154203.07"|"1421154203.07"
           "/test_dir_truncate___truncate_nonempty_dir2__d2__sl_f3.txt___100/nonempty_dir1/d2/sl_dotdot_d2"|L|"../d2"|"1421154203.07"|"1421154203.07"|"1421154203.07"
           "/test_dir_truncate___truncate_nonempty_dir2__d2__sl_f3.txt___100/nonempty_dir1/d2/sl_dotdot_f1.txt"|L|"../f1.txt"|"1421154203.07"|"1421154203.07"|"1421154203.07"
           "/test_dir_truncate___truncate_nonempty_dir2__d2__sl_f3.txt___100/nonempty_dir1/d2/sl_dotdot_no_such_target"|L|"../no_such_target"|"1421154203.07"|"1421154203.07"|"1421154203.07"
           "/test_dir_truncate___truncate_nonempty_dir2__d2__sl_f3.txt___100/nonempty_dir1/d2/sl_no_such_target"|L|"no_such_target"|"1421154203.07"|"1421154203.07"|"1421154203.07"
           "/test_dir_truncate___truncate_nonempty_dir2__d2__sl_f3.txt___100/nonempty_dir1/d2/d3"|D|19|"1421154203.07"|"1421154203.07"|"1421154203.07"
           "/test_dir_truncate___truncate_nonempty_dir2__d2__sl_f3.txt___100/nonempty_dir2"|D|32641|"1421154203.07"|"1421154203.07"|"1421154203.07"
           "/test_dir_truncate___truncate_nonempty_dir2__d2__sl_f3.txt___100/nonempty_dir2/f1.txt"|F|26|0|"da39a3ee5e6b4b0d3255bfef95601890afd80709"|"1421154203.07"|"1421154203.07"|"1421154203.07"
           "/test_dir_truncate___truncate_nonempty_dir2__d2__sl_f3.txt___100/nonempty_dir2/f2.txt"|F|27|167|"d09f4e47c22373e56c2369633ac3dcb71d598601"|"1421154203.07"|"1421154203.07"|"1421154203.07"
           "/test_dir_truncate___truncate_nonempty_dir2__d2__sl_f3.txt___100/nonempty_dir2/d2"|D|32642|"1421154203.07"|"1421154203.07"|"1421154203.07"
           "/test_dir_truncate___truncate_nonempty_dir2__d2__sl_f3.txt___100/nonempty_dir2/d2/sl_f3.txt"|L|"../../nonempty_dir1/d2/f3.txt"|"1421154203.07"|"1421154203.07"|"1421154203.07"
           "/test_dir_truncate___truncate_nonempty_dir2__d2__sl_f3.txt___100/nonempty_dir2/d2/d3"|D|32643|"1421154203.07"|"1421154203.07"|"1421154203.07"
        end dump-result




