# processing file 'stat___stat_nonempty_dir1__d2-int.trace' ...
        @type trace
        #####################################
        # Test stat___stat_nonempty_dir1__d2
        #####################################
     5: mkdir "/test_dir_stat___stat_nonempty_dir1__d2" 0o777
        Tau
        RV_none
     6: chdir "/test_dir_stat___stat_nonempty_dir1__d2"
        Tau
        RV_none
     7: mkdir "empty_dir1" 0o777
        Tau
        RV_none
     8: mkdir "empty_dir2" 0o777
        Tau
        RV_none
     9: mkdir "nonempty_dir1" 0o777
        Tau
        RV_none
    10: mkdir "nonempty_dir1/d2" 0o777
        Tau
        RV_none
    11: open "nonempty_dir1/d2/f3.txt" [O_CREAT;O_WRONLY] 0o666
        Tau
        RV_num(3)
    12: write! (FD 3) "Lorem ipsum dolor sit amet, consectetur adipisicing elit, sed do eiusmod tempor inc" 83
        Tau
        RV_num(83)
    13: close (FD 3)
        Tau
        RV_none
    14: mkdir "nonempty_dir1/d2/d3" 0o777
        Tau
        RV_none
    15: symlink "../f1.txt" "nonempty_dir1/d2/sl_dotdot_f1.txt"
        Tau
        RV_none
    16: symlink "no_such_target" "nonempty_dir1/d2/sl_no_such_target"
        Tau
        RV_none
    17: symlink "../no_such_target" "nonempty_dir1/d2/sl_dotdot_no_such_target"
        Tau
        RV_none
    18: symlink "../d2" "nonempty_dir1/d2/sl_dotdot_d2"
        Tau
        RV_none
    19: open_close "nonempty_dir1/f1.txt" [O_CREAT;O_WRONLY] 0o666
        Tau
        RV_none
    20: symlink "f1.txt" "nonempty_dir1/sl_f1.txt"
        Tau
        RV_none
    21: mkdir "nonempty_dir2" 0o777
        Tau
        RV_none
    22: open_close "nonempty_dir2/f1.txt" [O_CREAT;O_WRONLY] 0o666
        Tau
        RV_none
    23: open "nonempty_dir2/f2.txt" [O_CREAT;O_WRONLY] 0o666
        Tau
        RV_num(3)
    24: write! (FD 3) "Lorem ipsum dolor sit amet, consectetur adipisicing elit, sed do eiusmod tempor incididunt ut labore et dolore magna aliqua. Ut enim ad minim veniam, quis nostrud exer" 167
        Tau
        RV_num(167)
    25: close (FD 3)
        Tau
        RV_none
    26: mkdir "nonempty_dir2/d2" 0o777
        Tau
        RV_none
    27: mkdir "nonempty_dir2/d2/d3" 0o777
        Tau
        RV_none
    28: symlink "../../nonempty_dir1/d2/f3.txt" "nonempty_dir2/d2/sl_f3.txt"
        Tau
        RV_none

    30: stat "nonempty_dir1/d2"
        Tau
        RV_stat { st_dev=1792; st_ino=65281; st_kind=S_IFDIR; st_perm=0o755; st_nlink=3; st_uid=0; st_gid=0; st_rdev=0; st_size=4096; st_atim={tv_sec=1418046797;tv_nsec=0;}; st_mtim={tv_sec=1418046797;tv_nsec=0;}; st_ctim={tv_sec=1418046797;tv_nsec=0;}; }

    32: dump-result "/test_dir_stat___stat_nonempty_dir1__d2"
           "/test_dir_stat___stat_nonempty_dir1__d2"|D|32641|"1418046797."|"1418046797."|"1418046797."
           "/test_dir_stat___stat_nonempty_dir1__d2/empty_dir1"|D|32642|"1418046797."|"1418046797."|"1418046797."
           "/test_dir_stat___stat_nonempty_dir1__d2/empty_dir2"|D|32643|"1418046797."|"1418046797."|"1418046797."
           "/test_dir_stat___stat_nonempty_dir1__d2/nonempty_dir1"|D|32644|"1418046797."|"1418046797."|"1418046797."
           "/test_dir_stat___stat_nonempty_dir1__d2/nonempty_dir1/f1.txt"|F|18|0|"da39a3ee5e6b4b0d3255bfef95601890afd80709"|"1418046797."|"1418046797."|"1418046797."
           "/test_dir_stat___stat_nonempty_dir1__d2/nonempty_dir1/sl_f1.txt"|L|"f1.txt"|"1418046797."|"1418046797."|"1418046797."
           "/test_dir_stat___stat_nonempty_dir1__d2/nonempty_dir1/d2"|D|65281|"1418046797."|"1418046797."|"1418046797."
           "/test_dir_stat___stat_nonempty_dir1__d2/nonempty_dir1/d2/f3.txt"|F|13|83|"4b535f836f6006423fc132a59e78dfcc4fe6292f"|"1418046797."|"1418046797."|"1418046797."
           "/test_dir_stat___stat_nonempty_dir1__d2/nonempty_dir1/d2/sl_dotdot_d2"|L|"../d2"|"1418046797."|"1418046797."|"1418046797."
           "/test_dir_stat___stat_nonempty_dir1__d2/nonempty_dir1/d2/sl_dotdot_f1.txt"|L|"../f1.txt"|"1418046797."|"1418046797."|"1418046797."
           "/test_dir_stat___stat_nonempty_dir1__d2/nonempty_dir1/d2/sl_dotdot_no_such_target"|L|"../no_such_target"|"1418046797."|"1418046797."|"1418046797."
           "/test_dir_stat___stat_nonempty_dir1__d2/nonempty_dir1/d2/sl_no_such_target"|L|"no_such_target"|"1418046797."|"1418046797."|"1418046797."
           "/test_dir_stat___stat_nonempty_dir1__d2/nonempty_dir1/d2/d3"|D|65282|"1418046797."|"1418046797."|"1418046797."
           "/test_dir_stat___stat_nonempty_dir1__d2/nonempty_dir2"|D|65283|"1418046797."|"1418046797."|"1418046797."
           "/test_dir_stat___stat_nonempty_dir1__d2/nonempty_dir2/f1.txt"|F|20|0|"da39a3ee5e6b4b0d3255bfef95601890afd80709"|"1418046797."|"1418046797."|"1418046797."
           "/test_dir_stat___stat_nonempty_dir1__d2/nonempty_dir2/f2.txt"|F|21|167|"d09f4e47c22373e56c2369633ac3dcb71d598601"|"1418046797."|"1418046797."|"1418046797."
           "/test_dir_stat___stat_nonempty_dir1__d2/nonempty_dir2/d2"|D|65284|"1418046797."|"1418046797."|"1418046797."
           "/test_dir_stat___stat_nonempty_dir1__d2/nonempty_dir2/d2/sl_f3.txt"|L|"../../nonempty_dir1/d2/f3.txt"|"1418046797."|"1418046797."|"1418046797."
           "/test_dir_stat___stat_nonempty_dir1__d2/nonempty_dir2/d2/d3"|D|97921|"1418046797."|"1418046797."|"1418046797."
        end dump-result




