
Error:     27: unlink empty_dir1
               Tau
               EPERM
   unexpected results: EPERM
   allowed are only: EISDIR
   continuing execution with EISDIR

Error:     57: unlink empty_dir1/
               Tau
               EPERM
   unexpected results: EPERM
   allowed are only: EISDIR
   continuing execution with EISDIR

Error:     87: unlink empty_dir2
               Tau
               EPERM
   unexpected results: EPERM
   allowed are only: EISDIR
   continuing execution with EISDIR

Error:    117: unlink empty_dir2/
               Tau
               EPERM
   unexpected results: EPERM
   allowed are only: EISDIR
   continuing execution with EISDIR

Error:    147: unlink nonempty_dir1
               Tau
               EPERM
   unexpected results: EPERM
   allowed are only: EISDIR
   continuing execution with EISDIR

Error:    177: unlink nonempty_dir1/
               Tau
               EPERM
   unexpected results: EPERM
   allowed are only: EISDIR
   continuing execution with EISDIR

Error:    207: unlink nonempty_dir1/d2
               Tau
               EPERM
   unexpected results: EPERM
   allowed are only: EISDIR
   continuing execution with EISDIR

Error:    237: unlink nonempty_dir1/d2/
               Tau
               EPERM
   unexpected results: EPERM
   allowed are only: EISDIR
   continuing execution with EISDIR

Error:    327: unlink nonempty_dir1/d2/d3
               Tau
               EPERM
   unexpected results: EPERM
   allowed are only: EISDIR
   continuing execution with EISDIR

Error:    357: unlink nonempty_dir1/d2/d3/
               Tau
               EPERM
   unexpected results: EPERM
   allowed are only: EISDIR
   continuing execution with EISDIR

Error:    477: unlink nonempty_dir1/d2/sl_dotdot_d2/
               Tau
               EPERM
   unexpected results: EPERM
   allowed are only: ENOTDIR
   continuing execution with ENOTDIR

Error:    537: unlink nonempty_dir1/d2/sl_dotdot_f1.txt/
               Tau
               RV_none
   unexpected results: RV_none
   allowed are only: ENOTDIR
   continuing execution with ENOTDIR

        /test_dir_0018|D|307
        /test_dir_0018/empty_dir1|D|308
        /test_dir_0018/empty_dir2|D|309
        /test_dir_0018/nonempty_dir1|D|310
        /test_dir_0018/nonempty_dir2|D|315
        /test_dir_0018/nonempty_dir1/d2|D|312
        /test_dir_0018/nonempty_dir1/f1.txt|F|311|0|da39a3ee5e6b4b0d3255bfef95601890afd80709
        /test_dir_0018/nonempty_dir1/sl_f1.txt|L|f1.txt
        /test_dir_0018/nonempty_dir1/d2/d3|D|314
        /test_dir_0018/nonempty_dir1/d2/f3.txt|F|313|83|4b535f836f6006423fc132a59e78dfcc4fe6292f
        /test_dir_0018/nonempty_dir1/d2/sl_dotdot_d2|L|../d2
        /test_dir_0018/nonempty_dir1/d2/sl_dotdot_f1.txt|L|../f1.txt
        /test_dir_0018/nonempty_dir1/d2/sl_no_such_target|L|no_such_target
        /test_dir_0018/nonempty_dir2/d2|D|318
        /test_dir_0018/nonempty_dir2/f1.txt|F|316|0|da39a3ee5e6b4b0d3255bfef95601890afd80709
        /test_dir_0018/nonempty_dir2/f2.txt|F|317|167|d09f4e47c22373e56c2369633ac3dcb71d598601
        /test_dir_0018/nonempty_dir2/d2/d3|D|319
        /test_dir_0018/nonempty_dir2/d2/sl_f3.txt|L|../../nonempty_dir1/d2/f3.txt


Error:    538: dump-result /test_dir_0018
           /test_dir_0018|D|3476
           /test_dir_0018/empty_dir1|D|3478
           /test_dir_0018/empty_dir2|D|3480
           /test_dir_0018/nonempty_dir1|D|3482
           /test_dir_0018/nonempty_dir2|D|3496
           /test_dir_0018/nonempty_dir1/d2|D|3488
           /test_dir_0018/nonempty_dir1/sl_f1.txt|L|f1.txt
           /test_dir_0018/nonempty_dir1/d2/d3|D|3494
           /test_dir_0018/nonempty_dir1/d2/f3.txt|F|3490|83|4b535f836f6006423fc132a59e78dfcc4fe6292f
           /test_dir_0018/nonempty_dir1/d2/sl_dotdot_d2|L|../d2
           /test_dir_0018/nonempty_dir1/d2/sl_dotdot_f1.txt|L|../f1.txt
           /test_dir_0018/nonempty_dir1/d2/sl_no_such_target|L|no_such_target
           /test_dir_0018/nonempty_dir2/d2|D|3506
           /test_dir_0018/nonempty_dir2/f1.txt|F|3499|0|da39a3ee5e6b4b0d3255bfef95601890afd80709
           /test_dir_0018/nonempty_dir2/f2.txt|F|3502|167|d09f4e47c22373e56c2369633ac3dcb71d598601
           /test_dir_0018/nonempty_dir2/d2/d3|D|3509
           /test_dir_0018/nonempty_dir2/d2/sl_f3.txt|L|../../nonempty_dir1/d2/f3.txt
        end dump-result
   
   comparison of dump-results failed:
      missing entry: /test_dir_0018/nonempty_dir1/f1.txt


Error:    597: unlink nonempty_dir1/d2/sl_no_such_target/
               Tau
               ENOENT
   unexpected results: ENOENT
   allowed are only: ENOTDIR
   continuing execution with ENOTDIR

Error:    837: unlink nonempty_dir1/sl_f1.txt/
               Tau
               RV_none
   unexpected results: RV_none
   allowed are only: ENOTDIR
   continuing execution with ENOTDIR

        /test_dir_0028|D|487
        /test_dir_0028/empty_dir1|D|488
        /test_dir_0028/empty_dir2|D|489
        /test_dir_0028/nonempty_dir1|D|490
        /test_dir_0028/nonempty_dir2|D|495
        /test_dir_0028/nonempty_dir1/d2|D|492
        /test_dir_0028/nonempty_dir1/f1.txt|F|491|0|da39a3ee5e6b4b0d3255bfef95601890afd80709
        /test_dir_0028/nonempty_dir1/sl_f1.txt|L|f1.txt
        /test_dir_0028/nonempty_dir1/d2/d3|D|494
        /test_dir_0028/nonempty_dir1/d2/f3.txt|F|493|83|4b535f836f6006423fc132a59e78dfcc4fe6292f
        /test_dir_0028/nonempty_dir1/d2/sl_dotdot_d2|L|../d2
        /test_dir_0028/nonempty_dir1/d2/sl_dotdot_f1.txt|L|../f1.txt
        /test_dir_0028/nonempty_dir1/d2/sl_no_such_target|L|no_such_target
        /test_dir_0028/nonempty_dir2/d2|D|498
        /test_dir_0028/nonempty_dir2/f1.txt|F|496|0|da39a3ee5e6b4b0d3255bfef95601890afd80709
        /test_dir_0028/nonempty_dir2/f2.txt|F|497|167|d09f4e47c22373e56c2369633ac3dcb71d598601
        /test_dir_0028/nonempty_dir2/d2/d3|D|499
        /test_dir_0028/nonempty_dir2/d2/sl_f3.txt|L|../../nonempty_dir1/d2/f3.txt


Error:    838: dump-result /test_dir_0028
           /test_dir_0028|D|4611
           /test_dir_0028/empty_dir1|D|4612
           /test_dir_0028/empty_dir2|D|4614
           /test_dir_0028/nonempty_dir1|D|4615
           /test_dir_0028/nonempty_dir2|D|4632
           /test_dir_0028/nonempty_dir1/d2|D|4620
           /test_dir_0028/nonempty_dir1/sl_f1.txt|L|f1.txt
           /test_dir_0028/nonempty_dir1/d2/d3|D|4629
           /test_dir_0028/nonempty_dir1/d2/f3.txt|F|4623|83|4b535f836f6006423fc132a59e78dfcc4fe6292f
           /test_dir_0028/nonempty_dir1/d2/sl_dotdot_d2|L|../d2
           /test_dir_0028/nonempty_dir1/d2/sl_dotdot_f1.txt|L|../f1.txt
           /test_dir_0028/nonempty_dir1/d2/sl_no_such_target|L|no_such_target
           /test_dir_0028/nonempty_dir2/d2|D|4646
           /test_dir_0028/nonempty_dir2/f1.txt|F|4637|0|da39a3ee5e6b4b0d3255bfef95601890afd80709
           /test_dir_0028/nonempty_dir2/f2.txt|F|4641|167|d09f4e47c22373e56c2369633ac3dcb71d598601
           /test_dir_0028/nonempty_dir2/d2/d3|D|4650
           /test_dir_0028/nonempty_dir2/d2/sl_f3.txt|L|../../nonempty_dir1/d2/f3.txt
        end dump-result
   
   comparison of dump-results failed:
      missing entry: /test_dir_0028/nonempty_dir1/f1.txt


Error:    867: unlink nonempty_dir2
               Tau
               EPERM
   unexpected results: EPERM
   allowed are only: EISDIR
   continuing execution with EISDIR

Error:    897: unlink nonempty_dir2/
               Tau
               EPERM
   unexpected results: EPERM
   allowed are only: EISDIR
   continuing execution with EISDIR

Error:    927: unlink nonempty_dir2/d2
               Tau
               EPERM
   unexpected results: EPERM
   allowed are only: EISDIR
   continuing execution with EISDIR

Error:    957: unlink nonempty_dir2/d2/
               Tau
               EPERM
   unexpected results: EPERM
   allowed are only: EISDIR
   continuing execution with EISDIR

Error:    987: unlink nonempty_dir2/d2/d3
               Tau
               EPERM
   unexpected results: EPERM
   allowed are only: EISDIR
   continuing execution with EISDIR

Error:   1017: unlink nonempty_dir2/d2/d3/
               Tau
               EPERM
   unexpected results: EPERM
   allowed are only: EISDIR
   continuing execution with EISDIR

Error:   1077: unlink nonempty_dir2/d2/sl_f3.txt/
               Tau
               RV_none
   unexpected results: RV_none
   allowed are only: ENOTDIR
   continuing execution with ENOTDIR

        /test_dir_0036|D|631
        /test_dir_0036/empty_dir1|D|632
        /test_dir_0036/empty_dir2|D|633
        /test_dir_0036/nonempty_dir1|D|634
        /test_dir_0036/nonempty_dir2|D|639
        /test_dir_0036/nonempty_dir1/d2|D|636
        /test_dir_0036/nonempty_dir1/f1.txt|F|635|0|da39a3ee5e6b4b0d3255bfef95601890afd80709
        /test_dir_0036/nonempty_dir1/sl_f1.txt|L|f1.txt
        /test_dir_0036/nonempty_dir1/d2/d3|D|638
        /test_dir_0036/nonempty_dir1/d2/f3.txt|F|637|83|4b535f836f6006423fc132a59e78dfcc4fe6292f
        /test_dir_0036/nonempty_dir1/d2/sl_dotdot_d2|L|../d2
        /test_dir_0036/nonempty_dir1/d2/sl_dotdot_f1.txt|L|../f1.txt
        /test_dir_0036/nonempty_dir1/d2/sl_no_such_target|L|no_such_target
        /test_dir_0036/nonempty_dir2/d2|D|642
        /test_dir_0036/nonempty_dir2/f1.txt|F|640|0|da39a3ee5e6b4b0d3255bfef95601890afd80709
        /test_dir_0036/nonempty_dir2/f2.txt|F|641|167|d09f4e47c22373e56c2369633ac3dcb71d598601
        /test_dir_0036/nonempty_dir2/d2/d3|D|643
        /test_dir_0036/nonempty_dir2/d2/sl_f3.txt|L|../../nonempty_dir1/d2/f3.txt


Error:   1078: dump-result /test_dir_0036
           /test_dir_0036|D|5256
           /test_dir_0036/empty_dir1|D|5257
           /test_dir_0036/empty_dir2|D|5258
           /test_dir_0036/nonempty_dir1|D|483
           /test_dir_0036/nonempty_dir2|D|5263
           /test_dir_0036/nonempty_dir1/d2|D|491
           /test_dir_0036/nonempty_dir1/f1.txt|F|485|0|da39a3ee5e6b4b0d3255bfef95601890afd80709
           /test_dir_0036/nonempty_dir1/sl_f1.txt|L|f1.txt
           /test_dir_0036/nonempty_dir1/d2/d3|D|5261
           /test_dir_0036/nonempty_dir1/d2/sl_dotdot_d2|L|../d2
           /test_dir_0036/nonempty_dir1/d2/sl_dotdot_f1.txt|L|../f1.txt
           /test_dir_0036/nonempty_dir1/d2/sl_no_such_target|L|no_such_target
           /test_dir_0036/nonempty_dir2/d2|D|495
           /test_dir_0036/nonempty_dir2/f1.txt|F|5267|0|da39a3ee5e6b4b0d3255bfef95601890afd80709
           /test_dir_0036/nonempty_dir2/f2.txt|F|5269|167|d09f4e47c22373e56c2369633ac3dcb71d598601
           /test_dir_0036/nonempty_dir2/d2/d3|D|503
           /test_dir_0036/nonempty_dir2/d2/sl_f3.txt|L|../../nonempty_dir1/d2/f3.txt
        end dump-result
   
   comparison of dump-results failed:
      missing entry: /test_dir_0036/nonempty_dir1/d2/f3.txt

