#####################################
# Test 1
#####################################
mkdir /test_dir_0001 0o777
Tau
RV_none

chdir /test_dir_0001
Tau
RV_none

mkdir empty_dir1 0o777
Tau
RV_none

mkdir empty_dir2 0o777
Tau
RV_none

mkdir nonempty_dir1 0o777
Tau
RV_none

open_close nonempty_dir1/f1.txt [O_WRONLY;O_CREAT] 0o666
Tau
RV_none

mkdir nonempty_dir1/d2 0o777
Tau
RV_none

open nonempty_dir1/d2/f3.txt [O_WRONLY;O_CREAT] 0o666
Tau
RV_num(3)

write! (FD 3) "Lorem ipsum dolor sit amet, consectetur adipisicing elit, sed do eiusmod tempor inc" 83
Tau
RV_num(83)

close (FD 3)
Tau
RV_none

mkdir nonempty_dir1/d2/d3 0o777
Tau
RV_none

mkdir nonempty_dir2 0o777
Tau
RV_none

open_close nonempty_dir2/f1.txt [O_WRONLY;O_CREAT] 0o666
Tau
RV_none

open nonempty_dir2/f2.txt [O_WRONLY;O_CREAT] 0o666
Tau
RV_num(3)

write! (FD 3) "Lorem ipsum dolor sit amet, consectetur adipisicing elit, sed do eiusmod tempor incididunt ut labore et dolore magna aliqua. Ut enim ad minim veniam, quis nostrud exer" 167
Tau
RV_num(167)

close (FD 3)
Tau
RV_none

mkdir nonempty_dir2/d2 0o777
Tau
RV_none

mkdir nonempty_dir2/d2/d3 0o777
Tau
RV_none

unlink empty_dir1
Tau
EISDIR

dump-result /test_dir_0001
   /test_dir_0001|D|32641
   /test_dir_0001/empty_dir1|D|32643
   /test_dir_0001/empty_dir2|D|32644
   /test_dir_0001/nonempty_dir1|D|32645
   /test_dir_0001/nonempty_dir2|D|32650
   /test_dir_0001/nonempty_dir1/d2|D|32647
   /test_dir_0001/nonempty_dir1/f1.txt|F|32646|0|da39a3ee5e6b4b0d3255bfef95601890afd80709
   /test_dir_0001/nonempty_dir1/d2/d3|D|32649
   /test_dir_0001/nonempty_dir1/d2/f3.txt|F|32648|83|4b535f836f6006423fc132a59e78dfcc4fe6292f
   /test_dir_0001/nonempty_dir2/d2|D|32653
   /test_dir_0001/nonempty_dir2/f1.txt|F|32651|0|da39a3ee5e6b4b0d3255bfef95601890afd80709
   /test_dir_0001/nonempty_dir2/f2.txt|F|32652|167|d09f4e47c22373e56c2369633ac3dcb71d598601
   /test_dir_0001/nonempty_dir2/d2/d3|D|32654
end dump-result


#####################################
# Test 2
#####################################
mkdir /test_dir_0002 0o777
Tau
RV_none

chdir /test_dir_0002
Tau
RV_none

mkdir empty_dir1 0o777
Tau
RV_none

mkdir empty_dir2 0o777
Tau
RV_none

mkdir nonempty_dir1 0o777
Tau
RV_none

open_close nonempty_dir1/f1.txt [O_WRONLY;O_CREAT] 0o666
Tau
RV_none

mkdir nonempty_dir1/d2 0o777
Tau
RV_none

open nonempty_dir1/d2/f3.txt [O_WRONLY;O_CREAT] 0o666
Tau
RV_num(3)

write! (FD 3) "Lorem ipsum dolor sit amet, consectetur adipisicing elit, sed do eiusmod tempor inc" 83
Tau
RV_num(83)

close (FD 3)
Tau
RV_none

mkdir nonempty_dir1/d2/d3 0o777
Tau
RV_none

mkdir nonempty_dir2 0o777
Tau
RV_none

open_close nonempty_dir2/f1.txt [O_WRONLY;O_CREAT] 0o666
Tau
RV_none

open nonempty_dir2/f2.txt [O_WRONLY;O_CREAT] 0o666
Tau
RV_num(3)

write! (FD 3) "Lorem ipsum dolor sit amet, consectetur adipisicing elit, sed do eiusmod tempor incididunt ut labore et dolore magna aliqua. Ut enim ad minim veniam, quis nostrud exer" 167
Tau
RV_num(167)

close (FD 3)
Tau
RV_none

mkdir nonempty_dir2/d2 0o777
Tau
RV_none

mkdir nonempty_dir2/d2/d3 0o777
Tau
RV_none

unlink empty_dir1/
Tau
EISDIR

dump-result /test_dir_0002
   /test_dir_0002|D|32655
   /test_dir_0002/empty_dir1|D|32656
   /test_dir_0002/empty_dir2|D|32657
   /test_dir_0002/nonempty_dir1|D|32658
   /test_dir_0002/nonempty_dir2|D|32663
   /test_dir_0002/nonempty_dir1/d2|D|32660
   /test_dir_0002/nonempty_dir1/f1.txt|F|32659|0|da39a3ee5e6b4b0d3255bfef95601890afd80709
   /test_dir_0002/nonempty_dir1/d2/d3|D|32662
   /test_dir_0002/nonempty_dir1/d2/f3.txt|F|32661|83|4b535f836f6006423fc132a59e78dfcc4fe6292f
   /test_dir_0002/nonempty_dir2/d2|D|32666
   /test_dir_0002/nonempty_dir2/f1.txt|F|32664|0|da39a3ee5e6b4b0d3255bfef95601890afd80709
   /test_dir_0002/nonempty_dir2/f2.txt|F|32665|167|d09f4e47c22373e56c2369633ac3dcb71d598601
   /test_dir_0002/nonempty_dir2/d2/d3|D|32667
end dump-result


#####################################
# Test 3
#####################################
mkdir /test_dir_0003 0o777
Tau
RV_none

chdir /test_dir_0003
Tau
RV_none

mkdir empty_dir1 0o777
Tau
RV_none

mkdir empty_dir2 0o777
Tau
RV_none

mkdir nonempty_dir1 0o777
Tau
RV_none

open_close nonempty_dir1/f1.txt [O_WRONLY;O_CREAT] 0o666
Tau
RV_none

mkdir nonempty_dir1/d2 0o777
Tau
RV_none

open nonempty_dir1/d2/f3.txt [O_WRONLY;O_CREAT] 0o666
Tau
RV_num(3)

write! (FD 3) "Lorem ipsum dolor sit amet, consectetur adipisicing elit, sed do eiusmod tempor inc" 83
Tau
RV_num(83)

close (FD 3)
Tau
RV_none

mkdir nonempty_dir1/d2/d3 0o777
Tau
RV_none

mkdir nonempty_dir2 0o777
Tau
RV_none

open_close nonempty_dir2/f1.txt [O_WRONLY;O_CREAT] 0o666
Tau
RV_none

open nonempty_dir2/f2.txt [O_WRONLY;O_CREAT] 0o666
Tau
RV_num(3)

write! (FD 3) "Lorem ipsum dolor sit amet, consectetur adipisicing elit, sed do eiusmod tempor incididunt ut labore et dolore magna aliqua. Ut enim ad minim veniam, quis nostrud exer" 167
Tau
RV_num(167)

close (FD 3)
Tau
RV_none

mkdir nonempty_dir2/d2 0o777
Tau
RV_none

mkdir nonempty_dir2/d2/d3 0o777
Tau
RV_none

unlink empty_dir2
Tau
EISDIR

dump-result /test_dir_0003
   /test_dir_0003|D|32668
   /test_dir_0003/empty_dir1|D|32669
   /test_dir_0003/empty_dir2|D|32670
   /test_dir_0003/nonempty_dir1|D|32671
   /test_dir_0003/nonempty_dir2|D|32676
   /test_dir_0003/nonempty_dir1/d2|D|32673
   /test_dir_0003/nonempty_dir1/f1.txt|F|32672|0|da39a3ee5e6b4b0d3255bfef95601890afd80709
   /test_dir_0003/nonempty_dir1/d2/d3|D|32675
   /test_dir_0003/nonempty_dir1/d2/f3.txt|F|32674|83|4b535f836f6006423fc132a59e78dfcc4fe6292f
   /test_dir_0003/nonempty_dir2/d2|D|32679
   /test_dir_0003/nonempty_dir2/f1.txt|F|32677|0|da39a3ee5e6b4b0d3255bfef95601890afd80709
   /test_dir_0003/nonempty_dir2/f2.txt|F|32678|167|d09f4e47c22373e56c2369633ac3dcb71d598601
   /test_dir_0003/nonempty_dir2/d2/d3|D|32680
end dump-result


#####################################
# Test 4
#####################################
mkdir /test_dir_0004 0o777
Tau
RV_none

chdir /test_dir_0004
Tau
RV_none

mkdir empty_dir1 0o777
Tau
RV_none

mkdir empty_dir2 0o777
Tau
RV_none

mkdir nonempty_dir1 0o777
Tau
RV_none

open_close nonempty_dir1/f1.txt [O_WRONLY;O_CREAT] 0o666
Tau
RV_none

mkdir nonempty_dir1/d2 0o777
Tau
RV_none

open nonempty_dir1/d2/f3.txt [O_WRONLY;O_CREAT] 0o666
Tau
RV_num(3)

write! (FD 3) "Lorem ipsum dolor sit amet, consectetur adipisicing elit, sed do eiusmod tempor inc" 83
Tau
RV_num(83)

close (FD 3)
Tau
RV_none

mkdir nonempty_dir1/d2/d3 0o777
Tau
RV_none

mkdir nonempty_dir2 0o777
Tau
RV_none

open_close nonempty_dir2/f1.txt [O_WRONLY;O_CREAT] 0o666
Tau
RV_none

open nonempty_dir2/f2.txt [O_WRONLY;O_CREAT] 0o666
Tau
RV_num(3)

write! (FD 3) "Lorem ipsum dolor sit amet, consectetur adipisicing elit, sed do eiusmod tempor incididunt ut labore et dolore magna aliqua. Ut enim ad minim veniam, quis nostrud exer" 167
Tau
RV_num(167)

close (FD 3)
Tau
RV_none

mkdir nonempty_dir2/d2 0o777
Tau
RV_none

mkdir nonempty_dir2/d2/d3 0o777
Tau
RV_none

unlink empty_dir2/
Tau
EISDIR

dump-result /test_dir_0004
   /test_dir_0004|D|32681
   /test_dir_0004/empty_dir1|D|32682
   /test_dir_0004/empty_dir2|D|32683
   /test_dir_0004/nonempty_dir1|D|32684
   /test_dir_0004/nonempty_dir2|D|32689
   /test_dir_0004/nonempty_dir1/d2|D|32686
   /test_dir_0004/nonempty_dir1/f1.txt|F|32685|0|da39a3ee5e6b4b0d3255bfef95601890afd80709
   /test_dir_0004/nonempty_dir1/d2/d3|D|32688
   /test_dir_0004/nonempty_dir1/d2/f3.txt|F|32687|83|4b535f836f6006423fc132a59e78dfcc4fe6292f
   /test_dir_0004/nonempty_dir2/d2|D|32692
   /test_dir_0004/nonempty_dir2/f1.txt|F|32690|0|da39a3ee5e6b4b0d3255bfef95601890afd80709
   /test_dir_0004/nonempty_dir2/f2.txt|F|32691|167|d09f4e47c22373e56c2369633ac3dcb71d598601
   /test_dir_0004/nonempty_dir2/d2/d3|D|32693
end dump-result


#####################################
# Test 5
#####################################
mkdir /test_dir_0005 0o777
Tau
RV_none

chdir /test_dir_0005
Tau
RV_none

mkdir empty_dir1 0o777
Tau
RV_none

mkdir empty_dir2 0o777
Tau
RV_none

mkdir nonempty_dir1 0o777
Tau
RV_none

open_close nonempty_dir1/f1.txt [O_WRONLY;O_CREAT] 0o666
Tau
RV_none

mkdir nonempty_dir1/d2 0o777
Tau
RV_none

open nonempty_dir1/d2/f3.txt [O_WRONLY;O_CREAT] 0o666
Tau
RV_num(3)

write! (FD 3) "Lorem ipsum dolor sit amet, consectetur adipisicing elit, sed do eiusmod tempor inc" 83
Tau
RV_num(83)

close (FD 3)
Tau
RV_none

mkdir nonempty_dir1/d2/d3 0o777
Tau
RV_none

mkdir nonempty_dir2 0o777
Tau
RV_none

open_close nonempty_dir2/f1.txt [O_WRONLY;O_CREAT] 0o666
Tau
RV_none

open nonempty_dir2/f2.txt [O_WRONLY;O_CREAT] 0o666
Tau
RV_num(3)

write! (FD 3) "Lorem ipsum dolor sit amet, consectetur adipisicing elit, sed do eiusmod tempor incididunt ut labore et dolore magna aliqua. Ut enim ad minim veniam, quis nostrud exer" 167
Tau
RV_num(167)

close (FD 3)
Tau
RV_none

mkdir nonempty_dir2/d2 0o777
Tau
RV_none

mkdir nonempty_dir2/d2/d3 0o777
Tau
RV_none

unlink nonempty_dir1
Tau
EISDIR

dump-result /test_dir_0005
   /test_dir_0005|D|32694
   /test_dir_0005/empty_dir1|D|32695
   /test_dir_0005/empty_dir2|D|32696
   /test_dir_0005/nonempty_dir1|D|32697
   /test_dir_0005/nonempty_dir2|D|32702
   /test_dir_0005/nonempty_dir1/d2|D|32699
   /test_dir_0005/nonempty_dir1/f1.txt|F|32698|0|da39a3ee5e6b4b0d3255bfef95601890afd80709
   /test_dir_0005/nonempty_dir1/d2/d3|D|32701
   /test_dir_0005/nonempty_dir1/d2/f3.txt|F|32700|83|4b535f836f6006423fc132a59e78dfcc4fe6292f
   /test_dir_0005/nonempty_dir2/d2|D|32705
   /test_dir_0005/nonempty_dir2/f1.txt|F|32703|0|da39a3ee5e6b4b0d3255bfef95601890afd80709
   /test_dir_0005/nonempty_dir2/f2.txt|F|32704|167|d09f4e47c22373e56c2369633ac3dcb71d598601
   /test_dir_0005/nonempty_dir2/d2/d3|D|32706
end dump-result


#####################################
# Test 6
#####################################
mkdir /test_dir_0006 0o777
Tau
RV_none

chdir /test_dir_0006
Tau
RV_none

mkdir empty_dir1 0o777
Tau
RV_none

mkdir empty_dir2 0o777
Tau
RV_none

mkdir nonempty_dir1 0o777
Tau
RV_none

open_close nonempty_dir1/f1.txt [O_WRONLY;O_CREAT] 0o666
Tau
RV_none

mkdir nonempty_dir1/d2 0o777
Tau
RV_none

open nonempty_dir1/d2/f3.txt [O_WRONLY;O_CREAT] 0o666
Tau
RV_num(3)

write! (FD 3) "Lorem ipsum dolor sit amet, consectetur adipisicing elit, sed do eiusmod tempor inc" 83
Tau
RV_num(83)

close (FD 3)
Tau
RV_none

mkdir nonempty_dir1/d2/d3 0o777
Tau
RV_none

mkdir nonempty_dir2 0o777
Tau
RV_none

open_close nonempty_dir2/f1.txt [O_WRONLY;O_CREAT] 0o666
Tau
RV_none

open nonempty_dir2/f2.txt [O_WRONLY;O_CREAT] 0o666
Tau
RV_num(3)

write! (FD 3) "Lorem ipsum dolor sit amet, consectetur adipisicing elit, sed do eiusmod tempor incididunt ut labore et dolore magna aliqua. Ut enim ad minim veniam, quis nostrud exer" 167
Tau
RV_num(167)

close (FD 3)
Tau
RV_none

mkdir nonempty_dir2/d2 0o777
Tau
RV_none

mkdir nonempty_dir2/d2/d3 0o777
Tau
RV_none

unlink nonempty_dir1/
Tau
EISDIR

dump-result /test_dir_0006
   /test_dir_0006|D|32707
   /test_dir_0006/empty_dir1|D|32708
   /test_dir_0006/empty_dir2|D|32709
   /test_dir_0006/nonempty_dir1|D|32710
   /test_dir_0006/nonempty_dir2|D|32715
   /test_dir_0006/nonempty_dir1/d2|D|32712
   /test_dir_0006/nonempty_dir1/f1.txt|F|32711|0|da39a3ee5e6b4b0d3255bfef95601890afd80709
   /test_dir_0006/nonempty_dir1/d2/d3|D|32714
   /test_dir_0006/nonempty_dir1/d2/f3.txt|F|32713|83|4b535f836f6006423fc132a59e78dfcc4fe6292f
   /test_dir_0006/nonempty_dir2/d2|D|32718
   /test_dir_0006/nonempty_dir2/f1.txt|F|32716|0|da39a3ee5e6b4b0d3255bfef95601890afd80709
   /test_dir_0006/nonempty_dir2/f2.txt|F|32717|167|d09f4e47c22373e56c2369633ac3dcb71d598601
   /test_dir_0006/nonempty_dir2/d2/d3|D|32719
end dump-result


#####################################
# Test 7
#####################################
mkdir /test_dir_0007 0o777
Tau
RV_none

chdir /test_dir_0007
Tau
RV_none

mkdir empty_dir1 0o777
Tau
RV_none

mkdir empty_dir2 0o777
Tau
RV_none

mkdir nonempty_dir1 0o777
Tau
RV_none

open_close nonempty_dir1/f1.txt [O_WRONLY;O_CREAT] 0o666
Tau
RV_none

mkdir nonempty_dir1/d2 0o777
Tau
RV_none

open nonempty_dir1/d2/f3.txt [O_WRONLY;O_CREAT] 0o666
Tau
RV_num(3)

write! (FD 3) "Lorem ipsum dolor sit amet, consectetur adipisicing elit, sed do eiusmod tempor inc" 83
Tau
RV_num(83)

close (FD 3)
Tau
RV_none

mkdir nonempty_dir1/d2/d3 0o777
Tau
RV_none

mkdir nonempty_dir2 0o777
Tau
RV_none

open_close nonempty_dir2/f1.txt [O_WRONLY;O_CREAT] 0o666
Tau
RV_none

open nonempty_dir2/f2.txt [O_WRONLY;O_CREAT] 0o666
Tau
RV_num(3)

write! (FD 3) "Lorem ipsum dolor sit amet, consectetur adipisicing elit, sed do eiusmod tempor incididunt ut labore et dolore magna aliqua. Ut enim ad minim veniam, quis nostrud exer" 167
Tau
RV_num(167)

close (FD 3)
Tau
RV_none

mkdir nonempty_dir2/d2 0o777
Tau
RV_none

mkdir nonempty_dir2/d2/d3 0o777
Tau
RV_none

unlink nonempty_dir1/d2
Tau
EISDIR

dump-result /test_dir_0007
   /test_dir_0007|D|32720
   /test_dir_0007/empty_dir1|D|32721
   /test_dir_0007/empty_dir2|D|32722
   /test_dir_0007/nonempty_dir1|D|32723
   /test_dir_0007/nonempty_dir2|D|32728
   /test_dir_0007/nonempty_dir1/d2|D|32725
   /test_dir_0007/nonempty_dir1/f1.txt|F|32724|0|da39a3ee5e6b4b0d3255bfef95601890afd80709
   /test_dir_0007/nonempty_dir1/d2/d3|D|32727
   /test_dir_0007/nonempty_dir1/d2/f3.txt|F|32726|83|4b535f836f6006423fc132a59e78dfcc4fe6292f
   /test_dir_0007/nonempty_dir2/d2|D|32731
   /test_dir_0007/nonempty_dir2/f1.txt|F|32729|0|da39a3ee5e6b4b0d3255bfef95601890afd80709
   /test_dir_0007/nonempty_dir2/f2.txt|F|32730|167|d09f4e47c22373e56c2369633ac3dcb71d598601
   /test_dir_0007/nonempty_dir2/d2/d3|D|32732
end dump-result


#####################################
# Test 8
#####################################
mkdir /test_dir_0008 0o777
Tau
RV_none

chdir /test_dir_0008
Tau
RV_none

mkdir empty_dir1 0o777
Tau
RV_none

mkdir empty_dir2 0o777
Tau
RV_none

mkdir nonempty_dir1 0o777
Tau
RV_none

open_close nonempty_dir1/f1.txt [O_WRONLY;O_CREAT] 0o666
Tau
RV_none

mkdir nonempty_dir1/d2 0o777
Tau
RV_none

open nonempty_dir1/d2/f3.txt [O_WRONLY;O_CREAT] 0o666
Tau
RV_num(3)

write! (FD 3) "Lorem ipsum dolor sit amet, consectetur adipisicing elit, sed do eiusmod tempor inc" 83
Tau
RV_num(83)

close (FD 3)
Tau
RV_none

mkdir nonempty_dir1/d2/d3 0o777
Tau
RV_none

mkdir nonempty_dir2 0o777
Tau
RV_none

open_close nonempty_dir2/f1.txt [O_WRONLY;O_CREAT] 0o666
Tau
RV_none

open nonempty_dir2/f2.txt [O_WRONLY;O_CREAT] 0o666
Tau
RV_num(3)

write! (FD 3) "Lorem ipsum dolor sit amet, consectetur adipisicing elit, sed do eiusmod tempor incididunt ut labore et dolore magna aliqua. Ut enim ad minim veniam, quis nostrud exer" 167
Tau
RV_num(167)

close (FD 3)
Tau
RV_none

mkdir nonempty_dir2/d2 0o777
Tau
RV_none

mkdir nonempty_dir2/d2/d3 0o777
Tau
RV_none

unlink nonempty_dir1/d2/
Tau
EISDIR

dump-result /test_dir_0008
   /test_dir_0008|D|32733
   /test_dir_0008/empty_dir1|D|32734
   /test_dir_0008/empty_dir2|D|32735
   /test_dir_0008/nonempty_dir1|D|32736
   /test_dir_0008/nonempty_dir2|D|32741
   /test_dir_0008/nonempty_dir1/d2|D|32738
   /test_dir_0008/nonempty_dir1/f1.txt|F|32737|0|da39a3ee5e6b4b0d3255bfef95601890afd80709
   /test_dir_0008/nonempty_dir1/d2/d3|D|32740
   /test_dir_0008/nonempty_dir1/d2/f3.txt|F|32739|83|4b535f836f6006423fc132a59e78dfcc4fe6292f
   /test_dir_0008/nonempty_dir2/d2|D|32744
   /test_dir_0008/nonempty_dir2/f1.txt|F|32742|0|da39a3ee5e6b4b0d3255bfef95601890afd80709
   /test_dir_0008/nonempty_dir2/f2.txt|F|32743|167|d09f4e47c22373e56c2369633ac3dcb71d598601
   /test_dir_0008/nonempty_dir2/d2/d3|D|32745
end dump-result


#####################################
# Test 9
#####################################
mkdir /test_dir_0009 0o777
Tau
RV_none

chdir /test_dir_0009
Tau
RV_none

mkdir empty_dir1 0o777
Tau
RV_none

mkdir empty_dir2 0o777
Tau
RV_none

mkdir nonempty_dir1 0o777
Tau
RV_none

open_close nonempty_dir1/f1.txt [O_WRONLY;O_CREAT] 0o666
Tau
RV_none

mkdir nonempty_dir1/d2 0o777
Tau
RV_none

open nonempty_dir1/d2/f3.txt [O_WRONLY;O_CREAT] 0o666
Tau
RV_num(3)

write! (FD 3) "Lorem ipsum dolor sit amet, consectetur adipisicing elit, sed do eiusmod tempor inc" 83
Tau
RV_num(83)

close (FD 3)
Tau
RV_none

mkdir nonempty_dir1/d2/d3 0o777
Tau
RV_none

mkdir nonempty_dir2 0o777
Tau
RV_none

open_close nonempty_dir2/f1.txt [O_WRONLY;O_CREAT] 0o666
Tau
RV_none

open nonempty_dir2/f2.txt [O_WRONLY;O_CREAT] 0o666
Tau
RV_num(3)

write! (FD 3) "Lorem ipsum dolor sit amet, consectetur adipisicing elit, sed do eiusmod tempor incididunt ut labore et dolore magna aliqua. Ut enim ad minim veniam, quis nostrud exer" 167
Tau
RV_num(167)

close (FD 3)
Tau
RV_none

mkdir nonempty_dir2/d2 0o777
Tau
RV_none

mkdir nonempty_dir2/d2/d3 0o777
Tau
RV_none

unlink nonempty_dir1/d2/broken_sl/nonexist_6
Tau
ENOENT

dump-result /test_dir_0009
   /test_dir_0009|D|32746
   /test_dir_0009/empty_dir1|D|32747
   /test_dir_0009/empty_dir2|D|32748
   /test_dir_0009/nonempty_dir1|D|32749
   /test_dir_0009/nonempty_dir2|D|32754
   /test_dir_0009/nonempty_dir1/d2|D|32751
   /test_dir_0009/nonempty_dir1/f1.txt|F|32750|0|da39a3ee5e6b4b0d3255bfef95601890afd80709
   /test_dir_0009/nonempty_dir1/d2/d3|D|32753
   /test_dir_0009/nonempty_dir1/d2/f3.txt|F|32752|83|4b535f836f6006423fc132a59e78dfcc4fe6292f
   /test_dir_0009/nonempty_dir2/d2|D|32757
   /test_dir_0009/nonempty_dir2/f1.txt|F|32755|0|da39a3ee5e6b4b0d3255bfef95601890afd80709
   /test_dir_0009/nonempty_dir2/f2.txt|F|32756|167|d09f4e47c22373e56c2369633ac3dcb71d598601
   /test_dir_0009/nonempty_dir2/d2/d3|D|32758
end dump-result


#####################################
# Test 10
#####################################
mkdir /test_dir_0010 0o777
Tau
RV_none

chdir /test_dir_0010
Tau
RV_none

mkdir empty_dir1 0o777
Tau
RV_none

mkdir empty_dir2 0o777
Tau
RV_none

mkdir nonempty_dir1 0o777
Tau
RV_none

open_close nonempty_dir1/f1.txt [O_WRONLY;O_CREAT] 0o666
Tau
RV_none

mkdir nonempty_dir1/d2 0o777
Tau
RV_none

open nonempty_dir1/d2/f3.txt [O_WRONLY;O_CREAT] 0o666
Tau
RV_num(3)

write! (FD 3) "Lorem ipsum dolor sit amet, consectetur adipisicing elit, sed do eiusmod tempor inc" 83
Tau
RV_num(83)

close (FD 3)
Tau
RV_none

mkdir nonempty_dir1/d2/d3 0o777
Tau
RV_none

mkdir nonempty_dir2 0o777
Tau
RV_none

open_close nonempty_dir2/f1.txt [O_WRONLY;O_CREAT] 0o666
Tau
RV_none

open nonempty_dir2/f2.txt [O_WRONLY;O_CREAT] 0o666
Tau
RV_num(3)

write! (FD 3) "Lorem ipsum dolor sit amet, consectetur adipisicing elit, sed do eiusmod tempor incididunt ut labore et dolore magna aliqua. Ut enim ad minim veniam, quis nostrud exer" 167
Tau
RV_num(167)

close (FD 3)
Tau
RV_none

mkdir nonempty_dir2/d2 0o777
Tau
RV_none

mkdir nonempty_dir2/d2/d3 0o777
Tau
RV_none

unlink nonempty_dir1/d2/broken_sl/nonexist_6/
Tau
ENOENT

dump-result /test_dir_0010
   /test_dir_0010|D|32759
   /test_dir_0010/empty_dir1|D|32760
   /test_dir_0010/empty_dir2|D|32761
   /test_dir_0010/nonempty_dir1|D|32762
   /test_dir_0010/nonempty_dir2|D|32767
   /test_dir_0010/nonempty_dir1/d2|D|32764
   /test_dir_0010/nonempty_dir1/f1.txt|F|32763|0|da39a3ee5e6b4b0d3255bfef95601890afd80709
   /test_dir_0010/nonempty_dir1/d2/d3|D|32766
   /test_dir_0010/nonempty_dir1/d2/f3.txt|F|32765|83|4b535f836f6006423fc132a59e78dfcc4fe6292f
   /test_dir_0010/nonempty_dir2/d2|D|32770
   /test_dir_0010/nonempty_dir2/f1.txt|F|32768|0|da39a3ee5e6b4b0d3255bfef95601890afd80709
   /test_dir_0010/nonempty_dir2/f2.txt|F|32769|167|d09f4e47c22373e56c2369633ac3dcb71d598601
   /test_dir_0010/nonempty_dir2/d2/d3|D|32771
end dump-result


#####################################
# Test 11
#####################################
mkdir /test_dir_0011 0o777
Tau
RV_none

chdir /test_dir_0011
Tau
RV_none

mkdir empty_dir1 0o777
Tau
RV_none

mkdir empty_dir2 0o777
Tau
RV_none

mkdir nonempty_dir1 0o777
Tau
RV_none

open_close nonempty_dir1/f1.txt [O_WRONLY;O_CREAT] 0o666
Tau
RV_none

mkdir nonempty_dir1/d2 0o777
Tau
RV_none

open nonempty_dir1/d2/f3.txt [O_WRONLY;O_CREAT] 0o666
Tau
RV_num(3)

write! (FD 3) "Lorem ipsum dolor sit amet, consectetur adipisicing elit, sed do eiusmod tempor inc" 83
Tau
RV_num(83)

close (FD 3)
Tau
RV_none

mkdir nonempty_dir1/d2/d3 0o777
Tau
RV_none

mkdir nonempty_dir2 0o777
Tau
RV_none

open_close nonempty_dir2/f1.txt [O_WRONLY;O_CREAT] 0o666
Tau
RV_none

open nonempty_dir2/f2.txt [O_WRONLY;O_CREAT] 0o666
Tau
RV_num(3)

write! (FD 3) "Lorem ipsum dolor sit amet, consectetur adipisicing elit, sed do eiusmod tempor incididunt ut labore et dolore magna aliqua. Ut enim ad minim veniam, quis nostrud exer" 167
Tau
RV_num(167)

close (FD 3)
Tau
RV_none

mkdir nonempty_dir2/d2 0o777
Tau
RV_none

mkdir nonempty_dir2/d2/d3 0o777
Tau
RV_none

unlink nonempty_dir1/d2/d3
Tau
EISDIR

dump-result /test_dir_0011
   /test_dir_0011|D|32772
   /test_dir_0011/empty_dir1|D|32773
   /test_dir_0011/empty_dir2|D|32774
   /test_dir_0011/nonempty_dir1|D|32775
   /test_dir_0011/nonempty_dir2|D|32780
   /test_dir_0011/nonempty_dir1/d2|D|32777
   /test_dir_0011/nonempty_dir1/f1.txt|F|32776|0|da39a3ee5e6b4b0d3255bfef95601890afd80709
   /test_dir_0011/nonempty_dir1/d2/d3|D|32779
   /test_dir_0011/nonempty_dir1/d2/f3.txt|F|32778|83|4b535f836f6006423fc132a59e78dfcc4fe6292f
   /test_dir_0011/nonempty_dir2/d2|D|32783
   /test_dir_0011/nonempty_dir2/f1.txt|F|32781|0|da39a3ee5e6b4b0d3255bfef95601890afd80709
   /test_dir_0011/nonempty_dir2/f2.txt|F|32782|167|d09f4e47c22373e56c2369633ac3dcb71d598601
   /test_dir_0011/nonempty_dir2/d2/d3|D|32784
end dump-result


#####################################
# Test 12
#####################################
mkdir /test_dir_0012 0o777
Tau
RV_none

chdir /test_dir_0012
Tau
RV_none

mkdir empty_dir1 0o777
Tau
RV_none

mkdir empty_dir2 0o777
Tau
RV_none

mkdir nonempty_dir1 0o777
Tau
RV_none

open_close nonempty_dir1/f1.txt [O_WRONLY;O_CREAT] 0o666
Tau
RV_none

mkdir nonempty_dir1/d2 0o777
Tau
RV_none

open nonempty_dir1/d2/f3.txt [O_WRONLY;O_CREAT] 0o666
Tau
RV_num(3)

write! (FD 3) "Lorem ipsum dolor sit amet, consectetur adipisicing elit, sed do eiusmod tempor inc" 83
Tau
RV_num(83)

close (FD 3)
Tau
RV_none

mkdir nonempty_dir1/d2/d3 0o777
Tau
RV_none

mkdir nonempty_dir2 0o777
Tau
RV_none

open_close nonempty_dir2/f1.txt [O_WRONLY;O_CREAT] 0o666
Tau
RV_none

open nonempty_dir2/f2.txt [O_WRONLY;O_CREAT] 0o666
Tau
RV_num(3)

write! (FD 3) "Lorem ipsum dolor sit amet, consectetur adipisicing elit, sed do eiusmod tempor incididunt ut labore et dolore magna aliqua. Ut enim ad minim veniam, quis nostrud exer" 167
Tau
RV_num(167)

close (FD 3)
Tau
RV_none

mkdir nonempty_dir2/d2 0o777
Tau
RV_none

mkdir nonempty_dir2/d2/d3 0o777
Tau
RV_none

unlink nonempty_dir1/d2/d3/
Tau
EISDIR

dump-result /test_dir_0012
   /test_dir_0012|D|32785
   /test_dir_0012/empty_dir1|D|32786
   /test_dir_0012/empty_dir2|D|32787
   /test_dir_0012/nonempty_dir1|D|32788
   /test_dir_0012/nonempty_dir2|D|32793
   /test_dir_0012/nonempty_dir1/d2|D|32790
   /test_dir_0012/nonempty_dir1/f1.txt|F|32789|0|da39a3ee5e6b4b0d3255bfef95601890afd80709
   /test_dir_0012/nonempty_dir1/d2/d3|D|32792
   /test_dir_0012/nonempty_dir1/d2/f3.txt|F|32791|83|4b535f836f6006423fc132a59e78dfcc4fe6292f
   /test_dir_0012/nonempty_dir2/d2|D|32796
   /test_dir_0012/nonempty_dir2/f1.txt|F|32794|0|da39a3ee5e6b4b0d3255bfef95601890afd80709
   /test_dir_0012/nonempty_dir2/f2.txt|F|32795|167|d09f4e47c22373e56c2369633ac3dcb71d598601
   /test_dir_0012/nonempty_dir2/d2/d3|D|32797
end dump-result


#####################################
# Test 13
#####################################
mkdir /test_dir_0013 0o777
Tau
RV_none

chdir /test_dir_0013
Tau
RV_none

mkdir empty_dir1 0o777
Tau
RV_none

mkdir empty_dir2 0o777
Tau
RV_none

mkdir nonempty_dir1 0o777
Tau
RV_none

open_close nonempty_dir1/f1.txt [O_WRONLY;O_CREAT] 0o666
Tau
RV_none

mkdir nonempty_dir1/d2 0o777
Tau
RV_none

open nonempty_dir1/d2/f3.txt [O_WRONLY;O_CREAT] 0o666
Tau
RV_num(3)

write! (FD 3) "Lorem ipsum dolor sit amet, consectetur adipisicing elit, sed do eiusmod tempor inc" 83
Tau
RV_num(83)

close (FD 3)
Tau
RV_none

mkdir nonempty_dir1/d2/d3 0o777
Tau
RV_none

mkdir nonempty_dir2 0o777
Tau
RV_none

open_close nonempty_dir2/f1.txt [O_WRONLY;O_CREAT] 0o666
Tau
RV_none

open nonempty_dir2/f2.txt [O_WRONLY;O_CREAT] 0o666
Tau
RV_num(3)

write! (FD 3) "Lorem ipsum dolor sit amet, consectetur adipisicing elit, sed do eiusmod tempor incididunt ut labore et dolore magna aliqua. Ut enim ad minim veniam, quis nostrud exer" 167
Tau
RV_num(167)

close (FD 3)
Tau
RV_none

mkdir nonempty_dir2/d2 0o777
Tau
RV_none

mkdir nonempty_dir2/d2/d3 0o777
Tau
RV_none

unlink nonempty_dir1/d2/f3.txt
Tau
RV_none

dump-result /test_dir_0013
   /test_dir_0013|D|32798
   /test_dir_0013/empty_dir1|D|32799
   /test_dir_0013/empty_dir2|D|32800
   /test_dir_0013/nonempty_dir1|D|32801
   /test_dir_0013/nonempty_dir2|D|32806
   /test_dir_0013/nonempty_dir1/d2|D|32803
   /test_dir_0013/nonempty_dir1/f1.txt|F|32802|0|da39a3ee5e6b4b0d3255bfef95601890afd80709
   /test_dir_0013/nonempty_dir1/d2/d3|D|32805
   /test_dir_0013/nonempty_dir2/d2|D|32809
   /test_dir_0013/nonempty_dir2/f1.txt|F|32807|0|da39a3ee5e6b4b0d3255bfef95601890afd80709
   /test_dir_0013/nonempty_dir2/f2.txt|F|32808|167|d09f4e47c22373e56c2369633ac3dcb71d598601
   /test_dir_0013/nonempty_dir2/d2/d3|D|32810
end dump-result


#####################################
# Test 14
#####################################
mkdir /test_dir_0014 0o777
Tau
RV_none

chdir /test_dir_0014
Tau
RV_none

mkdir empty_dir1 0o777
Tau
RV_none

mkdir empty_dir2 0o777
Tau
RV_none

mkdir nonempty_dir1 0o777
Tau
RV_none

open_close nonempty_dir1/f1.txt [O_WRONLY;O_CREAT] 0o666
Tau
RV_none

mkdir nonempty_dir1/d2 0o777
Tau
RV_none

open nonempty_dir1/d2/f3.txt [O_WRONLY;O_CREAT] 0o666
Tau
RV_num(3)

write! (FD 3) "Lorem ipsum dolor sit amet, consectetur adipisicing elit, sed do eiusmod tempor inc" 83
Tau
RV_num(83)

close (FD 3)
Tau
RV_none

mkdir nonempty_dir1/d2/d3 0o777
Tau
RV_none

mkdir nonempty_dir2 0o777
Tau
RV_none

open_close nonempty_dir2/f1.txt [O_WRONLY;O_CREAT] 0o666
Tau
RV_none

open nonempty_dir2/f2.txt [O_WRONLY;O_CREAT] 0o666
Tau
RV_num(3)

write! (FD 3) "Lorem ipsum dolor sit amet, consectetur adipisicing elit, sed do eiusmod tempor incididunt ut labore et dolore magna aliqua. Ut enim ad minim veniam, quis nostrud exer" 167
Tau
RV_num(167)

close (FD 3)
Tau
RV_none

mkdir nonempty_dir2/d2 0o777
Tau
RV_none

mkdir nonempty_dir2/d2/d3 0o777
Tau
RV_none

unlink nonempty_dir1/d2/f3.txt/
Tau
ENOTDIR

dump-result /test_dir_0014
   /test_dir_0014|D|32804
   /test_dir_0014/empty_dir1|D|32811
   /test_dir_0014/empty_dir2|D|32812
   /test_dir_0014/nonempty_dir1|D|32813
   /test_dir_0014/nonempty_dir2|D|32818
   /test_dir_0014/nonempty_dir1/d2|D|32815
   /test_dir_0014/nonempty_dir1/f1.txt|F|32814|0|da39a3ee5e6b4b0d3255bfef95601890afd80709
   /test_dir_0014/nonempty_dir1/d2/d3|D|32817
   /test_dir_0014/nonempty_dir1/d2/f3.txt|F|32816|83|4b535f836f6006423fc132a59e78dfcc4fe6292f
   /test_dir_0014/nonempty_dir2/d2|D|32821
   /test_dir_0014/nonempty_dir2/f1.txt|F|32819|0|da39a3ee5e6b4b0d3255bfef95601890afd80709
   /test_dir_0014/nonempty_dir2/f2.txt|F|32820|167|d09f4e47c22373e56c2369633ac3dcb71d598601
   /test_dir_0014/nonempty_dir2/d2/d3|D|32822
end dump-result


#####################################
# Test 15
#####################################
mkdir /test_dir_0015 0o777
Tau
RV_none

chdir /test_dir_0015
Tau
RV_none

mkdir empty_dir1 0o777
Tau
RV_none

mkdir empty_dir2 0o777
Tau
RV_none

mkdir nonempty_dir1 0o777
Tau
RV_none

open_close nonempty_dir1/f1.txt [O_WRONLY;O_CREAT] 0o666
Tau
RV_none

mkdir nonempty_dir1/d2 0o777
Tau
RV_none

open nonempty_dir1/d2/f3.txt [O_WRONLY;O_CREAT] 0o666
Tau
RV_num(3)

write! (FD 3) "Lorem ipsum dolor sit amet, consectetur adipisicing elit, sed do eiusmod tempor inc" 83
Tau
RV_num(83)

close (FD 3)
Tau
RV_none

mkdir nonempty_dir1/d2/d3 0o777
Tau
RV_none

mkdir nonempty_dir2 0o777
Tau
RV_none

open_close nonempty_dir2/f1.txt [O_WRONLY;O_CREAT] 0o666
Tau
RV_none

open nonempty_dir2/f2.txt [O_WRONLY;O_CREAT] 0o666
Tau
RV_num(3)

write! (FD 3) "Lorem ipsum dolor sit amet, consectetur adipisicing elit, sed do eiusmod tempor incididunt ut labore et dolore magna aliqua. Ut enim ad minim veniam, quis nostrud exer" 167
Tau
RV_num(167)

close (FD 3)
Tau
RV_none

mkdir nonempty_dir2/d2 0o777
Tau
RV_none

mkdir nonempty_dir2/d2/d3 0o777
Tau
RV_none

unlink nonempty_dir1/f1.txt
Tau
RV_none

dump-result /test_dir_0015
   /test_dir_0015|D|32823
   /test_dir_0015/empty_dir1|D|32824
   /test_dir_0015/empty_dir2|D|32825
   /test_dir_0015/nonempty_dir1|D|32826
   /test_dir_0015/nonempty_dir2|D|32831
   /test_dir_0015/nonempty_dir1/d2|D|32828
   /test_dir_0015/nonempty_dir1/d2/d3|D|32830
   /test_dir_0015/nonempty_dir1/d2/f3.txt|F|32829|83|4b535f836f6006423fc132a59e78dfcc4fe6292f
   /test_dir_0015/nonempty_dir2/d2|D|32834
   /test_dir_0015/nonempty_dir2/f1.txt|F|32832|0|da39a3ee5e6b4b0d3255bfef95601890afd80709
   /test_dir_0015/nonempty_dir2/f2.txt|F|32833|167|d09f4e47c22373e56c2369633ac3dcb71d598601
   /test_dir_0015/nonempty_dir2/d2/d3|D|32835
end dump-result


#####################################
# Test 16
#####################################
mkdir /test_dir_0016 0o777
Tau
RV_none

chdir /test_dir_0016
Tau
RV_none

mkdir empty_dir1 0o777
Tau
RV_none

mkdir empty_dir2 0o777
Tau
RV_none

mkdir nonempty_dir1 0o777
Tau
RV_none

open_close nonempty_dir1/f1.txt [O_WRONLY;O_CREAT] 0o666
Tau
RV_none

mkdir nonempty_dir1/d2 0o777
Tau
RV_none

open nonempty_dir1/d2/f3.txt [O_WRONLY;O_CREAT] 0o666
Tau
RV_num(3)

write! (FD 3) "Lorem ipsum dolor sit amet, consectetur adipisicing elit, sed do eiusmod tempor inc" 83
Tau
RV_num(83)

close (FD 3)
Tau
RV_none

mkdir nonempty_dir1/d2/d3 0o777
Tau
RV_none

mkdir nonempty_dir2 0o777
Tau
RV_none

open_close nonempty_dir2/f1.txt [O_WRONLY;O_CREAT] 0o666
Tau
RV_none

open nonempty_dir2/f2.txt [O_WRONLY;O_CREAT] 0o666
Tau
RV_num(3)

write! (FD 3) "Lorem ipsum dolor sit amet, consectetur adipisicing elit, sed do eiusmod tempor incididunt ut labore et dolore magna aliqua. Ut enim ad minim veniam, quis nostrud exer" 167
Tau
RV_num(167)

close (FD 3)
Tau
RV_none

mkdir nonempty_dir2/d2 0o777
Tau
RV_none

mkdir nonempty_dir2/d2/d3 0o777
Tau
RV_none

unlink nonempty_dir1/f1.txt/
Tau
ENOTDIR

dump-result /test_dir_0016
   /test_dir_0016|D|32827
   /test_dir_0016/empty_dir1|D|32836
   /test_dir_0016/empty_dir2|D|32837
   /test_dir_0016/nonempty_dir1|D|32838
   /test_dir_0016/nonempty_dir2|D|32843
   /test_dir_0016/nonempty_dir1/d2|D|32840
   /test_dir_0016/nonempty_dir1/f1.txt|F|32839|0|da39a3ee5e6b4b0d3255bfef95601890afd80709
   /test_dir_0016/nonempty_dir1/d2/d3|D|32842
   /test_dir_0016/nonempty_dir1/d2/f3.txt|F|32841|83|4b535f836f6006423fc132a59e78dfcc4fe6292f
   /test_dir_0016/nonempty_dir2/d2|D|32846
   /test_dir_0016/nonempty_dir2/f1.txt|F|32844|0|da39a3ee5e6b4b0d3255bfef95601890afd80709
   /test_dir_0016/nonempty_dir2/f2.txt|F|32845|167|d09f4e47c22373e56c2369633ac3dcb71d598601
   /test_dir_0016/nonempty_dir2/d2/d3|D|32847
end dump-result


#####################################
# Test 17
#####################################
mkdir /test_dir_0017 0o777
Tau
RV_none

chdir /test_dir_0017
Tau
RV_none

mkdir empty_dir1 0o777
Tau
RV_none

mkdir empty_dir2 0o777
Tau
RV_none

mkdir nonempty_dir1 0o777
Tau
RV_none

open_close nonempty_dir1/f1.txt [O_WRONLY;O_CREAT] 0o666
Tau
RV_none

mkdir nonempty_dir1/d2 0o777
Tau
RV_none

open nonempty_dir1/d2/f3.txt [O_WRONLY;O_CREAT] 0o666
Tau
RV_num(3)

write! (FD 3) "Lorem ipsum dolor sit amet, consectetur adipisicing elit, sed do eiusmod tempor inc" 83
Tau
RV_num(83)

close (FD 3)
Tau
RV_none

mkdir nonempty_dir1/d2/d3 0o777
Tau
RV_none

mkdir nonempty_dir2 0o777
Tau
RV_none

open_close nonempty_dir2/f1.txt [O_WRONLY;O_CREAT] 0o666
Tau
RV_none

open nonempty_dir2/f2.txt [O_WRONLY;O_CREAT] 0o666
Tau
RV_num(3)

write! (FD 3) "Lorem ipsum dolor sit amet, consectetur adipisicing elit, sed do eiusmod tempor incididunt ut labore et dolore magna aliqua. Ut enim ad minim veniam, quis nostrud exer" 167
Tau
RV_num(167)

close (FD 3)
Tau
RV_none

mkdir nonempty_dir2/d2 0o777
Tau
RV_none

mkdir nonempty_dir2/d2/d3 0o777
Tau
RV_none

unlink nonempty_dir1/f1.txt/nonexist_5
Tau
ENOTDIR

dump-result /test_dir_0017
   /test_dir_0017|D|32848
   /test_dir_0017/empty_dir1|D|32849
   /test_dir_0017/empty_dir2|D|32850
   /test_dir_0017/nonempty_dir1|D|32851
   /test_dir_0017/nonempty_dir2|D|32856
   /test_dir_0017/nonempty_dir1/d2|D|32853
   /test_dir_0017/nonempty_dir1/f1.txt|F|32852|0|da39a3ee5e6b4b0d3255bfef95601890afd80709
   /test_dir_0017/nonempty_dir1/d2/d3|D|32855
   /test_dir_0017/nonempty_dir1/d2/f3.txt|F|32854|83|4b535f836f6006423fc132a59e78dfcc4fe6292f
   /test_dir_0017/nonempty_dir2/d2|D|32859
   /test_dir_0017/nonempty_dir2/f1.txt|F|32857|0|da39a3ee5e6b4b0d3255bfef95601890afd80709
   /test_dir_0017/nonempty_dir2/f2.txt|F|32858|167|d09f4e47c22373e56c2369633ac3dcb71d598601
   /test_dir_0017/nonempty_dir2/d2/d3|D|32860
end dump-result


#####################################
# Test 18
#####################################
mkdir /test_dir_0018 0o777
Tau
RV_none

chdir /test_dir_0018
Tau
RV_none

mkdir empty_dir1 0o777
Tau
RV_none

mkdir empty_dir2 0o777
Tau
RV_none

mkdir nonempty_dir1 0o777
Tau
RV_none

open_close nonempty_dir1/f1.txt [O_WRONLY;O_CREAT] 0o666
Tau
RV_none

mkdir nonempty_dir1/d2 0o777
Tau
RV_none

open nonempty_dir1/d2/f3.txt [O_WRONLY;O_CREAT] 0o666
Tau
RV_num(3)

write! (FD 3) "Lorem ipsum dolor sit amet, consectetur adipisicing elit, sed do eiusmod tempor inc" 83
Tau
RV_num(83)

close (FD 3)
Tau
RV_none

mkdir nonempty_dir1/d2/d3 0o777
Tau
RV_none

mkdir nonempty_dir2 0o777
Tau
RV_none

open_close nonempty_dir2/f1.txt [O_WRONLY;O_CREAT] 0o666
Tau
RV_none

open nonempty_dir2/f2.txt [O_WRONLY;O_CREAT] 0o666
Tau
RV_num(3)

write! (FD 3) "Lorem ipsum dolor sit amet, consectetur adipisicing elit, sed do eiusmod tempor incididunt ut labore et dolore magna aliqua. Ut enim ad minim veniam, quis nostrud exer" 167
Tau
RV_num(167)

close (FD 3)
Tau
RV_none

mkdir nonempty_dir2/d2 0o777
Tau
RV_none

mkdir nonempty_dir2/d2/d3 0o777
Tau
RV_none

unlink nonempty_dir1/f1.txt/nonexist_5/
Tau
ENOTDIR

dump-result /test_dir_0018
   /test_dir_0018|D|32861
   /test_dir_0018/empty_dir1|D|32862
   /test_dir_0018/empty_dir2|D|32863
   /test_dir_0018/nonempty_dir1|D|32864
   /test_dir_0018/nonempty_dir2|D|32869
   /test_dir_0018/nonempty_dir1/d2|D|32866
   /test_dir_0018/nonempty_dir1/f1.txt|F|32865|0|da39a3ee5e6b4b0d3255bfef95601890afd80709
   /test_dir_0018/nonempty_dir1/d2/d3|D|32868
   /test_dir_0018/nonempty_dir1/d2/f3.txt|F|32867|83|4b535f836f6006423fc132a59e78dfcc4fe6292f
   /test_dir_0018/nonempty_dir2/d2|D|32872
   /test_dir_0018/nonempty_dir2/f1.txt|F|32870|0|da39a3ee5e6b4b0d3255bfef95601890afd80709
   /test_dir_0018/nonempty_dir2/f2.txt|F|32871|167|d09f4e47c22373e56c2369633ac3dcb71d598601
   /test_dir_0018/nonempty_dir2/d2/d3|D|32873
end dump-result


#####################################
# Test 19
#####################################
mkdir /test_dir_0019 0o777
Tau
RV_none

chdir /test_dir_0019
Tau
RV_none

mkdir empty_dir1 0o777
Tau
RV_none

mkdir empty_dir2 0o777
Tau
RV_none

mkdir nonempty_dir1 0o777
Tau
RV_none

open_close nonempty_dir1/f1.txt [O_WRONLY;O_CREAT] 0o666
Tau
RV_none

mkdir nonempty_dir1/d2 0o777
Tau
RV_none

open nonempty_dir1/d2/f3.txt [O_WRONLY;O_CREAT] 0o666
Tau
RV_num(3)

write! (FD 3) "Lorem ipsum dolor sit amet, consectetur adipisicing elit, sed do eiusmod tempor inc" 83
Tau
RV_num(83)

close (FD 3)
Tau
RV_none

mkdir nonempty_dir1/d2/d3 0o777
Tau
RV_none

mkdir nonempty_dir2 0o777
Tau
RV_none

open_close nonempty_dir2/f1.txt [O_WRONLY;O_CREAT] 0o666
Tau
RV_none

open nonempty_dir2/f2.txt [O_WRONLY;O_CREAT] 0o666
Tau
RV_num(3)

write! (FD 3) "Lorem ipsum dolor sit amet, consectetur adipisicing elit, sed do eiusmod tempor incididunt ut labore et dolore magna aliqua. Ut enim ad minim veniam, quis nostrud exer" 167
Tau
RV_num(167)

close (FD 3)
Tau
RV_none

mkdir nonempty_dir2/d2 0o777
Tau
RV_none

mkdir nonempty_dir2/d2/d3 0o777
Tau
RV_none

unlink nonempty_dir1/nonexist_4
Tau
ENOENT

dump-result /test_dir_0019
   /test_dir_0019|D|32874
   /test_dir_0019/empty_dir1|D|32875
   /test_dir_0019/empty_dir2|D|32876
   /test_dir_0019/nonempty_dir1|D|32877
   /test_dir_0019/nonempty_dir2|D|32882
   /test_dir_0019/nonempty_dir1/d2|D|32879
   /test_dir_0019/nonempty_dir1/f1.txt|F|32878|0|da39a3ee5e6b4b0d3255bfef95601890afd80709
   /test_dir_0019/nonempty_dir1/d2/d3|D|32881
   /test_dir_0019/nonempty_dir1/d2/f3.txt|F|32880|83|4b535f836f6006423fc132a59e78dfcc4fe6292f
   /test_dir_0019/nonempty_dir2/d2|D|32885
   /test_dir_0019/nonempty_dir2/f1.txt|F|32883|0|da39a3ee5e6b4b0d3255bfef95601890afd80709
   /test_dir_0019/nonempty_dir2/f2.txt|F|32884|167|d09f4e47c22373e56c2369633ac3dcb71d598601
   /test_dir_0019/nonempty_dir2/d2/d3|D|32886
end dump-result


#####################################
# Test 20
#####################################
mkdir /test_dir_0020 0o777
Tau
RV_none

chdir /test_dir_0020
Tau
RV_none

mkdir empty_dir1 0o777
Tau
RV_none

mkdir empty_dir2 0o777
Tau
RV_none

mkdir nonempty_dir1 0o777
Tau
RV_none

open_close nonempty_dir1/f1.txt [O_WRONLY;O_CREAT] 0o666
Tau
RV_none

mkdir nonempty_dir1/d2 0o777
Tau
RV_none

open nonempty_dir1/d2/f3.txt [O_WRONLY;O_CREAT] 0o666
Tau
RV_num(3)

write! (FD 3) "Lorem ipsum dolor sit amet, consectetur adipisicing elit, sed do eiusmod tempor inc" 83
Tau
RV_num(83)

close (FD 3)
Tau
RV_none

mkdir nonempty_dir1/d2/d3 0o777
Tau
RV_none

mkdir nonempty_dir2 0o777
Tau
RV_none

open_close nonempty_dir2/f1.txt [O_WRONLY;O_CREAT] 0o666
Tau
RV_none

open nonempty_dir2/f2.txt [O_WRONLY;O_CREAT] 0o666
Tau
RV_num(3)

write! (FD 3) "Lorem ipsum dolor sit amet, consectetur adipisicing elit, sed do eiusmod tempor incididunt ut labore et dolore magna aliqua. Ut enim ad minim veniam, quis nostrud exer" 167
Tau
RV_num(167)

close (FD 3)
Tau
RV_none

mkdir nonempty_dir2/d2 0o777
Tau
RV_none

mkdir nonempty_dir2/d2/d3 0o777
Tau
RV_none

unlink nonempty_dir1/nonexist_4/
Tau
ENOENT

dump-result /test_dir_0020
   /test_dir_0020|D|32887
   /test_dir_0020/empty_dir1|D|32888
   /test_dir_0020/empty_dir2|D|32889
   /test_dir_0020/nonempty_dir1|D|32890
   /test_dir_0020/nonempty_dir2|D|32895
   /test_dir_0020/nonempty_dir1/d2|D|32892
   /test_dir_0020/nonempty_dir1/f1.txt|F|32891|0|da39a3ee5e6b4b0d3255bfef95601890afd80709
   /test_dir_0020/nonempty_dir1/d2/d3|D|32894
   /test_dir_0020/nonempty_dir1/d2/f3.txt|F|32893|83|4b535f836f6006423fc132a59e78dfcc4fe6292f
   /test_dir_0020/nonempty_dir2/d2|D|32898
   /test_dir_0020/nonempty_dir2/f1.txt|F|32896|0|da39a3ee5e6b4b0d3255bfef95601890afd80709
   /test_dir_0020/nonempty_dir2/f2.txt|F|32897|167|d09f4e47c22373e56c2369633ac3dcb71d598601
   /test_dir_0020/nonempty_dir2/d2/d3|D|32899
end dump-result


#####################################
# Test 21
#####################################
mkdir /test_dir_0021 0o777
Tau
RV_none

chdir /test_dir_0021
Tau
RV_none

mkdir empty_dir1 0o777
Tau
RV_none

mkdir empty_dir2 0o777
Tau
RV_none

mkdir nonempty_dir1 0o777
Tau
RV_none

open_close nonempty_dir1/f1.txt [O_WRONLY;O_CREAT] 0o666
Tau
RV_none

mkdir nonempty_dir1/d2 0o777
Tau
RV_none

open nonempty_dir1/d2/f3.txt [O_WRONLY;O_CREAT] 0o666
Tau
RV_num(3)

write! (FD 3) "Lorem ipsum dolor sit amet, consectetur adipisicing elit, sed do eiusmod tempor inc" 83
Tau
RV_num(83)

close (FD 3)
Tau
RV_none

mkdir nonempty_dir1/d2/d3 0o777
Tau
RV_none

mkdir nonempty_dir2 0o777
Tau
RV_none

open_close nonempty_dir2/f1.txt [O_WRONLY;O_CREAT] 0o666
Tau
RV_none

open nonempty_dir2/f2.txt [O_WRONLY;O_CREAT] 0o666
Tau
RV_num(3)

write! (FD 3) "Lorem ipsum dolor sit amet, consectetur adipisicing elit, sed do eiusmod tempor incididunt ut labore et dolore magna aliqua. Ut enim ad minim veniam, quis nostrud exer" 167
Tau
RV_num(167)

close (FD 3)
Tau
RV_none

mkdir nonempty_dir2/d2 0o777
Tau
RV_none

mkdir nonempty_dir2/d2/d3 0o777
Tau
RV_none

unlink nonempty_dir2
Tau
EISDIR

dump-result /test_dir_0021
   /test_dir_0021|D|32900
   /test_dir_0021/empty_dir1|D|32901
   /test_dir_0021/empty_dir2|D|32902
   /test_dir_0021/nonempty_dir1|D|32903
   /test_dir_0021/nonempty_dir2|D|32908
   /test_dir_0021/nonempty_dir1/d2|D|32905
   /test_dir_0021/nonempty_dir1/f1.txt|F|32904|0|da39a3ee5e6b4b0d3255bfef95601890afd80709
   /test_dir_0021/nonempty_dir1/d2/d3|D|32907
   /test_dir_0021/nonempty_dir1/d2/f3.txt|F|32906|83|4b535f836f6006423fc132a59e78dfcc4fe6292f
   /test_dir_0021/nonempty_dir2/d2|D|32911
   /test_dir_0021/nonempty_dir2/f1.txt|F|32909|0|da39a3ee5e6b4b0d3255bfef95601890afd80709
   /test_dir_0021/nonempty_dir2/f2.txt|F|32910|167|d09f4e47c22373e56c2369633ac3dcb71d598601
   /test_dir_0021/nonempty_dir2/d2/d3|D|32912
end dump-result


#####################################
# Test 22
#####################################
mkdir /test_dir_0022 0o777
Tau
RV_none

chdir /test_dir_0022
Tau
RV_none

mkdir empty_dir1 0o777
Tau
RV_none

mkdir empty_dir2 0o777
Tau
RV_none

mkdir nonempty_dir1 0o777
Tau
RV_none

open_close nonempty_dir1/f1.txt [O_WRONLY;O_CREAT] 0o666
Tau
RV_none

mkdir nonempty_dir1/d2 0o777
Tau
RV_none

open nonempty_dir1/d2/f3.txt [O_WRONLY;O_CREAT] 0o666
Tau
RV_num(3)

write! (FD 3) "Lorem ipsum dolor sit amet, consectetur adipisicing elit, sed do eiusmod tempor inc" 83
Tau
RV_num(83)

close (FD 3)
Tau
RV_none

mkdir nonempty_dir1/d2/d3 0o777
Tau
RV_none

mkdir nonempty_dir2 0o777
Tau
RV_none

open_close nonempty_dir2/f1.txt [O_WRONLY;O_CREAT] 0o666
Tau
RV_none

open nonempty_dir2/f2.txt [O_WRONLY;O_CREAT] 0o666
Tau
RV_num(3)

write! (FD 3) "Lorem ipsum dolor sit amet, consectetur adipisicing elit, sed do eiusmod tempor incididunt ut labore et dolore magna aliqua. Ut enim ad minim veniam, quis nostrud exer" 167
Tau
RV_num(167)

close (FD 3)
Tau
RV_none

mkdir nonempty_dir2/d2 0o777
Tau
RV_none

mkdir nonempty_dir2/d2/d3 0o777
Tau
RV_none

unlink nonempty_dir2/
Tau
EISDIR

dump-result /test_dir_0022
   /test_dir_0022|D|32913
   /test_dir_0022/empty_dir1|D|32914
   /test_dir_0022/empty_dir2|D|32915
   /test_dir_0022/nonempty_dir1|D|32916
   /test_dir_0022/nonempty_dir2|D|32921
   /test_dir_0022/nonempty_dir1/d2|D|32918
   /test_dir_0022/nonempty_dir1/f1.txt|F|32917|0|da39a3ee5e6b4b0d3255bfef95601890afd80709
   /test_dir_0022/nonempty_dir1/d2/d3|D|32920
   /test_dir_0022/nonempty_dir1/d2/f3.txt|F|32919|83|4b535f836f6006423fc132a59e78dfcc4fe6292f
   /test_dir_0022/nonempty_dir2/d2|D|32924
   /test_dir_0022/nonempty_dir2/f1.txt|F|32922|0|da39a3ee5e6b4b0d3255bfef95601890afd80709
   /test_dir_0022/nonempty_dir2/f2.txt|F|32923|167|d09f4e47c22373e56c2369633ac3dcb71d598601
   /test_dir_0022/nonempty_dir2/d2/d3|D|32925
end dump-result


#####################################
# Test 23
#####################################
mkdir /test_dir_0023 0o777
Tau
RV_none

chdir /test_dir_0023
Tau
RV_none

mkdir empty_dir1 0o777
Tau
RV_none

mkdir empty_dir2 0o777
Tau
RV_none

mkdir nonempty_dir1 0o777
Tau
RV_none

open_close nonempty_dir1/f1.txt [O_WRONLY;O_CREAT] 0o666
Tau
RV_none

mkdir nonempty_dir1/d2 0o777
Tau
RV_none

open nonempty_dir1/d2/f3.txt [O_WRONLY;O_CREAT] 0o666
Tau
RV_num(3)

write! (FD 3) "Lorem ipsum dolor sit amet, consectetur adipisicing elit, sed do eiusmod tempor inc" 83
Tau
RV_num(83)

close (FD 3)
Tau
RV_none

mkdir nonempty_dir1/d2/d3 0o777
Tau
RV_none

mkdir nonempty_dir2 0o777
Tau
RV_none

open_close nonempty_dir2/f1.txt [O_WRONLY;O_CREAT] 0o666
Tau
RV_none

open nonempty_dir2/f2.txt [O_WRONLY;O_CREAT] 0o666
Tau
RV_num(3)

write! (FD 3) "Lorem ipsum dolor sit amet, consectetur adipisicing elit, sed do eiusmod tempor incididunt ut labore et dolore magna aliqua. Ut enim ad minim veniam, quis nostrud exer" 167
Tau
RV_num(167)

close (FD 3)
Tau
RV_none

mkdir nonempty_dir2/d2 0o777
Tau
RV_none

mkdir nonempty_dir2/d2/d3 0o777
Tau
RV_none

unlink nonempty_dir2/d2
Tau
EISDIR

dump-result /test_dir_0023
   /test_dir_0023|D|32926
   /test_dir_0023/empty_dir1|D|32927
   /test_dir_0023/empty_dir2|D|32928
   /test_dir_0023/nonempty_dir1|D|32929
   /test_dir_0023/nonempty_dir2|D|32934
   /test_dir_0023/nonempty_dir1/d2|D|32931
   /test_dir_0023/nonempty_dir1/f1.txt|F|32930|0|da39a3ee5e6b4b0d3255bfef95601890afd80709
   /test_dir_0023/nonempty_dir1/d2/d3|D|32933
   /test_dir_0023/nonempty_dir1/d2/f3.txt|F|32932|83|4b535f836f6006423fc132a59e78dfcc4fe6292f
   /test_dir_0023/nonempty_dir2/d2|D|32937
   /test_dir_0023/nonempty_dir2/f1.txt|F|32935|0|da39a3ee5e6b4b0d3255bfef95601890afd80709
   /test_dir_0023/nonempty_dir2/f2.txt|F|32936|167|d09f4e47c22373e56c2369633ac3dcb71d598601
   /test_dir_0023/nonempty_dir2/d2/d3|D|32938
end dump-result


#####################################
# Test 24
#####################################
mkdir /test_dir_0024 0o777
Tau
RV_none

chdir /test_dir_0024
Tau
RV_none

mkdir empty_dir1 0o777
Tau
RV_none

mkdir empty_dir2 0o777
Tau
RV_none

mkdir nonempty_dir1 0o777
Tau
RV_none

open_close nonempty_dir1/f1.txt [O_WRONLY;O_CREAT] 0o666
Tau
RV_none

mkdir nonempty_dir1/d2 0o777
Tau
RV_none

open nonempty_dir1/d2/f3.txt [O_WRONLY;O_CREAT] 0o666
Tau
RV_num(3)

write! (FD 3) "Lorem ipsum dolor sit amet, consectetur adipisicing elit, sed do eiusmod tempor inc" 83
Tau
RV_num(83)

close (FD 3)
Tau
RV_none

mkdir nonempty_dir1/d2/d3 0o777
Tau
RV_none

mkdir nonempty_dir2 0o777
Tau
RV_none

open_close nonempty_dir2/f1.txt [O_WRONLY;O_CREAT] 0o666
Tau
RV_none

open nonempty_dir2/f2.txt [O_WRONLY;O_CREAT] 0o666
Tau
RV_num(3)

write! (FD 3) "Lorem ipsum dolor sit amet, consectetur adipisicing elit, sed do eiusmod tempor incididunt ut labore et dolore magna aliqua. Ut enim ad minim veniam, quis nostrud exer" 167
Tau
RV_num(167)

close (FD 3)
Tau
RV_none

mkdir nonempty_dir2/d2 0o777
Tau
RV_none

mkdir nonempty_dir2/d2/d3 0o777
Tau
RV_none

unlink nonempty_dir2/d2/
Tau
EISDIR

dump-result /test_dir_0024
   /test_dir_0024|D|32939
   /test_dir_0024/empty_dir1|D|32940
   /test_dir_0024/empty_dir2|D|32941
   /test_dir_0024/nonempty_dir1|D|32942
   /test_dir_0024/nonempty_dir2|D|32948
   /test_dir_0024/nonempty_dir1/d2|D|32945
   /test_dir_0024/nonempty_dir1/f1.txt|F|32943|0|da39a3ee5e6b4b0d3255bfef95601890afd80709
   /test_dir_0024/nonempty_dir1/d2/d3|D|32947
   /test_dir_0024/nonempty_dir1/d2/f3.txt|F|32946|83|4b535f836f6006423fc132a59e78dfcc4fe6292f
   /test_dir_0024/nonempty_dir2/d2|D|32951
   /test_dir_0024/nonempty_dir2/f1.txt|F|32949|0|da39a3ee5e6b4b0d3255bfef95601890afd80709
   /test_dir_0024/nonempty_dir2/f2.txt|F|32950|167|d09f4e47c22373e56c2369633ac3dcb71d598601
   /test_dir_0024/nonempty_dir2/d2/d3|D|32952
end dump-result


#####################################
# Test 25
#####################################
mkdir /test_dir_0025 0o777
Tau
RV_none

chdir /test_dir_0025
Tau
RV_none

mkdir empty_dir1 0o777
Tau
RV_none

mkdir empty_dir2 0o777
Tau
RV_none

mkdir nonempty_dir1 0o777
Tau
RV_none

open_close nonempty_dir1/f1.txt [O_WRONLY;O_CREAT] 0o666
Tau
RV_none

mkdir nonempty_dir1/d2 0o777
Tau
RV_none

open nonempty_dir1/d2/f3.txt [O_WRONLY;O_CREAT] 0o666
Tau
RV_num(3)

write! (FD 3) "Lorem ipsum dolor sit amet, consectetur adipisicing elit, sed do eiusmod tempor inc" 83
Tau
RV_num(83)

close (FD 3)
Tau
RV_none

mkdir nonempty_dir1/d2/d3 0o777
Tau
RV_none

mkdir nonempty_dir2 0o777
Tau
RV_none

open_close nonempty_dir2/f1.txt [O_WRONLY;O_CREAT] 0o666
Tau
RV_none

open nonempty_dir2/f2.txt [O_WRONLY;O_CREAT] 0o666
Tau
RV_num(3)

write! (FD 3) "Lorem ipsum dolor sit amet, consectetur adipisicing elit, sed do eiusmod tempor incididunt ut labore et dolore magna aliqua. Ut enim ad minim veniam, quis nostrud exer" 167
Tau
RV_num(167)

close (FD 3)
Tau
RV_none

mkdir nonempty_dir2/d2 0o777
Tau
RV_none

mkdir nonempty_dir2/d2/d3 0o777
Tau
RV_none

unlink nonempty_dir2/d2/d3
Tau
EISDIR

dump-result /test_dir_0025
   /test_dir_0025|D|32953
   /test_dir_0025/empty_dir1|D|32954
   /test_dir_0025/empty_dir2|D|32955
   /test_dir_0025/nonempty_dir1|D|32956
   /test_dir_0025/nonempty_dir2|D|32961
   /test_dir_0025/nonempty_dir1/d2|D|32958
   /test_dir_0025/nonempty_dir1/f1.txt|F|32957|0|da39a3ee5e6b4b0d3255bfef95601890afd80709
   /test_dir_0025/nonempty_dir1/d2/d3|D|32960
   /test_dir_0025/nonempty_dir1/d2/f3.txt|F|32959|83|4b535f836f6006423fc132a59e78dfcc4fe6292f
   /test_dir_0025/nonempty_dir2/d2|D|32964
   /test_dir_0025/nonempty_dir2/f1.txt|F|32962|0|da39a3ee5e6b4b0d3255bfef95601890afd80709
   /test_dir_0025/nonempty_dir2/f2.txt|F|32963|167|d09f4e47c22373e56c2369633ac3dcb71d598601
   /test_dir_0025/nonempty_dir2/d2/d3|D|32965
end dump-result


#####################################
# Test 26
#####################################
mkdir /test_dir_0026 0o777
Tau
RV_none

chdir /test_dir_0026
Tau
RV_none

mkdir empty_dir1 0o777
Tau
RV_none

mkdir empty_dir2 0o777
Tau
RV_none

mkdir nonempty_dir1 0o777
Tau
RV_none

open_close nonempty_dir1/f1.txt [O_WRONLY;O_CREAT] 0o666
Tau
RV_none

mkdir nonempty_dir1/d2 0o777
Tau
RV_none

open nonempty_dir1/d2/f3.txt [O_WRONLY;O_CREAT] 0o666
Tau
RV_num(3)

write! (FD 3) "Lorem ipsum dolor sit amet, consectetur adipisicing elit, sed do eiusmod tempor inc" 83
Tau
RV_num(83)

close (FD 3)
Tau
RV_none

mkdir nonempty_dir1/d2/d3 0o777
Tau
RV_none

mkdir nonempty_dir2 0o777
Tau
RV_none

open_close nonempty_dir2/f1.txt [O_WRONLY;O_CREAT] 0o666
Tau
RV_none

open nonempty_dir2/f2.txt [O_WRONLY;O_CREAT] 0o666
Tau
RV_num(3)

write! (FD 3) "Lorem ipsum dolor sit amet, consectetur adipisicing elit, sed do eiusmod tempor incididunt ut labore et dolore magna aliqua. Ut enim ad minim veniam, quis nostrud exer" 167
Tau
RV_num(167)

close (FD 3)
Tau
RV_none

mkdir nonempty_dir2/d2 0o777
Tau
RV_none

mkdir nonempty_dir2/d2/d3 0o777
Tau
RV_none

unlink nonempty_dir2/d2/d3/
Tau
EISDIR

dump-result /test_dir_0026
   /test_dir_0026|D|32966
   /test_dir_0026/empty_dir1|D|32967
   /test_dir_0026/empty_dir2|D|32968
   /test_dir_0026/nonempty_dir1|D|32969
   /test_dir_0026/nonempty_dir2|D|32974
   /test_dir_0026/nonempty_dir1/d2|D|32971
   /test_dir_0026/nonempty_dir1/f1.txt|F|32970|0|da39a3ee5e6b4b0d3255bfef95601890afd80709
   /test_dir_0026/nonempty_dir1/d2/d3|D|32973
   /test_dir_0026/nonempty_dir1/d2/f3.txt|F|32972|83|4b535f836f6006423fc132a59e78dfcc4fe6292f
   /test_dir_0026/nonempty_dir2/d2|D|32977
   /test_dir_0026/nonempty_dir2/f1.txt|F|32975|0|da39a3ee5e6b4b0d3255bfef95601890afd80709
   /test_dir_0026/nonempty_dir2/f2.txt|F|32976|167|d09f4e47c22373e56c2369633ac3dcb71d598601
   /test_dir_0026/nonempty_dir2/d2/d3|D|32978
end dump-result


#####################################
# Test 27
#####################################
mkdir /test_dir_0027 0o777
Tau
RV_none

chdir /test_dir_0027
Tau
RV_none

mkdir empty_dir1 0o777
Tau
RV_none

mkdir empty_dir2 0o777
Tau
RV_none

mkdir nonempty_dir1 0o777
Tau
RV_none

open_close nonempty_dir1/f1.txt [O_WRONLY;O_CREAT] 0o666
Tau
RV_none

mkdir nonempty_dir1/d2 0o777
Tau
RV_none

open nonempty_dir1/d2/f3.txt [O_WRONLY;O_CREAT] 0o666
Tau
RV_num(3)

write! (FD 3) "Lorem ipsum dolor sit amet, consectetur adipisicing elit, sed do eiusmod tempor inc" 83
Tau
RV_num(83)

close (FD 3)
Tau
RV_none

mkdir nonempty_dir1/d2/d3 0o777
Tau
RV_none

mkdir nonempty_dir2 0o777
Tau
RV_none

open_close nonempty_dir2/f1.txt [O_WRONLY;O_CREAT] 0o666
Tau
RV_none

open nonempty_dir2/f2.txt [O_WRONLY;O_CREAT] 0o666
Tau
RV_num(3)

write! (FD 3) "Lorem ipsum dolor sit amet, consectetur adipisicing elit, sed do eiusmod tempor incididunt ut labore et dolore magna aliqua. Ut enim ad minim veniam, quis nostrud exer" 167
Tau
RV_num(167)

close (FD 3)
Tau
RV_none

mkdir nonempty_dir2/d2 0o777
Tau
RV_none

mkdir nonempty_dir2/d2/d3 0o777
Tau
RV_none

unlink nonempty_dir2/f1.txt
Tau
RV_none

dump-result /test_dir_0027
   /test_dir_0027|D|32979
   /test_dir_0027/empty_dir1|D|32980
   /test_dir_0027/empty_dir2|D|32981
   /test_dir_0027/nonempty_dir1|D|32982
   /test_dir_0027/nonempty_dir2|D|32987
   /test_dir_0027/nonempty_dir1/d2|D|32984
   /test_dir_0027/nonempty_dir1/f1.txt|F|32983|0|da39a3ee5e6b4b0d3255bfef95601890afd80709
   /test_dir_0027/nonempty_dir1/d2/d3|D|32986
   /test_dir_0027/nonempty_dir1/d2/f3.txt|F|32985|83|4b535f836f6006423fc132a59e78dfcc4fe6292f
   /test_dir_0027/nonempty_dir2/d2|D|32990
   /test_dir_0027/nonempty_dir2/f2.txt|F|32989|167|d09f4e47c22373e56c2369633ac3dcb71d598601
   /test_dir_0027/nonempty_dir2/d2/d3|D|32991
end dump-result


#####################################
# Test 28
#####################################
mkdir /test_dir_0028 0o777
Tau
RV_none

chdir /test_dir_0028
Tau
RV_none

mkdir empty_dir1 0o777
Tau
RV_none

mkdir empty_dir2 0o777
Tau
RV_none

mkdir nonempty_dir1 0o777
Tau
RV_none

open_close nonempty_dir1/f1.txt [O_WRONLY;O_CREAT] 0o666
Tau
RV_none

mkdir nonempty_dir1/d2 0o777
Tau
RV_none

open nonempty_dir1/d2/f3.txt [O_WRONLY;O_CREAT] 0o666
Tau
RV_num(3)

write! (FD 3) "Lorem ipsum dolor sit amet, consectetur adipisicing elit, sed do eiusmod tempor inc" 83
Tau
RV_num(83)

close (FD 3)
Tau
RV_none

mkdir nonempty_dir1/d2/d3 0o777
Tau
RV_none

mkdir nonempty_dir2 0o777
Tau
RV_none

open_close nonempty_dir2/f1.txt [O_WRONLY;O_CREAT] 0o666
Tau
RV_none

open nonempty_dir2/f2.txt [O_WRONLY;O_CREAT] 0o666
Tau
RV_num(3)

write! (FD 3) "Lorem ipsum dolor sit amet, consectetur adipisicing elit, sed do eiusmod tempor incididunt ut labore et dolore magna aliqua. Ut enim ad minim veniam, quis nostrud exer" 167
Tau
RV_num(167)

close (FD 3)
Tau
RV_none

mkdir nonempty_dir2/d2 0o777
Tau
RV_none

mkdir nonempty_dir2/d2/d3 0o777
Tau
RV_none

unlink nonempty_dir2/f1.txt/
Tau
ENOTDIR

dump-result /test_dir_0028
   /test_dir_0028|D|32988
   /test_dir_0028/empty_dir1|D|32992
   /test_dir_0028/empty_dir2|D|32993
   /test_dir_0028/nonempty_dir1|D|32994
   /test_dir_0028/nonempty_dir2|D|32999
   /test_dir_0028/nonempty_dir1/d2|D|32996
   /test_dir_0028/nonempty_dir1/f1.txt|F|32995|0|da39a3ee5e6b4b0d3255bfef95601890afd80709
   /test_dir_0028/nonempty_dir1/d2/d3|D|32998
   /test_dir_0028/nonempty_dir1/d2/f3.txt|F|32997|83|4b535f836f6006423fc132a59e78dfcc4fe6292f
   /test_dir_0028/nonempty_dir2/d2|D|33002
   /test_dir_0028/nonempty_dir2/f1.txt|F|33000|0|da39a3ee5e6b4b0d3255bfef95601890afd80709
   /test_dir_0028/nonempty_dir2/f2.txt|F|33001|167|d09f4e47c22373e56c2369633ac3dcb71d598601
   /test_dir_0028/nonempty_dir2/d2/d3|D|33003
end dump-result


#####################################
# Test 29
#####################################
mkdir /test_dir_0029 0o777
Tau
RV_none

chdir /test_dir_0029
Tau
RV_none

mkdir empty_dir1 0o777
Tau
RV_none

mkdir empty_dir2 0o777
Tau
RV_none

mkdir nonempty_dir1 0o777
Tau
RV_none

open_close nonempty_dir1/f1.txt [O_WRONLY;O_CREAT] 0o666
Tau
RV_none

mkdir nonempty_dir1/d2 0o777
Tau
RV_none

open nonempty_dir1/d2/f3.txt [O_WRONLY;O_CREAT] 0o666
Tau
RV_num(3)

write! (FD 3) "Lorem ipsum dolor sit amet, consectetur adipisicing elit, sed do eiusmod tempor inc" 83
Tau
RV_num(83)

close (FD 3)
Tau
RV_none

mkdir nonempty_dir1/d2/d3 0o777
Tau
RV_none

mkdir nonempty_dir2 0o777
Tau
RV_none

open_close nonempty_dir2/f1.txt [O_WRONLY;O_CREAT] 0o666
Tau
RV_none

open nonempty_dir2/f2.txt [O_WRONLY;O_CREAT] 0o666
Tau
RV_num(3)

write! (FD 3) "Lorem ipsum dolor sit amet, consectetur adipisicing elit, sed do eiusmod tempor incididunt ut labore et dolore magna aliqua. Ut enim ad minim veniam, quis nostrud exer" 167
Tau
RV_num(167)

close (FD 3)
Tau
RV_none

mkdir nonempty_dir2/d2 0o777
Tau
RV_none

mkdir nonempty_dir2/d2/d3 0o777
Tau
RV_none

unlink nonempty_dir2/f2.txt
Tau
RV_none

dump-result /test_dir_0029
   /test_dir_0029|D|33004
   /test_dir_0029/empty_dir1|D|33005
   /test_dir_0029/empty_dir2|D|33006
   /test_dir_0029/nonempty_dir1|D|33007
   /test_dir_0029/nonempty_dir2|D|33012
   /test_dir_0029/nonempty_dir1/d2|D|33009
   /test_dir_0029/nonempty_dir1/f1.txt|F|33008|0|da39a3ee5e6b4b0d3255bfef95601890afd80709
   /test_dir_0029/nonempty_dir1/d2/d3|D|33011
   /test_dir_0029/nonempty_dir1/d2/f3.txt|F|33010|83|4b535f836f6006423fc132a59e78dfcc4fe6292f
   /test_dir_0029/nonempty_dir2/d2|D|33015
   /test_dir_0029/nonempty_dir2/f1.txt|F|33013|0|da39a3ee5e6b4b0d3255bfef95601890afd80709
   /test_dir_0029/nonempty_dir2/d2/d3|D|33016
end dump-result


#####################################
# Test 30
#####################################
mkdir /test_dir_0030 0o777
Tau
RV_none

chdir /test_dir_0030
Tau
RV_none

mkdir empty_dir1 0o777
Tau
RV_none

mkdir empty_dir2 0o777
Tau
RV_none

mkdir nonempty_dir1 0o777
Tau
RV_none

open_close nonempty_dir1/f1.txt [O_WRONLY;O_CREAT] 0o666
Tau
RV_none

mkdir nonempty_dir1/d2 0o777
Tau
RV_none

open nonempty_dir1/d2/f3.txt [O_WRONLY;O_CREAT] 0o666
Tau
RV_num(3)

write! (FD 3) "Lorem ipsum dolor sit amet, consectetur adipisicing elit, sed do eiusmod tempor inc" 83
Tau
RV_num(83)

close (FD 3)
Tau
RV_none

mkdir nonempty_dir1/d2/d3 0o777
Tau
RV_none

mkdir nonempty_dir2 0o777
Tau
RV_none

open_close nonempty_dir2/f1.txt [O_WRONLY;O_CREAT] 0o666
Tau
RV_none

open nonempty_dir2/f2.txt [O_WRONLY;O_CREAT] 0o666
Tau
RV_num(3)

write! (FD 3) "Lorem ipsum dolor sit amet, consectetur adipisicing elit, sed do eiusmod tempor incididunt ut labore et dolore magna aliqua. Ut enim ad minim veniam, quis nostrud exer" 167
Tau
RV_num(167)

close (FD 3)
Tau
RV_none

mkdir nonempty_dir2/d2 0o777
Tau
RV_none

mkdir nonempty_dir2/d2/d3 0o777
Tau
RV_none

unlink nonempty_dir2/f2.txt/
Tau
ENOTDIR

dump-result /test_dir_0030
   /test_dir_0030|D|33014
   /test_dir_0030/empty_dir1|D|33017
   /test_dir_0030/empty_dir2|D|33018
   /test_dir_0030/nonempty_dir1|D|33019
   /test_dir_0030/nonempty_dir2|D|33024
   /test_dir_0030/nonempty_dir1/d2|D|33021
   /test_dir_0030/nonempty_dir1/f1.txt|F|33020|0|da39a3ee5e6b4b0d3255bfef95601890afd80709
   /test_dir_0030/nonempty_dir1/d2/d3|D|33023
   /test_dir_0030/nonempty_dir1/d2/f3.txt|F|33022|83|4b535f836f6006423fc132a59e78dfcc4fe6292f
   /test_dir_0030/nonempty_dir2/d2|D|33027
   /test_dir_0030/nonempty_dir2/f1.txt|F|33025|0|da39a3ee5e6b4b0d3255bfef95601890afd80709
   /test_dir_0030/nonempty_dir2/f2.txt|F|33026|167|d09f4e47c22373e56c2369633ac3dcb71d598601
   /test_dir_0030/nonempty_dir2/d2/d3|D|33028
end dump-result


#####################################
# Test 31
#####################################
mkdir /test_dir_0031 0o777
Tau
RV_none

chdir /test_dir_0031
Tau
RV_none

mkdir empty_dir1 0o777
Tau
RV_none

mkdir empty_dir2 0o777
Tau
RV_none

mkdir nonempty_dir1 0o777
Tau
RV_none

open_close nonempty_dir1/f1.txt [O_WRONLY;O_CREAT] 0o666
Tau
RV_none

mkdir nonempty_dir1/d2 0o777
Tau
RV_none

open nonempty_dir1/d2/f3.txt [O_WRONLY;O_CREAT] 0o666
Tau
RV_num(3)

write! (FD 3) "Lorem ipsum dolor sit amet, consectetur adipisicing elit, sed do eiusmod tempor inc" 83
Tau
RV_num(83)

close (FD 3)
Tau
RV_none

mkdir nonempty_dir1/d2/d3 0o777
Tau
RV_none

mkdir nonempty_dir2 0o777
Tau
RV_none

open_close nonempty_dir2/f1.txt [O_WRONLY;O_CREAT] 0o666
Tau
RV_none

open nonempty_dir2/f2.txt [O_WRONLY;O_CREAT] 0o666
Tau
RV_num(3)

write! (FD 3) "Lorem ipsum dolor sit amet, consectetur adipisicing elit, sed do eiusmod tempor incididunt ut labore et dolore magna aliqua. Ut enim ad minim veniam, quis nostrud exer" 167
Tau
RV_num(167)

close (FD 3)
Tau
RV_none

mkdir nonempty_dir2/d2 0o777
Tau
RV_none

mkdir nonempty_dir2/d2/d3 0o777
Tau
RV_none

unlink nonexist_1
Tau
ENOENT

dump-result /test_dir_0031
   /test_dir_0031|D|33029
   /test_dir_0031/empty_dir1|D|33030
   /test_dir_0031/empty_dir2|D|33031
   /test_dir_0031/nonempty_dir1|D|33032
   /test_dir_0031/nonempty_dir2|D|33037
   /test_dir_0031/nonempty_dir1/d2|D|33034
   /test_dir_0031/nonempty_dir1/f1.txt|F|33033|0|da39a3ee5e6b4b0d3255bfef95601890afd80709
   /test_dir_0031/nonempty_dir1/d2/d3|D|33036
   /test_dir_0031/nonempty_dir1/d2/f3.txt|F|33035|83|4b535f836f6006423fc132a59e78dfcc4fe6292f
   /test_dir_0031/nonempty_dir2/d2|D|33040
   /test_dir_0031/nonempty_dir2/f1.txt|F|33038|0|da39a3ee5e6b4b0d3255bfef95601890afd80709
   /test_dir_0031/nonempty_dir2/f2.txt|F|33039|167|d09f4e47c22373e56c2369633ac3dcb71d598601
   /test_dir_0031/nonempty_dir2/d2/d3|D|33041
end dump-result


#####################################
# Test 32
#####################################
mkdir /test_dir_0032 0o777
Tau
RV_none

chdir /test_dir_0032
Tau
RV_none

mkdir empty_dir1 0o777
Tau
RV_none

mkdir empty_dir2 0o777
Tau
RV_none

mkdir nonempty_dir1 0o777
Tau
RV_none

open_close nonempty_dir1/f1.txt [O_WRONLY;O_CREAT] 0o666
Tau
RV_none

mkdir nonempty_dir1/d2 0o777
Tau
RV_none

open nonempty_dir1/d2/f3.txt [O_WRONLY;O_CREAT] 0o666
Tau
RV_num(3)

write! (FD 3) "Lorem ipsum dolor sit amet, consectetur adipisicing elit, sed do eiusmod tempor inc" 83
Tau
RV_num(83)

close (FD 3)
Tau
RV_none

mkdir nonempty_dir1/d2/d3 0o777
Tau
RV_none

mkdir nonempty_dir2 0o777
Tau
RV_none

open_close nonempty_dir2/f1.txt [O_WRONLY;O_CREAT] 0o666
Tau
RV_none

open nonempty_dir2/f2.txt [O_WRONLY;O_CREAT] 0o666
Tau
RV_num(3)

write! (FD 3) "Lorem ipsum dolor sit amet, consectetur adipisicing elit, sed do eiusmod tempor incididunt ut labore et dolore magna aliqua. Ut enim ad minim veniam, quis nostrud exer" 167
Tau
RV_num(167)

close (FD 3)
Tau
RV_none

mkdir nonempty_dir2/d2 0o777
Tau
RV_none

mkdir nonempty_dir2/d2/d3 0o777
Tau
RV_none

unlink nonexist_1/
Tau
ENOENT

dump-result /test_dir_0032
   /test_dir_0032|D|33042
   /test_dir_0032/empty_dir1|D|33043
   /test_dir_0032/empty_dir2|D|33044
   /test_dir_0032/nonempty_dir1|D|33045
   /test_dir_0032/nonempty_dir2|D|33050
   /test_dir_0032/nonempty_dir1/d2|D|33047
   /test_dir_0032/nonempty_dir1/f1.txt|F|33046|0|da39a3ee5e6b4b0d3255bfef95601890afd80709
   /test_dir_0032/nonempty_dir1/d2/d3|D|33049
   /test_dir_0032/nonempty_dir1/d2/f3.txt|F|33048|83|4b535f836f6006423fc132a59e78dfcc4fe6292f
   /test_dir_0032/nonempty_dir2/d2|D|33053
   /test_dir_0032/nonempty_dir2/f1.txt|F|33051|0|da39a3ee5e6b4b0d3255bfef95601890afd80709
   /test_dir_0032/nonempty_dir2/f2.txt|F|33052|167|d09f4e47c22373e56c2369633ac3dcb71d598601
   /test_dir_0032/nonempty_dir2/d2/d3|D|33054
end dump-result


#####################################
# Test 33
#####################################
mkdir /test_dir_0033 0o777
Tau
RV_none

chdir /test_dir_0033
Tau
RV_none

mkdir empty_dir1 0o777
Tau
RV_none

mkdir empty_dir2 0o777
Tau
RV_none

mkdir nonempty_dir1 0o777
Tau
RV_none

open_close nonempty_dir1/f1.txt [O_WRONLY;O_CREAT] 0o666
Tau
RV_none

mkdir nonempty_dir1/d2 0o777
Tau
RV_none

open nonempty_dir1/d2/f3.txt [O_WRONLY;O_CREAT] 0o666
Tau
RV_num(3)

write! (FD 3) "Lorem ipsum dolor sit amet, consectetur adipisicing elit, sed do eiusmod tempor inc" 83
Tau
RV_num(83)

close (FD 3)
Tau
RV_none

mkdir nonempty_dir1/d2/d3 0o777
Tau
RV_none

mkdir nonempty_dir2 0o777
Tau
RV_none

open_close nonempty_dir2/f1.txt [O_WRONLY;O_CREAT] 0o666
Tau
RV_none

open nonempty_dir2/f2.txt [O_WRONLY;O_CREAT] 0o666
Tau
RV_num(3)

write! (FD 3) "Lorem ipsum dolor sit amet, consectetur adipisicing elit, sed do eiusmod tempor incididunt ut labore et dolore magna aliqua. Ut enim ad minim veniam, quis nostrud exer" 167
Tau
RV_num(167)

close (FD 3)
Tau
RV_none

mkdir nonempty_dir2/d2 0o777
Tau
RV_none

mkdir nonempty_dir2/d2/d3 0o777
Tau
RV_none

unlink nonexist_2
Tau
ENOENT

dump-result /test_dir_0033
   /test_dir_0033|D|33055
   /test_dir_0033/empty_dir1|D|33056
   /test_dir_0033/empty_dir2|D|33057
   /test_dir_0033/nonempty_dir1|D|33058
   /test_dir_0033/nonempty_dir2|D|33062
   /test_dir_0033/nonempty_dir1/d2|D|33060
   /test_dir_0033/nonempty_dir1/f1.txt|F|33059|0|da39a3ee5e6b4b0d3255bfef95601890afd80709
   /test_dir_0033/nonempty_dir1/d2/d3|D|33061
   /test_dir_0033/nonempty_dir1/d2/f3.txt|F|32944|83|4b535f836f6006423fc132a59e78dfcc4fe6292f
   /test_dir_0033/nonempty_dir2/d2|D|33065
   /test_dir_0033/nonempty_dir2/f1.txt|F|33063|0|da39a3ee5e6b4b0d3255bfef95601890afd80709
   /test_dir_0033/nonempty_dir2/f2.txt|F|33064|167|d09f4e47c22373e56c2369633ac3dcb71d598601
   /test_dir_0033/nonempty_dir2/d2/d3|D|33066
end dump-result


#####################################
# Test 34
#####################################
mkdir /test_dir_0034 0o777
Tau
RV_none

chdir /test_dir_0034
Tau
RV_none

mkdir empty_dir1 0o777
Tau
RV_none

mkdir empty_dir2 0o777
Tau
RV_none

mkdir nonempty_dir1 0o777
Tau
RV_none

open_close nonempty_dir1/f1.txt [O_WRONLY;O_CREAT] 0o666
Tau
RV_none

mkdir nonempty_dir1/d2 0o777
Tau
RV_none

open nonempty_dir1/d2/f3.txt [O_WRONLY;O_CREAT] 0o666
Tau
RV_num(3)

write! (FD 3) "Lorem ipsum dolor sit amet, consectetur adipisicing elit, sed do eiusmod tempor inc" 83
Tau
RV_num(83)

close (FD 3)
Tau
RV_none

mkdir nonempty_dir1/d2/d3 0o777
Tau
RV_none

mkdir nonempty_dir2 0o777
Tau
RV_none

open_close nonempty_dir2/f1.txt [O_WRONLY;O_CREAT] 0o666
Tau
RV_none

open nonempty_dir2/f2.txt [O_WRONLY;O_CREAT] 0o666
Tau
RV_num(3)

write! (FD 3) "Lorem ipsum dolor sit amet, consectetur adipisicing elit, sed do eiusmod tempor incididunt ut labore et dolore magna aliqua. Ut enim ad minim veniam, quis nostrud exer" 167
Tau
RV_num(167)

close (FD 3)
Tau
RV_none

mkdir nonempty_dir2/d2 0o777
Tau
RV_none

mkdir nonempty_dir2/d2/d3 0o777
Tau
RV_none

unlink nonexist_2/
Tau
ENOENT

dump-result /test_dir_0034
   /test_dir_0034|D|33067
   /test_dir_0034/empty_dir1|D|33068
   /test_dir_0034/empty_dir2|D|33069
   /test_dir_0034/nonempty_dir1|D|33070
   /test_dir_0034/nonempty_dir2|D|33075
   /test_dir_0034/nonempty_dir1/d2|D|33072
   /test_dir_0034/nonempty_dir1/f1.txt|F|33071|0|da39a3ee5e6b4b0d3255bfef95601890afd80709
   /test_dir_0034/nonempty_dir1/d2/d3|D|33074
   /test_dir_0034/nonempty_dir1/d2/f3.txt|F|33073|83|4b535f836f6006423fc132a59e78dfcc4fe6292f
   /test_dir_0034/nonempty_dir2/d2|D|33078
   /test_dir_0034/nonempty_dir2/f1.txt|F|33076|0|da39a3ee5e6b4b0d3255bfef95601890afd80709
   /test_dir_0034/nonempty_dir2/f2.txt|F|33077|167|d09f4e47c22373e56c2369633ac3dcb71d598601
   /test_dir_0034/nonempty_dir2/d2/d3|D|33079
end dump-result


#####################################
# Test 35
#####################################
mkdir /test_dir_0035 0o777
Tau
RV_none

chdir /test_dir_0035
Tau
RV_none

mkdir empty_dir1 0o777
Tau
RV_none

mkdir empty_dir2 0o777
Tau
RV_none

mkdir nonempty_dir1 0o777
Tau
RV_none

open_close nonempty_dir1/f1.txt [O_WRONLY;O_CREAT] 0o666
Tau
RV_none

mkdir nonempty_dir1/d2 0o777
Tau
RV_none

open nonempty_dir1/d2/f3.txt [O_WRONLY;O_CREAT] 0o666
Tau
RV_num(3)

write! (FD 3) "Lorem ipsum dolor sit amet, consectetur adipisicing elit, sed do eiusmod tempor inc" 83
Tau
RV_num(83)

close (FD 3)
Tau
RV_none

mkdir nonempty_dir1/d2/d3 0o777
Tau
RV_none

mkdir nonempty_dir2 0o777
Tau
RV_none

open_close nonempty_dir2/f1.txt [O_WRONLY;O_CREAT] 0o666
Tau
RV_none

open nonempty_dir2/f2.txt [O_WRONLY;O_CREAT] 0o666
Tau
RV_num(3)

write! (FD 3) "Lorem ipsum dolor sit amet, consectetur adipisicing elit, sed do eiusmod tempor incididunt ut labore et dolore magna aliqua. Ut enim ad minim veniam, quis nostrud exer" 167
Tau
RV_num(167)

close (FD 3)
Tau
RV_none

mkdir nonempty_dir2/d2 0o777
Tau
RV_none

mkdir nonempty_dir2/d2/d3 0o777
Tau
RV_none

unlink nonexist_dir/nonexist_3
Tau
ENOENT

dump-result /test_dir_0035
   /test_dir_0035|D|33080
   /test_dir_0035/empty_dir1|D|33081
   /test_dir_0035/empty_dir2|D|33082
   /test_dir_0035/nonempty_dir1|D|33083
   /test_dir_0035/nonempty_dir2|D|33088
   /test_dir_0035/nonempty_dir1/d2|D|33085
   /test_dir_0035/nonempty_dir1/f1.txt|F|33084|0|da39a3ee5e6b4b0d3255bfef95601890afd80709
   /test_dir_0035/nonempty_dir1/d2/d3|D|33087
   /test_dir_0035/nonempty_dir1/d2/f3.txt|F|33086|83|4b535f836f6006423fc132a59e78dfcc4fe6292f
   /test_dir_0035/nonempty_dir2/d2|D|33091
   /test_dir_0035/nonempty_dir2/f1.txt|F|33089|0|da39a3ee5e6b4b0d3255bfef95601890afd80709
   /test_dir_0035/nonempty_dir2/f2.txt|F|33090|167|d09f4e47c22373e56c2369633ac3dcb71d598601
   /test_dir_0035/nonempty_dir2/d2/d3|D|33092
end dump-result


#####################################
# Test 36
#####################################
mkdir /test_dir_0036 0o777
Tau
RV_none

chdir /test_dir_0036
Tau
RV_none

mkdir empty_dir1 0o777
Tau
RV_none

mkdir empty_dir2 0o777
Tau
RV_none

mkdir nonempty_dir1 0o777
Tau
RV_none

open_close nonempty_dir1/f1.txt [O_WRONLY;O_CREAT] 0o666
Tau
RV_none

mkdir nonempty_dir1/d2 0o777
Tau
RV_none

open nonempty_dir1/d2/f3.txt [O_WRONLY;O_CREAT] 0o666
Tau
RV_num(3)

write! (FD 3) "Lorem ipsum dolor sit amet, consectetur adipisicing elit, sed do eiusmod tempor inc" 83
Tau
RV_num(83)

close (FD 3)
Tau
RV_none

mkdir nonempty_dir1/d2/d3 0o777
Tau
RV_none

mkdir nonempty_dir2 0o777
Tau
RV_none

open_close nonempty_dir2/f1.txt [O_WRONLY;O_CREAT] 0o666
Tau
RV_none

open nonempty_dir2/f2.txt [O_WRONLY;O_CREAT] 0o666
Tau
RV_num(3)

write! (FD 3) "Lorem ipsum dolor sit amet, consectetur adipisicing elit, sed do eiusmod tempor incididunt ut labore et dolore magna aliqua. Ut enim ad minim veniam, quis nostrud exer" 167
Tau
RV_num(167)

close (FD 3)
Tau
RV_none

mkdir nonempty_dir2/d2 0o777
Tau
RV_none

mkdir nonempty_dir2/d2/d3 0o777
Tau
RV_none

unlink nonexist_dir/nonexist_3/
Tau
ENOENT

dump-result /test_dir_0036
   /test_dir_0036|D|33093
   /test_dir_0036/empty_dir1|D|33094
   /test_dir_0036/empty_dir2|D|33095
   /test_dir_0036/nonempty_dir1|D|33096
   /test_dir_0036/nonempty_dir2|D|33101
   /test_dir_0036/nonempty_dir1/d2|D|33098
   /test_dir_0036/nonempty_dir1/f1.txt|F|33097|0|da39a3ee5e6b4b0d3255bfef95601890afd80709
   /test_dir_0036/nonempty_dir1/d2/d3|D|33100
   /test_dir_0036/nonempty_dir1/d2/f3.txt|F|33099|83|4b535f836f6006423fc132a59e78dfcc4fe6292f
   /test_dir_0036/nonempty_dir2/d2|D|33104
   /test_dir_0036/nonempty_dir2/f1.txt|F|33102|0|da39a3ee5e6b4b0d3255bfef95601890afd80709
   /test_dir_0036/nonempty_dir2/f2.txt|F|33103|167|d09f4e47c22373e56c2369633ac3dcb71d598601
   /test_dir_0036/nonempty_dir2/d2/d3|D|33105
end dump-result


