< id -u -n
< id -g -n

Warning:     52: RV_bytes("..")
   more than one possible result value

Warning:     55: RV_bytes(".")
   more than one possible result value

Warning:     58: RV_bytes("d3")
   more than one possible result value

Warning:    105: RV_bytes("..")
   more than one possible result value

Warning:    108: RV_bytes(".")
   more than one possible result value

Warning:    111: RV_bytes("d3")
   more than one possible result value

Warning:    167: RV_bytes("..")
   more than one possible result value

Warning:    170: RV_bytes(".")
   more than one possible result value

Warning:    173: RV_bytes("d3")
   more than one possible result value

Warning:    226: RV_bytes("..")
   more than one possible result value

Warning:    229: RV_bytes(".")
   more than one possible result value

Warning:    232: RV_bytes("d3")
   more than one possible result value

Warning:    297: RV_bytes("..")
   more than one possible result value

Warning:    300: RV_bytes(".")
   more than one possible result value

Warning:    303: RV_bytes("d3")
   more than one possible result value

Warning:    359: RV_bytes("..")
   more than one possible result value

Warning:    362: RV_bytes(".")
   more than one possible result value

Warning:    365: RV_bytes("d3")
   more than one possible result value

Warning:    421: RV_bytes("..")
   more than one possible result value

Warning:    424: RV_bytes(".")
   more than one possible result value

Warning:    427: RV_bytes("d3")
   more than one possible result value

Warning:    483: RV_bytes("..")
   more than one possible result value

Warning:    486: RV_bytes(".")
   more than one possible result value

Warning:    489: RV_bytes("d3")
   more than one possible result value

Warning:    556: RV_bytes("..")
   more than one possible result value

Warning:    559: RV_bytes(".")
   more than one possible result value

Warning:    562: RV_bytes("d3")
   more than one possible result value

Warning:    615: RV_bytes("..")
   more than one possible result value

Warning:    618: RV_bytes(".")
   more than one possible result value

Warning:    621: RV_bytes("d3")
   more than one possible result value

Warning:    674: RV_bytes("..")
   more than one possible result value

Warning:    677: RV_bytes(".")
   more than one possible result value

Warning:    680: RV_bytes("d3")
   more than one possible result value

Warning:    734: RV_bytes("..")
   more than one possible result value

Warning:    737: RV_bytes(".")
   more than one possible result value

Warning:    740: RV_bytes("d3")
   more than one possible result value

Warning:    805: RV_bytes("..")
   more than one possible result value

Warning:    808: RV_bytes(".")
   more than one possible result value

Warning:    811: RV_bytes("d3")
   more than one possible result value

Warning:    868: RV_bytes("..")
   more than one possible result value

Warning:    871: RV_bytes(".")
   more than one possible result value

Warning:    874: RV_bytes("d3")
   more than one possible result value

Warning:    943: RV_bytes("..")
   more than one possible result value

Warning:    946: RV_bytes(".")
   more than one possible result value

Warning:    949: RV_bytes("d3")
   more than one possible result value

Warning:   1021: RV_bytes("..")
   more than one possible result value

Warning:   1024: RV_bytes(".")
   more than one possible result value

Warning:   1027: RV_bytes("d3")
   more than one possible result value
