        ######################################
        ## Test rename___rename_nonempty_dir1__d2___nonempty_dir1__nonexist_4
        ######################################
        mkdir /test_dir_rename___rename_nonempty_dir1__d2___nonempty_dir1__nonexist_4 0o777
        Tau
        RV_none

        chdir /test_dir_rename___rename_nonempty_dir1__d2___nonempty_dir1__nonexist_4
        Tau
        RV_none

        mkdir empty_dir1 0o777
        Tau
        RV_none

        mkdir empty_dir2 0o777
        Tau
        RV_none

        mkdir nonempty_dir1 0o777
        Tau
        RV_none

        mkdir nonempty_dir1/d2 0o777
        Tau
        RV_none

        open nonempty_dir1/d2/f3.txt [O_CREAT;O_WRONLY] 0o666
        Tau
        RV_num(3)

        write! (FD 3) "Lorem ipsum dolor sit amet, consectetur adipisicing elit, sed do eiusmod tempor inc" 83
        Tau
        RV_num(83)

        close (FD 3)
        Tau
        RV_none

        mkdir nonempty_dir1/d2/d3 0o777
        Tau
        RV_none

        symlink ../f1.txt nonempty_dir1/d2/sl_dotdot_f1.txt
        Tau
        RV_none

        symlink no_such_target nonempty_dir1/d2/sl_no_such_target
        Tau
        RV_none

        symlink ../no_such_target nonempty_dir1/d2/sl_dotdot_no_such_target
        Tau
        RV_none

        symlink ../d2 nonempty_dir1/d2/sl_dotdot_d2
        Tau
        RV_none

        open_close nonempty_dir1/f1.txt [O_CREAT;O_WRONLY] 0o666
        Tau
        RV_none

        symlink f1.txt nonempty_dir1/sl_f1.txt
        Tau
        RV_none

        mkdir nonempty_dir2 0o777
        Tau
        RV_none

        open_close nonempty_dir2/f1.txt [O_CREAT;O_WRONLY] 0o666
        Tau
        RV_none

        open nonempty_dir2/f2.txt [O_CREAT;O_WRONLY] 0o666
        Tau
        RV_num(3)

        write! (FD 3) "Lorem ipsum dolor sit amet, consectetur adipisicing elit, sed do eiusmod tempor incididunt ut labore et dolore magna aliqua. Ut enim ad minim veniam, quis nostrud exer" 167
        Tau
        RV_num(167)

        close (FD 3)
        Tau
        RV_none

        mkdir nonempty_dir2/d2 0o777
        Tau
        RV_none

        mkdir nonempty_dir2/d2/d3 0o777
        Tau
        RV_none

        symlink ../../nonempty_dir1/d2/f3.txt nonempty_dir2/d2/sl_f3.txt
        Tau
        RV_none


        rename nonempty_dir1/d2 nonempty_dir1/nonexist_4
        Tau
        RV_none


        dump-result /test_dir_rename___rename_nonempty_dir1__d2___nonempty_dir1__nonexist_4
           /test_dir_rename___rename_nonempty_dir1__d2___nonempty_dir1__nonexist_4|D|1092727
           /test_dir_rename___rename_nonempty_dir1__d2___nonempty_dir1__nonexist_4/empty_dir1|D|1092728
           /test_dir_rename___rename_nonempty_dir1__d2___nonempty_dir1__nonexist_4/empty_dir2|D|1092729
           /test_dir_rename___rename_nonempty_dir1__d2___nonempty_dir1__nonexist_4/nonempty_dir1|D|1092730
           /test_dir_rename___rename_nonempty_dir1__d2___nonempty_dir1__nonexist_4/nonempty_dir1/f1.txt|F|1092738|0|da39a3ee5e6b4b0d3255bfef95601890afd80709
           /test_dir_rename___rename_nonempty_dir1__d2___nonempty_dir1__nonexist_4/nonempty_dir1/sl_f1.txt|L|f1.txt
           /test_dir_rename___rename_nonempty_dir1__d2___nonempty_dir1__nonexist_4/nonempty_dir1/nonexist_4|D|1092731
           /test_dir_rename___rename_nonempty_dir1__d2___nonempty_dir1__nonexist_4/nonempty_dir1/nonexist_4/f3.txt|F|1092732|83|4b535f836f6006423fc132a59e78dfcc4fe6292f
           /test_dir_rename___rename_nonempty_dir1__d2___nonempty_dir1__nonexist_4/nonempty_dir1/nonexist_4/sl_dotdot_d2|L|../d2
           /test_dir_rename___rename_nonempty_dir1__d2___nonempty_dir1__nonexist_4/nonempty_dir1/nonexist_4/sl_dotdot_f1.txt|L|../f1.txt
           /test_dir_rename___rename_nonempty_dir1__d2___nonempty_dir1__nonexist_4/nonempty_dir1/nonexist_4/sl_dotdot_no_such_target|L|../no_such_target
           /test_dir_rename___rename_nonempty_dir1__d2___nonempty_dir1__nonexist_4/nonempty_dir1/nonexist_4/sl_no_such_target|L|no_such_target
           /test_dir_rename___rename_nonempty_dir1__d2___nonempty_dir1__nonexist_4/nonempty_dir1/nonexist_4/d3|D|1092733
           /test_dir_rename___rename_nonempty_dir1__d2___nonempty_dir1__nonexist_4/nonempty_dir2|D|1092740
           /test_dir_rename___rename_nonempty_dir1__d2___nonempty_dir1__nonexist_4/nonempty_dir2/f1.txt|F|1092741|0|da39a3ee5e6b4b0d3255bfef95601890afd80709
           /test_dir_rename___rename_nonempty_dir1__d2___nonempty_dir1__nonexist_4/nonempty_dir2/f2.txt|F|1092742|167|d09f4e47c22373e56c2369633ac3dcb71d598601
           /test_dir_rename___rename_nonempty_dir1__d2___nonempty_dir1__nonexist_4/nonempty_dir2/d2|D|1092743
           /test_dir_rename___rename_nonempty_dir1__d2___nonempty_dir1__nonexist_4/nonempty_dir2/d2/sl_f3.txt|L|../../nonempty_dir1/d2/f3.txt
           /test_dir_rename___rename_nonempty_dir1__d2___nonempty_dir1__nonexist_4/nonempty_dir2/d2/d3|D|1092744
        end dump-result


