
Error:     27: unlink empty_dir1
               Tau
               EPERM
   unexpected results: EPERM
   allowed are only: EISDIR
   continuing execution with EISDIR

Error:     57: unlink empty_dir1/
               Tau
               EPERM
   unexpected results: EPERM
   allowed are only: EISDIR
   continuing execution with EISDIR

Error:     87: unlink empty_dir2
               Tau
               EPERM
   unexpected results: EPERM
   allowed are only: EISDIR
   continuing execution with EISDIR

Error:    117: unlink empty_dir2/
               Tau
               EPERM
   unexpected results: EPERM
   allowed are only: EISDIR
   continuing execution with EISDIR

Error:    147: unlink nonempty_dir1
               Tau
               EPERM
   unexpected results: EPERM
   allowed are only: EISDIR
   continuing execution with EISDIR

Error:    177: unlink nonempty_dir1/
               Tau
               EPERM
   unexpected results: EPERM
   allowed are only: EISDIR
   continuing execution with EISDIR

Error:    207: unlink nonempty_dir1/d2
               Tau
               EPERM
   unexpected results: EPERM
   allowed are only: EISDIR
   continuing execution with EISDIR

Error:    237: unlink nonempty_dir1/d2/
               Tau
               EPERM
   unexpected results: EPERM
   allowed are only: EISDIR
   continuing execution with EISDIR

Error:    327: unlink nonempty_dir1/d2/d3
               Tau
               EPERM
   unexpected results: EPERM
   allowed are only: EISDIR
   continuing execution with EISDIR

Error:    357: unlink nonempty_dir1/d2/d3/
               Tau
               EPERM
   unexpected results: EPERM
   allowed are only: EISDIR
   continuing execution with EISDIR

Error:    477: unlink nonempty_dir1/d2/sl_dotdot_d2/
               Tau
               EPERM
   unexpected results: EPERM
   allowed are only: ENOTDIR
   continuing execution with ENOTDIR

Error:    537: unlink nonempty_dir1/d2/sl_dotdot_f1.txt/
               Tau
               RV_none
   unexpected results: RV_none
   allowed are only: ENOTDIR
   continuing execution with ENOTDIR

        /test_dir_0018|D|307
        /test_dir_0018/empty_dir1|D|308
        /test_dir_0018/empty_dir2|D|309
        /test_dir_0018/nonempty_dir1|D|310
        /test_dir_0018/nonempty_dir2|D|315
        /test_dir_0018/nonempty_dir1/d2|D|312
        /test_dir_0018/nonempty_dir1/f1.txt|F|311|0|da39a3ee5e6b4b0d3255bfef95601890afd80709
        /test_dir_0018/nonempty_dir1/sl_f1.txt|L|f1.txt
        /test_dir_0018/nonempty_dir1/d2/d3|D|314
        /test_dir_0018/nonempty_dir1/d2/f3.txt|F|313|83|4b535f836f6006423fc132a59e78dfcc4fe6292f
        /test_dir_0018/nonempty_dir1/d2/sl_dotdot_d2|L|../d2
        /test_dir_0018/nonempty_dir1/d2/sl_dotdot_f1.txt|L|../f1.txt
        /test_dir_0018/nonempty_dir1/d2/sl_no_such_target|L|no_such_target
        /test_dir_0018/nonempty_dir2/d2|D|318
        /test_dir_0018/nonempty_dir2/f1.txt|F|316|0|da39a3ee5e6b4b0d3255bfef95601890afd80709
        /test_dir_0018/nonempty_dir2/f2.txt|F|317|167|d09f4e47c22373e56c2369633ac3dcb71d598601
        /test_dir_0018/nonempty_dir2/d2/d3|D|319
        /test_dir_0018/nonempty_dir2/d2/sl_f3.txt|L|../../nonempty_dir1/d2/f3.txt


Error:    538: dump-result /test_dir_0018
           /test_dir_0018|D|3155
           /test_dir_0018/empty_dir1|D|3156
           /test_dir_0018/empty_dir2|D|3157
           /test_dir_0018/nonempty_dir1|D|3158
           /test_dir_0018/nonempty_dir2|D|3169
           /test_dir_0018/nonempty_dir1/d2|D|3161
           /test_dir_0018/nonempty_dir1/sl_f1.txt|L|f1.txt
           /test_dir_0018/nonempty_dir1/d2/d3|D|3166
           /test_dir_0018/nonempty_dir1/d2/f3.txt|F|3162|83|4b535f836f6006423fc132a59e78dfcc4fe6292f
           /test_dir_0018/nonempty_dir1/d2/sl_dotdot_d2|L|../d2
           /test_dir_0018/nonempty_dir1/d2/sl_dotdot_f1.txt|L|../f1.txt
           /test_dir_0018/nonempty_dir1/d2/sl_no_such_target|L|no_such_target
           /test_dir_0018/nonempty_dir2/d2|D|3175
           /test_dir_0018/nonempty_dir2/f1.txt|F|3171|0|da39a3ee5e6b4b0d3255bfef95601890afd80709
           /test_dir_0018/nonempty_dir2/f2.txt|F|3172|167|d09f4e47c22373e56c2369633ac3dcb71d598601
           /test_dir_0018/nonempty_dir2/d2/d3|D|3177
           /test_dir_0018/nonempty_dir2/d2/sl_f3.txt|L|../../nonempty_dir1/d2/f3.txt
        end dump-result
   
   comparison of dump-results failed:
      missing entry: /test_dir_0018/nonempty_dir1/f1.txt


Error:    597: unlink nonempty_dir1/d2/sl_no_such_target/
               Tau
               ENOENT
   unexpected results: ENOENT
   allowed are only: ENOTDIR
   continuing execution with ENOTDIR

Error:    837: unlink nonempty_dir1/sl_f1.txt/
               Tau
               RV_none
   unexpected results: RV_none
   allowed are only: ENOTDIR
   continuing execution with ENOTDIR

        /test_dir_0028|D|487
        /test_dir_0028/empty_dir1|D|488
        /test_dir_0028/empty_dir2|D|489
        /test_dir_0028/nonempty_dir1|D|490
        /test_dir_0028/nonempty_dir2|D|495
        /test_dir_0028/nonempty_dir1/d2|D|492
        /test_dir_0028/nonempty_dir1/f1.txt|F|491|0|da39a3ee5e6b4b0d3255bfef95601890afd80709
        /test_dir_0028/nonempty_dir1/sl_f1.txt|L|f1.txt
        /test_dir_0028/nonempty_dir1/d2/d3|D|494
        /test_dir_0028/nonempty_dir1/d2/f3.txt|F|493|83|4b535f836f6006423fc132a59e78dfcc4fe6292f
        /test_dir_0028/nonempty_dir1/d2/sl_dotdot_d2|L|../d2
        /test_dir_0028/nonempty_dir1/d2/sl_dotdot_f1.txt|L|../f1.txt
        /test_dir_0028/nonempty_dir1/d2/sl_no_such_target|L|no_such_target
        /test_dir_0028/nonempty_dir2/d2|D|498
        /test_dir_0028/nonempty_dir2/f1.txt|F|496|0|da39a3ee5e6b4b0d3255bfef95601890afd80709
        /test_dir_0028/nonempty_dir2/f2.txt|F|497|167|d09f4e47c22373e56c2369633ac3dcb71d598601
        /test_dir_0028/nonempty_dir2/d2/d3|D|499
        /test_dir_0028/nonempty_dir2/d2/sl_f3.txt|L|../../nonempty_dir1/d2/f3.txt


Error:    838: dump-result /test_dir_0028
           /test_dir_0028|D|3515
           /test_dir_0028/empty_dir1|D|3516
           /test_dir_0028/empty_dir2|D|3517
           /test_dir_0028/nonempty_dir1|D|3518
           /test_dir_0028/nonempty_dir2|D|3525
           /test_dir_0028/nonempty_dir1/d2|D|3520
           /test_dir_0028/nonempty_dir1/sl_f1.txt|L|f1.txt
           /test_dir_0028/nonempty_dir1/d2/d3|D|3523
           /test_dir_0028/nonempty_dir1/d2/f3.txt|F|3521|83|4b535f836f6006423fc132a59e78dfcc4fe6292f
           /test_dir_0028/nonempty_dir1/d2/sl_dotdot_d2|L|../d2
           /test_dir_0028/nonempty_dir1/d2/sl_dotdot_f1.txt|L|../f1.txt
           /test_dir_0028/nonempty_dir1/d2/sl_no_such_target|L|no_such_target
           /test_dir_0028/nonempty_dir2/d2|D|3533
           /test_dir_0028/nonempty_dir2/f1.txt|F|3527|0|da39a3ee5e6b4b0d3255bfef95601890afd80709
           /test_dir_0028/nonempty_dir2/f2.txt|F|3529|167|d09f4e47c22373e56c2369633ac3dcb71d598601
           /test_dir_0028/nonempty_dir2/d2/d3|D|3534
           /test_dir_0028/nonempty_dir2/d2/sl_f3.txt|L|../../nonempty_dir1/d2/f3.txt
        end dump-result
   
   comparison of dump-results failed:
      missing entry: /test_dir_0028/nonempty_dir1/f1.txt


Error:    867: unlink nonempty_dir2
               Tau
               EPERM
   unexpected results: EPERM
   allowed are only: EISDIR
   continuing execution with EISDIR

Error:    897: unlink nonempty_dir2/
               Tau
               EPERM
   unexpected results: EPERM
   allowed are only: EISDIR
   continuing execution with EISDIR

Error:    927: unlink nonempty_dir2/d2
               Tau
               EPERM
   unexpected results: EPERM
   allowed are only: EISDIR
   continuing execution with EISDIR

Error:    957: unlink nonempty_dir2/d2/
               Tau
               EPERM
   unexpected results: EPERM
   allowed are only: EISDIR
   continuing execution with EISDIR

Error:    987: unlink nonempty_dir2/d2/d3
               Tau
               EPERM
   unexpected results: EPERM
   allowed are only: EISDIR
   continuing execution with EISDIR

Error:   1017: unlink nonempty_dir2/d2/d3/
               Tau
               EPERM
   unexpected results: EPERM
   allowed are only: EISDIR
   continuing execution with EISDIR

Error:   1077: unlink nonempty_dir2/d2/sl_f3.txt/
               Tau
               RV_none
   unexpected results: RV_none
   allowed are only: ENOTDIR
   continuing execution with ENOTDIR

        /test_dir_0036|D|631
        /test_dir_0036/empty_dir1|D|632
        /test_dir_0036/empty_dir2|D|633
        /test_dir_0036/nonempty_dir1|D|634
        /test_dir_0036/nonempty_dir2|D|639
        /test_dir_0036/nonempty_dir1/d2|D|636
        /test_dir_0036/nonempty_dir1/f1.txt|F|635|0|da39a3ee5e6b4b0d3255bfef95601890afd80709
        /test_dir_0036/nonempty_dir1/sl_f1.txt|L|f1.txt
        /test_dir_0036/nonempty_dir1/d2/d3|D|638
        /test_dir_0036/nonempty_dir1/d2/f3.txt|F|637|83|4b535f836f6006423fc132a59e78dfcc4fe6292f
        /test_dir_0036/nonempty_dir1/d2/sl_dotdot_d2|L|../d2
        /test_dir_0036/nonempty_dir1/d2/sl_dotdot_f1.txt|L|../f1.txt
        /test_dir_0036/nonempty_dir1/d2/sl_no_such_target|L|no_such_target
        /test_dir_0036/nonempty_dir2/d2|D|642
        /test_dir_0036/nonempty_dir2/f1.txt|F|640|0|da39a3ee5e6b4b0d3255bfef95601890afd80709
        /test_dir_0036/nonempty_dir2/f2.txt|F|641|167|d09f4e47c22373e56c2369633ac3dcb71d598601
        /test_dir_0036/nonempty_dir2/d2/d3|D|643
        /test_dir_0036/nonempty_dir2/d2/sl_f3.txt|L|../../nonempty_dir1/d2/f3.txt


Error:   1078: dump-result /test_dir_0036
           /test_dir_0036|D|3810
           /test_dir_0036/empty_dir1|D|3811
           /test_dir_0036/empty_dir2|D|3812
           /test_dir_0036/nonempty_dir1|D|3814
           /test_dir_0036/nonempty_dir2|D|3823
           /test_dir_0036/nonempty_dir1/d2|D|3818
           /test_dir_0036/nonempty_dir1/f1.txt|F|3816|0|da39a3ee5e6b4b0d3255bfef95601890afd80709
           /test_dir_0036/nonempty_dir1/sl_f1.txt|L|f1.txt
           /test_dir_0036/nonempty_dir1/d2/d3|D|3821
           /test_dir_0036/nonempty_dir1/d2/sl_dotdot_d2|L|../d2
           /test_dir_0036/nonempty_dir1/d2/sl_dotdot_f1.txt|L|../f1.txt
           /test_dir_0036/nonempty_dir1/d2/sl_no_such_target|L|no_such_target
           /test_dir_0036/nonempty_dir2/d2|D|3829
           /test_dir_0036/nonempty_dir2/f1.txt|F|3825|0|da39a3ee5e6b4b0d3255bfef95601890afd80709
           /test_dir_0036/nonempty_dir2/f2.txt|F|3826|167|d09f4e47c22373e56c2369633ac3dcb71d598601
           /test_dir_0036/nonempty_dir2/d2/d3|D|3830
           /test_dir_0036/nonempty_dir2/d2/sl_f3.txt|L|../../nonempty_dir1/d2/f3.txt
        end dump-result
   
   comparison of dump-results failed:
      missing entry: /test_dir_0036/nonempty_dir1/d2/f3.txt

