#####################################
# Test 1
#####################################
mkdir /test_dir_0001 0o777
Tau
RV_none

chdir /test_dir_0001
Tau
RV_none

mkdir empty_dir1 0o777
Tau
RV_none

mkdir empty_dir2 0o777
Tau
RV_none

mkdir nonempty_dir1 0o777
Tau
RV_none

open_close nonempty_dir1/f1.txt [O_WRONLY;O_CREAT] 0o666
Tau
RV_none

mkdir nonempty_dir1/d2 0o777
Tau
RV_none

open nonempty_dir1/d2/f3.txt [O_WRONLY;O_CREAT] 0o666
Tau
RV_num(3)

write! (FD 3) "Lorem ipsum dolor sit amet, consectetur adipisicing elit, sed do eiusmod tempor inc" 83
Tau
RV_num(83)

close (FD 3)
Tau
RV_none

mkdir nonempty_dir1/d2/d3 0o777
Tau
RV_none

mkdir nonempty_dir2 0o777
Tau
RV_none

open_close nonempty_dir2/f1.txt [O_WRONLY;O_CREAT] 0o666
Tau
RV_none

open nonempty_dir2/f2.txt [O_WRONLY;O_CREAT] 0o666
Tau
RV_num(3)

write! (FD 3) "Lorem ipsum dolor sit amet, consectetur adipisicing elit, sed do eiusmod tempor incididunt ut labore et dolore magna aliqua. Ut enim ad minim veniam, quis nostrud exer" 167
Tau
RV_num(167)

close (FD 3)
Tau
RV_none

mkdir nonempty_dir2/d2 0o777
Tau
RV_none

mkdir nonempty_dir2/d2/d3 0o777
Tau
RV_none

unlink empty_dir1
Tau
EISDIR

dump-result /test_dir_0001
   /test_dir_0001|D|6031
   /test_dir_0001/empty_dir1|D|6033
   /test_dir_0001/empty_dir2|D|6039
   /test_dir_0001/nonempty_dir1|D|6045
   /test_dir_0001/nonempty_dir2|D|6065
   /test_dir_0001/nonempty_dir1/d2|D|6056
   /test_dir_0001/nonempty_dir1/f1.txt|F|6052|0|da39a3ee5e6b4b0d3255bfef95601890afd80709
   /test_dir_0001/nonempty_dir1/d2/d3|D|6064
   /test_dir_0001/nonempty_dir1/d2/f3.txt|F|6060|83|4b535f836f6006423fc132a59e78dfcc4fe6292f
   /test_dir_0001/nonempty_dir2/d2|D|6068
   /test_dir_0001/nonempty_dir2/f1.txt|F|6066|0|da39a3ee5e6b4b0d3255bfef95601890afd80709
   /test_dir_0001/nonempty_dir2/f2.txt|F|6067|167|d09f4e47c22373e56c2369633ac3dcb71d598601
   /test_dir_0001/nonempty_dir2/d2/d3|D|6070
end dump-result


#####################################
# Test 2
#####################################
mkdir /test_dir_0002 0o777
Tau
RV_none

chdir /test_dir_0002
Tau
RV_none

mkdir empty_dir1 0o777
Tau
RV_none

mkdir empty_dir2 0o777
Tau
RV_none

mkdir nonempty_dir1 0o777
Tau
RV_none

open_close nonempty_dir1/f1.txt [O_WRONLY;O_CREAT] 0o666
Tau
RV_none

mkdir nonempty_dir1/d2 0o777
Tau
RV_none

open nonempty_dir1/d2/f3.txt [O_WRONLY;O_CREAT] 0o666
Tau
RV_num(3)

write! (FD 3) "Lorem ipsum dolor sit amet, consectetur adipisicing elit, sed do eiusmod tempor inc" 83
Tau
RV_num(83)

close (FD 3)
Tau
RV_none

mkdir nonempty_dir1/d2/d3 0o777
Tau
RV_none

mkdir nonempty_dir2 0o777
Tau
RV_none

open_close nonempty_dir2/f1.txt [O_WRONLY;O_CREAT] 0o666
Tau
RV_none

open nonempty_dir2/f2.txt [O_WRONLY;O_CREAT] 0o666
Tau
RV_num(3)

write! (FD 3) "Lorem ipsum dolor sit amet, consectetur adipisicing elit, sed do eiusmod tempor incididunt ut labore et dolore magna aliqua. Ut enim ad minim veniam, quis nostrud exer" 167
Tau
RV_num(167)

close (FD 3)
Tau
RV_none

mkdir nonempty_dir2/d2 0o777
Tau
RV_none

mkdir nonempty_dir2/d2/d3 0o777
Tau
RV_none

unlink empty_dir1/
Tau
EISDIR

dump-result /test_dir_0002
   /test_dir_0002|D|6105
   /test_dir_0002/empty_dir1|D|6109
   /test_dir_0002/empty_dir2|D|6111
   /test_dir_0002/nonempty_dir1|D|6112
   /test_dir_0002/nonempty_dir2|D|6122
   /test_dir_0002/nonempty_dir1/d2|D|6118
   /test_dir_0002/nonempty_dir1/f1.txt|F|6113|0|da39a3ee5e6b4b0d3255bfef95601890afd80709
   /test_dir_0002/nonempty_dir1/d2/d3|D|6121
   /test_dir_0002/nonempty_dir1/d2/f3.txt|F|6120|83|4b535f836f6006423fc132a59e78dfcc4fe6292f
   /test_dir_0002/nonempty_dir2/d2|D|6125
   /test_dir_0002/nonempty_dir2/f1.txt|F|6123|0|da39a3ee5e6b4b0d3255bfef95601890afd80709
   /test_dir_0002/nonempty_dir2/f2.txt|F|6124|167|d09f4e47c22373e56c2369633ac3dcb71d598601
   /test_dir_0002/nonempty_dir2/d2/d3|D|6126
end dump-result


#####################################
# Test 3
#####################################
mkdir /test_dir_0003 0o777
Tau
RV_none

chdir /test_dir_0003
Tau
RV_none

mkdir empty_dir1 0o777
Tau
RV_none

mkdir empty_dir2 0o777
Tau
RV_none

mkdir nonempty_dir1 0o777
Tau
RV_none

open_close nonempty_dir1/f1.txt [O_WRONLY;O_CREAT] 0o666
Tau
RV_none

mkdir nonempty_dir1/d2 0o777
Tau
RV_none

open nonempty_dir1/d2/f3.txt [O_WRONLY;O_CREAT] 0o666
Tau
RV_num(3)

write! (FD 3) "Lorem ipsum dolor sit amet, consectetur adipisicing elit, sed do eiusmod tempor inc" 83
Tau
RV_num(83)

close (FD 3)
Tau
RV_none

mkdir nonempty_dir1/d2/d3 0o777
Tau
RV_none

mkdir nonempty_dir2 0o777
Tau
RV_none

open_close nonempty_dir2/f1.txt [O_WRONLY;O_CREAT] 0o666
Tau
RV_none

open nonempty_dir2/f2.txt [O_WRONLY;O_CREAT] 0o666
Tau
RV_num(3)

write! (FD 3) "Lorem ipsum dolor sit amet, consectetur adipisicing elit, sed do eiusmod tempor incididunt ut labore et dolore magna aliqua. Ut enim ad minim veniam, quis nostrud exer" 167
Tau
RV_num(167)

close (FD 3)
Tau
RV_none

mkdir nonempty_dir2/d2 0o777
Tau
RV_none

mkdir nonempty_dir2/d2/d3 0o777
Tau
RV_none

unlink empty_dir2
Tau
EISDIR

dump-result /test_dir_0003
   /test_dir_0003|D|6178
   /test_dir_0003/empty_dir1|D|6181
   /test_dir_0003/empty_dir2|D|6183
   /test_dir_0003/nonempty_dir1|D|6185
   /test_dir_0003/nonempty_dir2|D|6204
   /test_dir_0003/nonempty_dir1/d2|D|6191
   /test_dir_0003/nonempty_dir1/f1.txt|F|6188|0|da39a3ee5e6b4b0d3255bfef95601890afd80709
   /test_dir_0003/nonempty_dir1/d2/d3|D|6200
   /test_dir_0003/nonempty_dir1/d2/f3.txt|F|6194|83|4b535f836f6006423fc132a59e78dfcc4fe6292f
   /test_dir_0003/nonempty_dir2/d2|D|6247
   /test_dir_0003/nonempty_dir2/f1.txt|F|6206|0|da39a3ee5e6b4b0d3255bfef95601890afd80709
   /test_dir_0003/nonempty_dir2/f2.txt|F|6241|167|d09f4e47c22373e56c2369633ac3dcb71d598601
   /test_dir_0003/nonempty_dir2/d2/d3|D|6248
end dump-result


#####################################
# Test 4
#####################################
mkdir /test_dir_0004 0o777
Tau
RV_none

chdir /test_dir_0004
Tau
RV_none

mkdir empty_dir1 0o777
Tau
RV_none

mkdir empty_dir2 0o777
Tau
RV_none

mkdir nonempty_dir1 0o777
Tau
RV_none

open_close nonempty_dir1/f1.txt [O_WRONLY;O_CREAT] 0o666
Tau
RV_none

mkdir nonempty_dir1/d2 0o777
Tau
RV_none

open nonempty_dir1/d2/f3.txt [O_WRONLY;O_CREAT] 0o666
Tau
RV_num(3)

write! (FD 3) "Lorem ipsum dolor sit amet, consectetur adipisicing elit, sed do eiusmod tempor inc" 83
Tau
RV_num(83)

close (FD 3)
Tau
RV_none

mkdir nonempty_dir1/d2/d3 0o777
Tau
RV_none

mkdir nonempty_dir2 0o777
Tau
RV_none

open_close nonempty_dir2/f1.txt [O_WRONLY;O_CREAT] 0o666
Tau
RV_none

open nonempty_dir2/f2.txt [O_WRONLY;O_CREAT] 0o666
Tau
RV_num(3)

write! (FD 3) "Lorem ipsum dolor sit amet, consectetur adipisicing elit, sed do eiusmod tempor incididunt ut labore et dolore magna aliqua. Ut enim ad minim veniam, quis nostrud exer" 167
Tau
RV_num(167)

close (FD 3)
Tau
RV_none

mkdir nonempty_dir2/d2 0o777
Tau
RV_none

mkdir nonempty_dir2/d2/d3 0o777
Tau
RV_none

unlink empty_dir2/
Tau
EISDIR

dump-result /test_dir_0004
   /test_dir_0004|D|6288
   /test_dir_0004/empty_dir1|D|6292
   /test_dir_0004/empty_dir2|D|6294
   /test_dir_0004/nonempty_dir1|D|6297
   /test_dir_0004/nonempty_dir2|D|6305
   /test_dir_0004/nonempty_dir1/d2|D|6300
   /test_dir_0004/nonempty_dir1/f1.txt|F|6299|0|da39a3ee5e6b4b0d3255bfef95601890afd80709
   /test_dir_0004/nonempty_dir1/d2/d3|D|6304
   /test_dir_0004/nonempty_dir1/d2/f3.txt|F|6302|83|4b535f836f6006423fc132a59e78dfcc4fe6292f
   /test_dir_0004/nonempty_dir2/d2|D|6308
   /test_dir_0004/nonempty_dir2/f1.txt|F|6306|0|da39a3ee5e6b4b0d3255bfef95601890afd80709
   /test_dir_0004/nonempty_dir2/f2.txt|F|6307|167|d09f4e47c22373e56c2369633ac3dcb71d598601
   /test_dir_0004/nonempty_dir2/d2/d3|D|6309
end dump-result


#####################################
# Test 5
#####################################
mkdir /test_dir_0005 0o777
Tau
RV_none

chdir /test_dir_0005
Tau
RV_none

mkdir empty_dir1 0o777
Tau
RV_none

mkdir empty_dir2 0o777
Tau
RV_none

mkdir nonempty_dir1 0o777
Tau
RV_none

open_close nonempty_dir1/f1.txt [O_WRONLY;O_CREAT] 0o666
Tau
RV_none

mkdir nonempty_dir1/d2 0o777
Tau
RV_none

open nonempty_dir1/d2/f3.txt [O_WRONLY;O_CREAT] 0o666
Tau
RV_num(3)

write! (FD 3) "Lorem ipsum dolor sit amet, consectetur adipisicing elit, sed do eiusmod tempor inc" 83
Tau
RV_num(83)

close (FD 3)
Tau
RV_none

mkdir nonempty_dir1/d2/d3 0o777
Tau
RV_none

mkdir nonempty_dir2 0o777
Tau
RV_none

open_close nonempty_dir2/f1.txt [O_WRONLY;O_CREAT] 0o666
Tau
RV_none

open nonempty_dir2/f2.txt [O_WRONLY;O_CREAT] 0o666
Tau
RV_num(3)

write! (FD 3) "Lorem ipsum dolor sit amet, consectetur adipisicing elit, sed do eiusmod tempor incididunt ut labore et dolore magna aliqua. Ut enim ad minim veniam, quis nostrud exer" 167
Tau
RV_num(167)

close (FD 3)
Tau
RV_none

mkdir nonempty_dir2/d2 0o777
Tau
RV_none

mkdir nonempty_dir2/d2/d3 0o777
Tau
RV_none

unlink nonempty_dir1
Tau
EISDIR

dump-result /test_dir_0005
   /test_dir_0005|D|6324
   /test_dir_0005/empty_dir1|D|6325
   /test_dir_0005/empty_dir2|D|6326
   /test_dir_0005/nonempty_dir1|D|6327
   /test_dir_0005/nonempty_dir2|D|6339
   /test_dir_0005/nonempty_dir1/d2|D|6331
   /test_dir_0005/nonempty_dir1/f1.txt|F|6329|0|da39a3ee5e6b4b0d3255bfef95601890afd80709
   /test_dir_0005/nonempty_dir1/d2/d3|D|6338
   /test_dir_0005/nonempty_dir1/d2/f3.txt|F|6333|83|4b535f836f6006423fc132a59e78dfcc4fe6292f
   /test_dir_0005/nonempty_dir2/d2|D|6357
   /test_dir_0005/nonempty_dir2/f1.txt|F|6342|0|da39a3ee5e6b4b0d3255bfef95601890afd80709
   /test_dir_0005/nonempty_dir2/f2.txt|F|6347|167|d09f4e47c22373e56c2369633ac3dcb71d598601
   /test_dir_0005/nonempty_dir2/d2/d3|D|6361
end dump-result


#####################################
# Test 6
#####################################
mkdir /test_dir_0006 0o777
Tau
RV_none

chdir /test_dir_0006
Tau
RV_none

mkdir empty_dir1 0o777
Tau
RV_none

mkdir empty_dir2 0o777
Tau
RV_none

mkdir nonempty_dir1 0o777
Tau
RV_none

open_close nonempty_dir1/f1.txt [O_WRONLY;O_CREAT] 0o666
Tau
RV_none

mkdir nonempty_dir1/d2 0o777
Tau
RV_none

open nonempty_dir1/d2/f3.txt [O_WRONLY;O_CREAT] 0o666
Tau
RV_num(3)

write! (FD 3) "Lorem ipsum dolor sit amet, consectetur adipisicing elit, sed do eiusmod tempor inc" 83
Tau
RV_num(83)

close (FD 3)
Tau
RV_none

mkdir nonempty_dir1/d2/d3 0o777
Tau
RV_none

mkdir nonempty_dir2 0o777
Tau
RV_none

open_close nonempty_dir2/f1.txt [O_WRONLY;O_CREAT] 0o666
Tau
RV_none

open nonempty_dir2/f2.txt [O_WRONLY;O_CREAT] 0o666
Tau
RV_num(3)

write! (FD 3) "Lorem ipsum dolor sit amet, consectetur adipisicing elit, sed do eiusmod tempor incididunt ut labore et dolore magna aliqua. Ut enim ad minim veniam, quis nostrud exer" 167
Tau
RV_num(167)

close (FD 3)
Tau
RV_none

mkdir nonempty_dir2/d2 0o777
Tau
RV_none

mkdir nonempty_dir2/d2/d3 0o777
Tau
RV_none

unlink nonempty_dir1/
Tau
EISDIR

dump-result /test_dir_0006
   /test_dir_0006|D|6423
   /test_dir_0006/empty_dir1|D|6427
   /test_dir_0006/empty_dir2|D|6430
   /test_dir_0006/nonempty_dir1|D|6432
   /test_dir_0006/nonempty_dir2|D|6437
   /test_dir_0006/nonempty_dir1/d2|D|6434
   /test_dir_0006/nonempty_dir1/f1.txt|F|6433|0|da39a3ee5e6b4b0d3255bfef95601890afd80709
   /test_dir_0006/nonempty_dir1/d2/d3|D|6436
   /test_dir_0006/nonempty_dir1/d2/f3.txt|F|6435|83|4b535f836f6006423fc132a59e78dfcc4fe6292f
   /test_dir_0006/nonempty_dir2/d2|D|6440
   /test_dir_0006/nonempty_dir2/f1.txt|F|6438|0|da39a3ee5e6b4b0d3255bfef95601890afd80709
   /test_dir_0006/nonempty_dir2/f2.txt|F|6439|167|d09f4e47c22373e56c2369633ac3dcb71d598601
   /test_dir_0006/nonempty_dir2/d2/d3|D|6441
end dump-result


#####################################
# Test 7
#####################################
mkdir /test_dir_0007 0o777
Tau
RV_none

chdir /test_dir_0007
Tau
RV_none

mkdir empty_dir1 0o777
Tau
RV_none

mkdir empty_dir2 0o777
Tau
RV_none

mkdir nonempty_dir1 0o777
Tau
RV_none

open_close nonempty_dir1/f1.txt [O_WRONLY;O_CREAT] 0o666
Tau
RV_none

mkdir nonempty_dir1/d2 0o777
Tau
RV_none

open nonempty_dir1/d2/f3.txt [O_WRONLY;O_CREAT] 0o666
Tau
RV_num(3)

write! (FD 3) "Lorem ipsum dolor sit amet, consectetur adipisicing elit, sed do eiusmod tempor inc" 83
Tau
RV_num(83)

close (FD 3)
Tau
RV_none

mkdir nonempty_dir1/d2/d3 0o777
Tau
RV_none

mkdir nonempty_dir2 0o777
Tau
RV_none

open_close nonempty_dir2/f1.txt [O_WRONLY;O_CREAT] 0o666
Tau
RV_none

open nonempty_dir2/f2.txt [O_WRONLY;O_CREAT] 0o666
Tau
RV_num(3)

write! (FD 3) "Lorem ipsum dolor sit amet, consectetur adipisicing elit, sed do eiusmod tempor incididunt ut labore et dolore magna aliqua. Ut enim ad minim veniam, quis nostrud exer" 167
Tau
RV_num(167)

close (FD 3)
Tau
RV_none

mkdir nonempty_dir2/d2 0o777
Tau
RV_none

mkdir nonempty_dir2/d2/d3 0o777
Tau
RV_none

unlink nonempty_dir1/d2
Tau
EISDIR

dump-result /test_dir_0007
   /test_dir_0007|D|6452
   /test_dir_0007/empty_dir1|D|6454
   /test_dir_0007/empty_dir2|D|6455
   /test_dir_0007/nonempty_dir1|D|6457
   /test_dir_0007/nonempty_dir2|D|6463
   /test_dir_0007/nonempty_dir1/d2|D|6460
   /test_dir_0007/nonempty_dir1/f1.txt|F|6459|0|da39a3ee5e6b4b0d3255bfef95601890afd80709
   /test_dir_0007/nonempty_dir1/d2/d3|D|6462
   /test_dir_0007/nonempty_dir1/d2/f3.txt|F|6461|83|4b535f836f6006423fc132a59e78dfcc4fe6292f
   /test_dir_0007/nonempty_dir2/d2|D|6466
   /test_dir_0007/nonempty_dir2/f1.txt|F|6464|0|da39a3ee5e6b4b0d3255bfef95601890afd80709
   /test_dir_0007/nonempty_dir2/f2.txt|F|6465|167|d09f4e47c22373e56c2369633ac3dcb71d598601
   /test_dir_0007/nonempty_dir2/d2/d3|D|6467
end dump-result


#####################################
# Test 8
#####################################
mkdir /test_dir_0008 0o777
Tau
RV_none

chdir /test_dir_0008
Tau
RV_none

mkdir empty_dir1 0o777
Tau
RV_none

mkdir empty_dir2 0o777
Tau
RV_none

mkdir nonempty_dir1 0o777
Tau
RV_none

open_close nonempty_dir1/f1.txt [O_WRONLY;O_CREAT] 0o666
Tau
RV_none

mkdir nonempty_dir1/d2 0o777
Tau
RV_none

open nonempty_dir1/d2/f3.txt [O_WRONLY;O_CREAT] 0o666
Tau
RV_num(3)

write! (FD 3) "Lorem ipsum dolor sit amet, consectetur adipisicing elit, sed do eiusmod tempor inc" 83
Tau
RV_num(83)

close (FD 3)
Tau
RV_none

mkdir nonempty_dir1/d2/d3 0o777
Tau
RV_none

mkdir nonempty_dir2 0o777
Tau
RV_none

open_close nonempty_dir2/f1.txt [O_WRONLY;O_CREAT] 0o666
Tau
RV_none

open nonempty_dir2/f2.txt [O_WRONLY;O_CREAT] 0o666
Tau
RV_num(3)

write! (FD 3) "Lorem ipsum dolor sit amet, consectetur adipisicing elit, sed do eiusmod tempor incididunt ut labore et dolore magna aliqua. Ut enim ad minim veniam, quis nostrud exer" 167
Tau
RV_num(167)

close (FD 3)
Tau
RV_none

mkdir nonempty_dir2/d2 0o777
Tau
RV_none

mkdir nonempty_dir2/d2/d3 0o777
Tau
RV_none

unlink nonempty_dir1/d2/
Tau
EISDIR

dump-result /test_dir_0008
   /test_dir_0008|D|6478
   /test_dir_0008/empty_dir1|D|6480
   /test_dir_0008/empty_dir2|D|6481
   /test_dir_0008/nonempty_dir1|D|6482
   /test_dir_0008/nonempty_dir2|D|6489
   /test_dir_0008/nonempty_dir1/d2|D|6486
   /test_dir_0008/nonempty_dir1/f1.txt|F|6484|0|da39a3ee5e6b4b0d3255bfef95601890afd80709
   /test_dir_0008/nonempty_dir1/d2/d3|D|6488
   /test_dir_0008/nonempty_dir1/d2/f3.txt|F|6487|83|4b535f836f6006423fc132a59e78dfcc4fe6292f
   /test_dir_0008/nonempty_dir2/d2|D|6492
   /test_dir_0008/nonempty_dir2/f1.txt|F|6490|0|da39a3ee5e6b4b0d3255bfef95601890afd80709
   /test_dir_0008/nonempty_dir2/f2.txt|F|6491|167|d09f4e47c22373e56c2369633ac3dcb71d598601
   /test_dir_0008/nonempty_dir2/d2/d3|D|6493
end dump-result


#####################################
# Test 9
#####################################
mkdir /test_dir_0009 0o777
Tau
RV_none

chdir /test_dir_0009
Tau
RV_none

mkdir empty_dir1 0o777
Tau
RV_none

mkdir empty_dir2 0o777
Tau
RV_none

mkdir nonempty_dir1 0o777
Tau
RV_none

open_close nonempty_dir1/f1.txt [O_WRONLY;O_CREAT] 0o666
Tau
RV_none

mkdir nonempty_dir1/d2 0o777
Tau
RV_none

open nonempty_dir1/d2/f3.txt [O_WRONLY;O_CREAT] 0o666
Tau
RV_num(3)

write! (FD 3) "Lorem ipsum dolor sit amet, consectetur adipisicing elit, sed do eiusmod tempor inc" 83
Tau
RV_num(83)

close (FD 3)
Tau
RV_none

mkdir nonempty_dir1/d2/d3 0o777
Tau
RV_none

mkdir nonempty_dir2 0o777
Tau
RV_none

open_close nonempty_dir2/f1.txt [O_WRONLY;O_CREAT] 0o666
Tau
RV_none

open nonempty_dir2/f2.txt [O_WRONLY;O_CREAT] 0o666
Tau
RV_num(3)

write! (FD 3) "Lorem ipsum dolor sit amet, consectetur adipisicing elit, sed do eiusmod tempor incididunt ut labore et dolore magna aliqua. Ut enim ad minim veniam, quis nostrud exer" 167
Tau
RV_num(167)

close (FD 3)
Tau
RV_none

mkdir nonempty_dir2/d2 0o777
Tau
RV_none

mkdir nonempty_dir2/d2/d3 0o777
Tau
RV_none

unlink nonempty_dir1/d2/broken_sl/nonexist_6
Tau
ENOENT

dump-result /test_dir_0009
   /test_dir_0009|D|6504
   /test_dir_0009/empty_dir1|D|6506
   /test_dir_0009/empty_dir2|D|6508
   /test_dir_0009/nonempty_dir1|D|6510
   /test_dir_0009/nonempty_dir2|D|6515
   /test_dir_0009/nonempty_dir1/d2|D|6512
   /test_dir_0009/nonempty_dir1/f1.txt|F|6511|0|da39a3ee5e6b4b0d3255bfef95601890afd80709
   /test_dir_0009/nonempty_dir1/d2/d3|D|6514
   /test_dir_0009/nonempty_dir1/d2/f3.txt|F|6513|83|4b535f836f6006423fc132a59e78dfcc4fe6292f
   /test_dir_0009/nonempty_dir2/d2|D|6520
   /test_dir_0009/nonempty_dir2/f1.txt|F|6516|0|da39a3ee5e6b4b0d3255bfef95601890afd80709
   /test_dir_0009/nonempty_dir2/f2.txt|F|6517|167|d09f4e47c22373e56c2369633ac3dcb71d598601
   /test_dir_0009/nonempty_dir2/d2/d3|D|6521
end dump-result


#####################################
# Test 10
#####################################
mkdir /test_dir_0010 0o777
Tau
RV_none

chdir /test_dir_0010
Tau
RV_none

mkdir empty_dir1 0o777
Tau
RV_none

mkdir empty_dir2 0o777
Tau
RV_none

mkdir nonempty_dir1 0o777
Tau
RV_none

open_close nonempty_dir1/f1.txt [O_WRONLY;O_CREAT] 0o666
Tau
RV_none

mkdir nonempty_dir1/d2 0o777
Tau
RV_none

open nonempty_dir1/d2/f3.txt [O_WRONLY;O_CREAT] 0o666
Tau
RV_num(3)

write! (FD 3) "Lorem ipsum dolor sit amet, consectetur adipisicing elit, sed do eiusmod tempor inc" 83
Tau
RV_num(83)

close (FD 3)
Tau
RV_none

mkdir nonempty_dir1/d2/d3 0o777
Tau
RV_none

mkdir nonempty_dir2 0o777
Tau
RV_none

open_close nonempty_dir2/f1.txt [O_WRONLY;O_CREAT] 0o666
Tau
RV_none

open nonempty_dir2/f2.txt [O_WRONLY;O_CREAT] 0o666
Tau
RV_num(3)

write! (FD 3) "Lorem ipsum dolor sit amet, consectetur adipisicing elit, sed do eiusmod tempor incididunt ut labore et dolore magna aliqua. Ut enim ad minim veniam, quis nostrud exer" 167
Tau
RV_num(167)

close (FD 3)
Tau
RV_none

mkdir nonempty_dir2/d2 0o777
Tau
RV_none

mkdir nonempty_dir2/d2/d3 0o777
Tau
RV_none

unlink nonempty_dir1/d2/broken_sl/nonexist_6/
Tau
ENOENT

dump-result /test_dir_0010
   /test_dir_0010|D|6571
   /test_dir_0010/empty_dir1|D|6573
   /test_dir_0010/empty_dir2|D|6574
   /test_dir_0010/nonempty_dir1|D|6575
   /test_dir_0010/nonempty_dir2|D|6582
   /test_dir_0010/nonempty_dir1/d2|D|6579
   /test_dir_0010/nonempty_dir1/f1.txt|F|6576|0|da39a3ee5e6b4b0d3255bfef95601890afd80709
   /test_dir_0010/nonempty_dir1/d2/d3|D|6581
   /test_dir_0010/nonempty_dir1/d2/f3.txt|F|6580|83|4b535f836f6006423fc132a59e78dfcc4fe6292f
   /test_dir_0010/nonempty_dir2/d2|D|6587
   /test_dir_0010/nonempty_dir2/f1.txt|F|6583|0|da39a3ee5e6b4b0d3255bfef95601890afd80709
   /test_dir_0010/nonempty_dir2/f2.txt|F|6584|167|d09f4e47c22373e56c2369633ac3dcb71d598601
   /test_dir_0010/nonempty_dir2/d2/d3|D|6592
end dump-result


#####################################
# Test 11
#####################################
mkdir /test_dir_0011 0o777
Tau
RV_none

chdir /test_dir_0011
Tau
RV_none

mkdir empty_dir1 0o777
Tau
RV_none

mkdir empty_dir2 0o777
Tau
RV_none

mkdir nonempty_dir1 0o777
Tau
RV_none

open_close nonempty_dir1/f1.txt [O_WRONLY;O_CREAT] 0o666
Tau
RV_none

mkdir nonempty_dir1/d2 0o777
Tau
RV_none

open nonempty_dir1/d2/f3.txt [O_WRONLY;O_CREAT] 0o666
Tau
RV_num(3)

write! (FD 3) "Lorem ipsum dolor sit amet, consectetur adipisicing elit, sed do eiusmod tempor inc" 83
Tau
RV_num(83)

close (FD 3)
Tau
RV_none

mkdir nonempty_dir1/d2/d3 0o777
Tau
RV_none

mkdir nonempty_dir2 0o777
Tau
RV_none

open_close nonempty_dir2/f1.txt [O_WRONLY;O_CREAT] 0o666
Tau
RV_none

open nonempty_dir2/f2.txt [O_WRONLY;O_CREAT] 0o666
Tau
RV_num(3)

write! (FD 3) "Lorem ipsum dolor sit amet, consectetur adipisicing elit, sed do eiusmod tempor incididunt ut labore et dolore magna aliqua. Ut enim ad minim veniam, quis nostrud exer" 167
Tau
RV_num(167)

close (FD 3)
Tau
RV_none

mkdir nonempty_dir2/d2 0o777
Tau
RV_none

mkdir nonempty_dir2/d2/d3 0o777
Tau
RV_none

unlink nonempty_dir1/d2/d3
Tau
EISDIR

dump-result /test_dir_0011
   /test_dir_0011|D|6613
   /test_dir_0011/empty_dir1|D|6614
   /test_dir_0011/empty_dir2|D|6615
   /test_dir_0011/nonempty_dir1|D|6616
   /test_dir_0011/nonempty_dir2|D|6621
   /test_dir_0011/nonempty_dir1/d2|D|6618
   /test_dir_0011/nonempty_dir1/f1.txt|F|6617|0|da39a3ee5e6b4b0d3255bfef95601890afd80709
   /test_dir_0011/nonempty_dir1/d2/d3|D|6620
   /test_dir_0011/nonempty_dir1/d2/f3.txt|F|6619|83|4b535f836f6006423fc132a59e78dfcc4fe6292f
   /test_dir_0011/nonempty_dir2/d2|D|6628
   /test_dir_0011/nonempty_dir2/f1.txt|F|6622|0|da39a3ee5e6b4b0d3255bfef95601890afd80709
   /test_dir_0011/nonempty_dir2/f2.txt|F|6624|167|d09f4e47c22373e56c2369633ac3dcb71d598601
   /test_dir_0011/nonempty_dir2/d2/d3|D|6630
end dump-result


#####################################
# Test 12
#####################################
mkdir /test_dir_0012 0o777
Tau
RV_none

chdir /test_dir_0012
Tau
RV_none

mkdir empty_dir1 0o777
Tau
RV_none

mkdir empty_dir2 0o777
Tau
RV_none

mkdir nonempty_dir1 0o777
Tau
RV_none

open_close nonempty_dir1/f1.txt [O_WRONLY;O_CREAT] 0o666
Tau
RV_none

mkdir nonempty_dir1/d2 0o777
Tau
RV_none

open nonempty_dir1/d2/f3.txt [O_WRONLY;O_CREAT] 0o666
Tau
RV_num(3)

write! (FD 3) "Lorem ipsum dolor sit amet, consectetur adipisicing elit, sed do eiusmod tempor inc" 83
Tau
RV_num(83)

close (FD 3)
Tau
RV_none

mkdir nonempty_dir1/d2/d3 0o777
Tau
RV_none

mkdir nonempty_dir2 0o777
Tau
RV_none

open_close nonempty_dir2/f1.txt [O_WRONLY;O_CREAT] 0o666
Tau
RV_none

open nonempty_dir2/f2.txt [O_WRONLY;O_CREAT] 0o666
Tau
RV_num(3)

write! (FD 3) "Lorem ipsum dolor sit amet, consectetur adipisicing elit, sed do eiusmod tempor incididunt ut labore et dolore magna aliqua. Ut enim ad minim veniam, quis nostrud exer" 167
Tau
RV_num(167)

close (FD 3)
Tau
RV_none

mkdir nonempty_dir2/d2 0o777
Tau
RV_none

mkdir nonempty_dir2/d2/d3 0o777
Tau
RV_none

unlink nonempty_dir1/d2/d3/
Tau
EISDIR

dump-result /test_dir_0012
   /test_dir_0012|D|6639
   /test_dir_0012/empty_dir1|D|6640
   /test_dir_0012/empty_dir2|D|6641
   /test_dir_0012/nonempty_dir1|D|6642
   /test_dir_0012/nonempty_dir2|D|6647
   /test_dir_0012/nonempty_dir1/d2|D|6644
   /test_dir_0012/nonempty_dir1/f1.txt|F|6643|0|da39a3ee5e6b4b0d3255bfef95601890afd80709
   /test_dir_0012/nonempty_dir1/d2/d3|D|6646
   /test_dir_0012/nonempty_dir1/d2/f3.txt|F|6645|83|4b535f836f6006423fc132a59e78dfcc4fe6292f
   /test_dir_0012/nonempty_dir2/d2|D|6651
   /test_dir_0012/nonempty_dir2/f1.txt|F|6648|0|da39a3ee5e6b4b0d3255bfef95601890afd80709
   /test_dir_0012/nonempty_dir2/f2.txt|F|6649|167|d09f4e47c22373e56c2369633ac3dcb71d598601
   /test_dir_0012/nonempty_dir2/d2/d3|D|6652
end dump-result


#####################################
# Test 13
#####################################
mkdir /test_dir_0013 0o777
Tau
RV_none

chdir /test_dir_0013
Tau
RV_none

mkdir empty_dir1 0o777
Tau
RV_none

mkdir empty_dir2 0o777
Tau
RV_none

mkdir nonempty_dir1 0o777
Tau
RV_none

open_close nonempty_dir1/f1.txt [O_WRONLY;O_CREAT] 0o666
Tau
RV_none

mkdir nonempty_dir1/d2 0o777
Tau
RV_none

open nonempty_dir1/d2/f3.txt [O_WRONLY;O_CREAT] 0o666
Tau
RV_num(3)

write! (FD 3) "Lorem ipsum dolor sit amet, consectetur adipisicing elit, sed do eiusmod tempor inc" 83
Tau
RV_num(83)

close (FD 3)
Tau
RV_none

mkdir nonempty_dir1/d2/d3 0o777
Tau
RV_none

mkdir nonempty_dir2 0o777
Tau
RV_none

open_close nonempty_dir2/f1.txt [O_WRONLY;O_CREAT] 0o666
Tau
RV_none

open nonempty_dir2/f2.txt [O_WRONLY;O_CREAT] 0o666
Tau
RV_num(3)

write! (FD 3) "Lorem ipsum dolor sit amet, consectetur adipisicing elit, sed do eiusmod tempor incididunt ut labore et dolore magna aliqua. Ut enim ad minim veniam, quis nostrud exer" 167
Tau
RV_num(167)

close (FD 3)
Tau
RV_none

mkdir nonempty_dir2/d2 0o777
Tau
RV_none

mkdir nonempty_dir2/d2/d3 0o777
Tau
RV_none

unlink nonempty_dir1/d2/f3.txt
Tau
RV_none

dump-result /test_dir_0013
   /test_dir_0013|D|6676
   /test_dir_0013/empty_dir1|D|6679
   /test_dir_0013/empty_dir2|D|6680
   /test_dir_0013/nonempty_dir1|D|6681
   /test_dir_0013/nonempty_dir2|D|6686
   /test_dir_0013/nonempty_dir1/d2|D|6683
   /test_dir_0013/nonempty_dir1/f1.txt|F|6682|0|da39a3ee5e6b4b0d3255bfef95601890afd80709
   /test_dir_0013/nonempty_dir1/d2/d3|D|6685
   /test_dir_0013/nonempty_dir2/d2|D|6702
   /test_dir_0013/nonempty_dir2/f1.txt|F|6687|0|da39a3ee5e6b4b0d3255bfef95601890afd80709
   /test_dir_0013/nonempty_dir2/f2.txt|F|6689|167|d09f4e47c22373e56c2369633ac3dcb71d598601
   /test_dir_0013/nonempty_dir2/d2/d3|D|6705
end dump-result


#####################################
# Test 14
#####################################
mkdir /test_dir_0014 0o777
Tau
RV_none

chdir /test_dir_0014
Tau
RV_none

mkdir empty_dir1 0o777
Tau
RV_none

mkdir empty_dir2 0o777
Tau
RV_none

mkdir nonempty_dir1 0o777
Tau
RV_none

open_close nonempty_dir1/f1.txt [O_WRONLY;O_CREAT] 0o666
Tau
RV_none

mkdir nonempty_dir1/d2 0o777
Tau
RV_none

open nonempty_dir1/d2/f3.txt [O_WRONLY;O_CREAT] 0o666
Tau
RV_num(3)

write! (FD 3) "Lorem ipsum dolor sit amet, consectetur adipisicing elit, sed do eiusmod tempor inc" 83
Tau
RV_num(83)

close (FD 3)
Tau
RV_none

mkdir nonempty_dir1/d2/d3 0o777
Tau
RV_none

mkdir nonempty_dir2 0o777
Tau
RV_none

open_close nonempty_dir2/f1.txt [O_WRONLY;O_CREAT] 0o666
Tau
RV_none

open nonempty_dir2/f2.txt [O_WRONLY;O_CREAT] 0o666
Tau
RV_num(3)

write! (FD 3) "Lorem ipsum dolor sit amet, consectetur adipisicing elit, sed do eiusmod tempor incididunt ut labore et dolore magna aliqua. Ut enim ad minim veniam, quis nostrud exer" 167
Tau
RV_num(167)

close (FD 3)
Tau
RV_none

mkdir nonempty_dir2/d2 0o777
Tau
RV_none

mkdir nonempty_dir2/d2/d3 0o777
Tau
RV_none

unlink nonempty_dir1/d2/f3.txt/
Tau
ENOTDIR

dump-result /test_dir_0014
   /test_dir_0014|D|6747
   /test_dir_0014/empty_dir1|D|6748
   /test_dir_0014/empty_dir2|D|6749
   /test_dir_0014/nonempty_dir1|D|6750
   /test_dir_0014/nonempty_dir2|D|6755
   /test_dir_0014/nonempty_dir1/d2|D|6752
   /test_dir_0014/nonempty_dir1/f1.txt|F|6751|0|da39a3ee5e6b4b0d3255bfef95601890afd80709
   /test_dir_0014/nonempty_dir1/d2/d3|D|6754
   /test_dir_0014/nonempty_dir1/d2/f3.txt|F|6753|83|4b535f836f6006423fc132a59e78dfcc4fe6292f
   /test_dir_0014/nonempty_dir2/d2|D|6758
   /test_dir_0014/nonempty_dir2/f1.txt|F|6756|0|da39a3ee5e6b4b0d3255bfef95601890afd80709
   /test_dir_0014/nonempty_dir2/f2.txt|F|6757|167|d09f4e47c22373e56c2369633ac3dcb71d598601
   /test_dir_0014/nonempty_dir2/d2/d3|D|6759
end dump-result


#####################################
# Test 15
#####################################
mkdir /test_dir_0015 0o777
Tau
RV_none

chdir /test_dir_0015
Tau
RV_none

mkdir empty_dir1 0o777
Tau
RV_none

mkdir empty_dir2 0o777
Tau
RV_none

mkdir nonempty_dir1 0o777
Tau
RV_none

open_close nonempty_dir1/f1.txt [O_WRONLY;O_CREAT] 0o666
Tau
RV_none

mkdir nonempty_dir1/d2 0o777
Tau
RV_none

open nonempty_dir1/d2/f3.txt [O_WRONLY;O_CREAT] 0o666
Tau
RV_num(3)

write! (FD 3) "Lorem ipsum dolor sit amet, consectetur adipisicing elit, sed do eiusmod tempor inc" 83
Tau
RV_num(83)

close (FD 3)
Tau
RV_none

mkdir nonempty_dir1/d2/d3 0o777
Tau
RV_none

mkdir nonempty_dir2 0o777
Tau
RV_none

open_close nonempty_dir2/f1.txt [O_WRONLY;O_CREAT] 0o666
Tau
RV_none

open nonempty_dir2/f2.txt [O_WRONLY;O_CREAT] 0o666
Tau
RV_num(3)

write! (FD 3) "Lorem ipsum dolor sit amet, consectetur adipisicing elit, sed do eiusmod tempor incididunt ut labore et dolore magna aliqua. Ut enim ad minim veniam, quis nostrud exer" 167
Tau
RV_num(167)

close (FD 3)
Tau
RV_none

mkdir nonempty_dir2/d2 0o777
Tau
RV_none

mkdir nonempty_dir2/d2/d3 0o777
Tau
RV_none

unlink nonempty_dir1/f1.txt
Tau
RV_none

dump-result /test_dir_0015
   /test_dir_0015|D|6761
   /test_dir_0015/empty_dir1|D|6763
   /test_dir_0015/empty_dir2|D|6765
   /test_dir_0015/nonempty_dir1|D|6766
   /test_dir_0015/nonempty_dir2|D|6775
   /test_dir_0015/nonempty_dir1/d2|D|6768
   /test_dir_0015/nonempty_dir1/d2/d3|D|6773
   /test_dir_0015/nonempty_dir1/d2/f3.txt|F|6770|83|4b535f836f6006423fc132a59e78dfcc4fe6292f
   /test_dir_0015/nonempty_dir2/d2|D|6780
   /test_dir_0015/nonempty_dir2/f1.txt|F|6776|0|da39a3ee5e6b4b0d3255bfef95601890afd80709
   /test_dir_0015/nonempty_dir2/f2.txt|F|6777|167|d09f4e47c22373e56c2369633ac3dcb71d598601
   /test_dir_0015/nonempty_dir2/d2/d3|D|6781
end dump-result


#####################################
# Test 16
#####################################
mkdir /test_dir_0016 0o777
Tau
RV_none

chdir /test_dir_0016
Tau
RV_none

mkdir empty_dir1 0o777
Tau
RV_none

mkdir empty_dir2 0o777
Tau
RV_none

mkdir nonempty_dir1 0o777
Tau
RV_none

open_close nonempty_dir1/f1.txt [O_WRONLY;O_CREAT] 0o666
Tau
RV_none

mkdir nonempty_dir1/d2 0o777
Tau
RV_none

open nonempty_dir1/d2/f3.txt [O_WRONLY;O_CREAT] 0o666
Tau
RV_num(3)

write! (FD 3) "Lorem ipsum dolor sit amet, consectetur adipisicing elit, sed do eiusmod tempor inc" 83
Tau
RV_num(83)

close (FD 3)
Tau
RV_none

mkdir nonempty_dir1/d2/d3 0o777
Tau
RV_none

mkdir nonempty_dir2 0o777
Tau
RV_none

open_close nonempty_dir2/f1.txt [O_WRONLY;O_CREAT] 0o666
Tau
RV_none

open nonempty_dir2/f2.txt [O_WRONLY;O_CREAT] 0o666
Tau
RV_num(3)

write! (FD 3) "Lorem ipsum dolor sit amet, consectetur adipisicing elit, sed do eiusmod tempor incididunt ut labore et dolore magna aliqua. Ut enim ad minim veniam, quis nostrud exer" 167
Tau
RV_num(167)

close (FD 3)
Tau
RV_none

mkdir nonempty_dir2/d2 0o777
Tau
RV_none

mkdir nonempty_dir2/d2/d3 0o777
Tau
RV_none

unlink nonempty_dir1/f1.txt/
Tau
ENOTDIR

dump-result /test_dir_0016
   /test_dir_0016|D|6806
   /test_dir_0016/empty_dir1|D|6809
   /test_dir_0016/empty_dir2|D|6810
   /test_dir_0016/nonempty_dir1|D|6811
   /test_dir_0016/nonempty_dir2|D|6829
   /test_dir_0016/nonempty_dir1/d2|D|6820
   /test_dir_0016/nonempty_dir1/f1.txt|F|6812|0|da39a3ee5e6b4b0d3255bfef95601890afd80709
   /test_dir_0016/nonempty_dir1/d2/d3|D|6828
   /test_dir_0016/nonempty_dir1/d2/f3.txt|F|6823|83|4b535f836f6006423fc132a59e78dfcc4fe6292f
   /test_dir_0016/nonempty_dir2/d2|D|6838
   /test_dir_0016/nonempty_dir2/f1.txt|F|6830|0|da39a3ee5e6b4b0d3255bfef95601890afd80709
   /test_dir_0016/nonempty_dir2/f2.txt|F|6832|167|d09f4e47c22373e56c2369633ac3dcb71d598601
   /test_dir_0016/nonempty_dir2/d2/d3|D|6841
end dump-result


#####################################
# Test 17
#####################################
mkdir /test_dir_0017 0o777
Tau
RV_none

chdir /test_dir_0017
Tau
RV_none

mkdir empty_dir1 0o777
Tau
RV_none

mkdir empty_dir2 0o777
Tau
RV_none

mkdir nonempty_dir1 0o777
Tau
RV_none

open_close nonempty_dir1/f1.txt [O_WRONLY;O_CREAT] 0o666
Tau
RV_none

mkdir nonempty_dir1/d2 0o777
Tau
RV_none

open nonempty_dir1/d2/f3.txt [O_WRONLY;O_CREAT] 0o666
Tau
RV_num(3)

write! (FD 3) "Lorem ipsum dolor sit amet, consectetur adipisicing elit, sed do eiusmod tempor inc" 83
Tau
RV_num(83)

close (FD 3)
Tau
RV_none

mkdir nonempty_dir1/d2/d3 0o777
Tau
RV_none

mkdir nonempty_dir2 0o777
Tau
RV_none

open_close nonempty_dir2/f1.txt [O_WRONLY;O_CREAT] 0o666
Tau
RV_none

open nonempty_dir2/f2.txt [O_WRONLY;O_CREAT] 0o666
Tau
RV_num(3)

write! (FD 3) "Lorem ipsum dolor sit amet, consectetur adipisicing elit, sed do eiusmod tempor incididunt ut labore et dolore magna aliqua. Ut enim ad minim veniam, quis nostrud exer" 167
Tau
RV_num(167)

close (FD 3)
Tau
RV_none

mkdir nonempty_dir2/d2 0o777
Tau
RV_none

mkdir nonempty_dir2/d2/d3 0o777
Tau
RV_none

unlink nonempty_dir1/f1.txt/nonexist_5
Tau
ENOTDIR

dump-result /test_dir_0017
   /test_dir_0017|D|6866
   /test_dir_0017/empty_dir1|D|6867
   /test_dir_0017/empty_dir2|D|6868
   /test_dir_0017/nonempty_dir1|D|6869
   /test_dir_0017/nonempty_dir2|D|6874
   /test_dir_0017/nonempty_dir1/d2|D|6871
   /test_dir_0017/nonempty_dir1/f1.txt|F|6870|0|da39a3ee5e6b4b0d3255bfef95601890afd80709
   /test_dir_0017/nonempty_dir1/d2/d3|D|6873
   /test_dir_0017/nonempty_dir1/d2/f3.txt|F|6872|83|4b535f836f6006423fc132a59e78dfcc4fe6292f
   /test_dir_0017/nonempty_dir2/d2|D|6877
   /test_dir_0017/nonempty_dir2/f1.txt|F|6875|0|da39a3ee5e6b4b0d3255bfef95601890afd80709
   /test_dir_0017/nonempty_dir2/f2.txt|F|6876|167|d09f4e47c22373e56c2369633ac3dcb71d598601
   /test_dir_0017/nonempty_dir2/d2/d3|D|6878
end dump-result


#####################################
# Test 18
#####################################
mkdir /test_dir_0018 0o777
Tau
RV_none

chdir /test_dir_0018
Tau
RV_none

mkdir empty_dir1 0o777
Tau
RV_none

mkdir empty_dir2 0o777
Tau
RV_none

mkdir nonempty_dir1 0o777
Tau
RV_none

open_close nonempty_dir1/f1.txt [O_WRONLY;O_CREAT] 0o666
Tau
RV_none

mkdir nonempty_dir1/d2 0o777
Tau
RV_none

open nonempty_dir1/d2/f3.txt [O_WRONLY;O_CREAT] 0o666
Tau
RV_num(3)

write! (FD 3) "Lorem ipsum dolor sit amet, consectetur adipisicing elit, sed do eiusmod tempor inc" 83
Tau
RV_num(83)

close (FD 3)
Tau
RV_none

mkdir nonempty_dir1/d2/d3 0o777
Tau
RV_none

mkdir nonempty_dir2 0o777
Tau
RV_none

open_close nonempty_dir2/f1.txt [O_WRONLY;O_CREAT] 0o666
Tau
RV_none

open nonempty_dir2/f2.txt [O_WRONLY;O_CREAT] 0o666
Tau
RV_num(3)

write! (FD 3) "Lorem ipsum dolor sit amet, consectetur adipisicing elit, sed do eiusmod tempor incididunt ut labore et dolore magna aliqua. Ut enim ad minim veniam, quis nostrud exer" 167
Tau
RV_num(167)

close (FD 3)
Tau
RV_none

mkdir nonempty_dir2/d2 0o777
Tau
RV_none

mkdir nonempty_dir2/d2/d3 0o777
Tau
RV_none

unlink nonempty_dir1/f1.txt/nonexist_5/
Tau
ENOTDIR

dump-result /test_dir_0018
   /test_dir_0018|D|6902
   /test_dir_0018/empty_dir1|D|6906
   /test_dir_0018/empty_dir2|D|6911
   /test_dir_0018/nonempty_dir1|D|6915
   /test_dir_0018/nonempty_dir2|D|6933
   /test_dir_0018/nonempty_dir1/d2|D|6919
   /test_dir_0018/nonempty_dir1/f1.txt|F|6916|0|da39a3ee5e6b4b0d3255bfef95601890afd80709
   /test_dir_0018/nonempty_dir1/d2/d3|D|6932
   /test_dir_0018/nonempty_dir1/d2/f3.txt|F|6925|83|4b535f836f6006423fc132a59e78dfcc4fe6292f
   /test_dir_0018/nonempty_dir2/d2|D|6940
   /test_dir_0018/nonempty_dir2/f1.txt|F|6934|0|da39a3ee5e6b4b0d3255bfef95601890afd80709
   /test_dir_0018/nonempty_dir2/f2.txt|F|6935|167|d09f4e47c22373e56c2369633ac3dcb71d598601
   /test_dir_0018/nonempty_dir2/d2/d3|D|6943
end dump-result


#####################################
# Test 19
#####################################
mkdir /test_dir_0019 0o777
Tau
RV_none

chdir /test_dir_0019
Tau
RV_none

mkdir empty_dir1 0o777
Tau
RV_none

mkdir empty_dir2 0o777
Tau
RV_none

mkdir nonempty_dir1 0o777
Tau
RV_none

open_close nonempty_dir1/f1.txt [O_WRONLY;O_CREAT] 0o666
Tau
RV_none

mkdir nonempty_dir1/d2 0o777
Tau
RV_none

open nonempty_dir1/d2/f3.txt [O_WRONLY;O_CREAT] 0o666
Tau
RV_num(3)

write! (FD 3) "Lorem ipsum dolor sit amet, consectetur adipisicing elit, sed do eiusmod tempor inc" 83
Tau
RV_num(83)

close (FD 3)
Tau
RV_none

mkdir nonempty_dir1/d2/d3 0o777
Tau
RV_none

mkdir nonempty_dir2 0o777
Tau
RV_none

open_close nonempty_dir2/f1.txt [O_WRONLY;O_CREAT] 0o666
Tau
RV_none

open nonempty_dir2/f2.txt [O_WRONLY;O_CREAT] 0o666
Tau
RV_num(3)

write! (FD 3) "Lorem ipsum dolor sit amet, consectetur adipisicing elit, sed do eiusmod tempor incididunt ut labore et dolore magna aliqua. Ut enim ad minim veniam, quis nostrud exer" 167
Tau
RV_num(167)

close (FD 3)
Tau
RV_none

mkdir nonempty_dir2/d2 0o777
Tau
RV_none

mkdir nonempty_dir2/d2/d3 0o777
Tau
RV_none

unlink nonempty_dir1/nonexist_4
Tau
ENOENT

dump-result /test_dir_0019
   /test_dir_0019|D|6975
   /test_dir_0019/empty_dir1|D|6978
   /test_dir_0019/empty_dir2|D|6980
   /test_dir_0019/nonempty_dir1|D|6982
   /test_dir_0019/nonempty_dir2|D|6998
   /test_dir_0019/nonempty_dir1/d2|D|6989
   /test_dir_0019/nonempty_dir1/f1.txt|F|6986|0|da39a3ee5e6b4b0d3255bfef95601890afd80709
   /test_dir_0019/nonempty_dir1/d2/d3|D|6997
   /test_dir_0019/nonempty_dir1/d2/f3.txt|F|6992|83|4b535f836f6006423fc132a59e78dfcc4fe6292f
   /test_dir_0019/nonempty_dir2/d2|D|7001
   /test_dir_0019/nonempty_dir2/f1.txt|F|6999|0|da39a3ee5e6b4b0d3255bfef95601890afd80709
   /test_dir_0019/nonempty_dir2/f2.txt|F|7000|167|d09f4e47c22373e56c2369633ac3dcb71d598601
   /test_dir_0019/nonempty_dir2/d2/d3|D|7002
end dump-result


#####################################
# Test 20
#####################################
mkdir /test_dir_0020 0o777
Tau
RV_none

chdir /test_dir_0020
Tau
RV_none

mkdir empty_dir1 0o777
Tau
RV_none

mkdir empty_dir2 0o777
Tau
RV_none

mkdir nonempty_dir1 0o777
Tau
RV_none

open_close nonempty_dir1/f1.txt [O_WRONLY;O_CREAT] 0o666
Tau
RV_none

mkdir nonempty_dir1/d2 0o777
Tau
RV_none

open nonempty_dir1/d2/f3.txt [O_WRONLY;O_CREAT] 0o666
Tau
RV_num(3)

write! (FD 3) "Lorem ipsum dolor sit amet, consectetur adipisicing elit, sed do eiusmod tempor inc" 83
Tau
RV_num(83)

close (FD 3)
Tau
RV_none

mkdir nonempty_dir1/d2/d3 0o777
Tau
RV_none

mkdir nonempty_dir2 0o777
Tau
RV_none

open_close nonempty_dir2/f1.txt [O_WRONLY;O_CREAT] 0o666
Tau
RV_none

open nonempty_dir2/f2.txt [O_WRONLY;O_CREAT] 0o666
Tau
RV_num(3)

write! (FD 3) "Lorem ipsum dolor sit amet, consectetur adipisicing elit, sed do eiusmod tempor incididunt ut labore et dolore magna aliqua. Ut enim ad minim veniam, quis nostrud exer" 167
Tau
RV_num(167)

close (FD 3)
Tau
RV_none

mkdir nonempty_dir2/d2 0o777
Tau
RV_none

mkdir nonempty_dir2/d2/d3 0o777
Tau
RV_none

unlink nonempty_dir1/nonexist_4/
Tau
ENOENT

dump-result /test_dir_0020
   /test_dir_0020|D|7057
   /test_dir_0020/empty_dir1|D|7063
   /test_dir_0020/empty_dir2|D|7068
   /test_dir_0020/nonempty_dir1|D|7071
   /test_dir_0020/nonempty_dir2|D|7085
   /test_dir_0020/nonempty_dir1/d2|D|7078
   /test_dir_0020/nonempty_dir1/f1.txt|F|7074|0|da39a3ee5e6b4b0d3255bfef95601890afd80709
   /test_dir_0020/nonempty_dir1/d2/d3|D|7084
   /test_dir_0020/nonempty_dir1/d2/f3.txt|F|7080|83|4b535f836f6006423fc132a59e78dfcc4fe6292f
   /test_dir_0020/nonempty_dir2/d2|D|7095
   /test_dir_0020/nonempty_dir2/f1.txt|F|7086|0|da39a3ee5e6b4b0d3255bfef95601890afd80709
   /test_dir_0020/nonempty_dir2/f2.txt|F|7087|167|d09f4e47c22373e56c2369633ac3dcb71d598601
   /test_dir_0020/nonempty_dir2/d2/d3|D|7101
end dump-result


#####################################
# Test 21
#####################################
mkdir /test_dir_0021 0o777
Tau
RV_none

chdir /test_dir_0021
Tau
RV_none

mkdir empty_dir1 0o777
Tau
RV_none

mkdir empty_dir2 0o777
Tau
RV_none

mkdir nonempty_dir1 0o777
Tau
RV_none

open_close nonempty_dir1/f1.txt [O_WRONLY;O_CREAT] 0o666
Tau
RV_none

mkdir nonempty_dir1/d2 0o777
Tau
RV_none

open nonempty_dir1/d2/f3.txt [O_WRONLY;O_CREAT] 0o666
Tau
RV_num(3)

write! (FD 3) "Lorem ipsum dolor sit amet, consectetur adipisicing elit, sed do eiusmod tempor inc" 83
Tau
RV_num(83)

close (FD 3)
Tau
RV_none

mkdir nonempty_dir1/d2/d3 0o777
Tau
RV_none

mkdir nonempty_dir2 0o777
Tau
RV_none

open_close nonempty_dir2/f1.txt [O_WRONLY;O_CREAT] 0o666
Tau
RV_none

open nonempty_dir2/f2.txt [O_WRONLY;O_CREAT] 0o666
Tau
RV_num(3)

write! (FD 3) "Lorem ipsum dolor sit amet, consectetur adipisicing elit, sed do eiusmod tempor incididunt ut labore et dolore magna aliqua. Ut enim ad minim veniam, quis nostrud exer" 167
Tau
RV_num(167)

close (FD 3)
Tau
RV_none

mkdir nonempty_dir2/d2 0o777
Tau
RV_none

mkdir nonempty_dir2/d2/d3 0o777
Tau
RV_none

unlink nonempty_dir2
Tau
EISDIR

dump-result /test_dir_0021
   /test_dir_0021|D|7130
   /test_dir_0021/empty_dir1|D|7132
   /test_dir_0021/empty_dir2|D|7134
   /test_dir_0021/nonempty_dir1|D|7135
   /test_dir_0021/nonempty_dir2|D|7140
   /test_dir_0021/nonempty_dir1/d2|D|7137
   /test_dir_0021/nonempty_dir1/f1.txt|F|7136|0|da39a3ee5e6b4b0d3255bfef95601890afd80709
   /test_dir_0021/nonempty_dir1/d2/d3|D|7139
   /test_dir_0021/nonempty_dir1/d2/f3.txt|F|7138|83|4b535f836f6006423fc132a59e78dfcc4fe6292f
   /test_dir_0021/nonempty_dir2/d2|D|7144
   /test_dir_0021/nonempty_dir2/f1.txt|F|7141|0|da39a3ee5e6b4b0d3255bfef95601890afd80709
   /test_dir_0021/nonempty_dir2/f2.txt|F|7142|167|d09f4e47c22373e56c2369633ac3dcb71d598601
   /test_dir_0021/nonempty_dir2/d2/d3|D|7145
end dump-result


#####################################
# Test 22
#####################################
mkdir /test_dir_0022 0o777
Tau
RV_none

chdir /test_dir_0022
Tau
RV_none

mkdir empty_dir1 0o777
Tau
RV_none

mkdir empty_dir2 0o777
Tau
RV_none

mkdir nonempty_dir1 0o777
Tau
RV_none

open_close nonempty_dir1/f1.txt [O_WRONLY;O_CREAT] 0o666
Tau
RV_none

mkdir nonempty_dir1/d2 0o777
Tau
RV_none

open nonempty_dir1/d2/f3.txt [O_WRONLY;O_CREAT] 0o666
Tau
RV_num(3)

write! (FD 3) "Lorem ipsum dolor sit amet, consectetur adipisicing elit, sed do eiusmod tempor inc" 83
Tau
RV_num(83)

close (FD 3)
Tau
RV_none

mkdir nonempty_dir1/d2/d3 0o777
Tau
RV_none

mkdir nonempty_dir2 0o777
Tau
RV_none

open_close nonempty_dir2/f1.txt [O_WRONLY;O_CREAT] 0o666
Tau
RV_none

open nonempty_dir2/f2.txt [O_WRONLY;O_CREAT] 0o666
Tau
RV_num(3)

write! (FD 3) "Lorem ipsum dolor sit amet, consectetur adipisicing elit, sed do eiusmod tempor incididunt ut labore et dolore magna aliqua. Ut enim ad minim veniam, quis nostrud exer" 167
Tau
RV_num(167)

close (FD 3)
Tau
RV_none

mkdir nonempty_dir2/d2 0o777
Tau
RV_none

mkdir nonempty_dir2/d2/d3 0o777
Tau
RV_none

unlink nonempty_dir2/
Tau
EISDIR

dump-result /test_dir_0022
   /test_dir_0022|D|7169
   /test_dir_0022/empty_dir1|D|7170
   /test_dir_0022/empty_dir2|D|7172
   /test_dir_0022/nonempty_dir1|D|7173
   /test_dir_0022/nonempty_dir2|D|7179
   /test_dir_0022/nonempty_dir1/d2|D|7176
   /test_dir_0022/nonempty_dir1/f1.txt|F|7175|0|da39a3ee5e6b4b0d3255bfef95601890afd80709
   /test_dir_0022/nonempty_dir1/d2/d3|D|7178
   /test_dir_0022/nonempty_dir1/d2/f3.txt|F|7177|83|4b535f836f6006423fc132a59e78dfcc4fe6292f
   /test_dir_0022/nonempty_dir2/d2|D|7182
   /test_dir_0022/nonempty_dir2/f1.txt|F|7180|0|da39a3ee5e6b4b0d3255bfef95601890afd80709
   /test_dir_0022/nonempty_dir2/f2.txt|F|7181|167|d09f4e47c22373e56c2369633ac3dcb71d598601
   /test_dir_0022/nonempty_dir2/d2/d3|D|7183
end dump-result


#####################################
# Test 23
#####################################
mkdir /test_dir_0023 0o777
Tau
RV_none

chdir /test_dir_0023
Tau
RV_none

mkdir empty_dir1 0o777
Tau
RV_none

mkdir empty_dir2 0o777
Tau
RV_none

mkdir nonempty_dir1 0o777
Tau
RV_none

open_close nonempty_dir1/f1.txt [O_WRONLY;O_CREAT] 0o666
Tau
RV_none

mkdir nonempty_dir1/d2 0o777
Tau
RV_none

open nonempty_dir1/d2/f3.txt [O_WRONLY;O_CREAT] 0o666
Tau
RV_num(3)

write! (FD 3) "Lorem ipsum dolor sit amet, consectetur adipisicing elit, sed do eiusmod tempor inc" 83
Tau
RV_num(83)

close (FD 3)
Tau
RV_none

mkdir nonempty_dir1/d2/d3 0o777
Tau
RV_none

mkdir nonempty_dir2 0o777
Tau
RV_none

open_close nonempty_dir2/f1.txt [O_WRONLY;O_CREAT] 0o666
Tau
RV_none

open nonempty_dir2/f2.txt [O_WRONLY;O_CREAT] 0o666
Tau
RV_num(3)

write! (FD 3) "Lorem ipsum dolor sit amet, consectetur adipisicing elit, sed do eiusmod tempor incididunt ut labore et dolore magna aliqua. Ut enim ad minim veniam, quis nostrud exer" 167
Tau
RV_num(167)

close (FD 3)
Tau
RV_none

mkdir nonempty_dir2/d2 0o777
Tau
RV_none

mkdir nonempty_dir2/d2/d3 0o777
Tau
RV_none

unlink nonempty_dir2/d2
Tau
EISDIR

dump-result /test_dir_0023
   /test_dir_0023|D|7208
   /test_dir_0023/empty_dir1|D|7210
   /test_dir_0023/empty_dir2|D|7212
   /test_dir_0023/nonempty_dir1|D|7213
   /test_dir_0023/nonempty_dir2|D|7218
   /test_dir_0023/nonempty_dir1/d2|D|7215
   /test_dir_0023/nonempty_dir1/f1.txt|F|7214|0|da39a3ee5e6b4b0d3255bfef95601890afd80709
   /test_dir_0023/nonempty_dir1/d2/d3|D|7217
   /test_dir_0023/nonempty_dir1/d2/f3.txt|F|7216|83|4b535f836f6006423fc132a59e78dfcc4fe6292f
   /test_dir_0023/nonempty_dir2/d2|D|7221
   /test_dir_0023/nonempty_dir2/f1.txt|F|7219|0|da39a3ee5e6b4b0d3255bfef95601890afd80709
   /test_dir_0023/nonempty_dir2/f2.txt|F|7220|167|d09f4e47c22373e56c2369633ac3dcb71d598601
   /test_dir_0023/nonempty_dir2/d2/d3|D|7222
end dump-result


#####################################
# Test 24
#####################################
mkdir /test_dir_0024 0o777
Tau
RV_none

chdir /test_dir_0024
Tau
RV_none

mkdir empty_dir1 0o777
Tau
RV_none

mkdir empty_dir2 0o777
Tau
RV_none

mkdir nonempty_dir1 0o777
Tau
RV_none

open_close nonempty_dir1/f1.txt [O_WRONLY;O_CREAT] 0o666
Tau
RV_none

mkdir nonempty_dir1/d2 0o777
Tau
RV_none

open nonempty_dir1/d2/f3.txt [O_WRONLY;O_CREAT] 0o666
Tau
RV_num(3)

write! (FD 3) "Lorem ipsum dolor sit amet, consectetur adipisicing elit, sed do eiusmod tempor inc" 83
Tau
RV_num(83)

close (FD 3)
Tau
RV_none

mkdir nonempty_dir1/d2/d3 0o777
Tau
RV_none

mkdir nonempty_dir2 0o777
Tau
RV_none

open_close nonempty_dir2/f1.txt [O_WRONLY;O_CREAT] 0o666
Tau
RV_none

open nonempty_dir2/f2.txt [O_WRONLY;O_CREAT] 0o666
Tau
RV_num(3)

write! (FD 3) "Lorem ipsum dolor sit amet, consectetur adipisicing elit, sed do eiusmod tempor incididunt ut labore et dolore magna aliqua. Ut enim ad minim veniam, quis nostrud exer" 167
Tau
RV_num(167)

close (FD 3)
Tau
RV_none

mkdir nonempty_dir2/d2 0o777
Tau
RV_none

mkdir nonempty_dir2/d2/d3 0o777
Tau
RV_none

unlink nonempty_dir2/d2/
Tau
EISDIR

dump-result /test_dir_0024
   /test_dir_0024|D|7245
   /test_dir_0024/empty_dir1|D|7246
   /test_dir_0024/empty_dir2|D|7247
   /test_dir_0024/nonempty_dir1|D|7248
   /test_dir_0024/nonempty_dir2|D|7257
   /test_dir_0024/nonempty_dir1/d2|D|7252
   /test_dir_0024/nonempty_dir1/f1.txt|F|7250|0|da39a3ee5e6b4b0d3255bfef95601890afd80709
   /test_dir_0024/nonempty_dir1/d2/d3|D|7256
   /test_dir_0024/nonempty_dir1/d2/f3.txt|F|7254|83|4b535f836f6006423fc132a59e78dfcc4fe6292f
   /test_dir_0024/nonempty_dir2/d2|D|7260
   /test_dir_0024/nonempty_dir2/f1.txt|F|7258|0|da39a3ee5e6b4b0d3255bfef95601890afd80709
   /test_dir_0024/nonempty_dir2/f2.txt|F|7259|167|d09f4e47c22373e56c2369633ac3dcb71d598601
   /test_dir_0024/nonempty_dir2/d2/d3|D|7261
end dump-result


#####################################
# Test 25
#####################################
mkdir /test_dir_0025 0o777
Tau
RV_none

chdir /test_dir_0025
Tau
RV_none

mkdir empty_dir1 0o777
Tau
RV_none

mkdir empty_dir2 0o777
Tau
RV_none

mkdir nonempty_dir1 0o777
Tau
RV_none

open_close nonempty_dir1/f1.txt [O_WRONLY;O_CREAT] 0o666
Tau
RV_none

mkdir nonempty_dir1/d2 0o777
Tau
RV_none

open nonempty_dir1/d2/f3.txt [O_WRONLY;O_CREAT] 0o666
Tau
RV_num(3)

write! (FD 3) "Lorem ipsum dolor sit amet, consectetur adipisicing elit, sed do eiusmod tempor inc" 83
Tau
RV_num(83)

close (FD 3)
Tau
RV_none

mkdir nonempty_dir1/d2/d3 0o777
Tau
RV_none

mkdir nonempty_dir2 0o777
Tau
RV_none

open_close nonempty_dir2/f1.txt [O_WRONLY;O_CREAT] 0o666
Tau
RV_none

open nonempty_dir2/f2.txt [O_WRONLY;O_CREAT] 0o666
Tau
RV_num(3)

write! (FD 3) "Lorem ipsum dolor sit amet, consectetur adipisicing elit, sed do eiusmod tempor incididunt ut labore et dolore magna aliqua. Ut enim ad minim veniam, quis nostrud exer" 167
Tau
RV_num(167)

close (FD 3)
Tau
RV_none

mkdir nonempty_dir2/d2 0o777
Tau
RV_none

mkdir nonempty_dir2/d2/d3 0o777
Tau
RV_none

unlink nonempty_dir2/d2/d3
Tau
EISDIR

dump-result /test_dir_0025
   /test_dir_0025|D|7283
   /test_dir_0025/empty_dir1|D|7286
   /test_dir_0025/empty_dir2|D|7288
   /test_dir_0025/nonempty_dir1|D|7289
   /test_dir_0025/nonempty_dir2|D|7296
   /test_dir_0025/nonempty_dir1/d2|D|7291
   /test_dir_0025/nonempty_dir1/f1.txt|F|7290|0|da39a3ee5e6b4b0d3255bfef95601890afd80709
   /test_dir_0025/nonempty_dir1/d2/d3|D|7295
   /test_dir_0025/nonempty_dir1/d2/f3.txt|F|7293|83|4b535f836f6006423fc132a59e78dfcc4fe6292f
   /test_dir_0025/nonempty_dir2/d2|D|7299
   /test_dir_0025/nonempty_dir2/f1.txt|F|7297|0|da39a3ee5e6b4b0d3255bfef95601890afd80709
   /test_dir_0025/nonempty_dir2/f2.txt|F|7298|167|d09f4e47c22373e56c2369633ac3dcb71d598601
   /test_dir_0025/nonempty_dir2/d2/d3|D|7300
end dump-result


#####################################
# Test 26
#####################################
mkdir /test_dir_0026 0o777
Tau
RV_none

chdir /test_dir_0026
Tau
RV_none

mkdir empty_dir1 0o777
Tau
RV_none

mkdir empty_dir2 0o777
Tau
RV_none

mkdir nonempty_dir1 0o777
Tau
RV_none

open_close nonempty_dir1/f1.txt [O_WRONLY;O_CREAT] 0o666
Tau
RV_none

mkdir nonempty_dir1/d2 0o777
Tau
RV_none

open nonempty_dir1/d2/f3.txt [O_WRONLY;O_CREAT] 0o666
Tau
RV_num(3)

write! (FD 3) "Lorem ipsum dolor sit amet, consectetur adipisicing elit, sed do eiusmod tempor inc" 83
Tau
RV_num(83)

close (FD 3)
Tau
RV_none

mkdir nonempty_dir1/d2/d3 0o777
Tau
RV_none

mkdir nonempty_dir2 0o777
Tau
RV_none

open_close nonempty_dir2/f1.txt [O_WRONLY;O_CREAT] 0o666
Tau
RV_none

open nonempty_dir2/f2.txt [O_WRONLY;O_CREAT] 0o666
Tau
RV_num(3)

write! (FD 3) "Lorem ipsum dolor sit amet, consectetur adipisicing elit, sed do eiusmod tempor incididunt ut labore et dolore magna aliqua. Ut enim ad minim veniam, quis nostrud exer" 167
Tau
RV_num(167)

close (FD 3)
Tau
RV_none

mkdir nonempty_dir2/d2 0o777
Tau
RV_none

mkdir nonempty_dir2/d2/d3 0o777
Tau
RV_none

unlink nonempty_dir2/d2/d3/
Tau
EISDIR

dump-result /test_dir_0026
   /test_dir_0026|D|7321
   /test_dir_0026/empty_dir1|D|7324
   /test_dir_0026/empty_dir2|D|7326
   /test_dir_0026/nonempty_dir1|D|7328
   /test_dir_0026/nonempty_dir2|D|7335
   /test_dir_0026/nonempty_dir1/d2|D|7330
   /test_dir_0026/nonempty_dir1/f1.txt|F|7329|0|da39a3ee5e6b4b0d3255bfef95601890afd80709
   /test_dir_0026/nonempty_dir1/d2/d3|D|7334
   /test_dir_0026/nonempty_dir1/d2/f3.txt|F|7332|83|4b535f836f6006423fc132a59e78dfcc4fe6292f
   /test_dir_0026/nonempty_dir2/d2|D|7338
   /test_dir_0026/nonempty_dir2/f1.txt|F|7336|0|da39a3ee5e6b4b0d3255bfef95601890afd80709
   /test_dir_0026/nonempty_dir2/f2.txt|F|7337|167|d09f4e47c22373e56c2369633ac3dcb71d598601
   /test_dir_0026/nonempty_dir2/d2/d3|D|7339
end dump-result


#####################################
# Test 27
#####################################
mkdir /test_dir_0027 0o777
Tau
RV_none

chdir /test_dir_0027
Tau
RV_none

mkdir empty_dir1 0o777
Tau
RV_none

mkdir empty_dir2 0o777
Tau
RV_none

mkdir nonempty_dir1 0o777
Tau
RV_none

open_close nonempty_dir1/f1.txt [O_WRONLY;O_CREAT] 0o666
Tau
RV_none

mkdir nonempty_dir1/d2 0o777
Tau
RV_none

open nonempty_dir1/d2/f3.txt [O_WRONLY;O_CREAT] 0o666
Tau
RV_num(3)

write! (FD 3) "Lorem ipsum dolor sit amet, consectetur adipisicing elit, sed do eiusmod tempor inc" 83
Tau
RV_num(83)

close (FD 3)
Tau
RV_none

mkdir nonempty_dir1/d2/d3 0o777
Tau
RV_none

mkdir nonempty_dir2 0o777
Tau
RV_none

open_close nonempty_dir2/f1.txt [O_WRONLY;O_CREAT] 0o666
Tau
RV_none

open nonempty_dir2/f2.txt [O_WRONLY;O_CREAT] 0o666
Tau
RV_num(3)

write! (FD 3) "Lorem ipsum dolor sit amet, consectetur adipisicing elit, sed do eiusmod tempor incididunt ut labore et dolore magna aliqua. Ut enim ad minim veniam, quis nostrud exer" 167
Tau
RV_num(167)

close (FD 3)
Tau
RV_none

mkdir nonempty_dir2/d2 0o777
Tau
RV_none

mkdir nonempty_dir2/d2/d3 0o777
Tau
RV_none

unlink nonempty_dir2/f1.txt
Tau
RV_none

dump-result /test_dir_0027
   /test_dir_0027|D|7357
   /test_dir_0027/empty_dir1|D|7363
   /test_dir_0027/empty_dir2|D|7364
   /test_dir_0027/nonempty_dir1|D|7367
   /test_dir_0027/nonempty_dir2|D|7374
   /test_dir_0027/nonempty_dir1/d2|D|7370
   /test_dir_0027/nonempty_dir1/f1.txt|F|7368|0|da39a3ee5e6b4b0d3255bfef95601890afd80709
   /test_dir_0027/nonempty_dir1/d2/d3|D|7373
   /test_dir_0027/nonempty_dir1/d2/f3.txt|F|7372|83|4b535f836f6006423fc132a59e78dfcc4fe6292f
   /test_dir_0027/nonempty_dir2/d2|D|7377
   /test_dir_0027/nonempty_dir2/f2.txt|F|7376|167|d09f4e47c22373e56c2369633ac3dcb71d598601
   /test_dir_0027/nonempty_dir2/d2/d3|D|7378
end dump-result


#####################################
# Test 28
#####################################
mkdir /test_dir_0028 0o777
Tau
RV_none

chdir /test_dir_0028
Tau
RV_none

mkdir empty_dir1 0o777
Tau
RV_none

mkdir empty_dir2 0o777
Tau
RV_none

mkdir nonempty_dir1 0o777
Tau
RV_none

open_close nonempty_dir1/f1.txt [O_WRONLY;O_CREAT] 0o666
Tau
RV_none

mkdir nonempty_dir1/d2 0o777
Tau
RV_none

open nonempty_dir1/d2/f3.txt [O_WRONLY;O_CREAT] 0o666
Tau
RV_num(3)

write! (FD 3) "Lorem ipsum dolor sit amet, consectetur adipisicing elit, sed do eiusmod tempor inc" 83
Tau
RV_num(83)

close (FD 3)
Tau
RV_none

mkdir nonempty_dir1/d2/d3 0o777
Tau
RV_none

mkdir nonempty_dir2 0o777
Tau
RV_none

open_close nonempty_dir2/f1.txt [O_WRONLY;O_CREAT] 0o666
Tau
RV_none

open nonempty_dir2/f2.txt [O_WRONLY;O_CREAT] 0o666
Tau
RV_num(3)

write! (FD 3) "Lorem ipsum dolor sit amet, consectetur adipisicing elit, sed do eiusmod tempor incididunt ut labore et dolore magna aliqua. Ut enim ad minim veniam, quis nostrud exer" 167
Tau
RV_num(167)

close (FD 3)
Tau
RV_none

mkdir nonempty_dir2/d2 0o777
Tau
RV_none

mkdir nonempty_dir2/d2/d3 0o777
Tau
RV_none

unlink nonempty_dir2/f1.txt/
Tau
ENOTDIR

dump-result /test_dir_0028
   /test_dir_0028|D|7399
   /test_dir_0028/empty_dir1|D|7402
   /test_dir_0028/empty_dir2|D|7405
   /test_dir_0028/nonempty_dir1|D|7406
   /test_dir_0028/nonempty_dir2|D|7413
   /test_dir_0028/nonempty_dir1/d2|D|7410
   /test_dir_0028/nonempty_dir1/f1.txt|F|7408|0|da39a3ee5e6b4b0d3255bfef95601890afd80709
   /test_dir_0028/nonempty_dir1/d2/d3|D|7412
   /test_dir_0028/nonempty_dir1/d2/f3.txt|F|7411|83|4b535f836f6006423fc132a59e78dfcc4fe6292f
   /test_dir_0028/nonempty_dir2/d2|D|7416
   /test_dir_0028/nonempty_dir2/f1.txt|F|7414|0|da39a3ee5e6b4b0d3255bfef95601890afd80709
   /test_dir_0028/nonempty_dir2/f2.txt|F|7415|167|d09f4e47c22373e56c2369633ac3dcb71d598601
   /test_dir_0028/nonempty_dir2/d2/d3|D|7417
end dump-result


#####################################
# Test 29
#####################################
mkdir /test_dir_0029 0o777
Tau
RV_none

chdir /test_dir_0029
Tau
RV_none

mkdir empty_dir1 0o777
Tau
RV_none

mkdir empty_dir2 0o777
Tau
RV_none

mkdir nonempty_dir1 0o777
Tau
RV_none

open_close nonempty_dir1/f1.txt [O_WRONLY;O_CREAT] 0o666
Tau
RV_none

mkdir nonempty_dir1/d2 0o777
Tau
RV_none

open nonempty_dir1/d2/f3.txt [O_WRONLY;O_CREAT] 0o666
Tau
RV_num(3)

write! (FD 3) "Lorem ipsum dolor sit amet, consectetur adipisicing elit, sed do eiusmod tempor inc" 83
Tau
RV_num(83)

close (FD 3)
Tau
RV_none

mkdir nonempty_dir1/d2/d3 0o777
Tau
RV_none

mkdir nonempty_dir2 0o777
Tau
RV_none

open_close nonempty_dir2/f1.txt [O_WRONLY;O_CREAT] 0o666
Tau
RV_none

open nonempty_dir2/f2.txt [O_WRONLY;O_CREAT] 0o666
Tau
RV_num(3)

write! (FD 3) "Lorem ipsum dolor sit amet, consectetur adipisicing elit, sed do eiusmod tempor incididunt ut labore et dolore magna aliqua. Ut enim ad minim veniam, quis nostrud exer" 167
Tau
RV_num(167)

close (FD 3)
Tau
RV_none

mkdir nonempty_dir2/d2 0o777
Tau
RV_none

mkdir nonempty_dir2/d2/d3 0o777
Tau
RV_none

unlink nonempty_dir2/f2.txt
Tau
RV_none

dump-result /test_dir_0029
   /test_dir_0029|D|7430
   /test_dir_0029/empty_dir1|D|7433
   /test_dir_0029/empty_dir2|D|7436
   /test_dir_0029/nonempty_dir1|D|7438
   /test_dir_0029/nonempty_dir2|D|7447
   /test_dir_0029/nonempty_dir1/d2|D|7442
   /test_dir_0029/nonempty_dir1/f1.txt|F|7440|0|da39a3ee5e6b4b0d3255bfef95601890afd80709
   /test_dir_0029/nonempty_dir1/d2/d3|D|7445
   /test_dir_0029/nonempty_dir1/d2/f3.txt|F|7444|83|4b535f836f6006423fc132a59e78dfcc4fe6292f
   /test_dir_0029/nonempty_dir2/d2|D|7454
   /test_dir_0029/nonempty_dir2/f1.txt|F|7449|0|da39a3ee5e6b4b0d3255bfef95601890afd80709
   /test_dir_0029/nonempty_dir2/d2/d3|D|7456
end dump-result


#####################################
# Test 30
#####################################
mkdir /test_dir_0030 0o777
Tau
RV_none

chdir /test_dir_0030
Tau
RV_none

mkdir empty_dir1 0o777
Tau
RV_none

mkdir empty_dir2 0o777
Tau
RV_none

mkdir nonempty_dir1 0o777
Tau
RV_none

open_close nonempty_dir1/f1.txt [O_WRONLY;O_CREAT] 0o666
Tau
RV_none

mkdir nonempty_dir1/d2 0o777
Tau
RV_none

open nonempty_dir1/d2/f3.txt [O_WRONLY;O_CREAT] 0o666
Tau
RV_num(3)

write! (FD 3) "Lorem ipsum dolor sit amet, consectetur adipisicing elit, sed do eiusmod tempor inc" 83
Tau
RV_num(83)

close (FD 3)
Tau
RV_none

mkdir nonempty_dir1/d2/d3 0o777
Tau
RV_none

mkdir nonempty_dir2 0o777
Tau
RV_none

open_close nonempty_dir2/f1.txt [O_WRONLY;O_CREAT] 0o666
Tau
RV_none

open nonempty_dir2/f2.txt [O_WRONLY;O_CREAT] 0o666
Tau
RV_num(3)

write! (FD 3) "Lorem ipsum dolor sit amet, consectetur adipisicing elit, sed do eiusmod tempor incididunt ut labore et dolore magna aliqua. Ut enim ad minim veniam, quis nostrud exer" 167
Tau
RV_num(167)

close (FD 3)
Tau
RV_none

mkdir nonempty_dir2/d2 0o777
Tau
RV_none

mkdir nonempty_dir2/d2/d3 0o777
Tau
RV_none

unlink nonempty_dir2/f2.txt/
Tau
ENOTDIR

dump-result /test_dir_0030
   /test_dir_0030|D|7469
   /test_dir_0030/empty_dir1|D|7472
   /test_dir_0030/empty_dir2|D|7476
   /test_dir_0030/nonempty_dir1|D|7477
   /test_dir_0030/nonempty_dir2|D|7486
   /test_dir_0030/nonempty_dir1/d2|D|7481
   /test_dir_0030/nonempty_dir1/f1.txt|F|7479|0|da39a3ee5e6b4b0d3255bfef95601890afd80709
   /test_dir_0030/nonempty_dir1/d2/d3|D|7485
   /test_dir_0030/nonempty_dir1/d2/f3.txt|F|7483|83|4b535f836f6006423fc132a59e78dfcc4fe6292f
   /test_dir_0030/nonempty_dir2/d2|D|7493
   /test_dir_0030/nonempty_dir2/f1.txt|F|7489|0|da39a3ee5e6b4b0d3255bfef95601890afd80709
   /test_dir_0030/nonempty_dir2/f2.txt|F|7491|167|d09f4e47c22373e56c2369633ac3dcb71d598601
   /test_dir_0030/nonempty_dir2/d2/d3|D|7495
end dump-result


#####################################
# Test 31
#####################################
mkdir /test_dir_0031 0o777
Tau
RV_none

chdir /test_dir_0031
Tau
RV_none

mkdir empty_dir1 0o777
Tau
RV_none

mkdir empty_dir2 0o777
Tau
RV_none

mkdir nonempty_dir1 0o777
Tau
RV_none

open_close nonempty_dir1/f1.txt [O_WRONLY;O_CREAT] 0o666
Tau
RV_none

mkdir nonempty_dir1/d2 0o777
Tau
RV_none

open nonempty_dir1/d2/f3.txt [O_WRONLY;O_CREAT] 0o666
Tau
RV_num(3)

write! (FD 3) "Lorem ipsum dolor sit amet, consectetur adipisicing elit, sed do eiusmod tempor inc" 83
Tau
RV_num(83)

close (FD 3)
Tau
RV_none

mkdir nonempty_dir1/d2/d3 0o777
Tau
RV_none

mkdir nonempty_dir2 0o777
Tau
RV_none

open_close nonempty_dir2/f1.txt [O_WRONLY;O_CREAT] 0o666
Tau
RV_none

open nonempty_dir2/f2.txt [O_WRONLY;O_CREAT] 0o666
Tau
RV_num(3)

write! (FD 3) "Lorem ipsum dolor sit amet, consectetur adipisicing elit, sed do eiusmod tempor incididunt ut labore et dolore magna aliqua. Ut enim ad minim veniam, quis nostrud exer" 167
Tau
RV_num(167)

close (FD 3)
Tau
RV_none

mkdir nonempty_dir2/d2 0o777
Tau
RV_none

mkdir nonempty_dir2/d2/d3 0o777
Tau
RV_none

unlink nonexist_1
Tau
ENOENT

dump-result /test_dir_0031
   /test_dir_0031|D|7503
   /test_dir_0031/empty_dir1|D|7506
   /test_dir_0031/empty_dir2|D|7508
   /test_dir_0031/nonempty_dir1|D|7511
   /test_dir_0031/nonempty_dir2|D|7524
   /test_dir_0031/nonempty_dir1/d2|D|7515
   /test_dir_0031/nonempty_dir1/f1.txt|F|7512|0|da39a3ee5e6b4b0d3255bfef95601890afd80709
   /test_dir_0031/nonempty_dir1/d2/d3|D|7522
   /test_dir_0031/nonempty_dir1/d2/f3.txt|F|7518|83|4b535f836f6006423fc132a59e78dfcc4fe6292f
   /test_dir_0031/nonempty_dir2/d2|D|7529
   /test_dir_0031/nonempty_dir2/f1.txt|F|7525|0|da39a3ee5e6b4b0d3255bfef95601890afd80709
   /test_dir_0031/nonempty_dir2/f2.txt|F|7526|167|d09f4e47c22373e56c2369633ac3dcb71d598601
   /test_dir_0031/nonempty_dir2/d2/d3|D|7531
end dump-result


#####################################
# Test 32
#####################################
mkdir /test_dir_0032 0o777
Tau
RV_none

chdir /test_dir_0032
Tau
RV_none

mkdir empty_dir1 0o777
Tau
RV_none

mkdir empty_dir2 0o777
Tau
RV_none

mkdir nonempty_dir1 0o777
Tau
RV_none

open_close nonempty_dir1/f1.txt [O_WRONLY;O_CREAT] 0o666
Tau
RV_none

mkdir nonempty_dir1/d2 0o777
Tau
RV_none

open nonempty_dir1/d2/f3.txt [O_WRONLY;O_CREAT] 0o666
Tau
RV_num(3)

write! (FD 3) "Lorem ipsum dolor sit amet, consectetur adipisicing elit, sed do eiusmod tempor inc" 83
Tau
RV_num(83)

close (FD 3)
Tau
RV_none

mkdir nonempty_dir1/d2/d3 0o777
Tau
RV_none

mkdir nonempty_dir2 0o777
Tau
RV_none

open_close nonempty_dir2/f1.txt [O_WRONLY;O_CREAT] 0o666
Tau
RV_none

open nonempty_dir2/f2.txt [O_WRONLY;O_CREAT] 0o666
Tau
RV_num(3)

write! (FD 3) "Lorem ipsum dolor sit amet, consectetur adipisicing elit, sed do eiusmod tempor incididunt ut labore et dolore magna aliqua. Ut enim ad minim veniam, quis nostrud exer" 167
Tau
RV_num(167)

close (FD 3)
Tau
RV_none

mkdir nonempty_dir2/d2 0o777
Tau
RV_none

mkdir nonempty_dir2/d2/d3 0o777
Tau
RV_none

unlink nonexist_1/
Tau
ENOENT

dump-result /test_dir_0032
   /test_dir_0032|D|7544
   /test_dir_0032/empty_dir1|D|7549
   /test_dir_0032/empty_dir2|D|7551
   /test_dir_0032/nonempty_dir1|D|7553
   /test_dir_0032/nonempty_dir2|D|7566
   /test_dir_0032/nonempty_dir1/d2|D|7559
   /test_dir_0032/nonempty_dir1/f1.txt|F|7555|0|da39a3ee5e6b4b0d3255bfef95601890afd80709
   /test_dir_0032/nonempty_dir1/d2/d3|D|7564
   /test_dir_0032/nonempty_dir1/d2/f3.txt|F|7561|83|4b535f836f6006423fc132a59e78dfcc4fe6292f
   /test_dir_0032/nonempty_dir2/d2|D|7571
   /test_dir_0032/nonempty_dir2/f1.txt|F|7568|0|da39a3ee5e6b4b0d3255bfef95601890afd80709
   /test_dir_0032/nonempty_dir2/f2.txt|F|7569|167|d09f4e47c22373e56c2369633ac3dcb71d598601
   /test_dir_0032/nonempty_dir2/d2/d3|D|7573
end dump-result


#####################################
# Test 33
#####################################
mkdir /test_dir_0033 0o777
Tau
RV_none

chdir /test_dir_0033
Tau
RV_none

mkdir empty_dir1 0o777
Tau
RV_none

mkdir empty_dir2 0o777
Tau
RV_none

mkdir nonempty_dir1 0o777
Tau
RV_none

open_close nonempty_dir1/f1.txt [O_WRONLY;O_CREAT] 0o666
Tau
RV_none

mkdir nonempty_dir1/d2 0o777
Tau
RV_none

open nonempty_dir1/d2/f3.txt [O_WRONLY;O_CREAT] 0o666
Tau
RV_num(3)

write! (FD 3) "Lorem ipsum dolor sit amet, consectetur adipisicing elit, sed do eiusmod tempor inc" 83
Tau
RV_num(83)

close (FD 3)
Tau
RV_none

mkdir nonempty_dir1/d2/d3 0o777
Tau
RV_none

mkdir nonempty_dir2 0o777
Tau
RV_none

open_close nonempty_dir2/f1.txt [O_WRONLY;O_CREAT] 0o666
Tau
RV_none

open nonempty_dir2/f2.txt [O_WRONLY;O_CREAT] 0o666
Tau
RV_num(3)

write! (FD 3) "Lorem ipsum dolor sit amet, consectetur adipisicing elit, sed do eiusmod tempor incididunt ut labore et dolore magna aliqua. Ut enim ad minim veniam, quis nostrud exer" 167
Tau
RV_num(167)

close (FD 3)
Tau
RV_none

mkdir nonempty_dir2/d2 0o777
Tau
RV_none

mkdir nonempty_dir2/d2/d3 0o777
Tau
RV_none

unlink nonexist_2
Tau
ENOENT

dump-result /test_dir_0033
   /test_dir_0033|D|7581
   /test_dir_0033/empty_dir1|D|7583
   /test_dir_0033/empty_dir2|D|7585
   /test_dir_0033/nonempty_dir1|D|7587
   /test_dir_0033/nonempty_dir2|D|7602
   /test_dir_0033/nonempty_dir1/d2|D|7596
   /test_dir_0033/nonempty_dir1/f1.txt|F|7593|0|da39a3ee5e6b4b0d3255bfef95601890afd80709
   /test_dir_0033/nonempty_dir1/d2/d3|D|7601
   /test_dir_0033/nonempty_dir1/d2/f3.txt|F|7598|83|4b535f836f6006423fc132a59e78dfcc4fe6292f
   /test_dir_0033/nonempty_dir2/d2|D|7605
   /test_dir_0033/nonempty_dir2/f1.txt|F|7603|0|da39a3ee5e6b4b0d3255bfef95601890afd80709
   /test_dir_0033/nonempty_dir2/f2.txt|F|7604|167|d09f4e47c22373e56c2369633ac3dcb71d598601
   /test_dir_0033/nonempty_dir2/d2/d3|D|7607
end dump-result


#####################################
# Test 34
#####################################
mkdir /test_dir_0034 0o777
Tau
RV_none

chdir /test_dir_0034
Tau
RV_none

mkdir empty_dir1 0o777
Tau
RV_none

mkdir empty_dir2 0o777
Tau
RV_none

mkdir nonempty_dir1 0o777
Tau
RV_none

open_close nonempty_dir1/f1.txt [O_WRONLY;O_CREAT] 0o666
Tau
RV_none

mkdir nonempty_dir1/d2 0o777
Tau
RV_none

open nonempty_dir1/d2/f3.txt [O_WRONLY;O_CREAT] 0o666
Tau
RV_num(3)

write! (FD 3) "Lorem ipsum dolor sit amet, consectetur adipisicing elit, sed do eiusmod tempor inc" 83
Tau
RV_num(83)

close (FD 3)
Tau
RV_none

mkdir nonempty_dir1/d2/d3 0o777
Tau
RV_none

mkdir nonempty_dir2 0o777
Tau
RV_none

open_close nonempty_dir2/f1.txt [O_WRONLY;O_CREAT] 0o666
Tau
RV_none

open nonempty_dir2/f2.txt [O_WRONLY;O_CREAT] 0o666
Tau
RV_num(3)

write! (FD 3) "Lorem ipsum dolor sit amet, consectetur adipisicing elit, sed do eiusmod tempor incididunt ut labore et dolore magna aliqua. Ut enim ad minim veniam, quis nostrud exer" 167
Tau
RV_num(167)

close (FD 3)
Tau
RV_none

mkdir nonempty_dir2/d2 0o777
Tau
RV_none

mkdir nonempty_dir2/d2/d3 0o777
Tau
RV_none

unlink nonexist_2/
Tau
ENOENT

dump-result /test_dir_0034
   /test_dir_0034|D|7621
   /test_dir_0034/empty_dir1|D|7623
   /test_dir_0034/empty_dir2|D|7625
   /test_dir_0034/nonempty_dir1|D|7627
   /test_dir_0034/nonempty_dir2|D|7637
   /test_dir_0034/nonempty_dir1/d2|D|7630
   /test_dir_0034/nonempty_dir1/f1.txt|F|7628|0|da39a3ee5e6b4b0d3255bfef95601890afd80709
   /test_dir_0034/nonempty_dir1/d2/d3|D|7636
   /test_dir_0034/nonempty_dir1/d2/f3.txt|F|7632|83|4b535f836f6006423fc132a59e78dfcc4fe6292f
   /test_dir_0034/nonempty_dir2/d2|D|7646
   /test_dir_0034/nonempty_dir2/f1.txt|F|7640|0|da39a3ee5e6b4b0d3255bfef95601890afd80709
   /test_dir_0034/nonempty_dir2/f2.txt|F|7642|167|d09f4e47c22373e56c2369633ac3dcb71d598601
   /test_dir_0034/nonempty_dir2/d2/d3|D|7647
end dump-result


#####################################
# Test 35
#####################################
mkdir /test_dir_0035 0o777
Tau
RV_none

chdir /test_dir_0035
Tau
RV_none

mkdir empty_dir1 0o777
Tau
RV_none

mkdir empty_dir2 0o777
Tau
RV_none

mkdir nonempty_dir1 0o777
Tau
RV_none

open_close nonempty_dir1/f1.txt [O_WRONLY;O_CREAT] 0o666
Tau
RV_none

mkdir nonempty_dir1/d2 0o777
Tau
RV_none

open nonempty_dir1/d2/f3.txt [O_WRONLY;O_CREAT] 0o666
Tau
RV_num(3)

write! (FD 3) "Lorem ipsum dolor sit amet, consectetur adipisicing elit, sed do eiusmod tempor inc" 83
Tau
RV_num(83)

close (FD 3)
Tau
RV_none

mkdir nonempty_dir1/d2/d3 0o777
Tau
RV_none

mkdir nonempty_dir2 0o777
Tau
RV_none

open_close nonempty_dir2/f1.txt [O_WRONLY;O_CREAT] 0o666
Tau
RV_none

open nonempty_dir2/f2.txt [O_WRONLY;O_CREAT] 0o666
Tau
RV_num(3)

write! (FD 3) "Lorem ipsum dolor sit amet, consectetur adipisicing elit, sed do eiusmod tempor incididunt ut labore et dolore magna aliqua. Ut enim ad minim veniam, quis nostrud exer" 167
Tau
RV_num(167)

close (FD 3)
Tau
RV_none

mkdir nonempty_dir2/d2 0o777
Tau
RV_none

mkdir nonempty_dir2/d2/d3 0o777
Tau
RV_none

unlink nonexist_dir/nonexist_3
Tau
ENOENT

dump-result /test_dir_0035
   /test_dir_0035|D|7661
   /test_dir_0035/empty_dir1|D|7662
   /test_dir_0035/empty_dir2|D|7664
   /test_dir_0035/nonempty_dir1|D|7666
   /test_dir_0035/nonempty_dir2|D|7675
   /test_dir_0035/nonempty_dir1/d2|D|7670
   /test_dir_0035/nonempty_dir1/f1.txt|F|7668|0|da39a3ee5e6b4b0d3255bfef95601890afd80709
   /test_dir_0035/nonempty_dir1/d2/d3|D|7674
   /test_dir_0035/nonempty_dir1/d2/f3.txt|F|7672|83|4b535f836f6006423fc132a59e78dfcc4fe6292f
   /test_dir_0035/nonempty_dir2/d2|D|7687
   /test_dir_0035/nonempty_dir2/f1.txt|F|7677|0|da39a3ee5e6b4b0d3255bfef95601890afd80709
   /test_dir_0035/nonempty_dir2/f2.txt|F|7679|167|d09f4e47c22373e56c2369633ac3dcb71d598601
   /test_dir_0035/nonempty_dir2/d2/d3|D|7689
end dump-result


#####################################
# Test 36
#####################################
mkdir /test_dir_0036 0o777
Tau
RV_none

chdir /test_dir_0036
Tau
RV_none

mkdir empty_dir1 0o777
Tau
RV_none

mkdir empty_dir2 0o777
Tau
RV_none

mkdir nonempty_dir1 0o777
Tau
RV_none

open_close nonempty_dir1/f1.txt [O_WRONLY;O_CREAT] 0o666
Tau
RV_none

mkdir nonempty_dir1/d2 0o777
Tau
RV_none

open nonempty_dir1/d2/f3.txt [O_WRONLY;O_CREAT] 0o666
Tau
RV_num(3)

write! (FD 3) "Lorem ipsum dolor sit amet, consectetur adipisicing elit, sed do eiusmod tempor inc" 83
Tau
RV_num(83)

close (FD 3)
Tau
RV_none

mkdir nonempty_dir1/d2/d3 0o777
Tau
RV_none

mkdir nonempty_dir2 0o777
Tau
RV_none

open_close nonempty_dir2/f1.txt [O_WRONLY;O_CREAT] 0o666
Tau
RV_none

open nonempty_dir2/f2.txt [O_WRONLY;O_CREAT] 0o666
Tau
RV_num(3)

write! (FD 3) "Lorem ipsum dolor sit amet, consectetur adipisicing elit, sed do eiusmod tempor incididunt ut labore et dolore magna aliqua. Ut enim ad minim veniam, quis nostrud exer" 167
Tau
RV_num(167)

close (FD 3)
Tau
RV_none

mkdir nonempty_dir2/d2 0o777
Tau
RV_none

mkdir nonempty_dir2/d2/d3 0o777
Tau
RV_none

unlink nonexist_dir/nonexist_3/
Tau
ENOENT

dump-result /test_dir_0036
   /test_dir_0036|D|7700
   /test_dir_0036/empty_dir1|D|7701
   /test_dir_0036/empty_dir2|D|7703
   /test_dir_0036/nonempty_dir1|D|7704
   /test_dir_0036/nonempty_dir2|D|7718
   /test_dir_0036/nonempty_dir1/d2|D|7708
   /test_dir_0036/nonempty_dir1/f1.txt|F|7706|0|da39a3ee5e6b4b0d3255bfef95601890afd80709
   /test_dir_0036/nonempty_dir1/d2/d3|D|7716
   /test_dir_0036/nonempty_dir1/d2/f3.txt|F|7711|83|4b535f836f6006423fc132a59e78dfcc4fe6292f
   /test_dir_0036/nonempty_dir2/d2|D|7729
   /test_dir_0036/nonempty_dir2/f1.txt|F|7721|0|da39a3ee5e6b4b0d3255bfef95601890afd80709
   /test_dir_0036/nonempty_dir2/f2.txt|F|7725|167|d09f4e47c22373e56c2369633ac3dcb71d598601
   /test_dir_0036/nonempty_dir2/d2/d3|D|7730
end dump-result


