#####################################
# Test 1
#####################################
mkdir /test_dir_0001 0o777
Tau
RV_none

chdir /test_dir_0001
Tau
RV_none

mkdir empty_dir1 0o777
Tau
RV_none

mkdir empty_dir2 0o777
Tau
RV_none

mkdir nonempty_dir1 0o777
Tau
RV_none

open_close nonempty_dir1/f1.txt [O_WRONLY;O_CREAT] 0o666
Tau
RV_none

mkdir nonempty_dir1/d2 0o777
Tau
RV_none

open nonempty_dir1/d2/f3.txt [O_WRONLY;O_CREAT] 0o666
Tau
RV_num(3)

write! (FD 3) "Lorem ipsum dolor sit amet, consectetur adipisicing elit, sed do eiusmod tempor inc" 83
Tau
RV_num(83)

close (FD 3)
Tau
RV_none

mkdir nonempty_dir1/d2/d3 0o777
Tau
RV_none

mkdir nonempty_dir2 0o777
Tau
RV_none

open_close nonempty_dir2/f1.txt [O_WRONLY;O_CREAT] 0o666
Tau
RV_none

open nonempty_dir2/f2.txt [O_WRONLY;O_CREAT] 0o666
Tau
RV_num(3)

write! (FD 3) "Lorem ipsum dolor sit amet, consectetur adipisicing elit, sed do eiusmod tempor incididunt ut labore et dolore magna aliqua. Ut enim ad minim veniam, quis nostrud exer" 167
Tau
RV_num(167)

close (FD 3)
Tau
RV_none

mkdir nonempty_dir2/d2 0o777
Tau
RV_none

mkdir nonempty_dir2/d2/d3 0o777
Tau
RV_none

stat empty_dir1
Tau
{ st_dev=1792; st_ino=33281; st_kind=S_IFDIR; st_perm=0o755; st_nlink=2; st_uid=0; st_gid=0; st_rdev=0; st_size=4096; }

dump-result /test_dir_0001
   /test_dir_0001|D|33280
   /test_dir_0001/empty_dir1|D|33281
   /test_dir_0001/empty_dir2|D|33282
   /test_dir_0001/nonempty_dir1|D|33283
   /test_dir_0001/nonempty_dir2|D|33288
   /test_dir_0001/nonempty_dir1/d2|D|33285
   /test_dir_0001/nonempty_dir1/f1.txt|F|33284|0|da39a3ee5e6b4b0d3255bfef95601890afd80709
   /test_dir_0001/nonempty_dir1/d2/d3|D|33287
   /test_dir_0001/nonempty_dir1/d2/f3.txt|F|33286|83|4b535f836f6006423fc132a59e78dfcc4fe6292f
   /test_dir_0001/nonempty_dir2/d2|D|33291
   /test_dir_0001/nonempty_dir2/f1.txt|F|33289|0|da39a3ee5e6b4b0d3255bfef95601890afd80709
   /test_dir_0001/nonempty_dir2/f2.txt|F|33290|167|d09f4e47c22373e56c2369633ac3dcb71d598601
   /test_dir_0001/nonempty_dir2/d2/d3|D|33292
end dump-result


#####################################
# Test 2
#####################################
mkdir /test_dir_0002 0o777
Tau
RV_none

chdir /test_dir_0002
Tau
RV_none

mkdir empty_dir1 0o777
Tau
RV_none

mkdir empty_dir2 0o777
Tau
RV_none

mkdir nonempty_dir1 0o777
Tau
RV_none

open_close nonempty_dir1/f1.txt [O_WRONLY;O_CREAT] 0o666
Tau
RV_none

mkdir nonempty_dir1/d2 0o777
Tau
RV_none

open nonempty_dir1/d2/f3.txt [O_WRONLY;O_CREAT] 0o666
Tau
RV_num(3)

write! (FD 3) "Lorem ipsum dolor sit amet, consectetur adipisicing elit, sed do eiusmod tempor inc" 83
Tau
RV_num(83)

close (FD 3)
Tau
RV_none

mkdir nonempty_dir1/d2/d3 0o777
Tau
RV_none

mkdir nonempty_dir2 0o777
Tau
RV_none

open_close nonempty_dir2/f1.txt [O_WRONLY;O_CREAT] 0o666
Tau
RV_none

open nonempty_dir2/f2.txt [O_WRONLY;O_CREAT] 0o666
Tau
RV_num(3)

write! (FD 3) "Lorem ipsum dolor sit amet, consectetur adipisicing elit, sed do eiusmod tempor incididunt ut labore et dolore magna aliqua. Ut enim ad minim veniam, quis nostrud exer" 167
Tau
RV_num(167)

close (FD 3)
Tau
RV_none

mkdir nonempty_dir2/d2 0o777
Tau
RV_none

mkdir nonempty_dir2/d2/d3 0o777
Tau
RV_none

stat empty_dir1/
Tau
{ st_dev=1792; st_ino=33294; st_kind=S_IFDIR; st_perm=0o755; st_nlink=2; st_uid=0; st_gid=0; st_rdev=0; st_size=4096; }

dump-result /test_dir_0002
   /test_dir_0002|D|33293
   /test_dir_0002/empty_dir1|D|33294
   /test_dir_0002/empty_dir2|D|33296
   /test_dir_0002/nonempty_dir1|D|33297
   /test_dir_0002/nonempty_dir2|D|33314
   /test_dir_0002/nonempty_dir1/d2|D|33302
   /test_dir_0002/nonempty_dir1/f1.txt|F|33299|0|da39a3ee5e6b4b0d3255bfef95601890afd80709
   /test_dir_0002/nonempty_dir1/d2/d3|D|33313
   /test_dir_0002/nonempty_dir1/d2/f3.txt|F|33304|83|4b535f836f6006423fc132a59e78dfcc4fe6292f
   /test_dir_0002/nonempty_dir2/d2|D|33317
   /test_dir_0002/nonempty_dir2/f1.txt|F|33315|0|da39a3ee5e6b4b0d3255bfef95601890afd80709
   /test_dir_0002/nonempty_dir2/f2.txt|F|33316|167|d09f4e47c22373e56c2369633ac3dcb71d598601
   /test_dir_0002/nonempty_dir2/d2/d3|D|33318
end dump-result


#####################################
# Test 3
#####################################
mkdir /test_dir_0003 0o777
Tau
RV_none

chdir /test_dir_0003
Tau
RV_none

mkdir empty_dir1 0o777
Tau
RV_none

mkdir empty_dir2 0o777
Tau
RV_none

mkdir nonempty_dir1 0o777
Tau
RV_none

open_close nonempty_dir1/f1.txt [O_WRONLY;O_CREAT] 0o666
Tau
RV_none

mkdir nonempty_dir1/d2 0o777
Tau
RV_none

open nonempty_dir1/d2/f3.txt [O_WRONLY;O_CREAT] 0o666
Tau
RV_num(3)

write! (FD 3) "Lorem ipsum dolor sit amet, consectetur adipisicing elit, sed do eiusmod tempor inc" 83
Tau
RV_num(83)

close (FD 3)
Tau
RV_none

mkdir nonempty_dir1/d2/d3 0o777
Tau
RV_none

mkdir nonempty_dir2 0o777
Tau
RV_none

open_close nonempty_dir2/f1.txt [O_WRONLY;O_CREAT] 0o666
Tau
RV_none

open nonempty_dir2/f2.txt [O_WRONLY;O_CREAT] 0o666
Tau
RV_num(3)

write! (FD 3) "Lorem ipsum dolor sit amet, consectetur adipisicing elit, sed do eiusmod tempor incididunt ut labore et dolore magna aliqua. Ut enim ad minim veniam, quis nostrud exer" 167
Tau
RV_num(167)

close (FD 3)
Tau
RV_none

mkdir nonempty_dir2/d2 0o777
Tau
RV_none

mkdir nonempty_dir2/d2/d3 0o777
Tau
RV_none

stat empty_dir2
Tau
{ st_dev=1792; st_ino=33321; st_kind=S_IFDIR; st_perm=0o755; st_nlink=2; st_uid=0; st_gid=0; st_rdev=0; st_size=4096; }

dump-result /test_dir_0003
   /test_dir_0003|D|33319
   /test_dir_0003/empty_dir1|D|33320
   /test_dir_0003/empty_dir2|D|33321
   /test_dir_0003/nonempty_dir1|D|33322
   /test_dir_0003/nonempty_dir2|D|33340
   /test_dir_0003/nonempty_dir1/d2|D|33326
   /test_dir_0003/nonempty_dir1/f1.txt|F|33323|0|da39a3ee5e6b4b0d3255bfef95601890afd80709
   /test_dir_0003/nonempty_dir1/d2/d3|D|33339
   /test_dir_0003/nonempty_dir1/d2/f3.txt|F|33328|83|4b535f836f6006423fc132a59e78dfcc4fe6292f
   /test_dir_0003/nonempty_dir2/d2|D|33343
   /test_dir_0003/nonempty_dir2/f1.txt|F|33341|0|da39a3ee5e6b4b0d3255bfef95601890afd80709
   /test_dir_0003/nonempty_dir2/f2.txt|F|33342|167|d09f4e47c22373e56c2369633ac3dcb71d598601
   /test_dir_0003/nonempty_dir2/d2/d3|D|33344
end dump-result


#####################################
# Test 4
#####################################
mkdir /test_dir_0004 0o777
Tau
RV_none

chdir /test_dir_0004
Tau
RV_none

mkdir empty_dir1 0o777
Tau
RV_none

mkdir empty_dir2 0o777
Tau
RV_none

mkdir nonempty_dir1 0o777
Tau
RV_none

open_close nonempty_dir1/f1.txt [O_WRONLY;O_CREAT] 0o666
Tau
RV_none

mkdir nonempty_dir1/d2 0o777
Tau
RV_none

open nonempty_dir1/d2/f3.txt [O_WRONLY;O_CREAT] 0o666
Tau
RV_num(3)

write! (FD 3) "Lorem ipsum dolor sit amet, consectetur adipisicing elit, sed do eiusmod tempor inc" 83
Tau
RV_num(83)

close (FD 3)
Tau
RV_none

mkdir nonempty_dir1/d2/d3 0o777
Tau
RV_none

mkdir nonempty_dir2 0o777
Tau
RV_none

open_close nonempty_dir2/f1.txt [O_WRONLY;O_CREAT] 0o666
Tau
RV_none

open nonempty_dir2/f2.txt [O_WRONLY;O_CREAT] 0o666
Tau
RV_num(3)

write! (FD 3) "Lorem ipsum dolor sit amet, consectetur adipisicing elit, sed do eiusmod tempor incididunt ut labore et dolore magna aliqua. Ut enim ad minim veniam, quis nostrud exer" 167
Tau
RV_num(167)

close (FD 3)
Tau
RV_none

mkdir nonempty_dir2/d2 0o777
Tau
RV_none

mkdir nonempty_dir2/d2/d3 0o777
Tau
RV_none

stat empty_dir2/
Tau
{ st_dev=1792; st_ino=33347; st_kind=S_IFDIR; st_perm=0o755; st_nlink=2; st_uid=0; st_gid=0; st_rdev=0; st_size=4096; }

dump-result /test_dir_0004
   /test_dir_0004|D|33345
   /test_dir_0004/empty_dir1|D|33346
   /test_dir_0004/empty_dir2|D|33347
   /test_dir_0004/nonempty_dir1|D|33348
   /test_dir_0004/nonempty_dir2|D|33366
   /test_dir_0004/nonempty_dir1/d2|D|33352
   /test_dir_0004/nonempty_dir1/f1.txt|F|33350|0|da39a3ee5e6b4b0d3255bfef95601890afd80709
   /test_dir_0004/nonempty_dir1/d2/d3|D|33365
   /test_dir_0004/nonempty_dir1/d2/f3.txt|F|33354|83|4b535f836f6006423fc132a59e78dfcc4fe6292f
   /test_dir_0004/nonempty_dir2/d2|D|33369
   /test_dir_0004/nonempty_dir2/f1.txt|F|33367|0|da39a3ee5e6b4b0d3255bfef95601890afd80709
   /test_dir_0004/nonempty_dir2/f2.txt|F|33368|167|d09f4e47c22373e56c2369633ac3dcb71d598601
   /test_dir_0004/nonempty_dir2/d2/d3|D|33370
end dump-result


#####################################
# Test 5
#####################################
mkdir /test_dir_0005 0o777
Tau
RV_none

chdir /test_dir_0005
Tau
RV_none

mkdir empty_dir1 0o777
Tau
RV_none

mkdir empty_dir2 0o777
Tau
RV_none

mkdir nonempty_dir1 0o777
Tau
RV_none

open_close nonempty_dir1/f1.txt [O_WRONLY;O_CREAT] 0o666
Tau
RV_none

mkdir nonempty_dir1/d2 0o777
Tau
RV_none

open nonempty_dir1/d2/f3.txt [O_WRONLY;O_CREAT] 0o666
Tau
RV_num(3)

write! (FD 3) "Lorem ipsum dolor sit amet, consectetur adipisicing elit, sed do eiusmod tempor inc" 83
Tau
RV_num(83)

close (FD 3)
Tau
RV_none

mkdir nonempty_dir1/d2/d3 0o777
Tau
RV_none

mkdir nonempty_dir2 0o777
Tau
RV_none

open_close nonempty_dir2/f1.txt [O_WRONLY;O_CREAT] 0o666
Tau
RV_none

open nonempty_dir2/f2.txt [O_WRONLY;O_CREAT] 0o666
Tau
RV_num(3)

write! (FD 3) "Lorem ipsum dolor sit amet, consectetur adipisicing elit, sed do eiusmod tempor incididunt ut labore et dolore magna aliqua. Ut enim ad minim veniam, quis nostrud exer" 167
Tau
RV_num(167)

close (FD 3)
Tau
RV_none

mkdir nonempty_dir2/d2 0o777
Tau
RV_none

mkdir nonempty_dir2/d2/d3 0o777
Tau
RV_none

stat nonempty_dir1
Tau
{ st_dev=1792; st_ino=33374; st_kind=S_IFDIR; st_perm=0o755; st_nlink=3; st_uid=0; st_gid=0; st_rdev=0; st_size=4096; }

dump-result /test_dir_0005
   /test_dir_0005|D|33371
   /test_dir_0005/empty_dir1|D|33372
   /test_dir_0005/empty_dir2|D|33373
   /test_dir_0005/nonempty_dir1|D|33374
   /test_dir_0005/nonempty_dir2|D|33392
   /test_dir_0005/nonempty_dir1/d2|D|33382
   /test_dir_0005/nonempty_dir1/f1.txt|F|33376|0|da39a3ee5e6b4b0d3255bfef95601890afd80709
   /test_dir_0005/nonempty_dir1/d2/d3|D|33391
   /test_dir_0005/nonempty_dir1/d2/f3.txt|F|33384|83|4b535f836f6006423fc132a59e78dfcc4fe6292f
   /test_dir_0005/nonempty_dir2/d2|D|33395
   /test_dir_0005/nonempty_dir2/f1.txt|F|33393|0|da39a3ee5e6b4b0d3255bfef95601890afd80709
   /test_dir_0005/nonempty_dir2/f2.txt|F|33394|167|d09f4e47c22373e56c2369633ac3dcb71d598601
   /test_dir_0005/nonempty_dir2/d2/d3|D|33396
end dump-result


#####################################
# Test 6
#####################################
mkdir /test_dir_0006 0o777
Tau
RV_none

chdir /test_dir_0006
Tau
RV_none

mkdir empty_dir1 0o777
Tau
RV_none

mkdir empty_dir2 0o777
Tau
RV_none

mkdir nonempty_dir1 0o777
Tau
RV_none

open_close nonempty_dir1/f1.txt [O_WRONLY;O_CREAT] 0o666
Tau
RV_none

mkdir nonempty_dir1/d2 0o777
Tau
RV_none

open nonempty_dir1/d2/f3.txt [O_WRONLY;O_CREAT] 0o666
Tau
RV_num(3)

write! (FD 3) "Lorem ipsum dolor sit amet, consectetur adipisicing elit, sed do eiusmod tempor inc" 83
Tau
RV_num(83)

close (FD 3)
Tau
RV_none

mkdir nonempty_dir1/d2/d3 0o777
Tau
RV_none

mkdir nonempty_dir2 0o777
Tau
RV_none

open_close nonempty_dir2/f1.txt [O_WRONLY;O_CREAT] 0o666
Tau
RV_none

open nonempty_dir2/f2.txt [O_WRONLY;O_CREAT] 0o666
Tau
RV_num(3)

write! (FD 3) "Lorem ipsum dolor sit amet, consectetur adipisicing elit, sed do eiusmod tempor incididunt ut labore et dolore magna aliqua. Ut enim ad minim veniam, quis nostrud exer" 167
Tau
RV_num(167)

close (FD 3)
Tau
RV_none

mkdir nonempty_dir2/d2 0o777
Tau
RV_none

mkdir nonempty_dir2/d2/d3 0o777
Tau
RV_none

stat nonempty_dir1/
Tau
{ st_dev=1792; st_ino=33403; st_kind=S_IFDIR; st_perm=0o755; st_nlink=3; st_uid=0; st_gid=0; st_rdev=0; st_size=4096; }

dump-result /test_dir_0006
   /test_dir_0006|D|33397
   /test_dir_0006/empty_dir1|D|33399
   /test_dir_0006/empty_dir2|D|33401
   /test_dir_0006/nonempty_dir1|D|33403
   /test_dir_0006/nonempty_dir2|D|33418
   /test_dir_0006/nonempty_dir1/d2|D|33407
   /test_dir_0006/nonempty_dir1/f1.txt|F|33405|0|da39a3ee5e6b4b0d3255bfef95601890afd80709
   /test_dir_0006/nonempty_dir1/d2/d3|D|33417
   /test_dir_0006/nonempty_dir1/d2/f3.txt|F|33408|83|4b535f836f6006423fc132a59e78dfcc4fe6292f
   /test_dir_0006/nonempty_dir2/d2|D|33421
   /test_dir_0006/nonempty_dir2/f1.txt|F|33419|0|da39a3ee5e6b4b0d3255bfef95601890afd80709
   /test_dir_0006/nonempty_dir2/f2.txt|F|33420|167|d09f4e47c22373e56c2369633ac3dcb71d598601
   /test_dir_0006/nonempty_dir2/d2/d3|D|33422
end dump-result


#####################################
# Test 7
#####################################
mkdir /test_dir_0007 0o777
Tau
RV_none

chdir /test_dir_0007
Tau
RV_none

mkdir empty_dir1 0o777
Tau
RV_none

mkdir empty_dir2 0o777
Tau
RV_none

mkdir nonempty_dir1 0o777
Tau
RV_none

open_close nonempty_dir1/f1.txt [O_WRONLY;O_CREAT] 0o666
Tau
RV_none

mkdir nonempty_dir1/d2 0o777
Tau
RV_none

open nonempty_dir1/d2/f3.txt [O_WRONLY;O_CREAT] 0o666
Tau
RV_num(3)

write! (FD 3) "Lorem ipsum dolor sit amet, consectetur adipisicing elit, sed do eiusmod tempor inc" 83
Tau
RV_num(83)

close (FD 3)
Tau
RV_none

mkdir nonempty_dir1/d2/d3 0o777
Tau
RV_none

mkdir nonempty_dir2 0o777
Tau
RV_none

open_close nonempty_dir2/f1.txt [O_WRONLY;O_CREAT] 0o666
Tau
RV_none

open nonempty_dir2/f2.txt [O_WRONLY;O_CREAT] 0o666
Tau
RV_num(3)

write! (FD 3) "Lorem ipsum dolor sit amet, consectetur adipisicing elit, sed do eiusmod tempor incididunt ut labore et dolore magna aliqua. Ut enim ad minim veniam, quis nostrud exer" 167
Tau
RV_num(167)

close (FD 3)
Tau
RV_none

mkdir nonempty_dir2/d2 0o777
Tau
RV_none

mkdir nonempty_dir2/d2/d3 0o777
Tau
RV_none

stat nonempty_dir1/d2
Tau
{ st_dev=1792; st_ino=33433; st_kind=S_IFDIR; st_perm=0o755; st_nlink=3; st_uid=0; st_gid=0; st_rdev=0; st_size=4096; }

dump-result /test_dir_0007
   /test_dir_0007|D|33423
   /test_dir_0007/empty_dir1|D|33424
   /test_dir_0007/empty_dir2|D|33426
   /test_dir_0007/nonempty_dir1|D|33428
   /test_dir_0007/nonempty_dir2|D|33444
   /test_dir_0007/nonempty_dir1/d2|D|33433
   /test_dir_0007/nonempty_dir1/f1.txt|F|33430|0|da39a3ee5e6b4b0d3255bfef95601890afd80709
   /test_dir_0007/nonempty_dir1/d2/d3|D|33443
   /test_dir_0007/nonempty_dir1/d2/f3.txt|F|33435|83|4b535f836f6006423fc132a59e78dfcc4fe6292f
   /test_dir_0007/nonempty_dir2/d2|D|33447
   /test_dir_0007/nonempty_dir2/f1.txt|F|33445|0|da39a3ee5e6b4b0d3255bfef95601890afd80709
   /test_dir_0007/nonempty_dir2/f2.txt|F|33446|167|d09f4e47c22373e56c2369633ac3dcb71d598601
   /test_dir_0007/nonempty_dir2/d2/d3|D|33448
end dump-result


#####################################
# Test 8
#####################################
mkdir /test_dir_0008 0o777
Tau
RV_none

chdir /test_dir_0008
Tau
RV_none

mkdir empty_dir1 0o777
Tau
RV_none

mkdir empty_dir2 0o777
Tau
RV_none

mkdir nonempty_dir1 0o777
Tau
RV_none

open_close nonempty_dir1/f1.txt [O_WRONLY;O_CREAT] 0o666
Tau
RV_none

mkdir nonempty_dir1/d2 0o777
Tau
RV_none

open nonempty_dir1/d2/f3.txt [O_WRONLY;O_CREAT] 0o666
Tau
RV_num(3)

write! (FD 3) "Lorem ipsum dolor sit amet, consectetur adipisicing elit, sed do eiusmod tempor inc" 83
Tau
RV_num(83)

close (FD 3)
Tau
RV_none

mkdir nonempty_dir1/d2/d3 0o777
Tau
RV_none

mkdir nonempty_dir2 0o777
Tau
RV_none

open_close nonempty_dir2/f1.txt [O_WRONLY;O_CREAT] 0o666
Tau
RV_none

open nonempty_dir2/f2.txt [O_WRONLY;O_CREAT] 0o666
Tau
RV_num(3)

write! (FD 3) "Lorem ipsum dolor sit amet, consectetur adipisicing elit, sed do eiusmod tempor incididunt ut labore et dolore magna aliqua. Ut enim ad minim veniam, quis nostrud exer" 167
Tau
RV_num(167)

close (FD 3)
Tau
RV_none

mkdir nonempty_dir2/d2 0o777
Tau
RV_none

mkdir nonempty_dir2/d2/d3 0o777
Tau
RV_none

stat nonempty_dir1/d2/
Tau
{ st_dev=1792; st_ino=33605; st_kind=S_IFDIR; st_perm=0o755; st_nlink=3; st_uid=0; st_gid=0; st_rdev=0; st_size=4096; }

dump-result /test_dir_0008
   /test_dir_0008|D|33449
   /test_dir_0008/empty_dir1|D|33451
   /test_dir_0008/empty_dir2|D|33452
   /test_dir_0008/nonempty_dir1|D|33454
   /test_dir_0008/nonempty_dir2|D|33608
   /test_dir_0008/nonempty_dir1/d2|D|33605
   /test_dir_0008/nonempty_dir1/f1.txt|F|33604|0|da39a3ee5e6b4b0d3255bfef95601890afd80709
   /test_dir_0008/nonempty_dir1/d2/d3|D|33607
   /test_dir_0008/nonempty_dir1/d2/f3.txt|F|33606|83|4b535f836f6006423fc132a59e78dfcc4fe6292f
   /test_dir_0008/nonempty_dir2/d2|D|33611
   /test_dir_0008/nonempty_dir2/f1.txt|F|33609|0|da39a3ee5e6b4b0d3255bfef95601890afd80709
   /test_dir_0008/nonempty_dir2/f2.txt|F|33610|167|d09f4e47c22373e56c2369633ac3dcb71d598601
   /test_dir_0008/nonempty_dir2/d2/d3|D|33612
end dump-result


#####################################
# Test 9
#####################################
mkdir /test_dir_0009 0o777
Tau
RV_none

chdir /test_dir_0009
Tau
RV_none

mkdir empty_dir1 0o777
Tau
RV_none

mkdir empty_dir2 0o777
Tau
RV_none

mkdir nonempty_dir1 0o777
Tau
RV_none

open_close nonempty_dir1/f1.txt [O_WRONLY;O_CREAT] 0o666
Tau
RV_none

mkdir nonempty_dir1/d2 0o777
Tau
RV_none

open nonempty_dir1/d2/f3.txt [O_WRONLY;O_CREAT] 0o666
Tau
RV_num(3)

write! (FD 3) "Lorem ipsum dolor sit amet, consectetur adipisicing elit, sed do eiusmod tempor inc" 83
Tau
RV_num(83)

close (FD 3)
Tau
RV_none

mkdir nonempty_dir1/d2/d3 0o777
Tau
RV_none

mkdir nonempty_dir2 0o777
Tau
RV_none

open_close nonempty_dir2/f1.txt [O_WRONLY;O_CREAT] 0o666
Tau
RV_none

open nonempty_dir2/f2.txt [O_WRONLY;O_CREAT] 0o666
Tau
RV_num(3)

write! (FD 3) "Lorem ipsum dolor sit amet, consectetur adipisicing elit, sed do eiusmod tempor incididunt ut labore et dolore magna aliqua. Ut enim ad minim veniam, quis nostrud exer" 167
Tau
RV_num(167)

close (FD 3)
Tau
RV_none

mkdir nonempty_dir2/d2 0o777
Tau
RV_none

mkdir nonempty_dir2/d2/d3 0o777
Tau
RV_none

stat nonempty_dir1/d2/broken_sl/nonexist_6
Tau
ENOENT

dump-result /test_dir_0009
   /test_dir_0009|D|33780
   /test_dir_0009/empty_dir1|D|33781
   /test_dir_0009/empty_dir2|D|33794
   /test_dir_0009/nonempty_dir1|D|33795
   /test_dir_0009/nonempty_dir2|D|33800
   /test_dir_0009/nonempty_dir1/d2|D|33797
   /test_dir_0009/nonempty_dir1/f1.txt|F|33796|0|da39a3ee5e6b4b0d3255bfef95601890afd80709
   /test_dir_0009/nonempty_dir1/d2/d3|D|33799
   /test_dir_0009/nonempty_dir1/d2/f3.txt|F|33798|83|4b535f836f6006423fc132a59e78dfcc4fe6292f
   /test_dir_0009/nonempty_dir2/d2|D|33803
   /test_dir_0009/nonempty_dir2/f1.txt|F|33801|0|da39a3ee5e6b4b0d3255bfef95601890afd80709
   /test_dir_0009/nonempty_dir2/f2.txt|F|33802|167|d09f4e47c22373e56c2369633ac3dcb71d598601
   /test_dir_0009/nonempty_dir2/d2/d3|D|33804
end dump-result


#####################################
# Test 10
#####################################
mkdir /test_dir_0010 0o777
Tau
RV_none

chdir /test_dir_0010
Tau
RV_none

mkdir empty_dir1 0o777
Tau
RV_none

mkdir empty_dir2 0o777
Tau
RV_none

mkdir nonempty_dir1 0o777
Tau
RV_none

open_close nonempty_dir1/f1.txt [O_WRONLY;O_CREAT] 0o666
Tau
RV_none

mkdir nonempty_dir1/d2 0o777
Tau
RV_none

open nonempty_dir1/d2/f3.txt [O_WRONLY;O_CREAT] 0o666
Tau
RV_num(3)

write! (FD 3) "Lorem ipsum dolor sit amet, consectetur adipisicing elit, sed do eiusmod tempor inc" 83
Tau
RV_num(83)

close (FD 3)
Tau
RV_none

mkdir nonempty_dir1/d2/d3 0o777
Tau
RV_none

mkdir nonempty_dir2 0o777
Tau
RV_none

open_close nonempty_dir2/f1.txt [O_WRONLY;O_CREAT] 0o666
Tau
RV_none

open nonempty_dir2/f2.txt [O_WRONLY;O_CREAT] 0o666
Tau
RV_num(3)

write! (FD 3) "Lorem ipsum dolor sit amet, consectetur adipisicing elit, sed do eiusmod tempor incididunt ut labore et dolore magna aliqua. Ut enim ad minim veniam, quis nostrud exer" 167
Tau
RV_num(167)

close (FD 3)
Tau
RV_none

mkdir nonempty_dir2/d2 0o777
Tau
RV_none

mkdir nonempty_dir2/d2/d3 0o777
Tau
RV_none

stat nonempty_dir1/d2/broken_sl/nonexist_6/
Tau
ENOENT

dump-result /test_dir_0010
   /test_dir_0010|D|33806
   /test_dir_0010/empty_dir1|D|33808
   /test_dir_0010/empty_dir2|D|33820
   /test_dir_0010/nonempty_dir1|D|33821
   /test_dir_0010/nonempty_dir2|D|33827
   /test_dir_0010/nonempty_dir1/d2|D|33823
   /test_dir_0010/nonempty_dir1/f1.txt|F|33822|0|da39a3ee5e6b4b0d3255bfef95601890afd80709
   /test_dir_0010/nonempty_dir1/d2/d3|D|33825
   /test_dir_0010/nonempty_dir1/d2/f3.txt|F|33824|83|4b535f836f6006423fc132a59e78dfcc4fe6292f
   /test_dir_0010/nonempty_dir2/d2|D|33834
   /test_dir_0010/nonempty_dir2/f1.txt|F|33830|0|da39a3ee5e6b4b0d3255bfef95601890afd80709
   /test_dir_0010/nonempty_dir2/f2.txt|F|33832|167|d09f4e47c22373e56c2369633ac3dcb71d598601
   /test_dir_0010/nonempty_dir2/d2/d3|D|33836
end dump-result


#####################################
# Test 11
#####################################
mkdir /test_dir_0011 0o777
Tau
RV_none

chdir /test_dir_0011
Tau
RV_none

mkdir empty_dir1 0o777
Tau
RV_none

mkdir empty_dir2 0o777
Tau
RV_none

mkdir nonempty_dir1 0o777
Tau
RV_none

open_close nonempty_dir1/f1.txt [O_WRONLY;O_CREAT] 0o666
Tau
RV_none

mkdir nonempty_dir1/d2 0o777
Tau
RV_none

open nonempty_dir1/d2/f3.txt [O_WRONLY;O_CREAT] 0o666
Tau
RV_num(3)

write! (FD 3) "Lorem ipsum dolor sit amet, consectetur adipisicing elit, sed do eiusmod tempor inc" 83
Tau
RV_num(83)

close (FD 3)
Tau
RV_none

mkdir nonempty_dir1/d2/d3 0o777
Tau
RV_none

mkdir nonempty_dir2 0o777
Tau
RV_none

open_close nonempty_dir2/f1.txt [O_WRONLY;O_CREAT] 0o666
Tau
RV_none

open nonempty_dir2/f2.txt [O_WRONLY;O_CREAT] 0o666
Tau
RV_num(3)

write! (FD 3) "Lorem ipsum dolor sit amet, consectetur adipisicing elit, sed do eiusmod tempor incididunt ut labore et dolore magna aliqua. Ut enim ad minim veniam, quis nostrud exer" 167
Tau
RV_num(167)

close (FD 3)
Tau
RV_none

mkdir nonempty_dir2/d2 0o777
Tau
RV_none

mkdir nonempty_dir2/d2/d3 0o777
Tau
RV_none

stat nonempty_dir1/d2/d3
Tau
{ st_dev=1792; st_ino=33851; st_kind=S_IFDIR; st_perm=0o755; st_nlink=2; st_uid=0; st_gid=0; st_rdev=0; st_size=4096; }

dump-result /test_dir_0011
   /test_dir_0011|D|33838
   /test_dir_0011/empty_dir1|D|33840
   /test_dir_0011/empty_dir2|D|33846
   /test_dir_0011/nonempty_dir1|D|33847
   /test_dir_0011/nonempty_dir2|D|33852
   /test_dir_0011/nonempty_dir1/d2|D|33849
   /test_dir_0011/nonempty_dir1/f1.txt|F|33848|0|da39a3ee5e6b4b0d3255bfef95601890afd80709
   /test_dir_0011/nonempty_dir1/d2/d3|D|33851
   /test_dir_0011/nonempty_dir1/d2/f3.txt|F|33850|83|4b535f836f6006423fc132a59e78dfcc4fe6292f
   /test_dir_0011/nonempty_dir2/d2|D|33858
   /test_dir_0011/nonempty_dir2/f1.txt|F|33854|0|da39a3ee5e6b4b0d3255bfef95601890afd80709
   /test_dir_0011/nonempty_dir2/f2.txt|F|33856|167|d09f4e47c22373e56c2369633ac3dcb71d598601
   /test_dir_0011/nonempty_dir2/d2/d3|D|33860
end dump-result


#####################################
# Test 12
#####################################
mkdir /test_dir_0012 0o777
Tau
RV_none

chdir /test_dir_0012
Tau
RV_none

mkdir empty_dir1 0o777
Tau
RV_none

mkdir empty_dir2 0o777
Tau
RV_none

mkdir nonempty_dir1 0o777
Tau
RV_none

open_close nonempty_dir1/f1.txt [O_WRONLY;O_CREAT] 0o666
Tau
RV_none

mkdir nonempty_dir1/d2 0o777
Tau
RV_none

open nonempty_dir1/d2/f3.txt [O_WRONLY;O_CREAT] 0o666
Tau
RV_num(3)

write! (FD 3) "Lorem ipsum dolor sit amet, consectetur adipisicing elit, sed do eiusmod tempor inc" 83
Tau
RV_num(83)

close (FD 3)
Tau
RV_none

mkdir nonempty_dir1/d2/d3 0o777
Tau
RV_none

mkdir nonempty_dir2 0o777
Tau
RV_none

open_close nonempty_dir2/f1.txt [O_WRONLY;O_CREAT] 0o666
Tau
RV_none

open nonempty_dir2/f2.txt [O_WRONLY;O_CREAT] 0o666
Tau
RV_num(3)

write! (FD 3) "Lorem ipsum dolor sit amet, consectetur adipisicing elit, sed do eiusmod tempor incididunt ut labore et dolore magna aliqua. Ut enim ad minim veniam, quis nostrud exer" 167
Tau
RV_num(167)

close (FD 3)
Tau
RV_none

mkdir nonempty_dir2/d2 0o777
Tau
RV_none

mkdir nonempty_dir2/d2/d3 0o777
Tau
RV_none

stat nonempty_dir1/d2/d3/
Tau
{ st_dev=1792; st_ino=33911; st_kind=S_IFDIR; st_perm=0o755; st_nlink=2; st_uid=0; st_gid=0; st_rdev=0; st_size=4096; }

dump-result /test_dir_0012
   /test_dir_0012|D|33863
   /test_dir_0012/empty_dir1|D|33905
   /test_dir_0012/empty_dir2|D|33906
   /test_dir_0012/nonempty_dir1|D|33907
   /test_dir_0012/nonempty_dir2|D|33912
   /test_dir_0012/nonempty_dir1/d2|D|33909
   /test_dir_0012/nonempty_dir1/f1.txt|F|33908|0|da39a3ee5e6b4b0d3255bfef95601890afd80709
   /test_dir_0012/nonempty_dir1/d2/d3|D|33911
   /test_dir_0012/nonempty_dir1/d2/f3.txt|F|33910|83|4b535f836f6006423fc132a59e78dfcc4fe6292f
   /test_dir_0012/nonempty_dir2/d2|D|33915
   /test_dir_0012/nonempty_dir2/f1.txt|F|33913|0|da39a3ee5e6b4b0d3255bfef95601890afd80709
   /test_dir_0012/nonempty_dir2/f2.txt|F|33914|167|d09f4e47c22373e56c2369633ac3dcb71d598601
   /test_dir_0012/nonempty_dir2/d2/d3|D|33916
end dump-result


#####################################
# Test 13
#####################################
mkdir /test_dir_0013 0o777
Tau
RV_none

chdir /test_dir_0013
Tau
RV_none

mkdir empty_dir1 0o777
Tau
RV_none

mkdir empty_dir2 0o777
Tau
RV_none

mkdir nonempty_dir1 0o777
Tau
RV_none

open_close nonempty_dir1/f1.txt [O_WRONLY;O_CREAT] 0o666
Tau
RV_none

mkdir nonempty_dir1/d2 0o777
Tau
RV_none

open nonempty_dir1/d2/f3.txt [O_WRONLY;O_CREAT] 0o666
Tau
RV_num(3)

write! (FD 3) "Lorem ipsum dolor sit amet, consectetur adipisicing elit, sed do eiusmod tempor inc" 83
Tau
RV_num(83)

close (FD 3)
Tau
RV_none

mkdir nonempty_dir1/d2/d3 0o777
Tau
RV_none

mkdir nonempty_dir2 0o777
Tau
RV_none

open_close nonempty_dir2/f1.txt [O_WRONLY;O_CREAT] 0o666
Tau
RV_none

open nonempty_dir2/f2.txt [O_WRONLY;O_CREAT] 0o666
Tau
RV_num(3)

write! (FD 3) "Lorem ipsum dolor sit amet, consectetur adipisicing elit, sed do eiusmod tempor incididunt ut labore et dolore magna aliqua. Ut enim ad minim veniam, quis nostrud exer" 167
Tau
RV_num(167)

close (FD 3)
Tau
RV_none

mkdir nonempty_dir2/d2 0o777
Tau
RV_none

mkdir nonempty_dir2/d2/d3 0o777
Tau
RV_none

stat nonempty_dir1/d2/f3.txt
Tau
{ st_dev=1792; st_ino=33923; st_kind=S_IFREG; st_perm=0o644; st_nlink=1; st_uid=0; st_gid=0; st_rdev=0; st_size=83; }

dump-result /test_dir_0013
   /test_dir_0013|D|33917
   /test_dir_0013/empty_dir1|D|33918
   /test_dir_0013/empty_dir2|D|33919
   /test_dir_0013/nonempty_dir1|D|33920
   /test_dir_0013/nonempty_dir2|D|33925
   /test_dir_0013/nonempty_dir1/d2|D|33922
   /test_dir_0013/nonempty_dir1/f1.txt|F|33921|0|da39a3ee5e6b4b0d3255bfef95601890afd80709
   /test_dir_0013/nonempty_dir1/d2/d3|D|33924
   /test_dir_0013/nonempty_dir1/d2/f3.txt|F|33923|83|4b535f836f6006423fc132a59e78dfcc4fe6292f
   /test_dir_0013/nonempty_dir2/d2|D|33928
   /test_dir_0013/nonempty_dir2/f1.txt|F|33926|0|da39a3ee5e6b4b0d3255bfef95601890afd80709
   /test_dir_0013/nonempty_dir2/f2.txt|F|33927|167|d09f4e47c22373e56c2369633ac3dcb71d598601
   /test_dir_0013/nonempty_dir2/d2/d3|D|33929
end dump-result


#####################################
# Test 14
#####################################
mkdir /test_dir_0014 0o777
Tau
RV_none

chdir /test_dir_0014
Tau
RV_none

mkdir empty_dir1 0o777
Tau
RV_none

mkdir empty_dir2 0o777
Tau
RV_none

mkdir nonempty_dir1 0o777
Tau
RV_none

open_close nonempty_dir1/f1.txt [O_WRONLY;O_CREAT] 0o666
Tau
RV_none

mkdir nonempty_dir1/d2 0o777
Tau
RV_none

open nonempty_dir1/d2/f3.txt [O_WRONLY;O_CREAT] 0o666
Tau
RV_num(3)

write! (FD 3) "Lorem ipsum dolor sit amet, consectetur adipisicing elit, sed do eiusmod tempor inc" 83
Tau
RV_num(83)

close (FD 3)
Tau
RV_none

mkdir nonempty_dir1/d2/d3 0o777
Tau
RV_none

mkdir nonempty_dir2 0o777
Tau
RV_none

open_close nonempty_dir2/f1.txt [O_WRONLY;O_CREAT] 0o666
Tau
RV_none

open nonempty_dir2/f2.txt [O_WRONLY;O_CREAT] 0o666
Tau
RV_num(3)

write! (FD 3) "Lorem ipsum dolor sit amet, consectetur adipisicing elit, sed do eiusmod tempor incididunt ut labore et dolore magna aliqua. Ut enim ad minim veniam, quis nostrud exer" 167
Tau
RV_num(167)

close (FD 3)
Tau
RV_none

mkdir nonempty_dir2/d2 0o777
Tau
RV_none

mkdir nonempty_dir2/d2/d3 0o777
Tau
RV_none

stat nonempty_dir1/d2/f3.txt/
Tau
ENOTDIR

dump-result /test_dir_0014
   /test_dir_0014|D|33930
   /test_dir_0014/empty_dir1|D|33931
   /test_dir_0014/empty_dir2|D|33932
   /test_dir_0014/nonempty_dir1|D|33933
   /test_dir_0014/nonempty_dir2|D|33938
   /test_dir_0014/nonempty_dir1/d2|D|33935
   /test_dir_0014/nonempty_dir1/f1.txt|F|33934|0|da39a3ee5e6b4b0d3255bfef95601890afd80709
   /test_dir_0014/nonempty_dir1/d2/d3|D|33937
   /test_dir_0014/nonempty_dir1/d2/f3.txt|F|33936|83|4b535f836f6006423fc132a59e78dfcc4fe6292f
   /test_dir_0014/nonempty_dir2/d2|D|33941
   /test_dir_0014/nonempty_dir2/f1.txt|F|33939|0|da39a3ee5e6b4b0d3255bfef95601890afd80709
   /test_dir_0014/nonempty_dir2/f2.txt|F|33940|167|d09f4e47c22373e56c2369633ac3dcb71d598601
   /test_dir_0014/nonempty_dir2/d2/d3|D|33942
end dump-result


#####################################
# Test 15
#####################################
mkdir /test_dir_0015 0o777
Tau
RV_none

chdir /test_dir_0015
Tau
RV_none

mkdir empty_dir1 0o777
Tau
RV_none

mkdir empty_dir2 0o777
Tau
RV_none

mkdir nonempty_dir1 0o777
Tau
RV_none

open_close nonempty_dir1/f1.txt [O_WRONLY;O_CREAT] 0o666
Tau
RV_none

mkdir nonempty_dir1/d2 0o777
Tau
RV_none

open nonempty_dir1/d2/f3.txt [O_WRONLY;O_CREAT] 0o666
Tau
RV_num(3)

write! (FD 3) "Lorem ipsum dolor sit amet, consectetur adipisicing elit, sed do eiusmod tempor inc" 83
Tau
RV_num(83)

close (FD 3)
Tau
RV_none

mkdir nonempty_dir1/d2/d3 0o777
Tau
RV_none

mkdir nonempty_dir2 0o777
Tau
RV_none

open_close nonempty_dir2/f1.txt [O_WRONLY;O_CREAT] 0o666
Tau
RV_none

open nonempty_dir2/f2.txt [O_WRONLY;O_CREAT] 0o666
Tau
RV_num(3)

write! (FD 3) "Lorem ipsum dolor sit amet, consectetur adipisicing elit, sed do eiusmod tempor incididunt ut labore et dolore magna aliqua. Ut enim ad minim veniam, quis nostrud exer" 167
Tau
RV_num(167)

close (FD 3)
Tau
RV_none

mkdir nonempty_dir2/d2 0o777
Tau
RV_none

mkdir nonempty_dir2/d2/d3 0o777
Tau
RV_none

stat nonempty_dir1/f1.txt
Tau
{ st_dev=1792; st_ino=33947; st_kind=S_IFREG; st_perm=0o644; st_nlink=1; st_uid=0; st_gid=0; st_rdev=0; st_size=0; }

dump-result /test_dir_0015
   /test_dir_0015|D|33943
   /test_dir_0015/empty_dir1|D|33944
   /test_dir_0015/empty_dir2|D|33945
   /test_dir_0015/nonempty_dir1|D|33946
   /test_dir_0015/nonempty_dir2|D|33951
   /test_dir_0015/nonempty_dir1/d2|D|33948
   /test_dir_0015/nonempty_dir1/f1.txt|F|33947|0|da39a3ee5e6b4b0d3255bfef95601890afd80709
   /test_dir_0015/nonempty_dir1/d2/d3|D|33950
   /test_dir_0015/nonempty_dir1/d2/f3.txt|F|33949|83|4b535f836f6006423fc132a59e78dfcc4fe6292f
   /test_dir_0015/nonempty_dir2/d2|D|33954
   /test_dir_0015/nonempty_dir2/f1.txt|F|33952|0|da39a3ee5e6b4b0d3255bfef95601890afd80709
   /test_dir_0015/nonempty_dir2/f2.txt|F|33953|167|d09f4e47c22373e56c2369633ac3dcb71d598601
   /test_dir_0015/nonempty_dir2/d2/d3|D|33955
end dump-result


#####################################
# Test 16
#####################################
mkdir /test_dir_0016 0o777
Tau
RV_none

chdir /test_dir_0016
Tau
RV_none

mkdir empty_dir1 0o777
Tau
RV_none

mkdir empty_dir2 0o777
Tau
RV_none

mkdir nonempty_dir1 0o777
Tau
RV_none

open_close nonempty_dir1/f1.txt [O_WRONLY;O_CREAT] 0o666
Tau
RV_none

mkdir nonempty_dir1/d2 0o777
Tau
RV_none

open nonempty_dir1/d2/f3.txt [O_WRONLY;O_CREAT] 0o666
Tau
RV_num(3)

write! (FD 3) "Lorem ipsum dolor sit amet, consectetur adipisicing elit, sed do eiusmod tempor inc" 83
Tau
RV_num(83)

close (FD 3)
Tau
RV_none

mkdir nonempty_dir1/d2/d3 0o777
Tau
RV_none

mkdir nonempty_dir2 0o777
Tau
RV_none

open_close nonempty_dir2/f1.txt [O_WRONLY;O_CREAT] 0o666
Tau
RV_none

open nonempty_dir2/f2.txt [O_WRONLY;O_CREAT] 0o666
Tau
RV_num(3)

write! (FD 3) "Lorem ipsum dolor sit amet, consectetur adipisicing elit, sed do eiusmod tempor incididunt ut labore et dolore magna aliqua. Ut enim ad minim veniam, quis nostrud exer" 167
Tau
RV_num(167)

close (FD 3)
Tau
RV_none

mkdir nonempty_dir2/d2 0o777
Tau
RV_none

mkdir nonempty_dir2/d2/d3 0o777
Tau
RV_none

stat nonempty_dir1/f1.txt/
Tau
ENOTDIR

dump-result /test_dir_0016
   /test_dir_0016|D|33956
   /test_dir_0016/empty_dir1|D|33957
   /test_dir_0016/empty_dir2|D|33958
   /test_dir_0016/nonempty_dir1|D|33959
   /test_dir_0016/nonempty_dir2|D|33964
   /test_dir_0016/nonempty_dir1/d2|D|33961
   /test_dir_0016/nonempty_dir1/f1.txt|F|33960|0|da39a3ee5e6b4b0d3255bfef95601890afd80709
   /test_dir_0016/nonempty_dir1/d2/d3|D|33963
   /test_dir_0016/nonempty_dir1/d2/f3.txt|F|33962|83|4b535f836f6006423fc132a59e78dfcc4fe6292f
   /test_dir_0016/nonempty_dir2/d2|D|33967
   /test_dir_0016/nonempty_dir2/f1.txt|F|33965|0|da39a3ee5e6b4b0d3255bfef95601890afd80709
   /test_dir_0016/nonempty_dir2/f2.txt|F|33966|167|d09f4e47c22373e56c2369633ac3dcb71d598601
   /test_dir_0016/nonempty_dir2/d2/d3|D|33968
end dump-result


#####################################
# Test 17
#####################################
mkdir /test_dir_0017 0o777
Tau
RV_none

chdir /test_dir_0017
Tau
RV_none

mkdir empty_dir1 0o777
Tau
RV_none

mkdir empty_dir2 0o777
Tau
RV_none

mkdir nonempty_dir1 0o777
Tau
RV_none

open_close nonempty_dir1/f1.txt [O_WRONLY;O_CREAT] 0o666
Tau
RV_none

mkdir nonempty_dir1/d2 0o777
Tau
RV_none

open nonempty_dir1/d2/f3.txt [O_WRONLY;O_CREAT] 0o666
Tau
RV_num(3)

write! (FD 3) "Lorem ipsum dolor sit amet, consectetur adipisicing elit, sed do eiusmod tempor inc" 83
Tau
RV_num(83)

close (FD 3)
Tau
RV_none

mkdir nonempty_dir1/d2/d3 0o777
Tau
RV_none

mkdir nonempty_dir2 0o777
Tau
RV_none

open_close nonempty_dir2/f1.txt [O_WRONLY;O_CREAT] 0o666
Tau
RV_none

open nonempty_dir2/f2.txt [O_WRONLY;O_CREAT] 0o666
Tau
RV_num(3)

write! (FD 3) "Lorem ipsum dolor sit amet, consectetur adipisicing elit, sed do eiusmod tempor incididunt ut labore et dolore magna aliqua. Ut enim ad minim veniam, quis nostrud exer" 167
Tau
RV_num(167)

close (FD 3)
Tau
RV_none

mkdir nonempty_dir2/d2 0o777
Tau
RV_none

mkdir nonempty_dir2/d2/d3 0o777
Tau
RV_none

stat nonempty_dir1/f1.txt/nonexist_5
Tau
ENOTDIR

dump-result /test_dir_0017
   /test_dir_0017|D|33969
   /test_dir_0017/empty_dir1|D|33970
   /test_dir_0017/empty_dir2|D|33971
   /test_dir_0017/nonempty_dir1|D|33972
   /test_dir_0017/nonempty_dir2|D|33977
   /test_dir_0017/nonempty_dir1/d2|D|33974
   /test_dir_0017/nonempty_dir1/f1.txt|F|33973|0|da39a3ee5e6b4b0d3255bfef95601890afd80709
   /test_dir_0017/nonempty_dir1/d2/d3|D|33976
   /test_dir_0017/nonempty_dir1/d2/f3.txt|F|33975|83|4b535f836f6006423fc132a59e78dfcc4fe6292f
   /test_dir_0017/nonempty_dir2/d2|D|33980
   /test_dir_0017/nonempty_dir2/f1.txt|F|33978|0|da39a3ee5e6b4b0d3255bfef95601890afd80709
   /test_dir_0017/nonempty_dir2/f2.txt|F|33979|167|d09f4e47c22373e56c2369633ac3dcb71d598601
   /test_dir_0017/nonempty_dir2/d2/d3|D|33981
end dump-result


#####################################
# Test 18
#####################################
mkdir /test_dir_0018 0o777
Tau
RV_none

chdir /test_dir_0018
Tau
RV_none

mkdir empty_dir1 0o777
Tau
RV_none

mkdir empty_dir2 0o777
Tau
RV_none

mkdir nonempty_dir1 0o777
Tau
RV_none

open_close nonempty_dir1/f1.txt [O_WRONLY;O_CREAT] 0o666
Tau
RV_none

mkdir nonempty_dir1/d2 0o777
Tau
RV_none

open nonempty_dir1/d2/f3.txt [O_WRONLY;O_CREAT] 0o666
Tau
RV_num(3)

write! (FD 3) "Lorem ipsum dolor sit amet, consectetur adipisicing elit, sed do eiusmod tempor inc" 83
Tau
RV_num(83)

close (FD 3)
Tau
RV_none

mkdir nonempty_dir1/d2/d3 0o777
Tau
RV_none

mkdir nonempty_dir2 0o777
Tau
RV_none

open_close nonempty_dir2/f1.txt [O_WRONLY;O_CREAT] 0o666
Tau
RV_none

open nonempty_dir2/f2.txt [O_WRONLY;O_CREAT] 0o666
Tau
RV_num(3)

write! (FD 3) "Lorem ipsum dolor sit amet, consectetur adipisicing elit, sed do eiusmod tempor incididunt ut labore et dolore magna aliqua. Ut enim ad minim veniam, quis nostrud exer" 167
Tau
RV_num(167)

close (FD 3)
Tau
RV_none

mkdir nonempty_dir2/d2 0o777
Tau
RV_none

mkdir nonempty_dir2/d2/d3 0o777
Tau
RV_none

stat nonempty_dir1/f1.txt/nonexist_5/
Tau
ENOTDIR

dump-result /test_dir_0018
   /test_dir_0018|D|33982
   /test_dir_0018/empty_dir1|D|33983
   /test_dir_0018/empty_dir2|D|33984
   /test_dir_0018/nonempty_dir1|D|33985
   /test_dir_0018/nonempty_dir2|D|33990
   /test_dir_0018/nonempty_dir1/d2|D|33987
   /test_dir_0018/nonempty_dir1/f1.txt|F|33986|0|da39a3ee5e6b4b0d3255bfef95601890afd80709
   /test_dir_0018/nonempty_dir1/d2/d3|D|33989
   /test_dir_0018/nonempty_dir1/d2/f3.txt|F|33988|83|4b535f836f6006423fc132a59e78dfcc4fe6292f
   /test_dir_0018/nonempty_dir2/d2|D|33993
   /test_dir_0018/nonempty_dir2/f1.txt|F|33991|0|da39a3ee5e6b4b0d3255bfef95601890afd80709
   /test_dir_0018/nonempty_dir2/f2.txt|F|33992|167|d09f4e47c22373e56c2369633ac3dcb71d598601
   /test_dir_0018/nonempty_dir2/d2/d3|D|33994
end dump-result


#####################################
# Test 19
#####################################
mkdir /test_dir_0019 0o777
Tau
RV_none

chdir /test_dir_0019
Tau
RV_none

mkdir empty_dir1 0o777
Tau
RV_none

mkdir empty_dir2 0o777
Tau
RV_none

mkdir nonempty_dir1 0o777
Tau
RV_none

open_close nonempty_dir1/f1.txt [O_WRONLY;O_CREAT] 0o666
Tau
RV_none

mkdir nonempty_dir1/d2 0o777
Tau
RV_none

open nonempty_dir1/d2/f3.txt [O_WRONLY;O_CREAT] 0o666
Tau
RV_num(3)

write! (FD 3) "Lorem ipsum dolor sit amet, consectetur adipisicing elit, sed do eiusmod tempor inc" 83
Tau
RV_num(83)

close (FD 3)
Tau
RV_none

mkdir nonempty_dir1/d2/d3 0o777
Tau
RV_none

mkdir nonempty_dir2 0o777
Tau
RV_none

open_close nonempty_dir2/f1.txt [O_WRONLY;O_CREAT] 0o666
Tau
RV_none

open nonempty_dir2/f2.txt [O_WRONLY;O_CREAT] 0o666
Tau
RV_num(3)

write! (FD 3) "Lorem ipsum dolor sit amet, consectetur adipisicing elit, sed do eiusmod tempor incididunt ut labore et dolore magna aliqua. Ut enim ad minim veniam, quis nostrud exer" 167
Tau
RV_num(167)

close (FD 3)
Tau
RV_none

mkdir nonempty_dir2/d2 0o777
Tau
RV_none

mkdir nonempty_dir2/d2/d3 0o777
Tau
RV_none

stat nonempty_dir1/nonexist_4
Tau
ENOENT

dump-result /test_dir_0019
   /test_dir_0019|D|33995
   /test_dir_0019/empty_dir1|D|33996
   /test_dir_0019/empty_dir2|D|33997
   /test_dir_0019/nonempty_dir1|D|33998
   /test_dir_0019/nonempty_dir2|D|34003
   /test_dir_0019/nonempty_dir1/d2|D|34000
   /test_dir_0019/nonempty_dir1/f1.txt|F|33999|0|da39a3ee5e6b4b0d3255bfef95601890afd80709
   /test_dir_0019/nonempty_dir1/d2/d3|D|34002
   /test_dir_0019/nonempty_dir1/d2/f3.txt|F|34001|83|4b535f836f6006423fc132a59e78dfcc4fe6292f
   /test_dir_0019/nonempty_dir2/d2|D|34006
   /test_dir_0019/nonempty_dir2/f1.txt|F|34004|0|da39a3ee5e6b4b0d3255bfef95601890afd80709
   /test_dir_0019/nonempty_dir2/f2.txt|F|34005|167|d09f4e47c22373e56c2369633ac3dcb71d598601
   /test_dir_0019/nonempty_dir2/d2/d3|D|34007
end dump-result


#####################################
# Test 20
#####################################
mkdir /test_dir_0020 0o777
Tau
RV_none

chdir /test_dir_0020
Tau
RV_none

mkdir empty_dir1 0o777
Tau
RV_none

mkdir empty_dir2 0o777
Tau
RV_none

mkdir nonempty_dir1 0o777
Tau
RV_none

open_close nonempty_dir1/f1.txt [O_WRONLY;O_CREAT] 0o666
Tau
RV_none

mkdir nonempty_dir1/d2 0o777
Tau
RV_none

open nonempty_dir1/d2/f3.txt [O_WRONLY;O_CREAT] 0o666
Tau
RV_num(3)

write! (FD 3) "Lorem ipsum dolor sit amet, consectetur adipisicing elit, sed do eiusmod tempor inc" 83
Tau
RV_num(83)

close (FD 3)
Tau
RV_none

mkdir nonempty_dir1/d2/d3 0o777
Tau
RV_none

mkdir nonempty_dir2 0o777
Tau
RV_none

open_close nonempty_dir2/f1.txt [O_WRONLY;O_CREAT] 0o666
Tau
RV_none

open nonempty_dir2/f2.txt [O_WRONLY;O_CREAT] 0o666
Tau
RV_num(3)

write! (FD 3) "Lorem ipsum dolor sit amet, consectetur adipisicing elit, sed do eiusmod tempor incididunt ut labore et dolore magna aliqua. Ut enim ad minim veniam, quis nostrud exer" 167
Tau
RV_num(167)

close (FD 3)
Tau
RV_none

mkdir nonempty_dir2/d2 0o777
Tau
RV_none

mkdir nonempty_dir2/d2/d3 0o777
Tau
RV_none

stat nonempty_dir1/nonexist_4/
Tau
ENOENT

dump-result /test_dir_0020
   /test_dir_0020|D|34008
   /test_dir_0020/empty_dir1|D|34009
   /test_dir_0020/empty_dir2|D|34270
   /test_dir_0020/nonempty_dir1|D|34271
   /test_dir_0020/nonempty_dir2|D|34276
   /test_dir_0020/nonempty_dir1/d2|D|34273
   /test_dir_0020/nonempty_dir1/f1.txt|F|34272|0|da39a3ee5e6b4b0d3255bfef95601890afd80709
   /test_dir_0020/nonempty_dir1/d2/d3|D|34275
   /test_dir_0020/nonempty_dir1/d2/f3.txt|F|34274|83|4b535f836f6006423fc132a59e78dfcc4fe6292f
   /test_dir_0020/nonempty_dir2/d2|D|34279
   /test_dir_0020/nonempty_dir2/f1.txt|F|34277|0|da39a3ee5e6b4b0d3255bfef95601890afd80709
   /test_dir_0020/nonempty_dir2/f2.txt|F|34278|167|d09f4e47c22373e56c2369633ac3dcb71d598601
   /test_dir_0020/nonempty_dir2/d2/d3|D|34280
end dump-result


#####################################
# Test 21
#####################################
mkdir /test_dir_0021 0o777
Tau
RV_none

chdir /test_dir_0021
Tau
RV_none

mkdir empty_dir1 0o777
Tau
RV_none

mkdir empty_dir2 0o777
Tau
RV_none

mkdir nonempty_dir1 0o777
Tau
RV_none

open_close nonempty_dir1/f1.txt [O_WRONLY;O_CREAT] 0o666
Tau
RV_none

mkdir nonempty_dir1/d2 0o777
Tau
RV_none

open nonempty_dir1/d2/f3.txt [O_WRONLY;O_CREAT] 0o666
Tau
RV_num(3)

write! (FD 3) "Lorem ipsum dolor sit amet, consectetur adipisicing elit, sed do eiusmod tempor inc" 83
Tau
RV_num(83)

close (FD 3)
Tau
RV_none

mkdir nonempty_dir1/d2/d3 0o777
Tau
RV_none

mkdir nonempty_dir2 0o777
Tau
RV_none

open_close nonempty_dir2/f1.txt [O_WRONLY;O_CREAT] 0o666
Tau
RV_none

open nonempty_dir2/f2.txt [O_WRONLY;O_CREAT] 0o666
Tau
RV_num(3)

write! (FD 3) "Lorem ipsum dolor sit amet, consectetur adipisicing elit, sed do eiusmod tempor incididunt ut labore et dolore magna aliqua. Ut enim ad minim veniam, quis nostrud exer" 167
Tau
RV_num(167)

close (FD 3)
Tau
RV_none

mkdir nonempty_dir2/d2 0o777
Tau
RV_none

mkdir nonempty_dir2/d2/d3 0o777
Tau
RV_none

stat nonempty_dir2
Tau
{ st_dev=1792; st_ino=34315; st_kind=S_IFDIR; st_perm=0o755; st_nlink=3; st_uid=0; st_gid=0; st_rdev=0; st_size=4096; }

dump-result /test_dir_0021
   /test_dir_0021|D|34281
   /test_dir_0021/empty_dir1|D|34282
   /test_dir_0021/empty_dir2|D|34283
   /test_dir_0021/nonempty_dir1|D|34284
   /test_dir_0021/nonempty_dir2|D|34315
   /test_dir_0021/nonempty_dir1/d2|D|34286
   /test_dir_0021/nonempty_dir1/f1.txt|F|34285|0|da39a3ee5e6b4b0d3255bfef95601890afd80709
   /test_dir_0021/nonempty_dir1/d2/d3|D|34314
   /test_dir_0021/nonempty_dir1/d2/f3.txt|F|34287|83|4b535f836f6006423fc132a59e78dfcc4fe6292f
   /test_dir_0021/nonempty_dir2/d2|D|34318
   /test_dir_0021/nonempty_dir2/f1.txt|F|34316|0|da39a3ee5e6b4b0d3255bfef95601890afd80709
   /test_dir_0021/nonempty_dir2/f2.txt|F|34317|167|d09f4e47c22373e56c2369633ac3dcb71d598601
   /test_dir_0021/nonempty_dir2/d2/d3|D|34319
end dump-result


#####################################
# Test 22
#####################################
mkdir /test_dir_0022 0o777
Tau
RV_none

chdir /test_dir_0022
Tau
RV_none

mkdir empty_dir1 0o777
Tau
RV_none

mkdir empty_dir2 0o777
Tau
RV_none

mkdir nonempty_dir1 0o777
Tau
RV_none

open_close nonempty_dir1/f1.txt [O_WRONLY;O_CREAT] 0o666
Tau
RV_none

mkdir nonempty_dir1/d2 0o777
Tau
RV_none

open nonempty_dir1/d2/f3.txt [O_WRONLY;O_CREAT] 0o666
Tau
RV_num(3)

write! (FD 3) "Lorem ipsum dolor sit amet, consectetur adipisicing elit, sed do eiusmod tempor inc" 83
Tau
RV_num(83)

close (FD 3)
Tau
RV_none

mkdir nonempty_dir1/d2/d3 0o777
Tau
RV_none

mkdir nonempty_dir2 0o777
Tau
RV_none

open_close nonempty_dir2/f1.txt [O_WRONLY;O_CREAT] 0o666
Tau
RV_none

open nonempty_dir2/f2.txt [O_WRONLY;O_CREAT] 0o666
Tau
RV_num(3)

write! (FD 3) "Lorem ipsum dolor sit amet, consectetur adipisicing elit, sed do eiusmod tempor incididunt ut labore et dolore magna aliqua. Ut enim ad minim veniam, quis nostrud exer" 167
Tau
RV_num(167)

close (FD 3)
Tau
RV_none

mkdir nonempty_dir2/d2 0o777
Tau
RV_none

mkdir nonempty_dir2/d2/d3 0o777
Tau
RV_none

stat nonempty_dir2/
Tau
{ st_dev=1792; st_ino=34328; st_kind=S_IFDIR; st_perm=0o755; st_nlink=3; st_uid=0; st_gid=0; st_rdev=0; st_size=4096; }

dump-result /test_dir_0022
   /test_dir_0022|D|34320
   /test_dir_0022/empty_dir1|D|34321
   /test_dir_0022/empty_dir2|D|34322
   /test_dir_0022/nonempty_dir1|D|34323
   /test_dir_0022/nonempty_dir2|D|34328
   /test_dir_0022/nonempty_dir1/d2|D|34325
   /test_dir_0022/nonempty_dir1/f1.txt|F|34324|0|da39a3ee5e6b4b0d3255bfef95601890afd80709
   /test_dir_0022/nonempty_dir1/d2/d3|D|34327
   /test_dir_0022/nonempty_dir1/d2/f3.txt|F|34326|83|4b535f836f6006423fc132a59e78dfcc4fe6292f
   /test_dir_0022/nonempty_dir2/d2|D|34331
   /test_dir_0022/nonempty_dir2/f1.txt|F|34329|0|da39a3ee5e6b4b0d3255bfef95601890afd80709
   /test_dir_0022/nonempty_dir2/f2.txt|F|34330|167|d09f4e47c22373e56c2369633ac3dcb71d598601
   /test_dir_0022/nonempty_dir2/d2/d3|D|34332
end dump-result


#####################################
# Test 23
#####################################
mkdir /test_dir_0023 0o777
Tau
RV_none

chdir /test_dir_0023
Tau
RV_none

mkdir empty_dir1 0o777
Tau
RV_none

mkdir empty_dir2 0o777
Tau
RV_none

mkdir nonempty_dir1 0o777
Tau
RV_none

open_close nonempty_dir1/f1.txt [O_WRONLY;O_CREAT] 0o666
Tau
RV_none

mkdir nonempty_dir1/d2 0o777
Tau
RV_none

open nonempty_dir1/d2/f3.txt [O_WRONLY;O_CREAT] 0o666
Tau
RV_num(3)

write! (FD 3) "Lorem ipsum dolor sit amet, consectetur adipisicing elit, sed do eiusmod tempor inc" 83
Tau
RV_num(83)

close (FD 3)
Tau
RV_none

mkdir nonempty_dir1/d2/d3 0o777
Tau
RV_none

mkdir nonempty_dir2 0o777
Tau
RV_none

open_close nonempty_dir2/f1.txt [O_WRONLY;O_CREAT] 0o666
Tau
RV_none

open nonempty_dir2/f2.txt [O_WRONLY;O_CREAT] 0o666
Tau
RV_num(3)

write! (FD 3) "Lorem ipsum dolor sit amet, consectetur adipisicing elit, sed do eiusmod tempor incididunt ut labore et dolore magna aliqua. Ut enim ad minim veniam, quis nostrud exer" 167
Tau
RV_num(167)

close (FD 3)
Tau
RV_none

mkdir nonempty_dir2/d2 0o777
Tau
RV_none

mkdir nonempty_dir2/d2/d3 0o777
Tau
RV_none

stat nonempty_dir2/d2
Tau
{ st_dev=1792; st_ino=34344; st_kind=S_IFDIR; st_perm=0o755; st_nlink=3; st_uid=0; st_gid=0; st_rdev=0; st_size=4096; }

dump-result /test_dir_0023
   /test_dir_0023|D|34333
   /test_dir_0023/empty_dir1|D|34334
   /test_dir_0023/empty_dir2|D|34335
   /test_dir_0023/nonempty_dir1|D|34336
   /test_dir_0023/nonempty_dir2|D|34341
   /test_dir_0023/nonempty_dir1/d2|D|34338
   /test_dir_0023/nonempty_dir1/f1.txt|F|34337|0|da39a3ee5e6b4b0d3255bfef95601890afd80709
   /test_dir_0023/nonempty_dir1/d2/d3|D|34340
   /test_dir_0023/nonempty_dir1/d2/f3.txt|F|34339|83|4b535f836f6006423fc132a59e78dfcc4fe6292f
   /test_dir_0023/nonempty_dir2/d2|D|34344
   /test_dir_0023/nonempty_dir2/f1.txt|F|34342|0|da39a3ee5e6b4b0d3255bfef95601890afd80709
   /test_dir_0023/nonempty_dir2/f2.txt|F|34343|167|d09f4e47c22373e56c2369633ac3dcb71d598601
   /test_dir_0023/nonempty_dir2/d2/d3|D|34345
end dump-result


#####################################
# Test 24
#####################################
mkdir /test_dir_0024 0o777
Tau
RV_none

chdir /test_dir_0024
Tau
RV_none

mkdir empty_dir1 0o777
Tau
RV_none

mkdir empty_dir2 0o777
Tau
RV_none

mkdir nonempty_dir1 0o777
Tau
RV_none

open_close nonempty_dir1/f1.txt [O_WRONLY;O_CREAT] 0o666
Tau
RV_none

mkdir nonempty_dir1/d2 0o777
Tau
RV_none

open nonempty_dir1/d2/f3.txt [O_WRONLY;O_CREAT] 0o666
Tau
RV_num(3)

write! (FD 3) "Lorem ipsum dolor sit amet, consectetur adipisicing elit, sed do eiusmod tempor inc" 83
Tau
RV_num(83)

close (FD 3)
Tau
RV_none

mkdir nonempty_dir1/d2/d3 0o777
Tau
RV_none

mkdir nonempty_dir2 0o777
Tau
RV_none

open_close nonempty_dir2/f1.txt [O_WRONLY;O_CREAT] 0o666
Tau
RV_none

open nonempty_dir2/f2.txt [O_WRONLY;O_CREAT] 0o666
Tau
RV_num(3)

write! (FD 3) "Lorem ipsum dolor sit amet, consectetur adipisicing elit, sed do eiusmod tempor incididunt ut labore et dolore magna aliqua. Ut enim ad minim veniam, quis nostrud exer" 167
Tau
RV_num(167)

close (FD 3)
Tau
RV_none

mkdir nonempty_dir2/d2 0o777
Tau
RV_none

mkdir nonempty_dir2/d2/d3 0o777
Tau
RV_none

stat nonempty_dir2/d2/
Tau
{ st_dev=1792; st_ino=34357; st_kind=S_IFDIR; st_perm=0o755; st_nlink=3; st_uid=0; st_gid=0; st_rdev=0; st_size=4096; }

dump-result /test_dir_0024
   /test_dir_0024|D|34346
   /test_dir_0024/empty_dir1|D|34347
   /test_dir_0024/empty_dir2|D|34348
   /test_dir_0024/nonempty_dir1|D|34349
   /test_dir_0024/nonempty_dir2|D|34354
   /test_dir_0024/nonempty_dir1/d2|D|34351
   /test_dir_0024/nonempty_dir1/f1.txt|F|34350|0|da39a3ee5e6b4b0d3255bfef95601890afd80709
   /test_dir_0024/nonempty_dir1/d2/d3|D|34353
   /test_dir_0024/nonempty_dir1/d2/f3.txt|F|34352|83|4b535f836f6006423fc132a59e78dfcc4fe6292f
   /test_dir_0024/nonempty_dir2/d2|D|34357
   /test_dir_0024/nonempty_dir2/f1.txt|F|34355|0|da39a3ee5e6b4b0d3255bfef95601890afd80709
   /test_dir_0024/nonempty_dir2/f2.txt|F|34356|167|d09f4e47c22373e56c2369633ac3dcb71d598601
   /test_dir_0024/nonempty_dir2/d2/d3|D|34358
end dump-result


#####################################
# Test 25
#####################################
mkdir /test_dir_0025 0o777
Tau
RV_none

chdir /test_dir_0025
Tau
RV_none

mkdir empty_dir1 0o777
Tau
RV_none

mkdir empty_dir2 0o777
Tau
RV_none

mkdir nonempty_dir1 0o777
Tau
RV_none

open_close nonempty_dir1/f1.txt [O_WRONLY;O_CREAT] 0o666
Tau
RV_none

mkdir nonempty_dir1/d2 0o777
Tau
RV_none

open nonempty_dir1/d2/f3.txt [O_WRONLY;O_CREAT] 0o666
Tau
RV_num(3)

write! (FD 3) "Lorem ipsum dolor sit amet, consectetur adipisicing elit, sed do eiusmod tempor inc" 83
Tau
RV_num(83)

close (FD 3)
Tau
RV_none

mkdir nonempty_dir1/d2/d3 0o777
Tau
RV_none

mkdir nonempty_dir2 0o777
Tau
RV_none

open_close nonempty_dir2/f1.txt [O_WRONLY;O_CREAT] 0o666
Tau
RV_none

open nonempty_dir2/f2.txt [O_WRONLY;O_CREAT] 0o666
Tau
RV_num(3)

write! (FD 3) "Lorem ipsum dolor sit amet, consectetur adipisicing elit, sed do eiusmod tempor incididunt ut labore et dolore magna aliqua. Ut enim ad minim veniam, quis nostrud exer" 167
Tau
RV_num(167)

close (FD 3)
Tau
RV_none

mkdir nonempty_dir2/d2 0o777
Tau
RV_none

mkdir nonempty_dir2/d2/d3 0o777
Tau
RV_none

stat nonempty_dir2/d2/d3
Tau
{ st_dev=1792; st_ino=34371; st_kind=S_IFDIR; st_perm=0o755; st_nlink=2; st_uid=0; st_gid=0; st_rdev=0; st_size=4096; }

dump-result /test_dir_0025
   /test_dir_0025|D|34359
   /test_dir_0025/empty_dir1|D|34360
   /test_dir_0025/empty_dir2|D|34361
   /test_dir_0025/nonempty_dir1|D|34362
   /test_dir_0025/nonempty_dir2|D|34367
   /test_dir_0025/nonempty_dir1/d2|D|34364
   /test_dir_0025/nonempty_dir1/f1.txt|F|34363|0|da39a3ee5e6b4b0d3255bfef95601890afd80709
   /test_dir_0025/nonempty_dir1/d2/d3|D|34366
   /test_dir_0025/nonempty_dir1/d2/f3.txt|F|34365|83|4b535f836f6006423fc132a59e78dfcc4fe6292f
   /test_dir_0025/nonempty_dir2/d2|D|34370
   /test_dir_0025/nonempty_dir2/f1.txt|F|34368|0|da39a3ee5e6b4b0d3255bfef95601890afd80709
   /test_dir_0025/nonempty_dir2/f2.txt|F|34369|167|d09f4e47c22373e56c2369633ac3dcb71d598601
   /test_dir_0025/nonempty_dir2/d2/d3|D|34371
end dump-result


#####################################
# Test 26
#####################################
mkdir /test_dir_0026 0o777
Tau
RV_none

chdir /test_dir_0026
Tau
RV_none

mkdir empty_dir1 0o777
Tau
RV_none

mkdir empty_dir2 0o777
Tau
RV_none

mkdir nonempty_dir1 0o777
Tau
RV_none

open_close nonempty_dir1/f1.txt [O_WRONLY;O_CREAT] 0o666
Tau
RV_none

mkdir nonempty_dir1/d2 0o777
Tau
RV_none

open nonempty_dir1/d2/f3.txt [O_WRONLY;O_CREAT] 0o666
Tau
RV_num(3)

write! (FD 3) "Lorem ipsum dolor sit amet, consectetur adipisicing elit, sed do eiusmod tempor inc" 83
Tau
RV_num(83)

close (FD 3)
Tau
RV_none

mkdir nonempty_dir1/d2/d3 0o777
Tau
RV_none

mkdir nonempty_dir2 0o777
Tau
RV_none

open_close nonempty_dir2/f1.txt [O_WRONLY;O_CREAT] 0o666
Tau
RV_none

open nonempty_dir2/f2.txt [O_WRONLY;O_CREAT] 0o666
Tau
RV_num(3)

write! (FD 3) "Lorem ipsum dolor sit amet, consectetur adipisicing elit, sed do eiusmod tempor incididunt ut labore et dolore magna aliqua. Ut enim ad minim veniam, quis nostrud exer" 167
Tau
RV_num(167)

close (FD 3)
Tau
RV_none

mkdir nonempty_dir2/d2 0o777
Tau
RV_none

mkdir nonempty_dir2/d2/d3 0o777
Tau
RV_none

stat nonempty_dir2/d2/d3/
Tau
{ st_dev=1792; st_ino=34384; st_kind=S_IFDIR; st_perm=0o755; st_nlink=2; st_uid=0; st_gid=0; st_rdev=0; st_size=4096; }

dump-result /test_dir_0026
   /test_dir_0026|D|34372
   /test_dir_0026/empty_dir1|D|34373
   /test_dir_0026/empty_dir2|D|34374
   /test_dir_0026/nonempty_dir1|D|34375
   /test_dir_0026/nonempty_dir2|D|34380
   /test_dir_0026/nonempty_dir1/d2|D|34377
   /test_dir_0026/nonempty_dir1/f1.txt|F|34376|0|da39a3ee5e6b4b0d3255bfef95601890afd80709
   /test_dir_0026/nonempty_dir1/d2/d3|D|34379
   /test_dir_0026/nonempty_dir1/d2/f3.txt|F|34378|83|4b535f836f6006423fc132a59e78dfcc4fe6292f
   /test_dir_0026/nonempty_dir2/d2|D|34383
   /test_dir_0026/nonempty_dir2/f1.txt|F|34381|0|da39a3ee5e6b4b0d3255bfef95601890afd80709
   /test_dir_0026/nonempty_dir2/f2.txt|F|34382|167|d09f4e47c22373e56c2369633ac3dcb71d598601
   /test_dir_0026/nonempty_dir2/d2/d3|D|34384
end dump-result


#####################################
# Test 27
#####################################
mkdir /test_dir_0027 0o777
Tau
RV_none

chdir /test_dir_0027
Tau
RV_none

mkdir empty_dir1 0o777
Tau
RV_none

mkdir empty_dir2 0o777
Tau
RV_none

mkdir nonempty_dir1 0o777
Tau
RV_none

open_close nonempty_dir1/f1.txt [O_WRONLY;O_CREAT] 0o666
Tau
RV_none

mkdir nonempty_dir1/d2 0o777
Tau
RV_none

open nonempty_dir1/d2/f3.txt [O_WRONLY;O_CREAT] 0o666
Tau
RV_num(3)

write! (FD 3) "Lorem ipsum dolor sit amet, consectetur adipisicing elit, sed do eiusmod tempor inc" 83
Tau
RV_num(83)

close (FD 3)
Tau
RV_none

mkdir nonempty_dir1/d2/d3 0o777
Tau
RV_none

mkdir nonempty_dir2 0o777
Tau
RV_none

open_close nonempty_dir2/f1.txt [O_WRONLY;O_CREAT] 0o666
Tau
RV_none

open nonempty_dir2/f2.txt [O_WRONLY;O_CREAT] 0o666
Tau
RV_num(3)

write! (FD 3) "Lorem ipsum dolor sit amet, consectetur adipisicing elit, sed do eiusmod tempor incididunt ut labore et dolore magna aliqua. Ut enim ad minim veniam, quis nostrud exer" 167
Tau
RV_num(167)

close (FD 3)
Tau
RV_none

mkdir nonempty_dir2/d2 0o777
Tau
RV_none

mkdir nonempty_dir2/d2/d3 0o777
Tau
RV_none

stat nonempty_dir2/f1.txt
Tau
{ st_dev=1792; st_ino=34394; st_kind=S_IFREG; st_perm=0o644; st_nlink=1; st_uid=0; st_gid=0; st_rdev=0; st_size=0; }

dump-result /test_dir_0027
   /test_dir_0027|D|34385
   /test_dir_0027/empty_dir1|D|34386
   /test_dir_0027/empty_dir2|D|34387
   /test_dir_0027/nonempty_dir1|D|34388
   /test_dir_0027/nonempty_dir2|D|34393
   /test_dir_0027/nonempty_dir1/d2|D|34390
   /test_dir_0027/nonempty_dir1/f1.txt|F|34389|0|da39a3ee5e6b4b0d3255bfef95601890afd80709
   /test_dir_0027/nonempty_dir1/d2/d3|D|34392
   /test_dir_0027/nonempty_dir1/d2/f3.txt|F|34391|83|4b535f836f6006423fc132a59e78dfcc4fe6292f
   /test_dir_0027/nonempty_dir2/d2|D|34396
   /test_dir_0027/nonempty_dir2/f1.txt|F|34394|0|da39a3ee5e6b4b0d3255bfef95601890afd80709
   /test_dir_0027/nonempty_dir2/f2.txt|F|34395|167|d09f4e47c22373e56c2369633ac3dcb71d598601
   /test_dir_0027/nonempty_dir2/d2/d3|D|34397
end dump-result


#####################################
# Test 28
#####################################
mkdir /test_dir_0028 0o777
Tau
RV_none

chdir /test_dir_0028
Tau
RV_none

mkdir empty_dir1 0o777
Tau
RV_none

mkdir empty_dir2 0o777
Tau
RV_none

mkdir nonempty_dir1 0o777
Tau
RV_none

open_close nonempty_dir1/f1.txt [O_WRONLY;O_CREAT] 0o666
Tau
RV_none

mkdir nonempty_dir1/d2 0o777
Tau
RV_none

open nonempty_dir1/d2/f3.txt [O_WRONLY;O_CREAT] 0o666
Tau
RV_num(3)

write! (FD 3) "Lorem ipsum dolor sit amet, consectetur adipisicing elit, sed do eiusmod tempor inc" 83
Tau
RV_num(83)

close (FD 3)
Tau
RV_none

mkdir nonempty_dir1/d2/d3 0o777
Tau
RV_none

mkdir nonempty_dir2 0o777
Tau
RV_none

open_close nonempty_dir2/f1.txt [O_WRONLY;O_CREAT] 0o666
Tau
RV_none

open nonempty_dir2/f2.txt [O_WRONLY;O_CREAT] 0o666
Tau
RV_num(3)

write! (FD 3) "Lorem ipsum dolor sit amet, consectetur adipisicing elit, sed do eiusmod tempor incididunt ut labore et dolore magna aliqua. Ut enim ad minim veniam, quis nostrud exer" 167
Tau
RV_num(167)

close (FD 3)
Tau
RV_none

mkdir nonempty_dir2/d2 0o777
Tau
RV_none

mkdir nonempty_dir2/d2/d3 0o777
Tau
RV_none

stat nonempty_dir2/f1.txt/
Tau
ENOTDIR

dump-result /test_dir_0028
   /test_dir_0028|D|34398
   /test_dir_0028/empty_dir1|D|34399
   /test_dir_0028/empty_dir2|D|34400
   /test_dir_0028/nonempty_dir1|D|34401
   /test_dir_0028/nonempty_dir2|D|34406
   /test_dir_0028/nonempty_dir1/d2|D|34403
   /test_dir_0028/nonempty_dir1/f1.txt|F|34402|0|da39a3ee5e6b4b0d3255bfef95601890afd80709
   /test_dir_0028/nonempty_dir1/d2/d3|D|34405
   /test_dir_0028/nonempty_dir1/d2/f3.txt|F|34404|83|4b535f836f6006423fc132a59e78dfcc4fe6292f
   /test_dir_0028/nonempty_dir2/d2|D|34409
   /test_dir_0028/nonempty_dir2/f1.txt|F|34407|0|da39a3ee5e6b4b0d3255bfef95601890afd80709
   /test_dir_0028/nonempty_dir2/f2.txt|F|34408|167|d09f4e47c22373e56c2369633ac3dcb71d598601
   /test_dir_0028/nonempty_dir2/d2/d3|D|34410
end dump-result


#####################################
# Test 29
#####################################
mkdir /test_dir_0029 0o777
Tau
RV_none

chdir /test_dir_0029
Tau
RV_none

mkdir empty_dir1 0o777
Tau
RV_none

mkdir empty_dir2 0o777
Tau
RV_none

mkdir nonempty_dir1 0o777
Tau
RV_none

open_close nonempty_dir1/f1.txt [O_WRONLY;O_CREAT] 0o666
Tau
RV_none

mkdir nonempty_dir1/d2 0o777
Tau
RV_none

open nonempty_dir1/d2/f3.txt [O_WRONLY;O_CREAT] 0o666
Tau
RV_num(3)

write! (FD 3) "Lorem ipsum dolor sit amet, consectetur adipisicing elit, sed do eiusmod tempor inc" 83
Tau
RV_num(83)

close (FD 3)
Tau
RV_none

mkdir nonempty_dir1/d2/d3 0o777
Tau
RV_none

mkdir nonempty_dir2 0o777
Tau
RV_none

open_close nonempty_dir2/f1.txt [O_WRONLY;O_CREAT] 0o666
Tau
RV_none

open nonempty_dir2/f2.txt [O_WRONLY;O_CREAT] 0o666
Tau
RV_num(3)

write! (FD 3) "Lorem ipsum dolor sit amet, consectetur adipisicing elit, sed do eiusmod tempor incididunt ut labore et dolore magna aliqua. Ut enim ad minim veniam, quis nostrud exer" 167
Tau
RV_num(167)

close (FD 3)
Tau
RV_none

mkdir nonempty_dir2/d2 0o777
Tau
RV_none

mkdir nonempty_dir2/d2/d3 0o777
Tau
RV_none

stat nonempty_dir2/f2.txt
Tau
{ st_dev=1792; st_ino=34421; st_kind=S_IFREG; st_perm=0o644; st_nlink=1; st_uid=0; st_gid=0; st_rdev=0; st_size=167; }

dump-result /test_dir_0029
   /test_dir_0029|D|34411
   /test_dir_0029/empty_dir1|D|34412
   /test_dir_0029/empty_dir2|D|34413
   /test_dir_0029/nonempty_dir1|D|34414
   /test_dir_0029/nonempty_dir2|D|34419
   /test_dir_0029/nonempty_dir1/d2|D|34416
   /test_dir_0029/nonempty_dir1/f1.txt|F|34415|0|da39a3ee5e6b4b0d3255bfef95601890afd80709
   /test_dir_0029/nonempty_dir1/d2/d3|D|34418
   /test_dir_0029/nonempty_dir1/d2/f3.txt|F|34417|83|4b535f836f6006423fc132a59e78dfcc4fe6292f
   /test_dir_0029/nonempty_dir2/d2|D|34422
   /test_dir_0029/nonempty_dir2/f1.txt|F|34420|0|da39a3ee5e6b4b0d3255bfef95601890afd80709
   /test_dir_0029/nonempty_dir2/f2.txt|F|34421|167|d09f4e47c22373e56c2369633ac3dcb71d598601
   /test_dir_0029/nonempty_dir2/d2/d3|D|34423
end dump-result


#####################################
# Test 30
#####################################
mkdir /test_dir_0030 0o777
Tau
RV_none

chdir /test_dir_0030
Tau
RV_none

mkdir empty_dir1 0o777
Tau
RV_none

mkdir empty_dir2 0o777
Tau
RV_none

mkdir nonempty_dir1 0o777
Tau
RV_none

open_close nonempty_dir1/f1.txt [O_WRONLY;O_CREAT] 0o666
Tau
RV_none

mkdir nonempty_dir1/d2 0o777
Tau
RV_none

open nonempty_dir1/d2/f3.txt [O_WRONLY;O_CREAT] 0o666
Tau
RV_num(3)

write! (FD 3) "Lorem ipsum dolor sit amet, consectetur adipisicing elit, sed do eiusmod tempor inc" 83
Tau
RV_num(83)

close (FD 3)
Tau
RV_none

mkdir nonempty_dir1/d2/d3 0o777
Tau
RV_none

mkdir nonempty_dir2 0o777
Tau
RV_none

open_close nonempty_dir2/f1.txt [O_WRONLY;O_CREAT] 0o666
Tau
RV_none

open nonempty_dir2/f2.txt [O_WRONLY;O_CREAT] 0o666
Tau
RV_num(3)

write! (FD 3) "Lorem ipsum dolor sit amet, consectetur adipisicing elit, sed do eiusmod tempor incididunt ut labore et dolore magna aliqua. Ut enim ad minim veniam, quis nostrud exer" 167
Tau
RV_num(167)

close (FD 3)
Tau
RV_none

mkdir nonempty_dir2/d2 0o777
Tau
RV_none

mkdir nonempty_dir2/d2/d3 0o777
Tau
RV_none

stat nonempty_dir2/f2.txt/
Tau
ENOTDIR

dump-result /test_dir_0030
   /test_dir_0030|D|34424
   /test_dir_0030/empty_dir1|D|34425
   /test_dir_0030/empty_dir2|D|34426
   /test_dir_0030/nonempty_dir1|D|34427
   /test_dir_0030/nonempty_dir2|D|34432
   /test_dir_0030/nonempty_dir1/d2|D|34429
   /test_dir_0030/nonempty_dir1/f1.txt|F|34428|0|da39a3ee5e6b4b0d3255bfef95601890afd80709
   /test_dir_0030/nonempty_dir1/d2/d3|D|34431
   /test_dir_0030/nonempty_dir1/d2/f3.txt|F|34430|83|4b535f836f6006423fc132a59e78dfcc4fe6292f
   /test_dir_0030/nonempty_dir2/d2|D|34435
   /test_dir_0030/nonempty_dir2/f1.txt|F|34433|0|da39a3ee5e6b4b0d3255bfef95601890afd80709
   /test_dir_0030/nonempty_dir2/f2.txt|F|34434|167|d09f4e47c22373e56c2369633ac3dcb71d598601
   /test_dir_0030/nonempty_dir2/d2/d3|D|34436
end dump-result


#####################################
# Test 31
#####################################
mkdir /test_dir_0031 0o777
Tau
RV_none

chdir /test_dir_0031
Tau
RV_none

mkdir empty_dir1 0o777
Tau
RV_none

mkdir empty_dir2 0o777
Tau
RV_none

mkdir nonempty_dir1 0o777
Tau
RV_none

open_close nonempty_dir1/f1.txt [O_WRONLY;O_CREAT] 0o666
Tau
RV_none

mkdir nonempty_dir1/d2 0o777
Tau
RV_none

open nonempty_dir1/d2/f3.txt [O_WRONLY;O_CREAT] 0o666
Tau
RV_num(3)

write! (FD 3) "Lorem ipsum dolor sit amet, consectetur adipisicing elit, sed do eiusmod tempor inc" 83
Tau
RV_num(83)

close (FD 3)
Tau
RV_none

mkdir nonempty_dir1/d2/d3 0o777
Tau
RV_none

mkdir nonempty_dir2 0o777
Tau
RV_none

open_close nonempty_dir2/f1.txt [O_WRONLY;O_CREAT] 0o666
Tau
RV_none

open nonempty_dir2/f2.txt [O_WRONLY;O_CREAT] 0o666
Tau
RV_num(3)

write! (FD 3) "Lorem ipsum dolor sit amet, consectetur adipisicing elit, sed do eiusmod tempor incididunt ut labore et dolore magna aliqua. Ut enim ad minim veniam, quis nostrud exer" 167
Tau
RV_num(167)

close (FD 3)
Tau
RV_none

mkdir nonempty_dir2/d2 0o777
Tau
RV_none

mkdir nonempty_dir2/d2/d3 0o777
Tau
RV_none

stat nonexist_1
Tau
ENOENT

dump-result /test_dir_0031
   /test_dir_0031|D|34437
   /test_dir_0031/empty_dir1|D|34438
   /test_dir_0031/empty_dir2|D|34439
   /test_dir_0031/nonempty_dir1|D|34440
   /test_dir_0031/nonempty_dir2|D|34445
   /test_dir_0031/nonempty_dir1/d2|D|34442
   /test_dir_0031/nonempty_dir1/f1.txt|F|34441|0|da39a3ee5e6b4b0d3255bfef95601890afd80709
   /test_dir_0031/nonempty_dir1/d2/d3|D|34444
   /test_dir_0031/nonempty_dir1/d2/f3.txt|F|34443|83|4b535f836f6006423fc132a59e78dfcc4fe6292f
   /test_dir_0031/nonempty_dir2/d2|D|34448
   /test_dir_0031/nonempty_dir2/f1.txt|F|34446|0|da39a3ee5e6b4b0d3255bfef95601890afd80709
   /test_dir_0031/nonempty_dir2/f2.txt|F|34447|167|d09f4e47c22373e56c2369633ac3dcb71d598601
   /test_dir_0031/nonempty_dir2/d2/d3|D|34449
end dump-result


#####################################
# Test 32
#####################################
mkdir /test_dir_0032 0o777
Tau
RV_none

chdir /test_dir_0032
Tau
RV_none

mkdir empty_dir1 0o777
Tau
RV_none

mkdir empty_dir2 0o777
Tau
RV_none

mkdir nonempty_dir1 0o777
Tau
RV_none

open_close nonempty_dir1/f1.txt [O_WRONLY;O_CREAT] 0o666
Tau
RV_none

mkdir nonempty_dir1/d2 0o777
Tau
RV_none

open nonempty_dir1/d2/f3.txt [O_WRONLY;O_CREAT] 0o666
Tau
RV_num(3)

write! (FD 3) "Lorem ipsum dolor sit amet, consectetur adipisicing elit, sed do eiusmod tempor inc" 83
Tau
RV_num(83)

close (FD 3)
Tau
RV_none

mkdir nonempty_dir1/d2/d3 0o777
Tau
RV_none

mkdir nonempty_dir2 0o777
Tau
RV_none

open_close nonempty_dir2/f1.txt [O_WRONLY;O_CREAT] 0o666
Tau
RV_none

open nonempty_dir2/f2.txt [O_WRONLY;O_CREAT] 0o666
Tau
RV_num(3)

write! (FD 3) "Lorem ipsum dolor sit amet, consectetur adipisicing elit, sed do eiusmod tempor incididunt ut labore et dolore magna aliqua. Ut enim ad minim veniam, quis nostrud exer" 167
Tau
RV_num(167)

close (FD 3)
Tau
RV_none

mkdir nonempty_dir2/d2 0o777
Tau
RV_none

mkdir nonempty_dir2/d2/d3 0o777
Tau
RV_none

stat nonexist_1/
Tau
ENOENT

dump-result /test_dir_0032
   /test_dir_0032|D|34450
   /test_dir_0032/empty_dir1|D|34451
   /test_dir_0032/empty_dir2|D|34452
   /test_dir_0032/nonempty_dir1|D|34453
   /test_dir_0032/nonempty_dir2|D|34458
   /test_dir_0032/nonempty_dir1/d2|D|34455
   /test_dir_0032/nonempty_dir1/f1.txt|F|34454|0|da39a3ee5e6b4b0d3255bfef95601890afd80709
   /test_dir_0032/nonempty_dir1/d2/d3|D|34457
   /test_dir_0032/nonempty_dir1/d2/f3.txt|F|34456|83|4b535f836f6006423fc132a59e78dfcc4fe6292f
   /test_dir_0032/nonempty_dir2/d2|D|34461
   /test_dir_0032/nonempty_dir2/f1.txt|F|34459|0|da39a3ee5e6b4b0d3255bfef95601890afd80709
   /test_dir_0032/nonempty_dir2/f2.txt|F|34460|167|d09f4e47c22373e56c2369633ac3dcb71d598601
   /test_dir_0032/nonempty_dir2/d2/d3|D|34462
end dump-result


#####################################
# Test 33
#####################################
mkdir /test_dir_0033 0o777
Tau
RV_none

chdir /test_dir_0033
Tau
RV_none

mkdir empty_dir1 0o777
Tau
RV_none

mkdir empty_dir2 0o777
Tau
RV_none

mkdir nonempty_dir1 0o777
Tau
RV_none

open_close nonempty_dir1/f1.txt [O_WRONLY;O_CREAT] 0o666
Tau
RV_none

mkdir nonempty_dir1/d2 0o777
Tau
RV_none

open nonempty_dir1/d2/f3.txt [O_WRONLY;O_CREAT] 0o666
Tau
RV_num(3)

write! (FD 3) "Lorem ipsum dolor sit amet, consectetur adipisicing elit, sed do eiusmod tempor inc" 83
Tau
RV_num(83)

close (FD 3)
Tau
RV_none

mkdir nonempty_dir1/d2/d3 0o777
Tau
RV_none

mkdir nonempty_dir2 0o777
Tau
RV_none

open_close nonempty_dir2/f1.txt [O_WRONLY;O_CREAT] 0o666
Tau
RV_none

open nonempty_dir2/f2.txt [O_WRONLY;O_CREAT] 0o666
Tau
RV_num(3)

write! (FD 3) "Lorem ipsum dolor sit amet, consectetur adipisicing elit, sed do eiusmod tempor incididunt ut labore et dolore magna aliqua. Ut enim ad minim veniam, quis nostrud exer" 167
Tau
RV_num(167)

close (FD 3)
Tau
RV_none

mkdir nonempty_dir2/d2 0o777
Tau
RV_none

mkdir nonempty_dir2/d2/d3 0o777
Tau
RV_none

stat nonexist_2
Tau
ENOENT

dump-result /test_dir_0033
   /test_dir_0033|D|34463
   /test_dir_0033/empty_dir1|D|34464
   /test_dir_0033/empty_dir2|D|34465
   /test_dir_0033/nonempty_dir1|D|34466
   /test_dir_0033/nonempty_dir2|D|34471
   /test_dir_0033/nonempty_dir1/d2|D|34468
   /test_dir_0033/nonempty_dir1/f1.txt|F|34467|0|da39a3ee5e6b4b0d3255bfef95601890afd80709
   /test_dir_0033/nonempty_dir1/d2/d3|D|34470
   /test_dir_0033/nonempty_dir1/d2/f3.txt|F|34469|83|4b535f836f6006423fc132a59e78dfcc4fe6292f
   /test_dir_0033/nonempty_dir2/d2|D|34474
   /test_dir_0033/nonempty_dir2/f1.txt|F|34472|0|da39a3ee5e6b4b0d3255bfef95601890afd80709
   /test_dir_0033/nonempty_dir2/f2.txt|F|34473|167|d09f4e47c22373e56c2369633ac3dcb71d598601
   /test_dir_0033/nonempty_dir2/d2/d3|D|34475
end dump-result


#####################################
# Test 34
#####################################
mkdir /test_dir_0034 0o777
Tau
RV_none

chdir /test_dir_0034
Tau
RV_none

mkdir empty_dir1 0o777
Tau
RV_none

mkdir empty_dir2 0o777
Tau
RV_none

mkdir nonempty_dir1 0o777
Tau
RV_none

open_close nonempty_dir1/f1.txt [O_WRONLY;O_CREAT] 0o666
Tau
RV_none

mkdir nonempty_dir1/d2 0o777
Tau
RV_none

open nonempty_dir1/d2/f3.txt [O_WRONLY;O_CREAT] 0o666
Tau
RV_num(3)

write! (FD 3) "Lorem ipsum dolor sit amet, consectetur adipisicing elit, sed do eiusmod tempor inc" 83
Tau
RV_num(83)

close (FD 3)
Tau
RV_none

mkdir nonempty_dir1/d2/d3 0o777
Tau
RV_none

mkdir nonempty_dir2 0o777
Tau
RV_none

open_close nonempty_dir2/f1.txt [O_WRONLY;O_CREAT] 0o666
Tau
RV_none

open nonempty_dir2/f2.txt [O_WRONLY;O_CREAT] 0o666
Tau
RV_num(3)

write! (FD 3) "Lorem ipsum dolor sit amet, consectetur adipisicing elit, sed do eiusmod tempor incididunt ut labore et dolore magna aliqua. Ut enim ad minim veniam, quis nostrud exer" 167
Tau
RV_num(167)

close (FD 3)
Tau
RV_none

mkdir nonempty_dir2/d2 0o777
Tau
RV_none

mkdir nonempty_dir2/d2/d3 0o777
Tau
RV_none

stat nonexist_2/
Tau
ENOENT

dump-result /test_dir_0034
   /test_dir_0034|D|34476
   /test_dir_0034/empty_dir1|D|34477
   /test_dir_0034/empty_dir2|D|34478
   /test_dir_0034/nonempty_dir1|D|34479
   /test_dir_0034/nonempty_dir2|D|34484
   /test_dir_0034/nonempty_dir1/d2|D|34481
   /test_dir_0034/nonempty_dir1/f1.txt|F|34480|0|da39a3ee5e6b4b0d3255bfef95601890afd80709
   /test_dir_0034/nonempty_dir1/d2/d3|D|34483
   /test_dir_0034/nonempty_dir1/d2/f3.txt|F|34482|83|4b535f836f6006423fc132a59e78dfcc4fe6292f
   /test_dir_0034/nonempty_dir2/d2|D|34487
   /test_dir_0034/nonempty_dir2/f1.txt|F|34485|0|da39a3ee5e6b4b0d3255bfef95601890afd80709
   /test_dir_0034/nonempty_dir2/f2.txt|F|34486|167|d09f4e47c22373e56c2369633ac3dcb71d598601
   /test_dir_0034/nonempty_dir2/d2/d3|D|34488
end dump-result


#####################################
# Test 35
#####################################
mkdir /test_dir_0035 0o777
Tau
RV_none

chdir /test_dir_0035
Tau
RV_none

mkdir empty_dir1 0o777
Tau
RV_none

mkdir empty_dir2 0o777
Tau
RV_none

mkdir nonempty_dir1 0o777
Tau
RV_none

open_close nonempty_dir1/f1.txt [O_WRONLY;O_CREAT] 0o666
Tau
RV_none

mkdir nonempty_dir1/d2 0o777
Tau
RV_none

open nonempty_dir1/d2/f3.txt [O_WRONLY;O_CREAT] 0o666
Tau
RV_num(3)

write! (FD 3) "Lorem ipsum dolor sit amet, consectetur adipisicing elit, sed do eiusmod tempor inc" 83
Tau
RV_num(83)

close (FD 3)
Tau
RV_none

mkdir nonempty_dir1/d2/d3 0o777
Tau
RV_none

mkdir nonempty_dir2 0o777
Tau
RV_none

open_close nonempty_dir2/f1.txt [O_WRONLY;O_CREAT] 0o666
Tau
RV_none

open nonempty_dir2/f2.txt [O_WRONLY;O_CREAT] 0o666
Tau
RV_num(3)

write! (FD 3) "Lorem ipsum dolor sit amet, consectetur adipisicing elit, sed do eiusmod tempor incididunt ut labore et dolore magna aliqua. Ut enim ad minim veniam, quis nostrud exer" 167
Tau
RV_num(167)

close (FD 3)
Tau
RV_none

mkdir nonempty_dir2/d2 0o777
Tau
RV_none

mkdir nonempty_dir2/d2/d3 0o777
Tau
RV_none

stat nonexist_dir/nonexist_3
Tau
ENOENT

dump-result /test_dir_0035
   /test_dir_0035|D|34489
   /test_dir_0035/empty_dir1|D|34490
   /test_dir_0035/empty_dir2|D|34491
   /test_dir_0035/nonempty_dir1|D|34492
   /test_dir_0035/nonempty_dir2|D|34497
   /test_dir_0035/nonempty_dir1/d2|D|34494
   /test_dir_0035/nonempty_dir1/f1.txt|F|34493|0|da39a3ee5e6b4b0d3255bfef95601890afd80709
   /test_dir_0035/nonempty_dir1/d2/d3|D|34496
   /test_dir_0035/nonempty_dir1/d2/f3.txt|F|34495|83|4b535f836f6006423fc132a59e78dfcc4fe6292f
   /test_dir_0035/nonempty_dir2/d2|D|34500
   /test_dir_0035/nonempty_dir2/f1.txt|F|34498|0|da39a3ee5e6b4b0d3255bfef95601890afd80709
   /test_dir_0035/nonempty_dir2/f2.txt|F|34499|167|d09f4e47c22373e56c2369633ac3dcb71d598601
   /test_dir_0035/nonempty_dir2/d2/d3|D|34501
end dump-result


#####################################
# Test 36
#####################################
mkdir /test_dir_0036 0o777
Tau
RV_none

chdir /test_dir_0036
Tau
RV_none

mkdir empty_dir1 0o777
Tau
RV_none

mkdir empty_dir2 0o777
Tau
RV_none

mkdir nonempty_dir1 0o777
Tau
RV_none

open_close nonempty_dir1/f1.txt [O_WRONLY;O_CREAT] 0o666
Tau
RV_none

mkdir nonempty_dir1/d2 0o777
Tau
RV_none

open nonempty_dir1/d2/f3.txt [O_WRONLY;O_CREAT] 0o666
Tau
RV_num(3)

write! (FD 3) "Lorem ipsum dolor sit amet, consectetur adipisicing elit, sed do eiusmod tempor inc" 83
Tau
RV_num(83)

close (FD 3)
Tau
RV_none

mkdir nonempty_dir1/d2/d3 0o777
Tau
RV_none

mkdir nonempty_dir2 0o777
Tau
RV_none

open_close nonempty_dir2/f1.txt [O_WRONLY;O_CREAT] 0o666
Tau
RV_none

open nonempty_dir2/f2.txt [O_WRONLY;O_CREAT] 0o666
Tau
RV_num(3)

write! (FD 3) "Lorem ipsum dolor sit amet, consectetur adipisicing elit, sed do eiusmod tempor incididunt ut labore et dolore magna aliqua. Ut enim ad minim veniam, quis nostrud exer" 167
Tau
RV_num(167)

close (FD 3)
Tau
RV_none

mkdir nonempty_dir2/d2 0o777
Tau
RV_none

mkdir nonempty_dir2/d2/d3 0o777
Tau
RV_none

stat nonexist_dir/nonexist_3/
Tau
ENOENT

dump-result /test_dir_0036
   /test_dir_0036|D|34502
   /test_dir_0036/empty_dir1|D|34503
   /test_dir_0036/empty_dir2|D|34504
   /test_dir_0036/nonempty_dir1|D|34505
   /test_dir_0036/nonempty_dir2|D|34510
   /test_dir_0036/nonempty_dir1/d2|D|34507
   /test_dir_0036/nonempty_dir1/f1.txt|F|34506|0|da39a3ee5e6b4b0d3255bfef95601890afd80709
   /test_dir_0036/nonempty_dir1/d2/d3|D|34509
   /test_dir_0036/nonempty_dir1/d2/f3.txt|F|34508|83|4b535f836f6006423fc132a59e78dfcc4fe6292f
   /test_dir_0036/nonempty_dir2/d2|D|34513
   /test_dir_0036/nonempty_dir2/f1.txt|F|34511|0|da39a3ee5e6b4b0d3255bfef95601890afd80709
   /test_dir_0036/nonempty_dir2/f2.txt|F|34512|167|d09f4e47c22373e56c2369633ac3dcb71d598601
   /test_dir_0036/nonempty_dir2/d2/d3|D|34514
end dump-result


